#
# There is insufficient memory for the Java Runtime Environment to continue.
# Native memory allocation (malloc) failed to allocate 1191008 bytes. Error detail: Chunk::new
# Possible reasons:
#   The system is out of physical RAM or swap space
#   This process is running with CompressedOops enabled, and the Java Heap may be blocking the growth of the native heap
# Possible solutions:
#   Reduce memory load on the system
#   Increase physical memory or swap space
#   Check if swap backing store is full
#   Decrease Java heap size (-Xmx/-Xms)
#   Decrease number of Java threads
#   Decrease Java thread stack sizes (-Xss)
#   Set larger code cache with -XX:ReservedCodeCacheSize=
#   JVM is running with Zero Based Compressed Oops mode in which the Java heap is
#     placed in the first 32GB address space. The Java Heap base address is the
#     maximum limit for the native heap growth. Please use -XX:HeapBaseMinAddress
#     to set the Java Heap base and to place the Java Heap above 32GB virtual address.
# This output file may be truncated or incomplete.
#
#  Out of Memory Error (arena.cpp:149), pid=4876, tid=2896
#
# JRE version: Java(TM) SE Runtime Environment (23.0.1+11) (build 23.0.1+11-39)
# Java VM: Java HotSpot(TM) 64-Bit Server VM (23.0.1+11-39, mixed mode, sharing, tiered, compressed oops, compressed class ptrs, g1 gc, windows-amd64)
# No core dump will be written. Minidumps are not enabled by default on client versions of Windows
#

---------------  S U M M A R Y ------------

Command Line: --add-opens=java.base/java.lang=ALL-UNNAMED --add-opens=java.base/java.lang.invoke=ALL-UNNAMED --add-opens=java.base/java.util=ALL-UNNAMED --add-opens=java.prefs/java.util.prefs=ALL-UNNAMED --add-exports=jdk.compiler/com.sun.tools.javac.api=ALL-UNNAMED --add-exports=jdk.compiler/com.sun.tools.javac.util=ALL-UNNAMED --add-opens=java.base/java.util=ALL-UNNAMED --add-opens=java.prefs/java.util.prefs=ALL-UNNAMED --add-opens=java.base/java.nio.charset=ALL-UNNAMED --add-opens=java.base/java.net=ALL-UNNAMED --add-opens=java.base/java.util.concurrent.atomic=ALL-UNNAMED --add-opens=java.xml/javax.xml.namespace=ALL-UNNAMED -XX:MaxMetaspaceSize=4G -XX:ReservedCodeCacheSize=512m -XX:+HeapDumpOnOutOfMemoryError -Xmx8G -Dfile.encoding=UTF-8 -Duser.country=FR -Duser.language=fr -Duser.variant -javaagent:C:\Users\SIMEON\.gradle\wrapper\dists\gradle-8.12-all\ejduaidbjup3bmmkhw3rie4zb\gradle-8.12\lib\agents\gradle-instrumentation-agent-8.12.jar org.gradle.launcher.daemon.bootstrap.GradleDaemon 8.12

Host: Intel(R) Core(TM) i5-8250U CPU @ 1.60GHz, 8 cores, 7G,  Windows 11 , 64 bit Build 26100 (10.0.26100.4768)
Time: Sat Aug  9 19:28:32 2025 Paris, Madrid elapsed time: 1682.165985 seconds (0d 0h 28m 2s)

---------------  T H R E A D  ---------------

Current thread (0x000002463a624680):  JavaThread "C2 CompilerThread0" daemon [_thread_in_native, id=2896, stack(0x0000004926700000,0x0000004926800000) (1024K)]


Current CompileTask:
C2:1682166 14948   !   4       org.gradle.internal.instantiation.generator.DependencyInjectingInstantiator::doCreate (64 bytes)

Stack: [0x0000004926700000,0x0000004926800000]
Native frames: (J=compiled Java code, j=interpreted, Vv=VM code, C=native code)
V  [jvm.dll+0x6e08b9]  (no source info available)
V  [jvm.dll+0x87dc83]  (no source info available)
V  [jvm.dll+0x88010e]  (no source info available)
V  [jvm.dll+0x8807e3]  (no source info available)
V  [jvm.dll+0x27aee6]  (no source info available)
V  [jvm.dll+0xbc06f]  (no source info available)
V  [jvm.dll+0xbc2cb]  (no source info available)
V  [jvm.dll+0x3b3a9c]  (no source info available)
V  [jvm.dll+0x1dc19c]  (no source info available)
V  [jvm.dll+0x244be5]  (no source info available)
V  [jvm.dll+0x243dff]  (no source info available)
V  [jvm.dll+0x1c33a0]  (no source info available)
V  [jvm.dll+0x253cf1]  (no source info available)
V  [jvm.dll+0x251faa]  (no source info available)
V  [jvm.dll+0x3ee036]  (no source info available)
V  [jvm.dll+0x824f8b]  (no source info available)
V  [jvm.dll+0x6df065]  (no source info available)
C  [ucrtbase.dll+0x37b0]  (no source info available)
C  [KERNEL32.DLL+0x2e8d7]  (no source info available)
C  [ntdll.dll+0x3c34c]  (no source info available)

Lock stack of current Java thread (top to bottom):


---------------  P R O C E S S  ---------------

Threads class SMR info:
_java_thread_list=0x00000246824f0080, length=64, elements={
0x00000246051c8eb0, 0x000002463a60c0a0, 0x000002463a60cc00, 0x000002463a610440,
0x000002463a6183c0, 0x000002463a61b000, 0x000002463a61ef30, 0x000002463a624680,
0x000002463a647860, 0x000002467e0d6520, 0x000002467e285370, 0x0000024604119b30,
0x000002460433d560, 0x0000024604346120, 0x0000024604298380, 0x00000246042990a0,
0x0000024604299dc0, 0x0000024604a9dbf0, 0x0000024604a9e910, 0x0000024604a9efa0,
0x0000024604a9d560, 0x0000024604a9f630, 0x0000024604aa09e0, 0x0000024604aa2ab0,
0x0000024604aa37d0, 0x0000024604aa0350, 0x0000024604aa1700, 0x0000024604aa3e60,
0x0000024604c302c0, 0x000002467e4cc8c0, 0x000002467e4c9ad0, 0x000002467e4ca160,
0x000002467e4ca7f0, 0x0000024604299730, 0x0000024683820380, 0x0000024682357e50,
0x000002468381efd0, 0x000002468381f660, 0x000002468381fcf0, 0x0000024683820a10,
0x00000246838210a0, 0x0000024683821730, 0x000002468381e2b0, 0x0000024683822450,
0x0000024683824520, 0x0000024683821dc0, 0x0000024683823800, 0x0000024683822ae0,
0x0000024683823e90, 0x0000024683823170, 0x0000024682351550, 0x0000024682352f90,
0x0000024682353cb0, 0x0000024682356aa0, 0x00000246823549d0, 0x0000024682354340,
0x0000024682353620, 0x0000024682355d80, 0x00000246823584e0, 0x0000024682355060,
0x0000024682358b70, 0x0000024682357130, 0x000002468247dab0, 0x00000246823556f0
}

Java Threads: ( => current thread )
  0x00000246051c8eb0 JavaThread "main"                              [_thread_blocked, id=4500, stack(0x0000004925900000,0x0000004925a00000) (1024K)]
  0x000002463a60c0a0 JavaThread "Reference Handler"          daemon [_thread_blocked, id=10392, stack(0x0000004926100000,0x0000004926200000) (1024K)]
  0x000002463a60cc00 JavaThread "Finalizer"                  daemon [_thread_blocked, id=3236, stack(0x0000004926200000,0x0000004926300000) (1024K)]
  0x000002463a610440 JavaThread "Signal Dispatcher"          daemon [_thread_blocked, id=11992, stack(0x0000004926300000,0x0000004926400000) (1024K)]
  0x000002463a6183c0 JavaThread "Attach Listener"            daemon [_thread_blocked, id=1748, stack(0x0000004926400000,0x0000004926500000) (1024K)]
  0x000002463a61b000 JavaThread "Service Thread"             daemon [_thread_blocked, id=11612, stack(0x0000004926500000,0x0000004926600000) (1024K)]
  0x000002463a61ef30 JavaThread "Monitor Deflation Thread"   daemon [_thread_blocked, id=7372, stack(0x0000004926600000,0x0000004926700000) (1024K)]
=>0x000002463a624680 JavaThread "C2 CompilerThread0"         daemon [_thread_in_native, id=2896, stack(0x0000004926700000,0x0000004926800000) (1024K)]
  0x000002463a647860 JavaThread "C1 CompilerThread0"         daemon [_thread_in_native, id=10956, stack(0x0000004926800000,0x0000004926900000) (1024K)]
  0x000002467e0d6520 JavaThread "Common-Cleaner"             daemon [_thread_blocked, id=10688, stack(0x0000004926900000,0x0000004926a00000) (1024K)]
  0x000002467e285370 JavaThread "Notification Thread"        daemon [_thread_blocked, id=3824, stack(0x0000004926b00000,0x0000004926c00000) (1024K)]
  0x0000024604119b30 JavaThread "Daemon health stats"               [_thread_blocked, id=11116, stack(0x0000004926a00000,0x0000004926b00000) (1024K)]
  0x000002460433d560 JavaThread "Incoming local TCP Connector on port 49749"        [_thread_in_native, id=8740, stack(0x0000004927200000,0x0000004927300000) (1024K)]
  0x0000024604346120 JavaThread "Daemon periodic checks"            [_thread_blocked, id=10328, stack(0x0000004927300000,0x0000004927400000) (1024K)]
  0x0000024604298380 JavaThread "Cache worker for journal cache (C:\Users\SIMEON\.gradle\caches\journal-1)"        [_thread_blocked, id=10420, stack(0x0000004927c00000,0x0000004927d00000) (1024K)]
  0x00000246042990a0 JavaThread "File lock request listener"        [_thread_in_native, id=5912, stack(0x0000004927d00000,0x0000004927e00000) (1024K)]
  0x0000024604299dc0 JavaThread "Cache worker for file hash cache (C:\Users\SIMEON\.gradle\caches\8.12\fileHashes)"        [_thread_blocked, id=12232, stack(0x0000004927e00000,0x0000004927f00000) (1024K)]
  0x0000024604a9dbf0 JavaThread "File watcher server"        daemon [_thread_in_native, id=6616, stack(0x0000004928300000,0x0000004928400000) (1024K)]
  0x0000024604a9e910 JavaThread "File watcher consumer"      daemon [_thread_blocked, id=5252, stack(0x0000004928400000,0x0000004928500000) (1024K)]
  0x0000024604a9efa0 JavaThread "jar transforms"                    [_thread_blocked, id=3588, stack(0x0000004928500000,0x0000004928600000) (1024K)]
  0x0000024604a9d560 JavaThread "jar transforms Thread 2"           [_thread_blocked, id=11944, stack(0x0000004928600000,0x0000004928700000) (1024K)]
  0x0000024604a9f630 JavaThread "jar transforms Thread 3"           [_thread_blocked, id=9764, stack(0x0000004928700000,0x0000004928800000) (1024K)]
  0x0000024604aa09e0 JavaThread "jar transforms Thread 4"           [_thread_blocked, id=11792, stack(0x0000004928800000,0x0000004928900000) (1024K)]
  0x0000024604aa2ab0 JavaThread "jar transforms Thread 5"           [_thread_blocked, id=7920, stack(0x0000004928900000,0x0000004928a00000) (1024K)]
  0x0000024604aa37d0 JavaThread "Cache worker for file content cache (C:\Users\SIMEON\.gradle\caches\8.12\fileContent)"        [_thread_blocked, id=5044, stack(0x0000004928c00000,0x0000004928d00000) (1024K)]
  0x0000024604aa0350 JavaThread "jar transforms Thread 6"           [_thread_blocked, id=7448, stack(0x0000004927f00000,0x0000004928000000) (1024K)]
  0x0000024604aa1700 JavaThread "jar transforms Thread 7"           [_thread_blocked, id=2732, stack(0x0000004928a00000,0x0000004928b00000) (1024K)]
  0x0000024604aa3e60 JavaThread "jar transforms Thread 8"           [_thread_blocked, id=4952, stack(0x0000004928d00000,0x0000004928e00000) (1024K)]
  0x0000024604c302c0 JavaThread "Memory manager"                    [_thread_blocked, id=6600, stack(0x0000004929100000,0x0000004929200000) (1024K)]
  0x000002467e4cc8c0 JavaThread "RMI Scheduler(0)"           daemon [_thread_blocked, id=6172, stack(0x000000492a700000,0x000000492a800000) (1024K)]
  0x000002467e4c9ad0 JavaThread "RMI GC Daemon"              daemon [_thread_blocked, id=3840, stack(0x000000492cb00000,0x000000492cc00000) (1024K)]
  0x000002467e4ca160 JavaThread "RMI TCP Accept-0"           daemon [_thread_in_native, id=7312, stack(0x000000492cd00000,0x000000492ce00000) (1024K)]
  0x000002467e4ca7f0 JavaThread "RMI Reaper"                        [_thread_blocked, id=7956, stack(0x000000492ce00000,0x000000492cf00000) (1024K)]
  0x0000024604299730 JavaThread "Daemon Thread 2"                   [_thread_blocked, id=4040, stack(0x0000004925600000,0x0000004925700000) (1024K)]
  0x0000024683820380 JavaThread "Daemon worker Thread 2"            [_thread_in_Java, id=7024, stack(0x0000004926c00000,0x0000004926d00000) (1024K)] _threads_hazard_ptr=0x00000246824f0080
  0x0000024682357e50 JavaThread "included builds"                   [_thread_blocked, id=10768, stack(0x0000004929e00000,0x0000004929f00000) (1024K)]
  0x000002468381efd0 JavaThread "VFS cleanup Thread 2"              [_thread_blocked, id=8908, stack(0x0000004927400000,0x0000004927500000) (1024K)]
  0x000002468381f660 JavaThread "Handler for socket connection from /127.0.0.1:49749 to /127.0.0.1:49991"        [_thread_in_native, id=6896, stack(0x0000004925700000,0x0000004925800000) (1024K)]
  0x000002468381fcf0 JavaThread "Cancel handler"                    [_thread_blocked, id=10072, stack(0x0000004925800000,0x0000004925900000) (1024K)]
  0x0000024683820a10 JavaThread "Asynchronous log dispatcher for DefaultDaemonConnection: socket connection from /127.0.0.1:49749 to /127.0.0.1:49991"        [_thread_blocked, id=3324, stack(0x0000004927500000,0x0000004927600000) (1024K)]
  0x00000246838210a0 JavaThread "Stdin handler"                     [_thread_blocked, id=4684, stack(0x0000004927600000,0x0000004927700000) (1024K)]
  0x0000024683821730 JavaThread "Daemon client event forwarder"        [_thread_blocked, id=7904, stack(0x0000004927700000,0x0000004927800000) (1024K)]
  0x000002468381e2b0 JavaThread "Cache worker for file hash cache (C:\Users\SIMEON\developementmobile\test\android\.gradle\8.12\fileHashes)"        [_thread_blocked, id=13256, stack(0x0000004927800000,0x0000004927900000) (1024K)]
  0x0000024683822450 JavaThread "Cache worker for Build Output Cleanup Cache (C:\Users\SIMEON\developementmobile\test\android\.gradle\buildOutputCleanup)"        [_thread_blocked, id=11000, stack(0x0000004927900000,0x0000004927a00000) (1024K)]
  0x0000024683824520 JavaThread "Cache worker for checksums cache (C:\Users\SIMEON\developementmobile\test\android\.gradle\8.12\checksums)"        [_thread_blocked, id=13224, stack(0x0000004928100000,0x0000004928200000) (1024K)]
  0x0000024683821dc0 JavaThread "Cache worker for cache directory md-rule (C:\Users\SIMEON\.gradle\caches\8.12\md-rule)"        [_thread_blocked, id=10488, stack(0x0000004928200000,0x0000004928300000) (1024K)]
  0x0000024683823800 JavaThread "Cache worker for cache directory md-supplier (C:\Users\SIMEON\.gradle\caches\8.12\md-supplier)"        [_thread_blocked, id=1568, stack(0x0000004928b00000,0x0000004928c00000) (1024K)]
  0x0000024683822ae0 JavaThread "Cache worker for Build Output Cleanup Cache (C:\Users\SIMEON\developementmobile\flutter\packages\flutter_tools\gradle\.gradle\buildOutputCleanup)"        [_thread_blocked, id=13060, stack(0x0000004928e00000,0x0000004928f00000) (1024K)]
  0x0000024683823e90 JavaThread "Unconstrained build operations"        [_thread_blocked, id=2800, stack(0x0000004928f00000,0x0000004929000000) (1024K)]
  0x0000024683823170 JavaThread "Unconstrained build operations Thread 2"        [_thread_blocked, id=9296, stack(0x0000004929000000,0x0000004929100000) (1024K)]
  0x0000024682351550 JavaThread "Unconstrained build operations Thread 3"        [_thread_blocked, id=1676, stack(0x0000004929200000,0x0000004929300000) (1024K)]
  0x0000024682352f90 JavaThread "Unconstrained build operations Thread 4"        [_thread_blocked, id=13072, stack(0x0000004929300000,0x0000004929400000) (1024K)]
  0x0000024682353cb0 JavaThread "Unconstrained build operations Thread 5"        [_thread_blocked, id=1332, stack(0x0000004929400000,0x0000004929500000) (1024K)]
  0x0000024682356aa0 JavaThread "Unconstrained build operations Thread 6"        [_thread_blocked, id=12780, stack(0x0000004929500000,0x0000004929600000) (1024K)]
  0x00000246823549d0 JavaThread "Unconstrained build operations Thread 7"        [_thread_blocked, id=8348, stack(0x0000004929600000,0x0000004929700000) (1024K)]
  0x0000024682354340 JavaThread "Unconstrained build operations Thread 8"        [_thread_blocked, id=2148, stack(0x0000004929700000,0x0000004929800000) (1024K)]
  0x0000024682353620 JavaThread "Unconstrained build operations Thread 9"        [_thread_blocked, id=12480, stack(0x0000004929800000,0x0000004929900000) (1024K)]
  0x0000024682355d80 JavaThread "Unconstrained build operations Thread 10"        [_thread_blocked, id=9584, stack(0x0000004929900000,0x0000004929a00000) (1024K)]
  0x00000246823584e0 JavaThread "Unconstrained build operations Thread 11"        [_thread_blocked, id=6056, stack(0x0000004929a00000,0x0000004929b00000) (1024K)]
  0x0000024682355060 JavaThread "Unconstrained build operations Thread 12"        [_thread_blocked, id=2004, stack(0x0000004929b00000,0x0000004929c00000) (1024K)]
  0x0000024682358b70 JavaThread "Unconstrained build operations Thread 13"        [_thread_blocked, id=1396, stack(0x0000004929c00000,0x0000004929d00000) (1024K)]
  0x0000024682357130 JavaThread "Unconstrained build operations Thread 14"        [_thread_blocked, id=1964, stack(0x0000004929d00000,0x0000004929e00000) (1024K)]
  0x000002468247dab0 JavaThread "C2 CompilerThread1"         daemon [_thread_blocked, id=12696, stack(0x0000004929f00000,0x000000492a000000) (1024K)]
  0x00000246823556f0 JavaThread "build event listener"              [_thread_blocked, id=9160, stack(0x000000492a000000,0x000000492a100000) (1024K)]
Total: 64

Other Threads:
  0x000002463a5f6320 VMThread "VM Thread"                           [id=9916, stack(0x0000004926000000,0x0000004926100000) (1024K)]
  0x000002463a5e2540 WatcherThread "VM Periodic Task Thread"        [id=2568, stack(0x0000004925f00000,0x0000004926000000) (1024K)]
  0x0000024607778fd0 WorkerThread "GC Thread#0"                     [id=6796, stack(0x0000004925a00000,0x0000004925b00000) (1024K)]
  0x000002467e770eb0 WorkerThread "GC Thread#1"                     [id=7776, stack(0x0000004926d00000,0x0000004926e00000) (1024K)]
  0x000002467e771260 WorkerThread "GC Thread#2"                     [id=11468, stack(0x0000004926e00000,0x0000004926f00000) (1024K)]
  0x000002467e793f00 WorkerThread "GC Thread#3"                     [id=11952, stack(0x0000004926f00000,0x0000004927000000) (1024K)]
  0x000002467f116a90 WorkerThread "GC Thread#4"                     [id=1224, stack(0x0000004927000000,0x0000004927100000) (1024K)]
  0x000002467f117e50 WorkerThread "GC Thread#5"                     [id=1792, stack(0x0000004927100000,0x0000004927200000) (1024K)]
  0x00000246041079b0 WorkerThread "GC Thread#6"                     [id=6716, stack(0x0000004927a00000,0x0000004927b00000) (1024K)]
  0x0000024604107d60 WorkerThread "GC Thread#7"                     [id=4088, stack(0x0000004927b00000,0x0000004927c00000) (1024K)]
  0x000002460778df30 ConcurrentGCThread "G1 Main Marker"            [id=6776, stack(0x0000004925b00000,0x0000004925c00000) (1024K)]
  0x000002463a460bf0 WorkerThread "G1 Conc#0"                       [id=1764, stack(0x0000004925c00000,0x0000004925d00000) (1024K)]
  0x000002467e1b7fb0 WorkerThread "G1 Conc#1"                       [id=2644, stack(0x0000004928000000,0x0000004928100000) (1024K)]
  0x000002463a4b5090 ConcurrentGCThread "G1 Refine#0"               [id=7172, stack(0x0000004925d00000,0x0000004925e00000) (1024K)]
  0x000002463a4b5b20 ConcurrentGCThread "G1 Service"                [id=5280, stack(0x0000004925e00000,0x0000004925f00000) (1024K)]
Total: 15

Threads with active compile tasks:
C2 CompilerThread0  1682358 14948   !   4       org.gradle.internal.instantiation.generator.DependencyInjectingInstantiator::doCreate (64 bytes)
Total: 1

VM state: not at safepoint (normal execution)

VM Mutex/Monitor currently owned by a thread: None

Heap address: 0x0000000600000000, size: 8192 MB, Compressed Oops mode: Zero based, Oop shift amount: 3

CDS archive(s) mapped at: [0x000002463d000000-0x000002463dd70000-0x000002463dd70000), size 14090240, SharedBaseAddress: 0x000002463d000000, ArchiveRelocationMode: 1.
Compressed class space mapped at: 0x000002463e000000-0x000002467e000000, reserved size: 1073741824
Narrow klass base: 0x000002463d000000, Narrow klass shift: 0, Narrow klass range: 0x41000000

GC Precious Log:
 CardTable entry size: 512
 Card Set container configuration: InlinePtr #cards 4 size 8 Array Of Cards #cards 32 size 80 Howl #buckets 8 coarsen threshold 7372 Howl Bitmap #cards 1024 size 144 coarsen threshold 921 Card regions per heap region 1 cards per card region 8192
 CPUs: 8 total, 8 available
 Memory: 8089M
 Large Page Support: Disabled
 NUMA Support: Disabled
 Compressed Oops: Enabled (Zero based)
 Heap Region Size: 4M
 Heap Min Capacity: 8M
 Heap Initial Capacity: 128M
 Heap Max Capacity: 8G
 Pre-touch: Disabled
 Parallel Workers: 8
 Concurrent Workers: 2
 Concurrent Refinement Workers: 8
 Periodic GC: Disabled

Heap:
 garbage-first heap   total reserved 8388608K, committed 413696K, used 199907K [0x0000000600000000, 0x0000000800000000)
  region size 4096K, 18 young (73728K), 5 survivors (20480K)
 Metaspace       used 87859K, committed 90304K, reserved 1179648K
  class space    used 12671K, committed 13824K, reserved 1048576K

Heap Regions: E=young(eden), S=young(survivor), O=old, HS=humongous(starts), HC=humongous(continues), CS=collection set, F=free, TAMS=top-at-mark-start, PB=parsable bottom
|   0|0x0000000600000000, 0x0000000600400000, 0x0000000600400000|100%| O|  |TAMS 0x0000000600000000| PB 0x0000000600000000| Untracked |  0
|   1|0x0000000600400000, 0x0000000600800000, 0x0000000600800000|100%|HS|  |TAMS 0x0000000600400000| PB 0x0000000600400000| Complete |  0
|   2|0x0000000600800000, 0x0000000600c00000, 0x0000000600c00000|100%| O|  |TAMS 0x0000000600800000| PB 0x0000000600800000| Untracked |  0
|   3|0x0000000600c00000, 0x0000000601000000, 0x0000000601000000|100%| O|  |TAMS 0x0000000600c00000| PB 0x0000000600c00000| Untracked |  0
|   4|0x0000000601000000, 0x0000000601400000, 0x0000000601400000|100%| O|  |TAMS 0x0000000601000000| PB 0x0000000601000000| Untracked |  0
|   5|0x0000000601400000, 0x0000000601800000, 0x0000000601800000|100%| O|  |TAMS 0x0000000601400000| PB 0x0000000601400000| Untracked |  0
|   6|0x0000000601800000, 0x0000000601c00000, 0x0000000601c00000|100%| O|  |TAMS 0x0000000601800000| PB 0x0000000601800000| Untracked |  0
|   7|0x0000000601c00000, 0x0000000602000000, 0x0000000602000000|100%| O|  |TAMS 0x0000000601c00000| PB 0x0000000601c00000| Untracked |  0
|   8|0x0000000602000000, 0x0000000602400000, 0x0000000602400000|100%| O|  |TAMS 0x0000000602000000| PB 0x0000000602000000| Untracked |  0
|   9|0x0000000602400000, 0x0000000602800000, 0x0000000602800000|100%|HS|  |TAMS 0x0000000602400000| PB 0x0000000602400000| Complete |  0
|  10|0x0000000602800000, 0x0000000602c00000, 0x0000000602c00000|100%| O|  |TAMS 0x0000000602800000| PB 0x0000000602800000| Untracked |  0
|  11|0x0000000602c00000, 0x0000000603000000, 0x0000000603000000|100%| O|  |TAMS 0x0000000602c00000| PB 0x0000000602c00000| Untracked |  0
|  12|0x0000000603000000, 0x0000000603400000, 0x0000000603400000|100%|HS|  |TAMS 0x0000000603000000| PB 0x0000000603000000| Complete |  0
|  13|0x0000000603400000, 0x0000000603800000, 0x0000000603800000|100%| O|  |TAMS 0x0000000603400000| PB 0x0000000603400000| Untracked |  0
|  14|0x0000000603800000, 0x0000000603c00000, 0x0000000603c00000|100%| O|  |TAMS 0x0000000603800000| PB 0x0000000603800000| Untracked |  0
|  15|0x0000000603c00000, 0x0000000604000000, 0x0000000604000000|100%| O|  |TAMS 0x0000000603c00000| PB 0x0000000603c00000| Untracked |  0
|  16|0x0000000604000000, 0x0000000604400000, 0x0000000604400000|100%| O|  |TAMS 0x0000000604000000| PB 0x0000000604000000| Untracked |  0
|  17|0x0000000604400000, 0x0000000604800000, 0x0000000604800000|100%| O|  |TAMS 0x0000000604400000| PB 0x0000000604400000| Untracked |  0
|  18|0x0000000604800000, 0x0000000604c00000, 0x0000000604c00000|100%| O|Cm|TAMS 0x0000000604800000| PB 0x0000000604800000| Complete |  0
|  19|0x0000000604c00000, 0x0000000605000000, 0x0000000605000000|100%| O|  |TAMS 0x0000000604c00000| PB 0x0000000604c00000| Untracked |  0
|  20|0x0000000605000000, 0x0000000605400000, 0x0000000605400000|100%| O|  |TAMS 0x0000000605000000| PB 0x0000000605000000| Untracked |  0
|  21|0x0000000605400000, 0x0000000605800000, 0x0000000605800000|100%| O|  |TAMS 0x0000000605400000| PB 0x0000000605400000| Untracked |  0
|  22|0x0000000605800000, 0x0000000605c00000, 0x0000000605c00000|100%| O|  |TAMS 0x0000000605800000| PB 0x0000000605800000| Untracked |  0
|  23|0x0000000605c00000, 0x0000000606000000, 0x0000000606000000|100%| O|  |TAMS 0x0000000605c00000| PB 0x0000000605c00000| Untracked |  0
|  24|0x0000000606000000, 0x0000000606400000, 0x0000000606400000|100%| O|  |TAMS 0x0000000606000000| PB 0x0000000606000000| Untracked |  0
|  25|0x0000000606400000, 0x0000000606800000, 0x0000000606800000|100%| O|  |TAMS 0x0000000606400000| PB 0x0000000606400000| Untracked |  0
|  26|0x0000000606800000, 0x0000000606c00000, 0x0000000606c00000|100%| O|  |TAMS 0x0000000606800000| PB 0x0000000606800000| Untracked |  0
|  27|0x0000000606c00000, 0x0000000606f44920, 0x0000000607000000| 81%| O|  |TAMS 0x0000000606c00000| PB 0x0000000606c00000| Untracked |  0
|  28|0x0000000607000000, 0x0000000607000000, 0x0000000607400000|  0%| F|  |TAMS 0x0000000607000000| PB 0x0000000607000000| Untracked |  0
|  29|0x0000000607400000, 0x0000000607400000, 0x0000000607800000|  0%| F|  |TAMS 0x0000000607400000| PB 0x0000000607400000| Untracked |  0
|  30|0x0000000607800000, 0x0000000607800000, 0x0000000607c00000|  0%| F|  |TAMS 0x0000000607800000| PB 0x0000000607800000| Untracked |  0
|  31|0x0000000607c00000, 0x0000000608000000, 0x0000000608000000|100%|HS|  |TAMS 0x0000000607c00000| PB 0x0000000607c00000| Complete |  0
|  32|0x0000000608000000, 0x0000000608000000, 0x0000000608400000|  0%| F|  |TAMS 0x0000000608000000| PB 0x0000000608000000| Untracked |  0
|  33|0x0000000608400000, 0x0000000608400000, 0x0000000608800000|  0%| F|  |TAMS 0x0000000608400000| PB 0x0000000608400000| Untracked |  0
|  34|0x0000000608800000, 0x0000000608800000, 0x0000000608c00000|  0%| F|  |TAMS 0x0000000608800000| PB 0x0000000608800000| Untracked |  0
|  35|0x0000000608c00000, 0x0000000609000000, 0x0000000609000000|100%|HS|  |TAMS 0x0000000608c00000| PB 0x0000000608c00000| Complete |  0
|  36|0x0000000609000000, 0x0000000609000000, 0x0000000609400000|  0%| F|  |TAMS 0x0000000609000000| PB 0x0000000609000000| Untracked |  0
|  37|0x0000000609400000, 0x0000000609400000, 0x0000000609800000|  0%| F|  |TAMS 0x0000000609400000| PB 0x0000000609400000| Untracked |  0
|  38|0x0000000609800000, 0x0000000609800000, 0x0000000609c00000|  0%| F|  |TAMS 0x0000000609800000| PB 0x0000000609800000| Untracked |  0
|  39|0x0000000609c00000, 0x000000060a000000, 0x000000060a000000|100%|HS|  |TAMS 0x0000000609c00000| PB 0x0000000609c00000| Complete |  0
|  40|0x000000060a000000, 0x000000060a000000, 0x000000060a400000|  0%| F|  |TAMS 0x000000060a000000| PB 0x000000060a000000| Untracked |  0
|  41|0x000000060a400000, 0x000000060a400000, 0x000000060a800000|  0%| F|  |TAMS 0x000000060a400000| PB 0x000000060a400000| Untracked |  0
|  42|0x000000060a800000, 0x000000060a800000, 0x000000060ac00000|  0%| F|  |TAMS 0x000000060a800000| PB 0x000000060a800000| Untracked |  0
|  43|0x000000060ac00000, 0x000000060ac00000, 0x000000060b000000|  0%| F|  |TAMS 0x000000060ac00000| PB 0x000000060ac00000| Untracked |  0
|  44|0x000000060b000000, 0x000000060b000000, 0x000000060b400000|  0%| F|  |TAMS 0x000000060b000000| PB 0x000000060b000000| Untracked |  0
|  45|0x000000060b400000, 0x000000060b400000, 0x000000060b800000|  0%| F|  |TAMS 0x000000060b400000| PB 0x000000060b400000| Untracked |  0
|  46|0x000000060b800000, 0x000000060b800000, 0x000000060bc00000|  0%| F|  |TAMS 0x000000060b800000| PB 0x000000060b800000| Untracked |  0
|  47|0x000000060bc00000, 0x000000060bc00000, 0x000000060c000000|  0%| F|  |TAMS 0x000000060bc00000| PB 0x000000060bc00000| Untracked |  0
|  48|0x000000060c000000, 0x000000060c3f4560, 0x000000060c400000| 98%| S|CS|TAMS 0x000000060c000000| PB 0x000000060c000000| Complete |  0
|  49|0x000000060c400000, 0x000000060c800000, 0x000000060c800000|100%| S|CS|TAMS 0x000000060c400000| PB 0x000000060c400000| Complete |  0
|  50|0x000000060c800000, 0x000000060cc00000, 0x000000060cc00000|100%| S|CS|TAMS 0x000000060c800000| PB 0x000000060c800000| Complete |  0
|  51|0x000000060cc00000, 0x000000060d000000, 0x000000060d000000|100%| S|CS|TAMS 0x000000060cc00000| PB 0x000000060cc00000| Complete |  0
|  52|0x000000060d000000, 0x000000060d400000, 0x000000060d400000|100%| S|CS|TAMS 0x000000060d000000| PB 0x000000060d000000| Complete |  0
|  53|0x000000060d400000, 0x000000060d400000, 0x000000060d800000|  0%| F|  |TAMS 0x000000060d400000| PB 0x000000060d400000| Untracked |  0
|  54|0x000000060d800000, 0x000000060d800000, 0x000000060dc00000|  0%| F|  |TAMS 0x000000060d800000| PB 0x000000060d800000| Untracked |  0
|  55|0x000000060dc00000, 0x000000060dc00000, 0x000000060e000000|  0%| F|  |TAMS 0x000000060dc00000| PB 0x000000060dc00000| Untracked |  0
|  56|0x000000060e000000, 0x000000060e000000, 0x000000060e400000|  0%| F|  |TAMS 0x000000060e000000| PB 0x000000060e000000| Untracked |  0
|  57|0x000000060e400000, 0x000000060e400000, 0x000000060e800000|  0%| F|  |TAMS 0x000000060e400000| PB 0x000000060e400000| Untracked |  0
|  58|0x000000060e800000, 0x000000060e800000, 0x000000060ec00000|  0%| F|  |TAMS 0x000000060e800000| PB 0x000000060e800000| Untracked |  0
|  59|0x000000060ec00000, 0x000000060ec00000, 0x000000060f000000|  0%| F|  |TAMS 0x000000060ec00000| PB 0x000000060ec00000| Untracked |  0
|  60|0x000000060f000000, 0x000000060f000000, 0x000000060f400000|  0%| F|  |TAMS 0x000000060f000000| PB 0x000000060f000000| Untracked |  0
|  61|0x000000060f400000, 0x000000060f400000, 0x000000060f800000|  0%| F|  |TAMS 0x000000060f400000| PB 0x000000060f400000| Untracked |  0
|  62|0x000000060f800000, 0x000000060f800000, 0x000000060fc00000|  0%| F|  |TAMS 0x000000060f800000| PB 0x000000060f800000| Untracked |  0
|  63|0x000000060fc00000, 0x000000060fc00000, 0x0000000610000000|  0%| F|  |TAMS 0x000000060fc00000| PB 0x000000060fc00000| Untracked |  0
|  64|0x0000000610000000, 0x0000000610000000, 0x0000000610400000|  0%| F|  |TAMS 0x0000000610000000| PB 0x0000000610000000| Untracked |  0
|  65|0x0000000610400000, 0x0000000610400000, 0x0000000610800000|  0%| F|  |TAMS 0x0000000610400000| PB 0x0000000610400000| Untracked |  0
|  66|0x0000000610800000, 0x0000000610800000, 0x0000000610c00000|  0%| F|  |TAMS 0x0000000610800000| PB 0x0000000610800000| Untracked |  0
|  67|0x0000000610c00000, 0x0000000610c00000, 0x0000000611000000|  0%| F|  |TAMS 0x0000000610c00000| PB 0x0000000610c00000| Untracked |  0
|  68|0x0000000611000000, 0x0000000611000000, 0x0000000611400000|  0%| F|  |TAMS 0x0000000611000000| PB 0x0000000611000000| Untracked |  0
|  69|0x0000000611400000, 0x0000000611400000, 0x0000000611800000|  0%| F|  |TAMS 0x0000000611400000| PB 0x0000000611400000| Untracked |  0
|  70|0x0000000611800000, 0x0000000611800000, 0x0000000611c00000|  0%| F|  |TAMS 0x0000000611800000| PB 0x0000000611800000| Untracked |  0
|  71|0x0000000611c00000, 0x0000000611c00000, 0x0000000612000000|  0%| F|  |TAMS 0x0000000611c00000| PB 0x0000000611c00000| Untracked |  0
|  72|0x0000000612000000, 0x0000000612000000, 0x0000000612400000|  0%| F|  |TAMS 0x0000000612000000| PB 0x0000000612000000| Untracked |  0
|  73|0x0000000612400000, 0x0000000612400000, 0x0000000612800000|  0%| F|  |TAMS 0x0000000612400000| PB 0x0000000612400000| Untracked |  0
|  74|0x0000000612800000, 0x0000000612800000, 0x0000000612c00000|  0%| F|  |TAMS 0x0000000612800000| PB 0x0000000612800000| Untracked |  0
|  75|0x0000000612c00000, 0x0000000612c00000, 0x0000000613000000|  0%| F|  |TAMS 0x0000000612c00000| PB 0x0000000612c00000| Untracked |  0
|  76|0x0000000613000000, 0x0000000613000000, 0x0000000613400000|  0%| F|  |TAMS 0x0000000613000000| PB 0x0000000613000000| Untracked |  0
|  77|0x0000000613400000, 0x0000000613400000, 0x0000000613800000|  0%| F|  |TAMS 0x0000000613400000| PB 0x0000000613400000| Untracked |  0
|  78|0x0000000613800000, 0x0000000613800000, 0x0000000613c00000|  0%| F|  |TAMS 0x0000000613800000| PB 0x0000000613800000| Untracked |  0
|  79|0x0000000613c00000, 0x0000000613c00000, 0x0000000614000000|  0%| F|  |TAMS 0x0000000613c00000| PB 0x0000000613c00000| Untracked |  0
|  80|0x0000000614000000, 0x0000000614000000, 0x0000000614400000|  0%| F|  |TAMS 0x0000000614000000| PB 0x0000000614000000| Untracked |  0
|  81|0x0000000614400000, 0x0000000614400000, 0x0000000614800000|  0%| F|  |TAMS 0x0000000614400000| PB 0x0000000614400000| Untracked |  0
|  82|0x0000000614800000, 0x0000000614800000, 0x0000000614c00000|  0%| F|  |TAMS 0x0000000614800000| PB 0x0000000614800000| Untracked |  0
|  83|0x0000000614c00000, 0x0000000614c00000, 0x0000000615000000|  0%| F|  |TAMS 0x0000000614c00000| PB 0x0000000614c00000| Untracked |  0
|  84|0x0000000615000000, 0x0000000615000000, 0x0000000615400000|  0%| F|  |TAMS 0x0000000615000000| PB 0x0000000615000000| Untracked |  0
|  85|0x0000000615400000, 0x0000000615400000, 0x0000000615800000|  0%| F|  |TAMS 0x0000000615400000| PB 0x0000000615400000| Untracked |  0
|  86|0x0000000615800000, 0x0000000615800000, 0x0000000615c00000|  0%| F|  |TAMS 0x0000000615800000| PB 0x0000000615800000| Untracked |  0
|  87|0x0000000615c00000, 0x0000000615d26538, 0x0000000616000000| 28%| E|  |TAMS 0x0000000615c00000| PB 0x0000000615c00000| Complete |  0
|  88|0x0000000616000000, 0x0000000616400000, 0x0000000616400000|100%| E|CS|TAMS 0x0000000616000000| PB 0x0000000616000000| Complete |  0
|  89|0x0000000616400000, 0x0000000616800000, 0x0000000616800000|100%| E|CS|TAMS 0x0000000616400000| PB 0x0000000616400000| Complete |  0
|  90|0x0000000616800000, 0x0000000616c00000, 0x0000000616c00000|100%| E|CS|TAMS 0x0000000616800000| PB 0x0000000616800000| Complete |  0
|  91|0x0000000616c00000, 0x0000000617000000, 0x0000000617000000|100%| E|CS|TAMS 0x0000000616c00000| PB 0x0000000616c00000| Complete |  0
|  92|0x0000000617000000, 0x0000000617400000, 0x0000000617400000|100%| E|CS|TAMS 0x0000000617000000| PB 0x0000000617000000| Complete |  0
|  93|0x0000000617400000, 0x0000000617800000, 0x0000000617800000|100%| E|CS|TAMS 0x0000000617400000| PB 0x0000000617400000| Complete |  0
|  94|0x0000000617800000, 0x0000000617c00000, 0x0000000617c00000|100%| E|CS|TAMS 0x0000000617800000| PB 0x0000000617800000| Complete |  0
|  95|0x0000000617c00000, 0x0000000618000000, 0x0000000618000000|100%| E|CS|TAMS 0x0000000617c00000| PB 0x0000000617c00000| Complete |  0
|  96|0x0000000618000000, 0x0000000618400000, 0x0000000618400000|100%| E|CS|TAMS 0x0000000618000000| PB 0x0000000618000000| Complete |  0
|  97|0x0000000618400000, 0x0000000618800000, 0x0000000618800000|100%| E|CS|TAMS 0x0000000618400000| PB 0x0000000618400000| Complete |  0
|  98|0x0000000618800000, 0x0000000618c00000, 0x0000000618c00000|100%| E|CS|TAMS 0x0000000618800000| PB 0x0000000618800000| Complete |  0
|2046|0x00000007ff800000, 0x00000007ffc00000, 0x00000007ffc00000|100%| O|  |TAMS 0x00000007ff800000| PB 0x00000007ff800000| Untracked |  0
|2047|0x00000007ffc00000, 0x0000000800000000, 0x0000000800000000|100%| E|CS|TAMS 0x00000007ffc00000| PB 0x00000007ffc00000| Complete |  0

Card table byte_map: [0x0000024631460000,0x0000024632460000] _byte_map_base: 0x000002462e460000

Marking Bits: (CMBitMap*) 0x00000246077795f0
 Bits: [0x0000024632460000, 0x000002463a460000)

Polling page: 0x0000024605450000

Metaspace:

Usage:
  Non-class:     73.43 MB used.
      Class:     12.37 MB used.
       Both:     85.80 MB used.

Virtual space:
  Non-class space:      128.00 MB reserved,      74.69 MB ( 58%) committed,  2 nodes.
      Class space:        1.00 GB reserved,      13.50 MB (  1%) committed,  1 nodes.
             Both:        1.12 GB reserved,      88.19 MB (  8%) committed. 

Chunk freelists:
   Non-Class:  5.25 MB
       Class:  2.48 MB
        Both:  7.73 MB

MaxMetaspaceSize: 4.00 GB
CompressedClassSpaceSize: 1.00 GB
Initial GC threshold: 21.00 MB
Current GC threshold: 146.25 MB
CDS: on
 - commit_granule_bytes: 65536.
 - commit_granule_words: 8192.
 - virtual_space_node_default_size: 8388608.
 - enlarge_chunks_in_place: 1.
 - use_allocation_guard: 0.


Internal statistics:

num_allocs_failed_limit: 12.
num_arena_births: 4018.
num_arena_deaths: 0.
num_vsnodes_births: 3.
num_vsnodes_deaths: 0.
num_space_committed: 1411.
num_space_uncommitted: 0.
num_chunks_returned_to_freelist: 12.
num_chunks_taken_from_freelist: 7883.
num_chunk_merges: 6.
num_chunk_splits: 5120.
num_chunks_enlarged: 3132.
num_inconsistent_stats: 0.

CodeHeap 'non-profiled nmethods': size=259328Kb used=6298Kb max_used=6298Kb free=253029Kb
 bounds [0x00000246200c0000, 0x00000246206f0000, 0x000002462fe00000]
CodeHeap 'profiled nmethods': size=259264Kb used=18495Kb max_used=18495Kb free=240769Kb
 bounds [0x000002460fe00000, 0x0000024611010000, 0x000002461fb30000]
CodeHeap 'non-nmethods': size=5696Kb used=2915Kb max_used=3014Kb free=2780Kb
 bounds [0x000002461fb30000, 0x000002461fe30000, 0x00000246200c0000]
CodeCache: size=524288Kb, used=27708Kb, max_used=27807Kb, free=496578Kb
 total_blobs=13852, nmethods=12815, adapters=942, full_count=0
Compilation: enabled, stopped_count=0, restarted_count=0

Compilation events (20 events):
Event: 1682.001 Thread 0x000002463a647860 15004       3       org.gradle.api.internal.artifacts.ivyservice.resolveengine.oldresult.TransientConfigurationResultsBuilder$$Lambda/0x000002463e844000::<init> (26 bytes)
Event: 1682.002 Thread 0x000002463a647860 nmethod 15004 0x0000024610598708 code [0x0000024610598840, 0x0000024610598b38]
Event: 1682.002 Thread 0x000002463a647860 15005       3       org.gradle.api.internal.artifacts.ivyservice.resolveengine.oldresult.TransientConfigurationResultsBuilder$$Lambda/0x000002463e844000::write (21 bytes)
Event: 1682.002 Thread 0x000002463a647860 nmethod 15005 0x0000024610a31988 code [0x0000024610a31aa0, 0x0000024610a31c08]
Event: 1682.002 Thread 0x000002463a647860 15006       3       org.gradle.api.internal.artifacts.ivyservice.resolveengine.result.StreamingResolutionResultBuilder::visitEdges (91 bytes)
Event: 1682.003 Thread 0x000002463a647860 nmethod 15006 0x0000024610794e88 code [0x00000246107950e0, 0x0000024610796390]
Event: 1682.005 Thread 0x000002463a647860 15008       3       org.gradle.api.internal.artifacts.configurations.DefaultConfiguration::warnOnInvalidInternalAPIUsage (8 bytes)
Event: 1682.005 Thread 0x000002463a647860 nmethod 15008 0x0000024610bb4388 code [0x0000024610bb44a0, 0x0000024610bb45e8]
Event: 1682.005 Thread 0x000002463a647860 15007       1       org.gradle.api.internal.artifacts.configurations.DefaultConfiguration::getIncoming (5 bytes)
Event: 1682.005 Thread 0x000002463a647860 nmethod 15007 0x00000246206e1488 code [0x00000246206e15a0, 0x00000246206e1670]
Event: 1682.006 Thread 0x000002463a647860 15010       3       org.gradle.api.internal.artifacts.repositories.DefaultMavenArtifactRepository_Decorated::getName (40 bytes)
Event: 1682.006 Thread 0x000002463a647860 nmethod 15010 0x000002461059d108 code [0x000002461059d260, 0x000002461059d5b8]
Event: 1682.006 Thread 0x000002463a647860 15009       1       org.gradle.api.internal.artifacts.ivyservice.resolutionstrategy.DefaultResolutionStrategy::isDependencyLockingEnabled (5 bytes)
Event: 1682.006 Thread 0x000002463a647860 nmethod 15009 0x00000246206e1788 code [0x00000246206e18a0, 0x00000246206e1970]
Event: 1682.072 Thread 0x000002463a647860 15011       1       org.gradle.internal.component.model.DefaultCompatibilityCheckResult::getProducerValue (5 bytes)
Event: 1682.072 Thread 0x000002463a647860 nmethod 15011 0x00000246206e1a88 code [0x00000246206e1ba0, 0x00000246206e1c70]
Event: 1682.082 Thread 0x000002463a647860 15012       3       com.esotericsoftware.kryo.io.Input::require (220 bytes)
Event: 1682.086 Thread 0x000002463a647860 nmethod 15012 0x000002461081cc88 code [0x000002461081cee0, 0x000002461081dc20]
Event: 1682.092 Thread 0x000002463a647860 15013       3       java.lang.invoke.Invokers$Holder::linkToTargetMethod (10 bytes)
Event: 1682.093 Thread 0x000002463a647860 nmethod 15013 0x000002461073f908 code [0x000002461073fa40, 0x000002461073fe08]

GC Heap History (20 events):
Event: 63.819 GC heap before
{Heap before GC invocations=42 (full 0):
 garbage-first heap   total reserved 8388608K, committed 200704K, used 174392K [0x0000000600000000, 0x0000000800000000)
  region size 4096K, 15 young (61440K), 1 survivors (4096K)
 Metaspace       used 85093K, committed 87360K, reserved 1179648K
  class space    used 12445K, committed 13504K, reserved 1048576K
}
Event: 63.825 GC heap after
{Heap after GC invocations=43 (full 0):
 garbage-first heap   total reserved 8388608K, committed 200704K, used 85760K [0x0000000600000000, 0x0000000800000000)
  region size 4096K, 2 young (8192K), 2 survivors (8192K)
 Metaspace       used 85093K, committed 87360K, reserved 1179648K
  class space    used 12445K, committed 13504K, reserved 1048576K
}
Event: 64.451 GC heap before
{Heap before GC invocations=43 (full 0):
 garbage-first heap   total reserved 8388608K, committed 200704K, used 171776K [0x0000000600000000, 0x0000000800000000)
  region size 4096K, 24 young (98304K), 2 survivors (8192K)
 Metaspace       used 85223K, committed 87552K, reserved 1179648K
  class space    used 12460K, committed 13568K, reserved 1048576K
}
Event: 64.458 GC heap after
{Heap after GC invocations=44 (full 0):
 garbage-first heap   total reserved 8388608K, committed 200704K, used 93849K [0x0000000600000000, 0x0000000800000000)
  region size 4096K, 3 young (12288K), 3 survivors (12288K)
 Metaspace       used 85223K, committed 87552K, reserved 1179648K
  class space    used 12460K, committed 13568K, reserved 1048576K
}
Event: 67.465 GC heap before
{Heap before GC invocations=45 (full 0):
 garbage-first heap   total reserved 8388608K, committed 200704K, used 159385K [0x0000000600000000, 0x0000000800000000)
  region size 4096K, 20 young (81920K), 3 survivors (12288K)
 Metaspace       used 85788K, committed 88128K, reserved 1179648K
  class space    used 12511K, committed 13632K, reserved 1048576K
}
Event: 67.472 GC heap after
{Heap after GC invocations=46 (full 0):
 garbage-first heap   total reserved 8388608K, committed 200704K, used 97292K [0x0000000600000000, 0x0000000800000000)
  region size 4096K, 3 young (12288K), 3 survivors (12288K)
 Metaspace       used 85788K, committed 88128K, reserved 1179648K
  class space    used 12511K, committed 13632K, reserved 1048576K
}
Event: 68.430 GC heap before
{Heap before GC invocations=46 (full 0):
 garbage-first heap   total reserved 8388608K, committed 200704K, used 166924K [0x0000000600000000, 0x0000000800000000)
  region size 4096K, 20 young (81920K), 3 survivors (12288K)
 Metaspace       used 86151K, committed 88448K, reserved 1179648K
  class space    used 12542K, committed 13632K, reserved 1048576K
}
Event: 68.448 GC heap after
{Heap after GC invocations=47 (full 0):
 garbage-first heap   total reserved 8388608K, committed 200704K, used 101221K [0x0000000600000000, 0x0000000800000000)
  region size 4096K, 2 young (8192K), 2 survivors (8192K)
 Metaspace       used 86151K, committed 88448K, reserved 1179648K
  class space    used 12542K, committed 13632K, reserved 1048576K
}
Event: 68.604 GC heap before
{Heap before GC invocations=47 (full 0):
 garbage-first heap   total reserved 8388608K, committed 200704K, used 129893K [0x0000000600000000, 0x0000000800000000)
  region size 4096K, 11 young (45056K), 2 survivors (8192K)
 Metaspace       used 86217K, committed 88576K, reserved 1179648K
  class space    used 12543K, committed 13632K, reserved 1048576K
}
Event: 68.612 GC heap after
{Heap after GC invocations=48 (full 0):
 garbage-first heap   total reserved 8388608K, committed 200704K, used 103670K [0x0000000600000000, 0x0000000800000000)
  region size 4096K, 2 young (8192K), 2 survivors (8192K)
 Metaspace       used 86217K, committed 88576K, reserved 1179648K
  class space    used 12543K, committed 13632K, reserved 1048576K
}
Event: 68.824 GC heap before
{Heap before GC invocations=49 (full 0):
 garbage-first heap   total reserved 8388608K, committed 225280K, used 222454K [0x0000000600000000, 0x0000000800000000)
  region size 4096K, 19 young (77824K), 2 survivors (8192K)
 Metaspace       used 86228K, committed 88576K, reserved 1179648K
  class space    used 12543K, committed 13632K, reserved 1048576K
}
Event: 68.834 GC heap after
{Heap after GC invocations=50 (full 0):
 garbage-first heap   total reserved 8388608K, committed 233472K, used 108443K [0x0000000600000000, 0x0000000800000000)
  region size 4096K, 1 young (4096K), 1 survivors (4096K)
 Metaspace       used 86228K, committed 88576K, reserved 1179648K
  class space    used 12543K, committed 13632K, reserved 1048576K
}
Event: 69.140 GC heap before
{Heap before GC invocations=50 (full 0):
 garbage-first heap   total reserved 8388608K, committed 233472K, used 198555K [0x0000000600000000, 0x0000000800000000)
  region size 4096K, 23 young (94208K), 1 survivors (4096K)
 Metaspace       used 86241K, committed 88576K, reserved 1179648K
  class space    used 12543K, committed 13632K, reserved 1048576K
}
Event: 69.147 GC heap after
{Heap after GC invocations=51 (full 0):
 garbage-first heap   total reserved 8388608K, committed 413696K, used 97118K [0x0000000600000000, 0x0000000800000000)
  region size 4096K, 2 young (8192K), 2 survivors (8192K)
 Metaspace       used 86241K, committed 88576K, reserved 1179648K
  class space    used 12543K, committed 13632K, reserved 1048576K
}
Event: 1635.755 GC heap before
{Heap before GC invocations=51 (full 0):
 garbage-first heap   total reserved 8388608K, committed 413696K, used 314206K [0x0000000600000000, 0x0000000800000000)
  region size 4096K, 56 young (229376K), 2 survivors (8192K)
 Metaspace       used 87485K, committed 89856K, reserved 1179648K
  class space    used 12622K, committed 13760K, reserved 1048576K
}
Event: 1635.877 GC heap after
{Heap after GC invocations=52 (full 0):
 garbage-first heap   total reserved 8388608K, committed 413696K, used 120832K [0x0000000600000000, 0x0000000800000000)
  region size 4096K, 7 young (28672K), 7 survivors (28672K)
 Metaspace       used 87485K, committed 89856K, reserved 1179648K
  class space    used 12622K, committed 13760K, reserved 1048576K
}
Event: 1636.759 GC heap before
{Heap before GC invocations=52 (full 0):
 garbage-first heap   total reserved 8388608K, committed 413696K, used 124928K [0x0000000600000000, 0x0000000800000000)
  region size 4096K, 10 young (40960K), 7 survivors (28672K)
 Metaspace       used 87505K, committed 89856K, reserved 1179648K
  class space    used 12622K, committed 13760K, reserved 1048576K
}
Event: 1636.810 GC heap after
{Heap after GC invocations=53 (full 0):
 garbage-first heap   total reserved 8388608K, committed 413696K, used 122017K [0x0000000600000000, 0x0000000800000000)
  region size 4096K, 1 young (4096K), 1 survivors (4096K)
 Metaspace       used 87505K, committed 89856K, reserved 1179648K
  class space    used 12622K, committed 13760K, reserved 1048576K
}
Event: 1637.270 GC heap before
{Heap before GC invocations=54 (full 0):
 garbage-first heap   total reserved 8388608K, committed 413696K, used 355489K [0x0000000600000000, 0x0000000800000000)
  region size 4096K, 47 young (192512K), 1 survivors (4096K)
 Metaspace       used 87507K, committed 89856K, reserved 1179648K
  class space    used 12623K, committed 13760K, reserved 1048576K
}
Event: 1637.275 GC heap after
{Heap after GC invocations=55 (full 0):
 garbage-first heap   total reserved 8388608K, committed 413696K, used 150755K [0x0000000600000000, 0x0000000800000000)
  region size 4096K, 5 young (20480K), 5 survivors (20480K)
 Metaspace       used 87507K, committed 89856K, reserved 1179648K
  class space    used 12623K, committed 13760K, reserved 1048576K
}

Dll operation events (17 events):
Event: 0.020 Loaded shared library C:\Program Files\Java\jdk-23\bin\java.dll
Event: 0.051 Loaded shared library C:\Program Files\Java\jdk-23\bin\jsvml.dll
Event: 0.114 Loaded shared library C:\Program Files\Java\jdk-23\bin\zip.dll
Event: 0.119 Loaded shared library C:\Program Files\Java\jdk-23\bin\instrument.dll
Event: 0.126 Loaded shared library C:\Program Files\Java\jdk-23\bin\net.dll
Event: 0.131 Loaded shared library C:\Program Files\Java\jdk-23\bin\nio.dll
Event: 0.134 Loaded shared library C:\Program Files\Java\jdk-23\bin\zip.dll
Event: 0.519 Loaded shared library C:\Program Files\Java\jdk-23\bin\jimage.dll
Event: 0.908 Loaded shared library C:\Program Files\Java\jdk-23\bin\verify.dll
Event: 1.452 Loaded shared library C:\Users\SIMEON\.gradle\native\1def1411415f61bf3af743bc5b6707747c0891f09f0c88961ee8f79bc544acac\windows-amd64\native-platform.dll
Event: 1.475 Loaded shared library C:\Users\SIMEON\.gradle\native\0.2.5\x86_64-windows-gnu\gradle-fileevents.dll
Event: 3.066 Loaded shared library C:\Program Files\Java\jdk-23\bin\management.dll
Event: 3.088 Loaded shared library C:\Program Files\Java\jdk-23\bin\management_ext.dll
Event: 3.569 Loaded shared library C:\Program Files\Java\jdk-23\bin\extnet.dll
Event: 4.037 Loaded shared library C:\Program Files\Java\jdk-23\bin\sunmscapi.dll
Event: 5.423 Loaded shared library C:\Users\SIMEON\AppData\Local\Temp\native-platform13223254676236319625dir\gradle-fileevents.dll
Event: 32.215 Loaded shared library C:\Program Files\Java\jdk-23\bin\rmi.dll

Deoptimization events (20 events):
Event: 1681.289 Thread 0x0000024683820380 DEOPT PACKING pc=0x00000246103a5c48 sp=0x0000004926cfb020
Event: 1681.289 Thread 0x0000024683820380 DEOPT UNPACKING pc=0x000002461fb84b22 sp=0x0000004926cfa4a0 mode 0
Event: 1681.289 Thread 0x0000024683820380 DEOPT PACKING pc=0x00000246103a5c48 sp=0x0000004926cfb330
Event: 1681.289 Thread 0x0000024683820380 DEOPT UNPACKING pc=0x000002461fb84b22 sp=0x0000004926cfa7b0 mode 0
Event: 1681.377 Thread 0x0000024683820380 Uncommon trap: trap_request=0xffffffd6 fr.pc=0x000002462068f7a4 relative=0x0000000000000744
Event: 1681.377 Thread 0x0000024683820380 Uncommon trap: reason=array_check action=maybe_recompile pc=0x000002462068f7a4 method=java.util.TimSort.binarySort([Ljava/lang/Object;IIILjava/util/Comparator;)V @ 215 c2
Event: 1681.377 Thread 0x0000024683820380 DEOPT PACKING pc=0x000002462068f7a4 sp=0x0000004926cfc210
Event: 1681.377 Thread 0x0000024683820380 DEOPT UNPACKING pc=0x000002461fb84402 sp=0x0000004926cfc1a8 mode 2
Event: 1681.573 Thread 0x0000024683820380 Uncommon trap: trap_request=0xffffffd6 fr.pc=0x000002462068f7a4 relative=0x0000000000000744
Event: 1681.573 Thread 0x0000024683820380 Uncommon trap: reason=array_check action=maybe_recompile pc=0x000002462068f7a4 method=java.util.TimSort.binarySort([Ljava/lang/Object;IIILjava/util/Comparator;)V @ 215 c2
Event: 1681.573 Thread 0x0000024683820380 DEOPT PACKING pc=0x000002462068f7a4 sp=0x0000004926cfb0c0
Event: 1681.573 Thread 0x0000024683820380 DEOPT UNPACKING pc=0x000002461fb84402 sp=0x0000004926cfb058 mode 2
Event: 1681.860 Thread 0x0000024683820380 Uncommon trap: trap_request=0xffffffde fr.pc=0x0000024620512bf8 relative=0x0000000000000b18
Event: 1681.860 Thread 0x0000024683820380 Uncommon trap: reason=class_check action=maybe_recompile pc=0x0000024620512bf8 method=org.gradle.internal.file.FileHierarchySet$Node.contains(Ljava/lang/String;I)Z @ 55 c2
Event: 1681.860 Thread 0x0000024683820380 DEOPT PACKING pc=0x0000024620512bf8 sp=0x0000004926cf8790
Event: 1681.860 Thread 0x0000024683820380 DEOPT UNPACKING pc=0x000002461fb84402 sp=0x0000004926cf8760 mode 2
Event: 1681.900 Thread 0x0000024683820380 Uncommon trap: trap_request=0xffffffc6 fr.pc=0x000002462046ac3c relative=0x0000000000000b7c
Event: 1681.900 Thread 0x0000024683820380 Uncommon trap: reason=bimorphic_or_optimized_type_check action=maybe_recompile pc=0x000002462046ac3c method=com.google.common.collect.AbstractMultimap.keySet()Ljava/util/Set; @ 11 c2
Event: 1681.900 Thread 0x0000024683820380 DEOPT PACKING pc=0x000002462046ac3c sp=0x0000004926cf3db0
Event: 1681.900 Thread 0x0000024683820380 DEOPT UNPACKING pc=0x000002461fb84402 sp=0x0000004926cf3d90 mode 2

Classes loaded (20 events):
Event: 88.694 Loading class java/lang/StackStreamFactory
Event: 88.714 Loading class java/lang/StackStreamFactory done
Event: 88.714 Loading class java/lang/StackWalker$ExtendedOption
Event: 88.715 Loading class java/lang/StackWalker$ExtendedOption done
Event: 88.715 Loading class java/lang/StackStreamFactory$StackFrameTraverser
Event: 88.717 Loading class java/lang/StackStreamFactory$StackFrameTraverser done
Event: 88.717 Loading class java/lang/StackStreamFactory$WalkerState
Event: 88.717 Loading class java/lang/StackStreamFactory$WalkerState done
Event: 88.718 Loading class java/lang/StackStreamFactory$StackFrameBuffer
Event: 88.719 Loading class java/lang/StackStreamFactory$FrameBuffer
Event: 88.720 Loading class java/lang/StackStreamFactory$FrameBuffer done
Event: 88.720 Loading class java/lang/StackStreamFactory$StackFrameBuffer done
Event: 88.721 Loading class java/util/stream/SliceOps
Event: 88.723 Loading class java/util/stream/SliceOps done
Event: 88.723 Loading class java/util/stream/SliceOps$1
Event: 88.724 Loading class java/util/stream/SliceOps$1 done
Event: 88.728 Loading class java/util/stream/SliceOps$1$1
Event: 88.729 Loading class java/util/stream/SliceOps$1$1 done
Event: 1636.624 Loading class sun/net/ConnectionResetException
Event: 1636.810 Loading class sun/net/ConnectionResetException done

Classes unloaded (0 events):
No events

Classes redefined (0 events):
No events

Internal exceptions (20 events):
Event: 1681.364 Thread 0x0000024683820380 Exception <a 'java/lang/NoSuchMethodError'{0x00000006171a1990}: static Lorg/gradle/tooling/internal/consumer/connection/InternalPhasedActionAdapter;.<clinit>()V> (0x00000006171a1990) 
thrown [s\open\src\hotspot\share\prims\jni.cpp, line 1111]
Event: 1681.377 Thread 0x0000024683820380 Exception <a 'java/lang/NoSuchMethodError'{0x00000006171c4e48}: static Lorg/gradle/tooling/internal/consumer/connection/InternalBuildActionAdapter;.<clinit>()V> (0x00000006171c4e48) 
thrown [s\open\src\hotspot\share\prims\jni.cpp, line 1111]
Event: 1681.573 Thread 0x0000024683820380 Exception <a 'java/lang/NoSuchMethodError'{0x00000006172f6d98}: static Lorg/gradle/tooling/internal/consumer/versioning/VersionDetails;.<clinit>()V> (0x00000006172f6d98) 
thrown [s\open\src\hotspot\share\prims\jni.cpp, line 1111]
Event: 1681.573 Thread 0x0000024683820380 Exception <a 'java/lang/NoSuchMethodError'{0x00000006172f9798}: static Lorg/gradle/tooling/internal/consumer/versioning/VersionDetails$R26VersionDetails;.<clinit>()V> (0x00000006172f9798) 
thrown [s\open\src\hotspot\share\prims\jni.cpp, line 1111]
Event: 1681.573 Thread 0x0000024683820380 Exception <a 'java/lang/NoSuchMethodError'{0x00000006172fadb0}: static Lorg/gradle/tooling/internal/consumer/versioning/VersionDetails$R28VersionDetails;.<clinit>()V> (0x00000006172fadb0) 
thrown [s\open\src\hotspot\share\prims\jni.cpp, line 1111]
Event: 1681.574 Thread 0x0000024683820380 Exception <a 'java/lang/NoSuchMethodError'{0x00000006172fc308}: static Lorg/gradle/tooling/internal/consumer/versioning/VersionDetails$R35VersionDetails;.<clinit>()V> (0x00000006172fc308) 
thrown [s\open\src\hotspot\share\prims\jni.cpp, line 1111]
Event: 1681.574 Thread 0x0000024683820380 Exception <a 'java/lang/NoSuchMethodError'{0x00000006172fda18}: static Lorg/gradle/tooling/internal/consumer/versioning/VersionDetails$R44VersionDetails;.<clinit>()V> (0x00000006172fda18) 
thrown [s\open\src\hotspot\share\prims\jni.cpp, line 1111]
Event: 1681.574 Thread 0x0000024683820380 Exception <a 'java/lang/NoSuchMethodError'{0x00000006172ff070}: static Lorg/gradle/tooling/internal/consumer/versioning/VersionDetails$R48VersionDetails;.<clinit>()V> (0x00000006172ff070) 
thrown [s\open\src\hotspot\share\prims\jni.cpp, line 1111]
Event: 1681.574 Thread 0x0000024683820380 Exception <a 'java/lang/NoSuchMethodError'{0x00000006173002b8}: static Lorg/gradle/tooling/internal/consumer/versioning/VersionDetails$R51VersionDetails;.<clinit>()V> (0x00000006173002b8) 
thrown [s\open\src\hotspot\share\prims\jni.cpp, line 1111]
Event: 1681.578 Thread 0x0000024683820380 Exception <a 'java/lang/NoSuchMethodError'{0x000000061730f518}: static [Lorg/gradle/tooling/BuildAction;.<clinit>()V> (0x000000061730f518) 
thrown [s\open\src\hotspot\share\prims\jni.cpp, line 1111]
Event: 1681.582 Thread 0x0000024683820380 Exception <a 'java/lang/NoSuchMethodError'{0x000000061731cda8}: static Lorg/eclipse/buildship/core/internal/workspace/TellGradleToRunSynchronizationTasks;.<clinit>()V> (0x000000061731cda8) 
thrown [s\open\src\hotspot\share\prims\jni.cpp, line 1111]
Event: 1681.738 Thread 0x0000024683820380 Exception <a 'sun/nio/fs/WindowsException'{0x0000000616c69cd0}> (0x0000000616c69cd0) 
thrown [s\open\src\hotspot\share\prims\jni.cpp, line 520]
Event: 1681.739 Thread 0x0000024683820380 Exception <a 'sun/nio/fs/WindowsException'{0x0000000616c6b460}> (0x0000000616c6b460) 
thrown [s\open\src\hotspot\share\prims\jni.cpp, line 520]
Event: 1681.739 Thread 0x0000024683820380 Exception <a 'sun/nio/fs/WindowsException'{0x0000000616c6cbe0}> (0x0000000616c6cbe0) 
thrown [s\open\src\hotspot\share\prims\jni.cpp, line 520]
Event: 1681.739 Thread 0x0000024683820380 Exception <a 'sun/nio/fs/WindowsException'{0x0000000616c6df58}> (0x0000000616c6df58) 
thrown [s\open\src\hotspot\share\prims\jni.cpp, line 520]
Event: 1681.887 Thread 0x0000024683820380 Exception <a 'sun/nio/fs/WindowsException'{0x0000000616d615c0}> (0x0000000616d615c0) 
thrown [s\open\src\hotspot\share\prims\jni.cpp, line 520]
Event: 1681.887 Thread 0x0000024683820380 Exception <a 'sun/nio/fs/WindowsException'{0x0000000616d632b0}> (0x0000000616d632b0) 
thrown [s\open\src\hotspot\share\prims\jni.cpp, line 520]
Event: 1681.888 Thread 0x0000024683820380 Exception <a 'sun/nio/fs/WindowsException'{0x0000000616d64f90}> (0x0000000616d64f90) 
thrown [s\open\src\hotspot\share\prims\jni.cpp, line 520]
Event: 1681.888 Thread 0x0000024683820380 Exception <a 'sun/nio/fs/WindowsException'{0x0000000616d66868}> (0x0000000616d66868) 
thrown [s\open\src\hotspot\share\prims\jni.cpp, line 520]
Event: 1681.995 Thread 0x0000024683820380 Exception <a 'java/net/UnknownHostException'{0x0000000616f22898}> (0x0000000616f22898) 
thrown [s\open\src\hotspot\share\prims\jni.cpp, line 520]

VM Operations (20 events):
Event: 68.823 Executing VM operation: G1CollectForAllocation (G1 Evacuation Pause)
Event: 68.834 Executing VM operation: G1CollectForAllocation (G1 Evacuation Pause) done
Event: 69.140 Executing VM operation: G1CollectForAllocation (G1 Evacuation Pause)
Event: 69.147 Executing VM operation: G1CollectForAllocation (G1 Evacuation Pause) done
Event: 88.728 Executing VM operation: HandshakeAllThreads (Deoptimize)
Event: 88.728 Executing VM operation: HandshakeAllThreads (Deoptimize) done
Event: 120.213 Executing VM operation: HandshakeAllThreads (HandshakeForDeflation)
Event: 120.213 Executing VM operation: HandshakeAllThreads (HandshakeForDeflation) done
Event: 120.213 Executing VM operation: RendezvousGCThreads
Event: 120.213 Executing VM operation: RendezvousGCThreads done
Event: 1635.753 Executing VM operation: G1CollectForAllocation (G1 Evacuation Pause)
Event: 1635.877 Executing VM operation: G1CollectForAllocation (G1 Evacuation Pause) done
Event: 1636.746 Executing VM operation: G1TryInitiateConcMark (G1 Humongous Allocation)
Event: 1636.810 Executing VM operation: G1TryInitiateConcMark (G1 Humongous Allocation) done
Event: 1636.948 Executing VM operation: G1PauseRemark
Event: 1636.984 Executing VM operation: G1PauseRemark done
Event: 1637.050 Executing VM operation: G1PauseCleanup
Event: 1637.050 Executing VM operation: G1PauseCleanup done
Event: 1637.270 Executing VM operation: G1CollectForAllocation (G1 Evacuation Pause)
Event: 1637.275 Executing VM operation: G1CollectForAllocation (G1 Evacuation Pause) done

Memory protections (0 events):
No events

Nmethod flushes (20 events):
Event: 1636.957 Thread 0x000002463a5f6320 flushing  nmethod 0x000002460ff60688
Event: 1636.957 Thread 0x000002463a5f6320 flushing  nmethod 0x000002461006f808
Event: 1636.957 Thread 0x000002463a5f6320 flushing  nmethod 0x000002461010a108
Event: 1636.957 Thread 0x000002463a5f6320 flushing  nmethod 0x000002461010f588
Event: 1636.957 Thread 0x000002463a5f6320 flushing  nmethod 0x0000024610248908
Event: 1636.957 Thread 0x000002463a5f6320 flushing  nmethod 0x00000246102a3d88
Event: 1636.957 Thread 0x000002463a5f6320 flushing  nmethod 0x000002461063c588
Event: 1636.957 Thread 0x000002463a5f6320 flushing  nmethod 0x000002461063dc08
Event: 1636.957 Thread 0x000002463a5f6320 flushing osr nmethod 0x00000246106b0408
Event: 1636.957 Thread 0x000002463a5f6320 flushing  nmethod 0x0000024610718f08
Event: 1636.957 Thread 0x000002463a5f6320 flushing  nmethod 0x0000024610719288
Event: 1636.957 Thread 0x000002463a5f6320 flushing  nmethod 0x0000024610719c08
Event: 1636.957 Thread 0x000002463a5f6320 flushing  nmethod 0x0000024610776e08
Event: 1636.957 Thread 0x000002463a5f6320 flushing  nmethod 0x00000246107a4f88
Event: 1636.957 Thread 0x000002463a5f6320 flushing  nmethod 0x0000024610835108
Event: 1636.957 Thread 0x000002463a5f6320 flushing  nmethod 0x0000024610922588
Event: 1636.957 Thread 0x000002463a5f6320 flushing  nmethod 0x0000024610948488
Event: 1636.957 Thread 0x000002463a5f6320 flushing  nmethod 0x0000024610b53a08
Event: 1636.957 Thread 0x000002463a5f6320 flushing  nmethod 0x0000024610b54308
Event: 1636.957 Thread 0x000002463a5f6320 flushing  nmethod 0x0000024610bb4388

Events (20 events):
Event: 1637.332 Thread 0x0000024680b3bf40 Thread exited: 0x0000024680b3bf40
Event: 1637.333 Thread 0x000002468381efd0 Thread exited: 0x000002468381efd0
Event: 1637.346 Thread 0x0000024604299730 Thread added: 0x000002468381efd0
Event: 1637.346 Thread 0x00000246838210a0 Thread exited: 0x00000246838210a0
Event: 1637.349 Thread 0x000002460429aae0 Thread exited: 0x000002460429aae0
Event: 1681.177 Thread 0x0000024604299730 Thread added: 0x000002468381f660
Event: 1681.215 Thread 0x0000024604299730 Thread added: 0x000002468381fcf0
Event: 1681.220 Thread 0x0000024683820380 Thread added: 0x0000024683820a10
Event: 1681.221 Thread 0x0000024683820380 Thread added: 0x00000246838210a0
Event: 1681.221 Thread 0x0000024683820380 Thread added: 0x0000024683821730
Event: 1681.230 Thread 0x0000024683820380 Thread added: 0x000002468381e2b0
Event: 1681.234 Thread 0x0000024683820380 Thread added: 0x0000024683822450
Event: 1681.313 Thread 0x000002463a624680 Thread added: 0x000002468247e180
Event: 1681.313 Thread 0x000002463a624680 Thread added: 0x000002468247dab0
Event: 1681.472 Thread 0x000002468247dab0 Thread exited: 0x000002468247dab0
Event: 1681.488 Thread 0x000002468247e180 Thread exited: 0x000002468247e180
Event: 1681.726 Thread 0x0000024683820380 Thread added: 0x0000024683824520
Event: 1681.833 Thread 0x0000024683820380 Thread added: 0x0000024683821dc0
Event: 1681.838 Thread 0x0000024683820380 Thread added: 0x0000024683823800
Event: 1681.866 Thread 0x0000024683820380 Thread added: 0x0000024683822ae0


Dynamic libraries:
0x00007ff6d5020000 - 0x00007ff6d5030000 	C:\Program Files\Java\jdk-23\bin\java.exe
0x00007fff79120000 - 0x00007fff79387000 	C:\WINDOWS\SYSTEM32\ntdll.dll
0x00007fff78d90000 - 0x00007fff78e59000 	C:\WINDOWS\System32\KERNEL32.DLL
0x00007fff76850000 - 0x00007fff76c40000 	C:\WINDOWS\System32\KERNELBASE.dll
0x00007fff763b0000 - 0x00007fff764fb000 	C:\WINDOWS\System32\ucrtbase.dll
0x00007fff601e0000 - 0x00007fff601f7000 	C:\Program Files\Java\jdk-23\bin\jli.dll
0x00007fff5dc10000 - 0x00007fff5dc2b000 	C:\Program Files\Java\jdk-23\bin\VCRUNTIME140.dll
0x00007fff78100000 - 0x00007fff782c5000 	C:\WINDOWS\System32\USER32.dll
0x00007fff76e80000 - 0x00007fff76ea7000 	C:\WINDOWS\System32\win32u.dll
0x00007fff69100000 - 0x00007fff6939a000 	C:\WINDOWS\WinSxS\amd64_microsoft.windows.common-controls_6595b64144ccf1df_6.0.26100.4768_none_3e0c112ce331287c\COMCTL32.dll
0x00007fff77140000 - 0x00007fff7716b000 	C:\WINDOWS\System32\GDI32.dll
0x00007fff77430000 - 0x00007fff774d9000 	C:\WINDOWS\System32\msvcrt.dll
0x00007fff76680000 - 0x00007fff767b8000 	C:\WINDOWS\System32\gdi32full.dll
0x00007fff76c50000 - 0x00007fff76cf3000 	C:\WINDOWS\System32\msvcp_win.dll
0x00007fff79060000 - 0x00007fff7908f000 	C:\WINDOWS\System32\IMM32.DLL
0x00007fff60ad0000 - 0x00007fff60adc000 	C:\Program Files\Java\jdk-23\bin\vcruntime140_1.dll
0x00007fff53c70000 - 0x00007fff53cfe000 	C:\Program Files\Java\jdk-23\bin\msvcp140.dll
0x00007ffee3450000 - 0x00007ffee419f000 	C:\Program Files\Java\jdk-23\bin\server\jvm.dll
0x00007fff76f70000 - 0x00007fff77024000 	C:\WINDOWS\System32\ADVAPI32.dll
0x00007fff77670000 - 0x00007fff77716000 	C:\WINDOWS\System32\sechost.dll
0x00007fff78b70000 - 0x00007fff78c88000 	C:\WINDOWS\System32\RPCRT4.dll
0x00007fff77270000 - 0x00007fff772e4000 	C:\WINDOWS\System32\WS2_32.dll
0x00007fff760d0000 - 0x00007fff7612e000 	C:\WINDOWS\SYSTEM32\POWRPROF.dll
0x00007fff68e50000 - 0x00007fff68e85000 	C:\WINDOWS\SYSTEM32\WINMM.dll
0x00007fff6e350000 - 0x00007fff6e35b000 	C:\WINDOWS\SYSTEM32\VERSION.dll
0x00007fff760b0000 - 0x00007fff760c4000 	C:\WINDOWS\SYSTEM32\UMPDC.dll
0x00007fff74fa0000 - 0x00007fff74fbb000 	C:\WINDOWS\SYSTEM32\kernel.appcore.dll
0x00007fff601d0000 - 0x00007fff601da000 	C:\Program Files\Java\jdk-23\bin\jimage.dll
0x00007fff73880000 - 0x00007fff73ac1000 	C:\WINDOWS\SYSTEM32\DBGHELP.DLL
0x00007fff787e0000 - 0x00007fff78b65000 	C:\WINDOWS\System32\combase.dll
0x00007fff772f0000 - 0x00007fff773d0000 	C:\WINDOWS\System32\OLEAUT32.dll
0x00007fff58c40000 - 0x00007fff58c83000 	C:\WINDOWS\SYSTEM32\dbgcore.DLL
0x00007fff76250000 - 0x00007fff762e9000 	C:\WINDOWS\System32\bcryptPrimitives.dll
0x00007fff5c220000 - 0x00007fff5c22f000 	C:\Program Files\Java\jdk-23\bin\instrument.dll
0x00007fff53c50000 - 0x00007fff53c6e000 	C:\Program Files\Java\jdk-23\bin\java.dll
0x00007fff77ef0000 - 0x00007fff78090000 	C:\WINDOWS\System32\ole32.dll
0x00007fff777a0000 - 0x00007fff77eed000 	C:\WINDOWS\System32\SHELL32.dll
0x00007fff76d00000 - 0x00007fff76e73000 	C:\WINDOWS\System32\wintypes.dll
0x00007fff73e10000 - 0x00007fff7466f000 	C:\WINDOWS\SYSTEM32\windows.storage.dll
0x00007fff77170000 - 0x00007fff77265000 	C:\WINDOWS\System32\SHCORE.dll
0x00007fff77030000 - 0x00007fff7709a000 	C:\WINDOWS\System32\shlwapi.dll
0x00007fff76170000 - 0x00007fff76199000 	C:\WINDOWS\SYSTEM32\profapi.dll
0x00007fff53b70000 - 0x00007fff53c47000 	C:\Program Files\Java\jdk-23\bin\jsvml.dll
0x00007fff53b50000 - 0x00007fff53b67000 	C:\Program Files\Java\jdk-23\bin\zip.dll
0x00007fff58ae0000 - 0x00007fff58af0000 	C:\Program Files\Java\jdk-23\bin\net.dll
0x00007fff75560000 - 0x00007fff755cb000 	C:\WINDOWS\system32\mswsock.dll
0x00007fff53240000 - 0x00007fff53256000 	C:\Program Files\Java\jdk-23\bin\nio.dll
0x00007fff58680000 - 0x00007fff58690000 	C:\Program Files\Java\jdk-23\bin\verify.dll
0x00007fff4fd80000 - 0x00007fff4fda7000 	C:\Users\SIMEON\.gradle\native\1def1411415f61bf3af743bc5b6707747c0891f09f0c88961ee8f79bc544acac\windows-amd64\native-platform.dll
0x0000000054a00000 - 0x0000000054a73000 	C:\Users\SIMEON\.gradle\native\0.2.5\x86_64-windows-gnu\gradle-fileevents.dll
0x00007fff72150000 - 0x00007fff7215a000 	C:\Program Files\Java\jdk-23\bin\management.dll
0x00007fff72140000 - 0x00007fff7214b000 	C:\Program Files\Java\jdk-23\bin\management_ext.dll
0x00007fff790a0000 - 0x00007fff790a8000 	C:\WINDOWS\System32\PSAPI.DLL
0x00007fff75820000 - 0x00007fff7583b000 	C:\WINDOWS\SYSTEM32\CRYPTSP.dll
0x00007fff74f00000 - 0x00007fff74f3b000 	C:\WINDOWS\system32\rsaenh.dll
0x00007fff75600000 - 0x00007fff7562b000 	C:\WINDOWS\SYSTEM32\USERENV.dll
0x00007fff76140000 - 0x00007fff76166000 	C:\WINDOWS\SYSTEM32\bcrypt.dll
0x00007fff75840000 - 0x00007fff7584c000 	C:\WINDOWS\SYSTEM32\CRYPTBASE.dll
0x00007fff74970000 - 0x00007fff749a3000 	C:\WINDOWS\SYSTEM32\IPHLPAPI.DLL
0x00007fff76eb0000 - 0x00007fff76eba000 	C:\WINDOWS\System32\NSI.dll
0x00007fff72130000 - 0x00007fff72139000 	C:\Program Files\Java\jdk-23\bin\extnet.dll
0x00007fff72120000 - 0x00007fff7212e000 	C:\Program Files\Java\jdk-23\bin\sunmscapi.dll
0x00007fff76500000 - 0x00007fff76677000 	C:\WINDOWS\System32\CRYPT32.dll
0x00007fff75a40000 - 0x00007fff75a70000 	C:\WINDOWS\SYSTEM32\ncrypt.dll
0x00007fff759f0000 - 0x00007fff75a2f000 	C:\WINDOWS\SYSTEM32\NTASN1.dll
0x00007ffeedc20000 - 0x00007ffeedc28000 	C:\WINDOWS\system32\wshunix.dll
0x0000000054980000 - 0x00000000549f3000 	C:\Users\SIMEON\AppData\Local\Temp\native-platform13223254676236319625dir\gradle-fileevents.dll
0x00007fff749b0000 - 0x00007fff74ad6000 	C:\WINDOWS\SYSTEM32\DNSAPI.dll
0x00007fff6eea0000 - 0x00007fff6eeab000 	C:\Windows\System32\rasadhlp.dll
0x00007fff5ebb0000 - 0x00007fff5ebc8000 	C:\WINDOWS\system32\napinsp.dll
0x00007fff5c280000 - 0x00007fff5c292000 	C:\WINDOWS\System32\winrnr.dll
0x00007fff09830000 - 0x00007fff09860000 	C:\WINDOWS\system32\nlansp_c.dll
0x00007fff4bba0000 - 0x00007fff4bbc0000 	C:\WINDOWS\system32\wshbth.dll
0x00007fff6d580000 - 0x00007fff6d606000 	C:\WINDOWS\System32\fwpuclnt.dll
0x00007fff72050000 - 0x00007fff72057000 	C:\Program Files\Java\jdk-23\bin\rmi.dll

dbghelp: loaded successfully - version: 4.0.5 - missing functions: none
symbol engine: initialized successfully - sym options: 0x614 - pdb path: .;C:\Program Files\Java\jdk-23\bin;C:\WINDOWS\SYSTEM32;C:\WINDOWS\WinSxS\amd64_microsoft.windows.common-controls_6595b64144ccf1df_6.0.26100.4768_none_3e0c112ce331287c;C:\Program Files\Java\jdk-23\bin\server;C:\Users\SIMEON\.gradle\native\1def1411415f61bf3af743bc5b6707747c0891f09f0c88961ee8f79bc544acac\windows-amd64;C:\Users\SIMEON\.gradle\native\0.2.5\x86_64-windows-gnu;C:\Users\SIMEON\AppData\Local\Temp\native-platform13223254676236319625dir

VM Arguments:
jvm_args: --add-opens=java.base/java.lang=ALL-UNNAMED --add-opens=java.base/java.lang.invoke=ALL-UNNAMED --add-opens=java.base/java.util=ALL-UNNAMED --add-opens=java.prefs/java.util.prefs=ALL-UNNAMED --add-exports=jdk.compiler/com.sun.tools.javac.api=ALL-UNNAMED --add-exports=jdk.compiler/com.sun.tools.javac.util=ALL-UNNAMED --add-opens=java.base/java.util=ALL-UNNAMED --add-opens=java.prefs/java.util.prefs=ALL-UNNAMED --add-opens=java.base/java.nio.charset=ALL-UNNAMED --add-opens=java.base/java.net=ALL-UNNAMED --add-opens=java.base/java.util.concurrent.atomic=ALL-UNNAMED --add-opens=java.xml/javax.xml.namespace=ALL-UNNAMED -XX:MaxMetaspaceSize=4G -XX:ReservedCodeCacheSize=512m -XX:+HeapDumpOnOutOfMemoryError -Xmx8G -Dfile.encoding=UTF-8 -Duser.country=FR -Duser.language=fr -Duser.variant -javaagent:C:\Users\SIMEON\.gradle\wrapper\dists\gradle-8.12-all\ejduaidbjup3bmmkhw3rie4zb\gradle-8.12\lib\agents\gradle-instrumentation-agent-8.12.jar 
java_command: org.gradle.launcher.daemon.bootstrap.GradleDaemon 8.12
java_class_path (initial): C:\Users\SIMEON\.gradle\wrapper\dists\gradle-8.12-all\ejduaidbjup3bmmkhw3rie4zb\gradle-8.12\lib\gradle-daemon-main-8.12.jar
Launcher Type: SUN_STANDARD

[Global flags]
     intx CICompilerCount                          = 4                                         {product} {ergonomic}
     uint ConcGCThreads                            = 2                                         {product} {ergonomic}
     uint G1ConcRefinementThreads                  = 8                                         {product} {ergonomic}
   size_t G1HeapRegionSize                         = 4194304                                   {product} {ergonomic}
     bool HeapDumpOnOutOfMemoryError               = true                                   {manageable} {command line}
   size_t InitialHeapSize                          = 134217728                                 {product} {ergonomic}
   size_t MarkStackSize                            = 4194304                                   {product} {ergonomic}
   size_t MarkStackSizeMax                         = 536870912                                 {product} {ergonomic}
   size_t MaxHeapSize                              = 8589934592                                {product} {command line}
   size_t MaxMetaspaceSize                         = 4294967296                                {product} {command line}
   size_t MaxNewSize                               = 5150605312                                {product} {ergonomic}
   size_t MinHeapDeltaBytes                        = 4194304                                   {product} {ergonomic}
   size_t MinHeapSize                              = 8388608                                   {product} {ergonomic}
    uintx NonNMethodCodeHeapSize                   = 5832704                                {pd product} {ergonomic}
    uintx NonProfiledCodeHeapSize                  = 265551872                              {pd product} {ergonomic}
    uintx ProfiledCodeHeapSize                     = 265486336                              {pd product} {ergonomic}
    uintx ReservedCodeCacheSize                    = 536870912                              {pd product} {command line, ergonomic}
     bool SegmentedCodeCache                       = true                                      {product} {ergonomic}
   size_t SoftMaxHeapSize                          = 8589934592                             {manageable} {ergonomic}
     bool UseCompressedOops                        = true                           {product lp64_product} {ergonomic}
     bool UseG1GC                                  = true                                      {product} {ergonomic}
     bool UseLargePagesIndividualAllocation        = false                                  {pd product} {ergonomic}

Logging:
Log output configuration:
 #0: stdout all=warning uptime,level,tags foldmultilines=false
 #1: stderr all=off uptime,level,tags foldmultilines=false

Environment Variables:
PATH=C:\Program Files\Common Files\Oracle\Java\javapath;C:\WINDOWS\system32;C:\WINDOWS;C:\WINDOWS\System32\Wbem;C:\WINDOWS\System32\WindowsPowerShell\v1.0\;C:\WINDOWS\System32\OpenSSH\;C:\Program Files\dotnet\;C:\laragon\bin\nginx\nginx-1.22.0;C:\laragon\bin;C:\laragon\bin\apache\httpd-2.4.54-win64-VS16\bin;C:\laragon\bin\composer;C:\laragon\bin\git\bin;C:\laragon\bin\git\cmd;C:\laragon\bin\git\mingw64\bin;C:\laragon\bin\git\usr\bin;C:\laragon\bin\laragon\utils;C:\laragon\bin\mysql\mysql-8.0.30-winx64\bin;C:\laragon\bin\nginx\nginx-1.22.0;C:\laragon\bin\ngrok;C:\laragon\bin\nodejs\node-v22;C:\laragon\bin\notepad++;C:\laragon\bin\php\php-8.1.10-Win32-vs16-x64;C:\laragon\bin\python\python-3.10;C:\laragon\bin\python\python-3.10\Scripts;C:\laragon\bin\redis\redis-x64-5.0.14.1;C:\laragon\bin\telnet;C:\laragon\usr\bin;C:\Users\SIMEON\AppData\Local\Yarn\config\global\node_modules\.bin;C:\Users\SIMEON\AppData\Roaming\Composer\vendor\bin;C:\Users\SIMEON\AppData\Roaming\npm;C:\Users\SIMEON\AppData\Local\Microsoft\WindowsApps;C:\Users\SIMEON\AppData\Local\Programs\MiKTeX 2.9\miktex\bin\x64\;C:\Mingw\bin;C:\Users\SIMEON\AppData\Local\Programs\Microsoft VS Code\bin;C:\Users\SIMEON\AppData\Local\Programs\Hyper\resources\bin;C:\Users\SIMEON\developementmobile\flutter\bin;
USERNAME=SIMEON
OS=Windows_NT
PROCESSOR_IDENTIFIER=Intel64 Family 6 Model 142 Stepping 10, GenuineIntel
TMP=C:\Users\SIMEON\AppData\Local\Temp
TEMP=C:\Users\SIMEON\AppData\Local\Temp




Periodic native trim disabled

---------------  S Y S T E M  ---------------

OS:
 Windows 11 , 64 bit Build 26100 (10.0.26100.4768)
OS uptime: 0 days 0:38 hours
Hyper-V role detected

CPU: total 8 (initial active 8) (4 cores per cpu, 2 threads per core) family 6 model 142 stepping 10 microcode 0xf0, cx8, cmov, fxsr, ht, mmx, 3dnowpref, sse, sse2, sse3, ssse3, sse4.1, sse4.2, popcnt, lzcnt, tsc, tscinvbit, avx, avx2, aes, erms, clmul, bmi1, bmi2, adx, fma, vzeroupper, clflush, clflushopt, hv, rdtscp, f16c
Processor Information for the first 8 processors :
  Max Mhz: 1800, Current Mhz: 1600, Mhz Limit: 1584

Memory: 4k page, system-wide physical 8089M (643M free)
TotalPageFile size 10137M (AvailPageFile size 5M)
current process WorkingSet (physical memory assigned to process): 544M, peak: 544M
current process commit charge ("private bytes"): 708M, peak: 737M

vm_info: Java HotSpot(TM) 64-Bit Server VM (23.0.1+11-39) for windows-amd64 JRE (23.0.1+11-39), built on 2024-09-30T07:20:43Z with MS VC++ 17.6 (VS2022)

END.
