#
# There is insufficient memory for the Java Runtime Environment to continue.
# Native memory allocation (malloc) failed to allocate 1181680 bytes. Error detail: Chunk::new
# Possible reasons:
#   The system is out of physical RAM or swap space
#   This process is running with CompressedOops enabled, and the Java Heap may be blocking the growth of the native heap
# Possible solutions:
#   Reduce memory load on the system
#   Increase physical memory or swap space
#   Check if swap backing store is full
#   Decrease Java heap size (-Xmx/-Xms)
#   Decrease number of Java threads
#   Decrease Java thread stack sizes (-Xss)
#   Set larger code cache with -XX:ReservedCodeCacheSize=
#   JVM is running with Unscaled Compressed Oops mode in which the Java heap is
#     placed in the first 4GB address space. The Java Heap base address is the
#     maximum limit for the native heap growth. Please use -XX:HeapBaseMinAddress
#     to set the Java Heap base and to place the Java Heap above 4GB virtual address.
# This output file may be truncated or incomplete.
#
#  Out of Memory Error (arena.cpp:149), pid=10016, tid=11432
#
# JRE version: Java(TM) SE Runtime Environment (23.0.1+11) (build 23.0.1+11-39)
# Java VM: Java HotSpot(TM) 64-Bit Server VM (23.0.1+11-39, mixed mode, sharing, tiered, compressed oops, compressed class ptrs, g1 gc, windows-amd64)
# No core dump will be written. Minidumps are not enabled by default on client versions of Windows
#

---------------  S U M M A R Y ------------

Command Line: org.jetbrains.kotlin.cli.jvm.K2JVMCompiler @C:\Users\SIMEON\developementmobile\flutter\packages\flutter_tools\gradle\build\20250812_1672763824186840218.compiler.options

Host: Intel(R) Core(TM) i5-8250U CPU @ 1.60GHz, 8 cores, 7G,  Windows 11 , 64 bit Build 26100 (10.0.26100.4768)
Time: Tue Aug 12 09:44:18 2025 Paris, Madrid elapsed time: 39.718995 seconds (0d 0h 0m 39s)

---------------  T H R E A D  ---------------

Current thread (0x0000016c4eb69280):  JavaThread "C2 CompilerThread0" daemon [_thread_in_native, id=11432, stack(0x0000000a61400000,0x0000000a61500000) (1024K)]


Current CompileTask:
C2:39719 14458       4       jdk.internal.loader.BuiltinClassLoader::defineClass (121 bytes)

Stack: [0x0000000a61400000,0x0000000a61500000]
Native frames: (J=compiled Java code, j=interpreted, Vv=VM code, C=native code)
V  [jvm.dll+0x6e08b9]  (no source info available)
V  [jvm.dll+0x87dc83]  (no source info available)
V  [jvm.dll+0x88010e]  (no source info available)
V  [jvm.dll+0x8807e3]  (no source info available)
V  [jvm.dll+0x27aee6]  (no source info available)
V  [jvm.dll+0xbc06f]  (no source info available)
V  [jvm.dll+0xbc2cb]  (no source info available)
V  [jvm.dll+0x3b3a9c]  (no source info available)
V  [jvm.dll+0x1dc39e]  (no source info available)
V  [jvm.dll+0x244be5]  (no source info available)
V  [jvm.dll+0x243dff]  (no source info available)
V  [jvm.dll+0x1c33a0]  (no source info available)
V  [jvm.dll+0x253cf1]  (no source info available)
V  [jvm.dll+0x251faa]  (no source info available)
V  [jvm.dll+0x3ee036]  (no source info available)
V  [jvm.dll+0x824f8b]  (no source info available)
V  [jvm.dll+0x6df065]  (no source info available)
C  [ucrtbase.dll+0x37b0]  (no source info available)
C  [KERNEL32.DLL+0x2e8d7]  (no source info available)
C  [ntdll.dll+0x3c34c]  (no source info available)

Lock stack of current Java thread (top to bottom):


---------------  P R O C E S S  ---------------

Threads class SMR info:
_java_thread_list=0x0000016ca2b040d0, length=11, elements={
0x0000016c30659850, 0x0000016c4eb526e0, 0x0000016c4eb53140, 0x0000016c4eb563c0,
0x0000016c4eb5b620, 0x0000016c4eb58b00, 0x0000016c4eb59560, 0x0000016c4eb69280,
0x0000016c4f200090, 0x0000016c4f33e870, 0x0000016c4f348190
}

Java Threads: ( => current thread )
  0x0000016c30659850 JavaThread "main"                              [_thread_in_vm, id=4492, stack(0x0000000a60600000,0x0000000a60700000) (1024K)]
  0x0000016c4eb526e0 JavaThread "Reference Handler"          daemon [_thread_blocked, id=7016, stack(0x0000000a60e00000,0x0000000a60f00000) (1024K)]
  0x0000016c4eb53140 JavaThread "Finalizer"                  daemon [_thread_blocked, id=14776, stack(0x0000000a60f00000,0x0000000a61000000) (1024K)]
  0x0000016c4eb563c0 JavaThread "Signal Dispatcher"          daemon [_thread_blocked, id=9952, stack(0x0000000a61000000,0x0000000a61100000) (1024K)]
  0x0000016c4eb5b620 JavaThread "Attach Listener"            daemon [_thread_blocked, id=3528, stack(0x0000000a61100000,0x0000000a61200000) (1024K)]
  0x0000016c4eb58b00 JavaThread "Service Thread"             daemon [_thread_blocked, id=6104, stack(0x0000000a61200000,0x0000000a61300000) (1024K)]
  0x0000016c4eb59560 JavaThread "Monitor Deflation Thread"   daemon [_thread_blocked, id=8564, stack(0x0000000a61300000,0x0000000a61400000) (1024K)]
=>0x0000016c4eb69280 JavaThread "C2 CompilerThread0"         daemon [_thread_in_native, id=11432, stack(0x0000000a61400000,0x0000000a61500000) (1024K)]
  0x0000016c4f200090 JavaThread "C1 CompilerThread0"         daemon [_thread_in_vm, id=14688, stack(0x0000000a61500000,0x0000000a61600000) (1024K)]
  0x0000016c4f33e870 JavaThread "Notification Thread"        daemon [_thread_blocked, id=6624, stack(0x0000000a61600000,0x0000000a61700000) (1024K)]
  0x0000016c4f348190 JavaThread "Common-Cleaner"             daemon [_thread_blocked, id=1880, stack(0x0000000a61700000,0x0000000a61800000) (1024K)]
Total: 11

Other Threads:
  0x0000016c4eb3b980 VMThread "VM Thread"                           [id=1748, stack(0x0000000a60d00000,0x0000000a60e00000) (1024K)]
  0x0000016c4eb28760 WatcherThread "VM Periodic Task Thread"        [id=12876, stack(0x0000000a60c00000,0x0000000a60d00000) (1024K)]
  0x0000016c306b0fb0 WorkerThread "GC Thread#0"                     [id=7492, stack(0x0000000a60700000,0x0000000a60800000) (1024K)]
  0x0000016c4fc2c450 WorkerThread "GC Thread#1"                     [id=13692, stack(0x0000000a61800000,0x0000000a61900000) (1024K)]
  0x0000016c4fc2c800 WorkerThread "GC Thread#2"                     [id=6140, stack(0x0000000a61900000,0x0000000a61a00000) (1024K)]
  0x0000016c4fbd4af0 WorkerThread "GC Thread#3"                     [id=13324, stack(0x0000000a61a00000,0x0000000a61b00000) (1024K)]
  0x0000016c4fc26bc0 WorkerThread "GC Thread#4"                     [id=5588, stack(0x0000000a61b00000,0x0000000a61c00000) (1024K)]
  0x0000016c4fc41ee0 WorkerThread "GC Thread#5"                     [id=12468, stack(0x0000000a61c00000,0x0000000a61d00000) (1024K)]
  0x0000016c951368a0 WorkerThread "GC Thread#6"                     [id=14032, stack(0x0000000a61d00000,0x0000000a61e00000) (1024K)]
  0x0000016c95136c50 WorkerThread "GC Thread#7"                     [id=7288, stack(0x0000000a61e00000,0x0000000a61f00000) (1024K)]
  0x0000016c306c5cc0 ConcurrentGCThread "G1 Main Marker"            [id=4048, stack(0x0000000a60800000,0x0000000a60900000) (1024K)]
  0x0000016c306c76f0 WorkerThread "G1 Conc#0"                       [id=6016, stack(0x0000000a60900000,0x0000000a60a00000) (1024K)]
  0x0000016c95135630 WorkerThread "G1 Conc#1"                       [id=6684, stack(0x0000000a62100000,0x0000000a62200000) (1024K)]
  0x0000016c3071ea70 ConcurrentGCThread "G1 Refine#0"               [id=9196, stack(0x0000000a60a00000,0x0000000a60b00000) (1024K)]
  0x0000016c4e9f91a0 ConcurrentGCThread "G1 Service"                [id=3324, stack(0x0000000a60b00000,0x0000000a60c00000) (1024K)]
Total: 15

Threads with active compile tasks:
C2 CompilerThread0  39801 14458       4       jdk.internal.loader.BuiltinClassLoader::defineClass (121 bytes)
C1 CompilerThread0  39801 14729       3       org.jetbrains.kotlin.ir.interpreter.IrInterpreter::interpret (670 bytes)
Total: 2

VM state: not at safepoint (normal execution)

VM Mutex/Monitor currently owned by a thread:  ([mutex/lock_event])
[0x00007fff283f1890] Metaspace_lock - owner thread: 0x0000016c4f200090

Heap address: 0x0000000081800000, size: 2024 MB, Compressed Oops mode: 32-bit

CDS archive(s) mapped at: [0x0000016c50000000-0x0000016c50d70000-0x0000016c50d70000), size 14090240, SharedBaseAddress: 0x0000016c50000000, ArchiveRelocationMode: 1.
Compressed class space mapped at: 0x0000016c51000000-0x0000016c91000000, reserved size: 1073741824
Narrow klass base: 0x0000016c50000000, Narrow klass shift: 0, Narrow klass range: 0x41000000

GC Precious Log:
 CardTable entry size: 512
 Card Set container configuration: InlinePtr #cards 5 size 8 Array Of Cards #cards 10 size 36 Howl #buckets 4 coarsen threshold 1843 Howl Bitmap #cards 512 size 80 coarsen threshold 460 Card regions per heap region 1 cards per card region 2048
 CPUs: 8 total, 8 available
 Memory: 8089M
 Large Page Support: Disabled
 NUMA Support: Disabled
 Compressed Oops: Enabled (32-bit)
 Heap Region Size: 1M
 Heap Min Capacity: 8M
 Heap Initial Capacity: 128M
 Heap Max Capacity: 2024M
 Pre-touch: Disabled
 Parallel Workers: 8
 Concurrent Workers: 2
 Concurrent Refinement Workers: 8
 Periodic GC: Disabled

Heap:
 garbage-first heap   total reserved 2072576K, committed 150528K, used 96528K [0x0000000081800000, 0x0000000100000000)
  region size 1024K, 9 young (9216K), 6 survivors (6144K)
 Metaspace       used 67769K, committed 68736K, reserved 1114112K
  class space    used 7719K, committed 8192K, reserved 1048576K

Heap Regions: E=young(eden), S=young(survivor), O=old, HS=humongous(starts), HC=humongous(continues), CS=collection set, F=free, TAMS=top-at-mark-start, PB=parsable bottom
|   0|0x0000000081800000, 0x0000000081900000, 0x0000000081900000|100%|HS|  |TAMS 0x0000000081800000| PB 0x0000000081800000| Complete |  0
|   1|0x0000000081900000, 0x0000000081a00000, 0x0000000081a00000|100%|HC|  |TAMS 0x0000000081900000| PB 0x0000000081900000| Complete |  0
|   2|0x0000000081a00000, 0x0000000081b00000, 0x0000000081b00000|100%|HC|  |TAMS 0x0000000081a00000| PB 0x0000000081a00000| Complete |  0
|   3|0x0000000081b00000, 0x0000000081c00000, 0x0000000081c00000|100%| O|  |TAMS 0x0000000081b00000| PB 0x0000000081b00000| Untracked |  0
|   4|0x0000000081c00000, 0x0000000081d00000, 0x0000000081d00000|100%| O|  |TAMS 0x0000000081c00000| PB 0x0000000081c00000| Untracked |  0
|   5|0x0000000081d00000, 0x0000000081e00000, 0x0000000081e00000|100%| O|  |TAMS 0x0000000081d00000| PB 0x0000000081d00000| Untracked |  0
|   6|0x0000000081e00000, 0x0000000081f00000, 0x0000000081f00000|100%| O|  |TAMS 0x0000000081e00000| PB 0x0000000081e00000| Untracked |  0
|   7|0x0000000081f00000, 0x0000000082000000, 0x0000000082000000|100%|HS|  |TAMS 0x0000000081f00000| PB 0x0000000081f00000| Complete |  0
|   8|0x0000000082000000, 0x0000000082100000, 0x0000000082100000|100%|HS|  |TAMS 0x0000000082000000| PB 0x0000000082000000| Complete |  0
|   9|0x0000000082100000, 0x0000000082200000, 0x0000000082200000|100%|HS|  |TAMS 0x0000000082100000| PB 0x0000000082100000| Complete |  0
|  10|0x0000000082200000, 0x0000000082300000, 0x0000000082300000|100%|HC|  |TAMS 0x0000000082200000| PB 0x0000000082200000| Complete |  0
|  11|0x0000000082300000, 0x0000000082400000, 0x0000000082400000|100%| O|  |TAMS 0x0000000082300000| PB 0x0000000082300000| Untracked |  0
|  12|0x0000000082400000, 0x0000000082500000, 0x0000000082500000|100%| O|  |TAMS 0x0000000082400000| PB 0x0000000082400000| Untracked |  0
|  13|0x0000000082500000, 0x0000000082600000, 0x0000000082600000|100%| O|  |TAMS 0x0000000082500000| PB 0x0000000082500000| Untracked |  0
|  14|0x0000000082600000, 0x0000000082700000, 0x0000000082700000|100%|HS|  |TAMS 0x0000000082600000| PB 0x0000000082600000| Complete |  0
|  15|0x0000000082700000, 0x0000000082800000, 0x0000000082800000|100%| O|  |TAMS 0x0000000082700000| PB 0x0000000082700000| Untracked |  0
|  16|0x0000000082800000, 0x0000000082900000, 0x0000000082900000|100%| O|  |TAMS 0x0000000082800000| PB 0x0000000082800000| Untracked |  0
|  17|0x0000000082900000, 0x0000000082a00000, 0x0000000082a00000|100%| O|  |TAMS 0x0000000082900000| PB 0x0000000082900000| Untracked |  0
|  18|0x0000000082a00000, 0x0000000082b00000, 0x0000000082b00000|100%| O|  |TAMS 0x0000000082a00000| PB 0x0000000082a00000| Untracked |  0
|  19|0x0000000082b00000, 0x0000000082c00000, 0x0000000082c00000|100%| O|  |TAMS 0x0000000082b00000| PB 0x0000000082b00000| Untracked |  0
|  20|0x0000000082c00000, 0x0000000082d00000, 0x0000000082d00000|100%| O|  |TAMS 0x0000000082c00000| PB 0x0000000082c00000| Untracked |  0
|  21|0x0000000082d00000, 0x0000000082e00000, 0x0000000082e00000|100%| O|  |TAMS 0x0000000082d00000| PB 0x0000000082d00000| Untracked |  0
|  22|0x0000000082e00000, 0x0000000082f00000, 0x0000000082f00000|100%| O|  |TAMS 0x0000000082e00000| PB 0x0000000082e00000| Untracked |  0
|  23|0x0000000082f00000, 0x0000000083000000, 0x0000000083000000|100%| O|  |TAMS 0x0000000082f00000| PB 0x0000000082f00000| Untracked |  0
|  24|0x0000000083000000, 0x0000000083100000, 0x0000000083100000|100%| O|  |TAMS 0x0000000083000000| PB 0x0000000083000000| Untracked |  0
|  25|0x0000000083100000, 0x0000000083200000, 0x0000000083200000|100%| O|  |TAMS 0x0000000083100000| PB 0x0000000083100000| Untracked |  0
|  26|0x0000000083200000, 0x0000000083300000, 0x0000000083300000|100%|HS|  |TAMS 0x0000000083200000| PB 0x0000000083200000| Complete |  0
|  27|0x0000000083300000, 0x0000000083400000, 0x0000000083400000|100%|HC|  |TAMS 0x0000000083300000| PB 0x0000000083300000| Complete |  0
|  28|0x0000000083400000, 0x0000000083500000, 0x0000000083500000|100%|HC|  |TAMS 0x0000000083400000| PB 0x0000000083400000| Complete |  0
|  29|0x0000000083500000, 0x0000000083600000, 0x0000000083600000|100%|HC|  |TAMS 0x0000000083500000| PB 0x0000000083500000| Complete |  0
|  30|0x0000000083600000, 0x0000000083700000, 0x0000000083700000|100%|HC|  |TAMS 0x0000000083600000| PB 0x0000000083600000| Complete |  0
|  31|0x0000000083700000, 0x0000000083800000, 0x0000000083800000|100%|HC|  |TAMS 0x0000000083700000| PB 0x0000000083700000| Complete |  0
|  32|0x0000000083800000, 0x0000000083900000, 0x0000000083900000|100%| O|  |TAMS 0x0000000083800000| PB 0x0000000083800000| Untracked |  0
|  33|0x0000000083900000, 0x0000000083a00000, 0x0000000083a00000|100%| O|  |TAMS 0x0000000083900000| PB 0x0000000083900000| Untracked |  0
|  34|0x0000000083a00000, 0x0000000083b00000, 0x0000000083b00000|100%| O|  |TAMS 0x0000000083a00000| PB 0x0000000083a00000| Untracked |  0
|  35|0x0000000083b00000, 0x0000000083c00000, 0x0000000083c00000|100%| O|  |TAMS 0x0000000083b00000| PB 0x0000000083b00000| Untracked |  0
|  36|0x0000000083c00000, 0x0000000083d00000, 0x0000000083d00000|100%| O|  |TAMS 0x0000000083c00000| PB 0x0000000083c00000| Untracked |  0
|  37|0x0000000083d00000, 0x0000000083e00000, 0x0000000083e00000|100%| O|  |TAMS 0x0000000083d00000| PB 0x0000000083d00000| Untracked |  0
|  38|0x0000000083e00000, 0x0000000083f00000, 0x0000000083f00000|100%| O|  |TAMS 0x0000000083e00000| PB 0x0000000083e00000| Untracked |  0
|  39|0x0000000083f00000, 0x0000000084000000, 0x0000000084000000|100%| O|  |TAMS 0x0000000083f00000| PB 0x0000000083f00000| Untracked |  0
|  40|0x0000000084000000, 0x0000000084100000, 0x0000000084100000|100%| O|  |TAMS 0x0000000084000000| PB 0x0000000084000000| Untracked |  0
|  41|0x0000000084100000, 0x0000000084200000, 0x0000000084200000|100%| O|  |TAMS 0x0000000084100000| PB 0x0000000084100000| Untracked |  0
|  42|0x0000000084200000, 0x0000000084300000, 0x0000000084300000|100%| O|  |TAMS 0x0000000084200000| PB 0x0000000084200000| Untracked |  0
|  43|0x0000000084300000, 0x0000000084400000, 0x0000000084400000|100%| O|  |TAMS 0x0000000084300000| PB 0x0000000084300000| Untracked |  0
|  44|0x0000000084400000, 0x0000000084500000, 0x0000000084500000|100%| O|  |TAMS 0x0000000084400000| PB 0x0000000084400000| Untracked |  0
|  45|0x0000000084500000, 0x0000000084600000, 0x0000000084600000|100%| O|  |TAMS 0x0000000084500000| PB 0x0000000084500000| Untracked |  0
|  46|0x0000000084600000, 0x0000000084700000, 0x0000000084700000|100%| O|  |TAMS 0x0000000084600000| PB 0x0000000084600000| Untracked |  0
|  47|0x0000000084700000, 0x0000000084800000, 0x0000000084800000|100%| O|  |TAMS 0x0000000084700000| PB 0x0000000084700000| Untracked |  0
|  48|0x0000000084800000, 0x0000000084900000, 0x0000000084900000|100%| O|  |TAMS 0x0000000084800000| PB 0x0000000084800000| Untracked |  0
|  49|0x0000000084900000, 0x0000000084a00000, 0x0000000084a00000|100%| O|  |TAMS 0x0000000084900000| PB 0x0000000084900000| Untracked |  0
|  50|0x0000000084a00000, 0x0000000084a00000, 0x0000000084b00000|  0%| F|  |TAMS 0x0000000084a00000| PB 0x0000000084a00000| Untracked |  0
|  51|0x0000000084b00000, 0x0000000084c00000, 0x0000000084c00000|100%| O|  |TAMS 0x0000000084b00000| PB 0x0000000084b00000| Untracked |  0
|  52|0x0000000084c00000, 0x0000000084d00000, 0x0000000084d00000|100%| O|  |TAMS 0x0000000084c00000| PB 0x0000000084c00000| Untracked |  0
|  53|0x0000000084d00000, 0x0000000084e00000, 0x0000000084e00000|100%| O|  |TAMS 0x0000000084d00000| PB 0x0000000084d00000| Untracked |  0
|  54|0x0000000084e00000, 0x0000000084f00000, 0x0000000084f00000|100%| O|  |TAMS 0x0000000084e00000| PB 0x0000000084e00000| Untracked |  0
|  55|0x0000000084f00000, 0x0000000085000000, 0x0000000085000000|100%| O|  |TAMS 0x0000000084f00000| PB 0x0000000084f00000| Untracked |  0
|  56|0x0000000085000000, 0x0000000085100000, 0x0000000085100000|100%| O|  |TAMS 0x0000000085000000| PB 0x0000000085000000| Untracked |  0
|  57|0x0000000085100000, 0x0000000085200000, 0x0000000085200000|100%| O|  |TAMS 0x0000000085100000| PB 0x0000000085100000| Untracked |  0
|  58|0x0000000085200000, 0x0000000085300000, 0x0000000085300000|100%| O|  |TAMS 0x0000000085200000| PB 0x0000000085200000| Untracked |  0
|  59|0x0000000085300000, 0x0000000085400000, 0x0000000085400000|100%| O|  |TAMS 0x0000000085300000| PB 0x0000000085300000| Untracked |  0
|  60|0x0000000085400000, 0x0000000085500000, 0x0000000085500000|100%| O|  |TAMS 0x0000000085400000| PB 0x0000000085400000| Untracked |  0
|  61|0x0000000085500000, 0x0000000085600000, 0x0000000085600000|100%| O|  |TAMS 0x0000000085500000| PB 0x0000000085500000| Untracked |  0
|  62|0x0000000085600000, 0x0000000085700000, 0x0000000085700000|100%| O|  |TAMS 0x0000000085600000| PB 0x0000000085600000| Untracked |  0
|  63|0x0000000085700000, 0x0000000085800000, 0x0000000085800000|100%| O|  |TAMS 0x0000000085700000| PB 0x0000000085700000| Untracked |  0
|  64|0x0000000085800000, 0x0000000085900000, 0x0000000085900000|100%| O|  |TAMS 0x0000000085800000| PB 0x0000000085800000| Untracked |  0
|  65|0x0000000085900000, 0x0000000085a00000, 0x0000000085a00000|100%| O|  |TAMS 0x0000000085900000| PB 0x0000000085900000| Untracked |  0
|  66|0x0000000085a00000, 0x0000000085b00000, 0x0000000085b00000|100%| O|  |TAMS 0x0000000085a00000| PB 0x0000000085a00000| Untracked |  0
|  67|0x0000000085b00000, 0x0000000085c00000, 0x0000000085c00000|100%| O|  |TAMS 0x0000000085b00000| PB 0x0000000085b00000| Untracked |  0
|  68|0x0000000085c00000, 0x0000000085d00000, 0x0000000085d00000|100%| O|  |TAMS 0x0000000085c00000| PB 0x0000000085c00000| Untracked |  0
|  69|0x0000000085d00000, 0x0000000085e00000, 0x0000000085e00000|100%| O|  |TAMS 0x0000000085d00000| PB 0x0000000085d00000| Untracked |  0
|  70|0x0000000085e00000, 0x0000000085f00000, 0x0000000085f00000|100%| O|  |TAMS 0x0000000085e00000| PB 0x0000000085e00000| Untracked |  0
|  71|0x0000000085f00000, 0x0000000085f00000, 0x0000000086000000|  0%| F|  |TAMS 0x0000000085f00000| PB 0x0000000085f00000| Untracked |  0
|  72|0x0000000086000000, 0x0000000086100000, 0x0000000086100000|100%|HS|  |TAMS 0x0000000086000000| PB 0x0000000086000000| Complete |  0
|  73|0x0000000086100000, 0x0000000086200000, 0x0000000086200000|100%|HC|  |TAMS 0x0000000086100000| PB 0x0000000086100000| Complete |  0
|  74|0x0000000086200000, 0x0000000086300000, 0x0000000086300000|100%| O|  |TAMS 0x0000000086200000| PB 0x0000000086200000| Untracked |  0
|  75|0x0000000086300000, 0x0000000086400000, 0x0000000086400000|100%| O|  |TAMS 0x0000000086300000| PB 0x0000000086300000| Untracked |  0
|  76|0x0000000086400000, 0x0000000086500000, 0x0000000086500000|100%| O|  |TAMS 0x0000000086400000| PB 0x0000000086400000| Untracked |  0
|  77|0x0000000086500000, 0x0000000086600000, 0x0000000086600000|100%| O|  |TAMS 0x0000000086500000| PB 0x0000000086500000| Untracked |  0
|  78|0x0000000086600000, 0x0000000086700000, 0x0000000086700000|100%| O|  |TAMS 0x0000000086600000| PB 0x0000000086600000| Untracked |  0
|  79|0x0000000086700000, 0x0000000086800000, 0x0000000086800000|100%| O|  |TAMS 0x0000000086700000| PB 0x0000000086700000| Untracked |  0
|  80|0x0000000086800000, 0x0000000086900000, 0x0000000086900000|100%| O|  |TAMS 0x0000000086800000| PB 0x0000000086800000| Untracked |  0
|  81|0x0000000086900000, 0x0000000086a00000, 0x0000000086a00000|100%| O|  |TAMS 0x0000000086900000| PB 0x0000000086900000| Untracked |  0
|  82|0x0000000086a00000, 0x0000000086b00000, 0x0000000086b00000|100%| O|  |TAMS 0x0000000086a00000| PB 0x0000000086a00000| Untracked |  0
|  83|0x0000000086b00000, 0x0000000086c00000, 0x0000000086c00000|100%| O|  |TAMS 0x0000000086b00000| PB 0x0000000086b00000| Untracked |  0
|  84|0x0000000086c00000, 0x0000000086d00000, 0x0000000086d00000|100%| O|  |TAMS 0x0000000086c00000| PB 0x0000000086c00000| Untracked |  0
|  85|0x0000000086d00000, 0x0000000086d8f988, 0x0000000086e00000| 56%| O|  |TAMS 0x0000000086d00000| PB 0x0000000086d00000| Untracked |  0
|  86|0x0000000086e00000, 0x0000000086e00000, 0x0000000086f00000|  0%| F|  |TAMS 0x0000000086e00000| PB 0x0000000086e00000| Untracked |  0
|  87|0x0000000086f00000, 0x0000000086f00000, 0x0000000087000000|  0%| F|  |TAMS 0x0000000086f00000| PB 0x0000000086f00000| Untracked |  0
|  88|0x0000000087000000, 0x00000000870b4738, 0x0000000087100000| 70%| S|CS|TAMS 0x0000000087000000| PB 0x0000000087000000| Complete |  0
|  89|0x0000000087100000, 0x0000000087200000, 0x0000000087200000|100%| S|CS|TAMS 0x0000000087100000| PB 0x0000000087100000| Complete |  0
|  90|0x0000000087200000, 0x0000000087300000, 0x0000000087300000|100%| S|CS|TAMS 0x0000000087200000| PB 0x0000000087200000| Complete |  0
|  91|0x0000000087300000, 0x0000000087400000, 0x0000000087400000|100%| S|CS|TAMS 0x0000000087300000| PB 0x0000000087300000| Complete |  0
|  92|0x0000000087400000, 0x0000000087500000, 0x0000000087500000|100%| S|CS|TAMS 0x0000000087400000| PB 0x0000000087400000| Complete |  0
|  93|0x0000000087500000, 0x0000000087600000, 0x0000000087600000|100%| S|CS|TAMS 0x0000000087500000| PB 0x0000000087500000| Complete |  0
|  94|0x0000000087600000, 0x0000000087600000, 0x0000000087700000|  0%| F|  |TAMS 0x0000000087600000| PB 0x0000000087600000| Untracked |  0
|  95|0x0000000087700000, 0x0000000087700000, 0x0000000087800000|  0%| F|  |TAMS 0x0000000087700000| PB 0x0000000087700000| Untracked |  0
|  96|0x0000000087800000, 0x0000000087800000, 0x0000000087900000|  0%| F|  |TAMS 0x0000000087800000| PB 0x0000000087800000| Untracked |  0
|  97|0x0000000087900000, 0x0000000087900000, 0x0000000087a00000|  0%| F|  |TAMS 0x0000000087900000| PB 0x0000000087900000| Untracked |  0
|  98|0x0000000087a00000, 0x0000000087a00000, 0x0000000087b00000|  0%| F|  |TAMS 0x0000000087a00000| PB 0x0000000087a00000| Untracked |  0
|  99|0x0000000087b00000, 0x0000000087b00000, 0x0000000087c00000|  0%| F|  |TAMS 0x0000000087b00000| PB 0x0000000087b00000| Untracked |  0
| 100|0x0000000087c00000, 0x0000000087c00000, 0x0000000087d00000|  0%| F|  |TAMS 0x0000000087c00000| PB 0x0000000087c00000| Untracked |  0
| 101|0x0000000087d00000, 0x0000000087d00000, 0x0000000087e00000|  0%| F|  |TAMS 0x0000000087d00000| PB 0x0000000087d00000| Untracked |  0
| 102|0x0000000087e00000, 0x0000000087e00000, 0x0000000087f00000|  0%| F|  |TAMS 0x0000000087e00000| PB 0x0000000087e00000| Untracked |  0
| 103|0x0000000087f00000, 0x0000000087f00000, 0x0000000088000000|  0%| F|  |TAMS 0x0000000087f00000| PB 0x0000000087f00000| Untracked |  0
| 104|0x0000000088000000, 0x0000000088000000, 0x0000000088100000|  0%| F|  |TAMS 0x0000000088000000| PB 0x0000000088000000| Untracked |  0
| 105|0x0000000088100000, 0x0000000088100000, 0x0000000088200000|  0%| F|  |TAMS 0x0000000088100000| PB 0x0000000088100000| Untracked |  0
| 106|0x0000000088200000, 0x0000000088200000, 0x0000000088300000|  0%| F|  |TAMS 0x0000000088200000| PB 0x0000000088200000| Untracked |  0
| 107|0x0000000088300000, 0x0000000088300000, 0x0000000088400000|  0%| F|  |TAMS 0x0000000088300000| PB 0x0000000088300000| Untracked |  0
| 108|0x0000000088400000, 0x0000000088400000, 0x0000000088500000|  0%| F|  |TAMS 0x0000000088400000| PB 0x0000000088400000| Untracked |  0
| 109|0x0000000088500000, 0x0000000088500000, 0x0000000088600000|  0%| F|  |TAMS 0x0000000088500000| PB 0x0000000088500000| Untracked |  0
| 110|0x0000000088600000, 0x0000000088600000, 0x0000000088700000|  0%| F|  |TAMS 0x0000000088600000| PB 0x0000000088600000| Untracked |  0
| 111|0x0000000088700000, 0x0000000088700000, 0x0000000088800000|  0%| F|  |TAMS 0x0000000088700000| PB 0x0000000088700000| Untracked |  0
| 112|0x0000000088800000, 0x0000000088800000, 0x0000000088900000|  0%| F|  |TAMS 0x0000000088800000| PB 0x0000000088800000| Untracked |  0
| 113|0x0000000088900000, 0x0000000088900000, 0x0000000088a00000|  0%| F|  |TAMS 0x0000000088900000| PB 0x0000000088900000| Untracked |  0
| 114|0x0000000088a00000, 0x0000000088a00000, 0x0000000088b00000|  0%| F|  |TAMS 0x0000000088a00000| PB 0x0000000088a00000| Untracked |  0
| 115|0x0000000088b00000, 0x0000000088b00000, 0x0000000088c00000|  0%| F|  |TAMS 0x0000000088b00000| PB 0x0000000088b00000| Untracked |  0
| 116|0x0000000088c00000, 0x0000000088c00000, 0x0000000088d00000|  0%| F|  |TAMS 0x0000000088c00000| PB 0x0000000088c00000| Untracked |  0
| 117|0x0000000088d00000, 0x0000000088d00000, 0x0000000088e00000|  0%| F|  |TAMS 0x0000000088d00000| PB 0x0000000088d00000| Untracked |  0
| 118|0x0000000088e00000, 0x0000000088e00000, 0x0000000088f00000|  0%| F|  |TAMS 0x0000000088e00000| PB 0x0000000088e00000| Untracked |  0
| 119|0x0000000088f00000, 0x0000000088f00000, 0x0000000089000000|  0%| F|  |TAMS 0x0000000088f00000| PB 0x0000000088f00000| Untracked |  0
| 120|0x0000000089000000, 0x0000000089000000, 0x0000000089100000|  0%| F|  |TAMS 0x0000000089000000| PB 0x0000000089000000| Untracked |  0
| 121|0x0000000089100000, 0x0000000089100000, 0x0000000089200000|  0%| F|  |TAMS 0x0000000089100000| PB 0x0000000089100000| Untracked |  0
| 122|0x0000000089200000, 0x0000000089200000, 0x0000000089300000|  0%| F|  |TAMS 0x0000000089200000| PB 0x0000000089200000| Untracked |  0
| 123|0x0000000089300000, 0x0000000089300000, 0x0000000089400000|  0%| F|  |TAMS 0x0000000089300000| PB 0x0000000089300000| Untracked |  0
| 124|0x0000000089400000, 0x0000000089400000, 0x0000000089500000|  0%| F|  |TAMS 0x0000000089400000| PB 0x0000000089400000| Untracked |  0
| 125|0x0000000089500000, 0x0000000089500000, 0x0000000089600000|  0%| F|  |TAMS 0x0000000089500000| PB 0x0000000089500000| Untracked |  0
| 126|0x0000000089600000, 0x0000000089600000, 0x0000000089700000|  0%| F|  |TAMS 0x0000000089600000| PB 0x0000000089600000| Untracked |  0
| 127|0x0000000089700000, 0x0000000089700000, 0x0000000089800000|  0%| F|  |TAMS 0x0000000089700000| PB 0x0000000089700000| Untracked |  0
| 128|0x0000000089800000, 0x0000000089800000, 0x0000000089900000|  0%| F|  |TAMS 0x0000000089800000| PB 0x0000000089800000| Untracked |  0
| 129|0x0000000089900000, 0x0000000089900000, 0x0000000089a00000|  0%| F|  |TAMS 0x0000000089900000| PB 0x0000000089900000| Untracked |  0
| 130|0x0000000089a00000, 0x0000000089a00000, 0x0000000089b00000|  0%| F|  |TAMS 0x0000000089a00000| PB 0x0000000089a00000| Untracked |  0
| 131|0x0000000089b00000, 0x0000000089b00000, 0x0000000089c00000|  0%| F|  |TAMS 0x0000000089b00000| PB 0x0000000089b00000| Untracked |  0
| 132|0x0000000089c00000, 0x0000000089c00000, 0x0000000089d00000|  0%| F|  |TAMS 0x0000000089c00000| PB 0x0000000089c00000| Untracked |  0
| 133|0x0000000089d00000, 0x0000000089d00000, 0x0000000089e00000|  0%| F|  |TAMS 0x0000000089d00000| PB 0x0000000089d00000| Untracked |  0
| 134|0x0000000089e00000, 0x0000000089e00000, 0x0000000089f00000|  0%| F|  |TAMS 0x0000000089e00000| PB 0x0000000089e00000| Untracked |  0
| 135|0x0000000089f00000, 0x0000000089f00000, 0x000000008a000000|  0%| F|  |TAMS 0x0000000089f00000| PB 0x0000000089f00000| Untracked |  0
| 136|0x000000008a000000, 0x000000008a000000, 0x000000008a100000|  0%| F|  |TAMS 0x000000008a000000| PB 0x000000008a000000| Untracked |  0
| 137|0x000000008a100000, 0x000000008a100000, 0x000000008a200000|  0%| F|  |TAMS 0x000000008a100000| PB 0x000000008a100000| Untracked |  0
| 138|0x000000008a200000, 0x000000008a200000, 0x000000008a300000|  0%| F|  |TAMS 0x000000008a200000| PB 0x000000008a200000| Untracked |  0
| 139|0x000000008a300000, 0x000000008a300000, 0x000000008a400000|  0%| F|  |TAMS 0x000000008a300000| PB 0x000000008a300000| Untracked |  0
| 140|0x000000008a400000, 0x000000008a400000, 0x000000008a500000|  0%| F|  |TAMS 0x000000008a400000| PB 0x000000008a400000| Untracked |  0
| 141|0x000000008a500000, 0x000000008a580000, 0x000000008a600000| 50%| E|  |TAMS 0x000000008a500000| PB 0x000000008a500000| Complete |  0
| 142|0x000000008a600000, 0x000000008a700000, 0x000000008a700000|100%| E|CS|TAMS 0x000000008a600000| PB 0x000000008a600000| Complete |  0
| 143|0x000000008a700000, 0x000000008a800000, 0x000000008a800000|100%| E|CS|TAMS 0x000000008a700000| PB 0x000000008a700000| Complete |  0
|2021|0x00000000ffd00000, 0x00000000ffe00000, 0x00000000ffe00000|100%| O|  |TAMS 0x00000000ffd00000| PB 0x00000000ffd00000| Untracked |  0
|2022|0x00000000ffe00000, 0x00000000fff00000, 0x00000000fff00000|100%| O|  |TAMS 0x00000000ffe00000| PB 0x00000000ffe00000| Untracked |  0
|2023|0x00000000fff00000, 0x0000000100000000, 0x0000000100000000|100%| O|  |TAMS 0x00000000fff00000| PB 0x00000000fff00000| Untracked |  0

Card table byte_map: [0x0000016c4a320000,0x0000016c4a720000] _byte_map_base: 0x0000016c49f14000

Marking Bits: (CMBitMap*) 0x0000016c306b16c0
 Bits: [0x0000016c4a720000, 0x0000016c4c6c0000)

Polling page: 0x0000016c30720000

Metaspace:

Usage:
  Non-class:     58.64 MB used.
      Class:      7.54 MB used.
       Both:     66.18 MB used.

Virtual space:
  Non-class space:       64.00 MB reserved,      59.12 MB ( 92%) committed,  1 nodes.
      Class space:        1.00 GB reserved,       8.00 MB ( <1%) committed,  1 nodes.
             Both:        1.06 GB reserved,      67.12 MB (  6%) committed. 

Chunk freelists:
   Non-Class:  4.86 MB
       Class:  7.92 MB
        Both:  12.78 MB

MaxMetaspaceSize: unlimited
CompressedClassSpaceSize: 1.00 GB
Initial GC threshold: 21.00 MB
Current GC threshold: 95.25 MB
CDS: on
 - commit_granule_bytes: 65536.
 - commit_granule_words: 8192.
 - virtual_space_node_default_size: 8388608.
 - enlarge_chunks_in_place: 1.
 - use_allocation_guard: 0.


Internal statistics:

num_allocs_failed_limit: 12.
num_arena_births: 1532.
num_arena_deaths: 0.
num_vsnodes_births: 2.
num_vsnodes_deaths: 0.
num_space_committed: 1073.
num_space_uncommitted: 0.
num_chunks_returned_to_freelist: 12.
num_chunks_taken_from_freelist: 4213.
num_chunk_merges: 9.
num_chunk_splits: 3068.
num_chunks_enlarged: 2328.
num_inconsistent_stats: 0.

CodeHeap 'non-profiled nmethods': size=120064Kb used=6560Kb max_used=6560Kb free=113503Kb
 bounds [0x0000016c41f70000, 0x0000016c425e0000, 0x0000016c494b0000]
CodeHeap 'profiled nmethods': size=120000Kb used=30947Kb max_used=30947Kb free=89052Kb
 bounds [0x0000016c3a4b0000, 0x0000016c3c2f0000, 0x0000016c419e0000]
CodeHeap 'non-nmethods': size=5696Kb used=1774Kb max_used=1848Kb free=3921Kb
 bounds [0x0000016c419e0000, 0x0000016c41c50000, 0x0000016c41f70000]
CodeCache: size=245760Kb, used=39281Kb, max_used=39355Kb, free=206476Kb
 total_blobs=13694, nmethods=12906, adapters=690, full_count=0
Compilation: enabled, stopped_count=0, restarted_count=0

Compilation events (20 events):
Event: 38.485 Thread 0x0000016c4f200090 nmethod 14639 0x0000016c425d3b08 code [0x0000016c425d3c20, 0x0000016c425d3ce8]
Event: 38.485 Thread 0x0000016c4f200090 14640       3       org.jetbrains.kotlin.ir.visitors.IrElementTransformer$DefaultImpls::visitFunction (18 bytes)
Event: 38.486 Thread 0x0000016c4f200090 nmethod 14640 0x0000016c3c287008 code [0x0000016c3c2871a0, 0x0000016c3c2877f8]
Event: 38.486 Thread 0x0000016c4f200090 14641       3       org.jetbrains.kotlin.ir.interpreter.checker.EvaluationMode::isMarkedAsIntrinsicConstEvaluation (15 bytes)
Event: 38.487 Thread 0x0000016c4f200090 nmethod 14641 0x0000016c3c287888 code [0x0000016c3c287a40, 0x0000016c3c288078]
Event: 38.487 Thread 0x0000016c4f200090 14642       3       org.jetbrains.kotlin.ir.interpreter.UtilsKt::getIntrinsicConstEvaluationAnnotation (4 bytes)
Event: 38.487 Thread 0x0000016c4f200090 nmethod 14642 0x0000016c3c288108 code [0x0000016c3c288220, 0x0000016c3c288318]
Event: 38.487 Thread 0x0000016c4f200090 14648       3       org.jetbrains.kotlin.ir.interpreter.checker.EvaluationMode$OnlyIntrinsicConst::canEvaluateExpression (48 bytes)
Event: 38.489 Thread 0x0000016c4f200090 nmethod 14648 0x0000016c3c288408 code [0x0000016c3c288680, 0x0000016c3c2894a8]
Event: 38.489 Thread 0x0000016c4f200090 14653       3       kotlin.ranges.RangesKt___RangesKt::until (26 bytes)
Event: 38.489 Thread 0x0000016c4f200090 nmethod 14653 0x0000016c3c289508 code [0x0000016c3c289660, 0x0000016c3c289978]
Event: 38.489 Thread 0x0000016c4f200090 14650       3       org.jetbrains.kotlin.ir.interpreter.checker.IrInterpreterCommonChecker::visitCall (10 bytes)
Event: 38.489 Thread 0x0000016c4f200090 nmethod 14650 0x0000016c3c289a08 code [0x0000016c3c289b40, 0x0000016c3c289d50]
Event: 38.489 Thread 0x0000016c4f200090 14651       3       org.jetbrains.kotlin.ir.interpreter.checker.IrInterpreterCommonChecker::visitCall (218 bytes)
Event: 38.492 Thread 0x0000016c4f200090 nmethod 14651 0x0000016c3c289d88 code [0x0000016c3c28a100, 0x0000016c3c28bb38]
Event: 38.492 Thread 0x0000016c4f200090 14649       3       org.jetbrains.kotlin.ir.interpreter.checker.EvaluationMode$OnlyBuiltins::canEvaluateExpression (106 bytes)
Event: 38.494 Thread 0x0000016c4f200090 nmethod 14649 0x0000016c3c28bc88 code [0x0000016c3c28bf20, 0x0000016c3c28d190]
Event: 38.494 Thread 0x0000016c4f200090 14656       3       org.jetbrains.kotlin.ir.interpreter.checker.EvaluationMode$OnlyBuiltins::hasUnsignedArgs (143 bytes)
Event: 38.495 Thread 0x0000016c4f200090 nmethod 14656 0x0000016c3c28d288 code [0x0000016c3c28d4e0, 0x0000016c3c28e440]
Event: 38.495 Thread 0x0000016c4f200090 14652       3       org.jetbrains.kotlin.ir.interpreter.UtilsKt::isAccessToNotNullableObject (149 bytes)

GC Heap History (20 events):
Event: 18.175 GC heap before
{Heap before GC invocations=14 (full 0):
 garbage-first heap   total reserved 2072576K, committed 100352K, used 88381K [0x0000000081800000, 0x0000000100000000)
  region size 1024K, 29 young (29696K), 4 survivors (4096K)
 Metaspace       used 52659K, committed 53568K, reserved 1114112K
  class space    used 6506K, committed 6912K, reserved 1048576K
}
Event: 18.195 GC heap after
{Heap after GC invocations=15 (full 0):
 garbage-first heap   total reserved 2072576K, committed 100352K, used 65308K [0x0000000081800000, 0x0000000100000000)
  region size 1024K, 4 young (4096K), 4 survivors (4096K)
 Metaspace       used 52659K, committed 53568K, reserved 1114112K
  class space    used 6506K, committed 6912K, reserved 1048576K
}
Event: 19.691 GC heap before
{Heap before GC invocations=15 (full 0):
 garbage-first heap   total reserved 2072576K, committed 100352K, used 87836K [0x0000000081800000, 0x0000000100000000)
  region size 1024K, 27 young (27648K), 4 survivors (4096K)
 Metaspace       used 53775K, committed 54720K, reserved 1114112K
  class space    used 6546K, committed 6976K, reserved 1048576K
}
Event: 19.712 GC heap after
{Heap after GC invocations=16 (full 0):
 garbage-first heap   total reserved 2072576K, committed 120832K, used 68907K [0x0000000081800000, 0x0000000100000000)
  region size 1024K, 4 young (4096K), 4 survivors (4096K)
 Metaspace       used 53775K, committed 54720K, reserved 1114112K
  class space    used 6546K, committed 6976K, reserved 1048576K
}
Event: 21.261 GC heap before
{Heap before GC invocations=17 (full 0):
 garbage-first heap   total reserved 2072576K, committed 120832K, used 104747K [0x0000000081800000, 0x0000000100000000)
  region size 1024K, 39 young (39936K), 4 survivors (4096K)
 Metaspace       used 54620K, committed 55488K, reserved 1114112K
  class space    used 6569K, committed 6976K, reserved 1048576K
}
Event: 21.281 GC heap after
{Heap after GC invocations=18 (full 0):
 garbage-first heap   total reserved 2072576K, committed 120832K, used 73363K [0x0000000081800000, 0x0000000100000000)
  region size 1024K, 5 young (5120K), 5 survivors (5120K)
 Metaspace       used 54620K, committed 55488K, reserved 1114112K
  class space    used 6569K, committed 6976K, reserved 1048576K
}
Event: 23.512 GC heap before
{Heap before GC invocations=18 (full 0):
 garbage-first heap   total reserved 2072576K, committed 120832K, used 107155K [0x0000000081800000, 0x0000000100000000)
  region size 1024K, 38 young (38912K), 5 survivors (5120K)
 Metaspace       used 55417K, committed 56320K, reserved 1114112K
  class space    used 6582K, committed 7040K, reserved 1048576K
}
Event: 23.538 GC heap after
{Heap after GC invocations=19 (full 0):
 garbage-first heap   total reserved 2072576K, committed 120832K, used 76132K [0x0000000081800000, 0x0000000100000000)
  region size 1024K, 4 young (4096K), 4 survivors (4096K)
 Metaspace       used 55417K, committed 56320K, reserved 1114112K
  class space    used 6582K, committed 7040K, reserved 1048576K
}
Event: 24.605 GC heap before
{Heap before GC invocations=19 (full 0):
 garbage-first heap   total reserved 2072576K, committed 120832K, used 95588K [0x0000000081800000, 0x0000000100000000)
  region size 1024K, 24 young (24576K), 4 survivors (4096K)
 Metaspace       used 55670K, committed 56576K, reserved 1114112K
  class space    used 6592K, committed 7040K, reserved 1048576K
}
Event: 24.621 GC heap after
{Heap after GC invocations=20 (full 0):
 garbage-first heap   total reserved 2072576K, committed 120832K, used 79403K [0x0000000081800000, 0x0000000100000000)
  region size 1024K, 3 young (3072K), 3 survivors (3072K)
 Metaspace       used 55670K, committed 56576K, reserved 1114112K
  class space    used 6592K, committed 7040K, reserved 1048576K
}
Event: 25.654 GC heap before
{Heap before GC invocations=21 (full 0):
 garbage-first heap   total reserved 2072576K, committed 137216K, used 111147K [0x0000000081800000, 0x0000000100000000)
  region size 1024K, 32 young (32768K), 3 survivors (3072K)
 Metaspace       used 56028K, committed 56896K, reserved 1114112K
  class space    used 6614K, committed 7040K, reserved 1048576K
}
Event: 25.663 GC heap after
{Heap after GC invocations=22 (full 0):
 garbage-first heap   total reserved 2072576K, committed 137216K, used 84268K [0x0000000081800000, 0x0000000100000000)
  region size 1024K, 4 young (4096K), 4 survivors (4096K)
 Metaspace       used 56028K, committed 56896K, reserved 1114112K
  class space    used 6614K, committed 7040K, reserved 1048576K
}
Event: 27.052 GC heap before
{Heap before GC invocations=22 (full 0):
 garbage-first heap   total reserved 2072576K, committed 137216K, used 122156K [0x0000000081800000, 0x0000000100000000)
  region size 1024K, 41 young (41984K), 4 survivors (4096K)
 Metaspace       used 56534K, committed 57408K, reserved 1114112K
  class space    used 6658K, committed 7104K, reserved 1048576K
}
Event: 27.069 GC heap after
{Heap after GC invocations=23 (full 0):
 garbage-first heap   total reserved 2072576K, committed 137216K, used 86914K [0x0000000081800000, 0x0000000100000000)
  region size 1024K, 6 young (6144K), 6 survivors (6144K)
 Metaspace       used 56534K, committed 57408K, reserved 1114112K
  class space    used 6658K, committed 7104K, reserved 1048576K
}
Event: 29.135 GC heap before
{Heap before GC invocations=23 (full 0):
 garbage-first heap   total reserved 2072576K, committed 137216K, used 122754K [0x0000000081800000, 0x0000000100000000)
  region size 1024K, 41 young (41984K), 6 survivors (6144K)
 Metaspace       used 56882K, committed 57792K, reserved 1114112K
  class space    used 6678K, committed 7104K, reserved 1048576K
}
Event: 29.154 GC heap after
{Heap after GC invocations=24 (full 0):
 garbage-first heap   total reserved 2072576K, committed 137216K, used 89796K [0x0000000081800000, 0x0000000100000000)
  region size 1024K, 3 young (3072K), 3 survivors (3072K)
 Metaspace       used 56882K, committed 57792K, reserved 1114112K
  class space    used 6678K, committed 7104K, reserved 1048576K
}
Event: 32.106 GC heap before
{Heap before GC invocations=25 (full 0):
 garbage-first heap   total reserved 2072576K, committed 150528K, used 125636K [0x0000000081800000, 0x0000000100000000)
  region size 1024K, 38 young (38912K), 3 survivors (3072K)
 Metaspace       used 59451K, committed 60352K, reserved 1114112K
  class space    used 6945K, committed 7360K, reserved 1048576K
}
Event: 32.118 GC heap after
{Heap after GC invocations=26 (full 0):
 garbage-first heap   total reserved 2072576K, committed 150528K, used 91136K [0x0000000081800000, 0x0000000100000000)
  region size 1024K, 4 young (4096K), 4 survivors (4096K)
 Metaspace       used 59451K, committed 60352K, reserved 1114112K
  class space    used 6945K, committed 7360K, reserved 1048576K
}
Event: 38.243 GC heap before
{Heap before GC invocations=26 (full 0):
 garbage-first heap   total reserved 2072576K, committed 150528K, used 138240K [0x0000000081800000, 0x0000000100000000)
  region size 1024K, 50 young (51200K), 4 survivors (4096K)
 Metaspace       used 67532K, committed 68544K, reserved 1114112K
  class space    used 7713K, committed 8192K, reserved 1048576K
}
Event: 38.273 GC heap after
{Heap after GC invocations=27 (full 0):
 garbage-first heap   total reserved 2072576K, committed 150528K, used 94480K [0x0000000081800000, 0x0000000100000000)
  region size 1024K, 6 young (6144K), 6 survivors (6144K)
 Metaspace       used 67532K, committed 68544K, reserved 1114112K
  class space    used 7713K, committed 8192K, reserved 1048576K
}

Dll operation events (7 events):
Event: 0.019 Loaded shared library C:\Program Files\Java\jdk-23\bin\java.dll
Event: 0.062 Loaded shared library C:\Program Files\Java\jdk-23\bin\jsvml.dll
Event: 0.161 Loaded shared library C:\Program Files\Java\jdk-23\bin\net.dll
Event: 0.163 Loaded shared library C:\Program Files\Java\jdk-23\bin\nio.dll
Event: 0.245 Loaded shared library C:\Program Files\Java\jdk-23\bin\zip.dll
Event: 0.320 Loaded shared library C:\Program Files\Java\jdk-23\bin\jimage.dll
Event: 3.768 Loaded shared library C:\Program Files\Java\jdk-23\bin\verify.dll

Deoptimization events (20 events):
Event: 38.130 Thread 0x0000016c30659850 Uncommon trap: trap_request=0xffffffde fr.pc=0x0000016c4224f0b0 relative=0x0000000000000090
Event: 38.130 Thread 0x0000016c30659850 Uncommon trap: reason=class_check action=maybe_recompile pc=0x0000016c4224f0b0 method=kotlin.collections.AbstractMutableList.size()I @ 1 c2
Event: 38.130 Thread 0x0000016c30659850 DEOPT PACKING pc=0x0000016c4224f0b0 sp=0x0000000a606fc4e0
Event: 38.130 Thread 0x0000016c30659850 DEOPT UNPACKING pc=0x0000016c41a34402 sp=0x0000000a606fc470 mode 2
Event: 38.130 Thread 0x0000016c30659850 Uncommon trap: trap_request=0xffffffde fr.pc=0x0000016c4224f0b0 relative=0x0000000000000090
Event: 38.130 Thread 0x0000016c30659850 Uncommon trap: reason=class_check action=maybe_recompile pc=0x0000016c4224f0b0 method=kotlin.collections.AbstractMutableList.size()I @ 1 c2
Event: 38.130 Thread 0x0000016c30659850 DEOPT PACKING pc=0x0000016c4224f0b0 sp=0x0000000a606fc580
Event: 38.130 Thread 0x0000016c30659850 DEOPT UNPACKING pc=0x0000016c41a34402 sp=0x0000000a606fc510 mode 2
Event: 38.229 Thread 0x0000016c30659850 Uncommon trap: trap_request=0xffffff45 fr.pc=0x0000016c424deab4 relative=0x00000000000000f4
Event: 38.229 Thread 0x0000016c30659850 Uncommon trap: reason=unstable_if action=reinterpret pc=0x0000016c424deab4 method=kotlin.internal.ProgressionUtilKt.getProgressionLastElement(III)I @ 2 c2
Event: 38.229 Thread 0x0000016c30659850 DEOPT PACKING pc=0x0000016c424deab4 sp=0x0000000a606fc4e0
Event: 38.229 Thread 0x0000016c30659850 DEOPT UNPACKING pc=0x0000016c41a34402 sp=0x0000000a606fc418 mode 2
Event: 38.229 Thread 0x0000016c30659850 Uncommon trap: trap_request=0xffffff45 fr.pc=0x0000016c422c3d88 relative=0x00000000000000e8
Event: 38.229 Thread 0x0000016c30659850 Uncommon trap: reason=unstable_if action=reinterpret pc=0x0000016c422c3d88 method=kotlin.ranges.IntProgressionIterator.<init>(III)V @ 19 c2
Event: 38.229 Thread 0x0000016c30659850 DEOPT PACKING pc=0x0000016c422c3d88 sp=0x0000000a606fc5e0
Event: 38.229 Thread 0x0000016c30659850 DEOPT UNPACKING pc=0x0000016c41a34402 sp=0x0000000a606fc4a8 mode 2
Event: 38.239 Thread 0x0000016c30659850 Uncommon trap: trap_request=0xffffff45 fr.pc=0x0000016c4234057c relative=0x000000000000007c
Event: 38.239 Thread 0x0000016c30659850 Uncommon trap: reason=unstable_if action=reinterpret pc=0x0000016c4234057c method=kotlin.ranges.IntProgressionIterator.<init>(III)V @ 19 c2
Event: 38.239 Thread 0x0000016c30659850 DEOPT PACKING pc=0x0000016c4234057c sp=0x0000000a606fb5b0
Event: 38.239 Thread 0x0000016c30659850 DEOPT UNPACKING pc=0x0000016c41a34402 sp=0x0000000a606fb538 mode 2

Classes loaded (20 events):
Event: 31.848 Loading class java/text/ChoiceFormat
Event: 31.857 Loading class java/text/ChoiceFormat done
Event: 31.859 Loading class java/util/stream/ReferencePipeline$6
Event: 31.870 Loading class java/util/stream/DoublePipeline$StatelessOp
Event: 31.874 Loading class java/util/stream/DoublePipeline
Event: 31.880 Loading class java/util/stream/DoublePipeline done
Event: 31.880 Loading class java/util/stream/DoublePipeline$StatelessOp done
Event: 31.880 Loading class java/util/stream/ReferencePipeline$6 done
Event: 31.881 Loading class java/util/stream/Nodes$DoubleFixedNodeBuilder
Event: 31.885 Loading class java/util/stream/Node$Builder$OfDouble
Event: 31.894 Loading class java/util/stream/Sink$OfDouble
Event: 31.894 Loading class java/util/stream/Sink$OfDouble done
Event: 31.894 Loading class java/util/stream/Node$Builder$OfDouble done
Event: 31.894 Loading class java/util/stream/Nodes$DoubleArrayNode
Event: 31.894 Loading class java/util/stream/Nodes$DoubleArrayNode done
Event: 31.894 Loading class java/util/stream/Nodes$DoubleFixedNodeBuilder done
Event: 31.894 Loading class java/util/stream/ReferencePipeline$6$1
Event: 31.894 Loading class java/util/stream/ReferencePipeline$6$1 done
Event: 31.933 Loading class java/text/MessageFormat$Field
Event: 31.933 Loading class java/text/MessageFormat$Field done

Classes unloaded (0 events):
No events

Classes redefined (0 events):
No events

Internal exceptions (20 events):
Event: 31.858 Thread 0x0000016c30659850 Exception <a 'java/lang/NoSuchMethodError'{0x00000000886afc00}: 'double java.lang.invoke.DirectMethodHandle$Holder.invokeStatic(java.lang.Object, java.lang.Object)'> (0x00000000886afc00) 
thrown [s\open\src\hotspot\share\interpreter\linkResolver.cpp, line 796]
Event: 32.725 Thread 0x0000016c30659850 Exception <a 'java/lang/NoSuchMethodError'{0x000000008a249a48}: 'java.lang.Object java.lang.invoke.DirectMethodHandle$Holder.newInvokeSpecial(java.lang.Object, java.lang.Object, java.lang.Object, java.lang.Object, java.lang.Object, int, java.lang.Object)'> (0x000000008a249a48) 
thrown [s\open\src\hotspot\share\interpreter\linkResolver.cpp, line 796]
Event: 32.725 Thread 0x0000016c30659850 Exception <a 'java/lang/NoSuchMethodError'{0x000000008a24dc88}: 'java.lang.Object java.lang.invoke.DirectMethodHandle$Holder.invokeSpecial(java.lang.Object, java.lang.Object, java.lang.Object, java.lang.Object, java.lang.Object, java.lang.Object, int, java.lang.Object)'> (0x000000008a24dc88) 
thrown [s\open\src\hotspot\share\interpreter\linkResolver.cpp, line 796]
Event: 32.726 Thread 0x0000016c30659850 Exception <a 'java/lang/NoSuchMethodError'{0x000000008a251838}: 'java.lang.Object java.lang.invoke.Invokers$Holder.linkToTargetMethod(java.lang.Object, java.lang.Object, java.lang.Object, java.lang.Object, int, java.lang.Object, java.lang.Object)'> (0x000000008a251838) 
thrown [s\open\src\hotspot\share\interpreter\linkResolver.cpp, line 796]
Event: 33.031 Thread 0x0000016c30659850 Exception <a 'java/lang/NoSuchMethodError'{0x0000000089e77898}: 'java.lang.Object java.lang.invoke.DirectMethodHandle$Holder.newInvokeSpecial(java.lang.Object, java.lang.Object, int, int, java.lang.Object, java.lang.Object, java.lang.Object)'> (0x0000000089e77898) 
thrown [s\open\src\hotspot\share\interpreter\linkResolver.cpp, line 796]
Event: 33.123 Thread 0x0000016c30659850 Exception <a 'java/lang/NoSuchMethodError'{0x0000000089dfc700}: 'java.lang.Object java.lang.invoke.DirectMethodHandle$Holder.newInvokeSpecial(java.lang.Object, java.lang.Object, int, int, java.lang.Object, java.lang.Object, java.lang.Object, java.lang.Object)'> (0x0000000089dfc700) 
thrown [s\open\src\hotspot\share\interpreter\linkResolver.cpp, line 796]
Event: 33.139 Thread 0x0000016c30659850 Exception <a 'java/lang/NoSuchMethodError'{0x0000000089c4d4d0}: 'java.lang.Object java.lang.invoke.DirectMethodHandle$Holder.invokeStatic(java.lang.Object, java.lang.Object, java.lang.Object, int, int, java.lang.Object, java.lang.Object)'> (0x0000000089c4d4d0) 
thrown [s\open\src\hotspot\share\interpreter\linkResolver.cpp, line 796]
Event: 33.140 Thread 0x0000016c30659850 Exception <a 'java/lang/NoSuchMethodError'{0x0000000089c55778}: 'java.lang.Object java.lang.invoke.DirectMethodHandle$Holder.newInvokeSpecial(java.lang.Object, java.lang.Object, java.lang.Object, int, int, java.lang.Object)'> (0x0000000089c55778) 
thrown [s\open\src\hotspot\share\interpreter\linkResolver.cpp, line 796]
Event: 33.141 Thread 0x0000016c30659850 Exception <a 'java/lang/NoSuchMethodError'{0x0000000089c5cbc0}: 'java.lang.Object java.lang.invoke.Invokers$Holder.linkToTargetMethod(java.lang.Object, java.lang.Object, int, int, java.lang.Object, java.lang.Object)'> (0x0000000089c5cbc0) 
thrown [s\open\src\hotspot\share\interpreter\linkResolver.cpp, line 796]
Event: 33.201 Thread 0x0000016c30659850 Exception <a 'java/lang/NoSuchMethodError'{0x0000000089b24f38}: 'java.lang.Object java.lang.invoke.DirectMethodHandle$Holder.newInvokeSpecial(java.lang.Object, java.lang.Object, java.lang.Object, int, int, java.lang.Object, java.lang.Object)'> (0x0000000089b24f38) 
thrown [s\open\src\hotspot\share\interpreter\linkResolver.cpp, line 796]
Event: 33.202 Thread 0x0000016c30659850 Exception <a 'java/lang/NoSuchMethodError'{0x0000000089b2c6d0}: 'java.lang.Object java.lang.invoke.Invokers$Holder.linkToTargetMethod(java.lang.Object, java.lang.Object, int, int, java.lang.Object, java.lang.Object, java.lang.Object)'> (0x0000000089b2c6d0) 
thrown [s\open\src\hotspot\share\interpreter\linkResolver.cpp, line 796]
Event: 33.222 Thread 0x0000016c30659850 Exception <a 'java/lang/NoSuchMethodError'{0x0000000089b6d700}: 'java.lang.Object java.lang.invoke.DirectMethodHandle$Holder.newInvokeSpecial(java.lang.Object, java.lang.Object, java.lang.Object, int, int, java.lang.Object, java.lang.Object, java.lang.Object, java.lang.Object)'> (0x0000000089b6d700) 
thrown [s\open\src\hotspot\share\interpreter\linkResolver.cpp, line 796]
Event: 33.223 Thread 0x0000016c30659850 Exception <a 'java/lang/NoSuchMethodError'{0x0000000089b75a20}: 'java.lang.Object java.lang.invoke.Invokers$Holder.linkToTargetMethod(java.lang.Object, java.lang.Object, int, int, java.lang.Object, java.lang.Object, java.lang.Object, java.lang.Object, java.lang.Object)'> (0x0000000089b75a20) 
thrown [s\open\src\hotspot\share\interpreter\linkResolver.cpp, line 796]
Event: 33.588 Thread 0x0000016c30659850 Exception <a 'java/lang/NoSuchMethodError'{0x000000008955fa90}: 'java.lang.Object java.lang.invoke.DirectMethodHandle$Holder.invokeStatic(java.lang.Object, java.lang.Object, java.lang.Object, int, int, java.lang.Object, java.lang.Object, java.lang.Object)'> (0x000000008955fa90) 
thrown [s\open\src\hotspot\share\interpreter\linkResolver.cpp, line 796]
Event: 33.589 Thread 0x0000016c30659850 Exception <a 'java/lang/NoSuchMethodError'{0x0000000089567538}: 'java.lang.Object java.lang.invoke.DirectMethodHandle$Holder.newInvokeSpecial(java.lang.Object, java.lang.Object, java.lang.Object, int, int)'> (0x0000000089567538) 
thrown [s\open\src\hotspot\share\interpreter\linkResolver.cpp, line 796]
Event: 33.590 Thread 0x0000016c30659850 Exception <a 'java/lang/NoSuchMethodError'{0x000000008956b110}: 'java.lang.Object java.lang.invoke.DirectMethodHandle$Holder.invokeSpecial(java.lang.Object, java.lang.Object, java.lang.Object, java.lang.Object, int, int)'> (0x000000008956b110) 
thrown [s\open\src\hotspot\share\interpreter\linkResolver.cpp, line 796]
Event: 33.590 Thread 0x0000016c30659850 Exception <a 'java/lang/NoSuchMethodError'{0x000000008956e8a8}: 'java.lang.Object java.lang.invoke.Invokers$Holder.linkToTargetMethod(java.lang.Object, java.lang.Object, int, int, java.lang.Object)'> (0x000000008956e8a8) 
thrown [s\open\src\hotspot\share\interpreter\linkResolver.cpp, line 796]
Event: 34.797 Thread 0x0000016c30659850 Exception <a 'java/lang/NoSuchMethodError'{0x0000000089314c18}: 'java.lang.Object java.lang.invoke.DirectMethodHandle$Holder.newInvokeSpecial(java.lang.Object, int, int, java.lang.Object, java.lang.Object, java.lang.Object, java.lang.Object, java.lang.Object)'> (0x0000000089314c18) 
thrown [s\open\src\hotspot\share\interpreter\linkResolver.cpp, line 796]
Event: 34.798 Thread 0x0000016c30659850 Exception <a 'java/lang/NoSuchMethodError'{0x0000000089319348}: 'java.lang.Object java.lang.invoke.DirectMethodHandle$Holder.invokeSpecial(java.lang.Object, java.lang.Object, int, int, java.lang.Object, java.lang.Object, java.lang.Object, java.lang.Object, java.lang.Object)'> (0x0000000089319348) 
thrown [s\open\src\hotspot\share\interpreter\linkResolver.cpp, line 796]
Event: 37.548 Thread 0x0000016c30659850 Exception <a 'java/lang/NoSuchMethodError'{0x0000000087c53ad8}: 'java.lang.Object java.lang.invoke.DirectMethodHandle$Holder.invokeSpecial(java.lang.Object, java.lang.Object, int, java.lang.Object, int)'> (0x0000000087c53ad8) 
thrown [s\open\src\hotspot\share\interpreter\linkResolver.cpp, line 796]

VM Operations (20 events):
Event: 37.178 Executing VM operation: HandshakeAllThreads (Deoptimize)
Event: 37.178 Executing VM operation: HandshakeAllThreads (Deoptimize) done
Event: 37.471 Executing VM operation: HandshakeAllThreads (Deoptimize)
Event: 37.471 Executing VM operation: HandshakeAllThreads (Deoptimize) done
Event: 37.476 Executing VM operation: HandshakeAllThreads (Deoptimize)
Event: 37.476 Executing VM operation: HandshakeAllThreads (Deoptimize) done
Event: 37.541 Executing VM operation: HandshakeAllThreads (Deoptimize)
Event: 37.541 Executing VM operation: HandshakeAllThreads (Deoptimize) done
Event: 37.588 Executing VM operation: HandshakeAllThreads (Deoptimize)
Event: 37.588 Executing VM operation: HandshakeAllThreads (Deoptimize) done
Event: 37.590 Executing VM operation: HandshakeAllThreads (Deoptimize)
Event: 37.590 Executing VM operation: HandshakeAllThreads (Deoptimize) done
Event: 37.625 Executing VM operation: HandshakeAllThreads (Deoptimize)
Event: 37.625 Executing VM operation: HandshakeAllThreads (Deoptimize) done
Event: 38.243 Executing VM operation: G1CollectForAllocation (G1 Evacuation Pause)
Event: 38.273 Executing VM operation: G1CollectForAllocation (G1 Evacuation Pause) done
Event: 38.277 Executing VM operation: HandshakeAllThreads (Deoptimize)
Event: 38.277 Executing VM operation: HandshakeAllThreads (Deoptimize) done
Event: 38.280 Executing VM operation: HandshakeAllThreads (Deoptimize)
Event: 38.280 Executing VM operation: HandshakeAllThreads (Deoptimize) done

Memory protections (0 events):
No events

Nmethod flushes (20 events):
Event: 29.288 Thread 0x0000016c4eb3b980 flushing  nmethod 0x0000016c3b00cf88
Event: 29.288 Thread 0x0000016c4eb3b980 flushing  nmethod 0x0000016c3b043b88
Event: 29.288 Thread 0x0000016c4eb3b980 flushing  nmethod 0x0000016c3b092488
Event: 29.288 Thread 0x0000016c4eb3b980 flushing  nmethod 0x0000016c3b094b08
Event: 29.288 Thread 0x0000016c4eb3b980 flushing  nmethod 0x0000016c3b094f08
Event: 29.288 Thread 0x0000016c4eb3b980 flushing  nmethod 0x0000016c3b096888
Event: 29.288 Thread 0x0000016c4eb3b980 flushing  nmethod 0x0000016c3b096b88
Event: 29.288 Thread 0x0000016c4eb3b980 flushing  nmethod 0x0000016c3b097508
Event: 29.288 Thread 0x0000016c4eb3b980 flushing  nmethod 0x0000016c3b09d388
Event: 29.288 Thread 0x0000016c4eb3b980 flushing  nmethod 0x0000016c3b11eb08
Event: 29.288 Thread 0x0000016c4eb3b980 flushing  nmethod 0x0000016c3b14fe08
Event: 29.288 Thread 0x0000016c4eb3b980 flushing  nmethod 0x0000016c3b157188
Event: 29.288 Thread 0x0000016c4eb3b980 flushing  nmethod 0x0000016c3b19b388
Event: 29.288 Thread 0x0000016c4eb3b980 flushing  nmethod 0x0000016c3b19fa08
Event: 29.288 Thread 0x0000016c4eb3b980 flushing  nmethod 0x0000016c3b1e9608
Event: 29.288 Thread 0x0000016c4eb3b980 flushing  nmethod 0x0000016c3b23e688
Event: 29.288 Thread 0x0000016c4eb3b980 flushing  nmethod 0x0000016c3b366c88
Event: 29.288 Thread 0x0000016c4eb3b980 flushing  nmethod 0x0000016c3b454c08
Event: 29.288 Thread 0x0000016c4eb3b980 flushing  nmethod 0x0000016c3b6bb088
Event: 29.288 Thread 0x0000016c4eb3b980 flushing  nmethod 0x0000016c3b967d88

Events (20 events):
Event: 17.198 Thread 0x0000016c9ee745f0 Thread exited: 0x0000016c9ee745f0
Event: 17.293 Thread 0x0000016c4f200090 Thread added: 0x0000016c95d7f670
Event: 17.677 Thread 0x0000016c95d7f670 Thread exited: 0x0000016c95d7f670
Event: 17.815 Thread 0x0000016c4f200090 Thread added: 0x0000016ca0074680
Event: 18.324 Thread 0x0000016c4f200090 Thread added: 0x0000016c9e7fb830
Event: 18.735 Thread 0x0000016c9e7fb830 Thread exited: 0x0000016c9e7fb830
Event: 19.776 Thread 0x0000016c4f200090 Thread added: 0x0000016ca0170ba0
Event: 30.427 Thread 0x0000016ca0074680 Thread exited: 0x0000016ca0074680
Event: 30.427 Thread 0x0000016ca0170ba0 Thread exited: 0x0000016ca0170ba0
Event: 30.615 Thread 0x0000016c4f200090 Thread added: 0x0000016ca1642d90
Event: 31.265 Thread 0x0000016ca1642d90 Thread exited: 0x0000016ca1642d90
Event: 31.330 Thread 0x0000016c4f200090 Thread added: 0x0000016ca1643b30
Event: 31.594 Thread 0x0000016ca1643b30 Thread exited: 0x0000016ca1643b30
Event: 33.480 Thread 0x0000016c4f200090 Thread added: 0x0000016ca16467a0
Event: 35.519 Thread 0x0000016c4eb69280 Thread added: 0x0000016c9ead3050
Event: 37.233 Thread 0x0000016c9ead3050 Thread exited: 0x0000016c9ead3050
Event: 37.233 Thread 0x0000016ca16467a0 Thread exited: 0x0000016ca16467a0
Event: 37.654 Thread 0x0000016c4f200090 Thread added: 0x0000016c9ead6000
Event: 38.073 Thread 0x0000016c9ead6000 Thread exited: 0x0000016c9ead6000
Event: 38.317 Thread 0x0000016c4f200090 Thread added: 0x0000016c9ead88e0


Dynamic libraries:
0x00007ff610e80000 - 0x00007ff610e90000 	C:\Program Files\Java\jdk-23\bin\java.exe
0x00007fff8d760000 - 0x00007fff8d9c7000 	C:\WINDOWS\SYSTEM32\ntdll.dll
0x00007fff8d290000 - 0x00007fff8d359000 	C:\WINDOWS\System32\KERNEL32.DLL
0x00007fff8a890000 - 0x00007fff8ac80000 	C:\WINDOWS\System32\KERNELBASE.dll
0x00007fff8b220000 - 0x00007fff8b36b000 	C:\WINDOWS\System32\ucrtbase.dll
0x00007fff75710000 - 0x00007fff75727000 	C:\Program Files\Java\jdk-23\bin\jli.dll
0x00007fff70870000 - 0x00007fff7088b000 	C:\Program Files\Java\jdk-23\bin\VCRUNTIME140.dll
0x00007fff8c720000 - 0x00007fff8c8e5000 	C:\WINDOWS\System32\USER32.dll
0x00007fff7d8c0000 - 0x00007fff7db5a000 	C:\WINDOWS\WinSxS\amd64_microsoft.windows.common-controls_6595b64144ccf1df_6.0.26100.4768_none_3e0c112ce331287c\COMCTL32.dll
0x00007fff8ad20000 - 0x00007fff8ad47000 	C:\WINDOWS\System32\win32u.dll
0x00007fff8c040000 - 0x00007fff8c0e9000 	C:\WINDOWS\System32\msvcrt.dll
0x00007fff8c280000 - 0x00007fff8c2ab000 	C:\WINDOWS\System32\GDI32.dll
0x00007fff8ad50000 - 0x00007fff8ae88000 	C:\WINDOWS\System32\gdi32full.dll
0x00007fff8af30000 - 0x00007fff8afd3000 	C:\WINDOWS\System32\msvcp_win.dll
0x00007fff8c0f0000 - 0x00007fff8c11f000 	C:\WINDOWS\System32\IMM32.DLL
0x00007fff86a20000 - 0x00007fff86a2c000 	C:\Program Files\Java\jdk-23\bin\vcruntime140_1.dll
0x00007fff66cc0000 - 0x00007fff66d4e000 	C:\Program Files\Java\jdk-23\bin\msvcp140.dll
0x00007fff27780000 - 0x00007fff284cf000 	C:\Program Files\Java\jdk-23\bin\server\jvm.dll
0x00007fff8c1c0000 - 0x00007fff8c274000 	C:\WINDOWS\System32\ADVAPI32.dll
0x00007fff8d670000 - 0x00007fff8d716000 	C:\WINDOWS\System32\sechost.dll
0x00007fff8bd70000 - 0x00007fff8be88000 	C:\WINDOWS\System32\RPCRT4.dll
0x00007fff8d560000 - 0x00007fff8d5d4000 	C:\WINDOWS\System32\WS2_32.dll
0x00007fff8a710000 - 0x00007fff8a76e000 	C:\WINDOWS\SYSTEM32\POWRPROF.dll
0x00007fff82fd0000 - 0x00007fff82fdb000 	C:\WINDOWS\SYSTEM32\VERSION.dll
0x00007fff7d4c0000 - 0x00007fff7d4f5000 	C:\WINDOWS\SYSTEM32\WINMM.dll
0x00007fff8a6f0000 - 0x00007fff8a704000 	C:\WINDOWS\SYSTEM32\UMPDC.dll
0x00007fff895e0000 - 0x00007fff895fb000 	C:\WINDOWS\SYSTEM32\kernel.appcore.dll
0x00007fff7c0c0000 - 0x00007fff7c0ca000 	C:\Program Files\Java\jdk-23\bin\jimage.dll
0x00007fff87ec0000 - 0x00007fff88101000 	C:\WINDOWS\SYSTEM32\DBGHELP.DLL
0x00007fff8b4f0000 - 0x00007fff8b875000 	C:\WINDOWS\System32\combase.dll
0x00007fff8c910000 - 0x00007fff8c9f0000 	C:\WINDOWS\System32\OLEAUT32.dll
0x00007fff67c30000 - 0x00007fff67c73000 	C:\WINDOWS\SYSTEM32\dbgcore.DLL
0x00007fff8ae90000 - 0x00007fff8af29000 	C:\WINDOWS\System32\bcryptPrimitives.dll
0x00007fff6d570000 - 0x00007fff6d58e000 	C:\Program Files\Java\jdk-23\bin\java.dll
0x00007fff8c440000 - 0x00007fff8c5e0000 	C:\WINDOWS\System32\ole32.dll
0x00007fff8cac0000 - 0x00007fff8d20d000 	C:\WINDOWS\System32\SHELL32.dll
0x00007fff8afe0000 - 0x00007fff8b153000 	C:\WINDOWS\System32\wintypes.dll
0x00007fff88450000 - 0x00007fff88caf000 	C:\WINDOWS\SYSTEM32\windows.storage.dll
0x00007fff8be90000 - 0x00007fff8bf85000 	C:\WINDOWS\System32\SHCORE.dll
0x00007fff8ca00000 - 0x00007fff8ca6a000 	C:\WINDOWS\System32\shlwapi.dll
0x00007fff8a7b0000 - 0x00007fff8a7d9000 	C:\WINDOWS\SYSTEM32\profapi.dll
0x00007fff5c130000 - 0x00007fff5c207000 	C:\Program Files\Java\jdk-23\bin\jsvml.dll
0x00007fff723d0000 - 0x00007fff723e0000 	C:\Program Files\Java\jdk-23\bin\net.dll
0x00007fff89b80000 - 0x00007fff89beb000 	C:\WINDOWS\system32\mswsock.dll
0x00007fff6d060000 - 0x00007fff6d076000 	C:\Program Files\Java\jdk-23\bin\nio.dll
0x00007fff6d1b0000 - 0x00007fff6d1c7000 	C:\Program Files\Java\jdk-23\bin\zip.dll
0x00007fff72390000 - 0x00007fff723a0000 	C:\Program Files\Java\jdk-23\bin\verify.dll

dbghelp: loaded successfully - version: 4.0.5 - missing functions: none
symbol engine: initialized successfully - sym options: 0x614 - pdb path: .;C:\Program Files\Java\jdk-23\bin;C:\WINDOWS\SYSTEM32;C:\WINDOWS\WinSxS\amd64_microsoft.windows.common-controls_6595b64144ccf1df_6.0.26100.4768_none_3e0c112ce331287c;C:\Program Files\Java\jdk-23\bin\server

VM Arguments:
java_command: org.jetbrains.kotlin.cli.jvm.K2JVMCompiler @C:\Users\SIMEON\developementmobile\flutter\packages\flutter_tools\gradle\build\20250812_1672763824186840218.compiler.options
java_class_path (initial): C:\Users\SIMEON\.gradle\caches\modules-2\files-2.1\org.jetbrains.kotlin\kotlin-compiler-embeddable\2.0.21\79346ed53db48b18312a472602eb5c057070c54d\kotlin-compiler-embeddable-2.0.21.jar;C:\Users\SIMEON\.gradle\caches\modules-2\files-2.1\org.jetbrains.kotlin\kotlin-stdlib\2.0.21\618b539767b4899b4660a83006e052b63f1db551\kotlin-stdlib-2.0.21.jar;C:\Users\SIMEON\.gradle\caches\modules-2\files-2.1\org.jetbrains.kotlin\kotlin-script-runtime\2.0.21\c9b044380ad41f89aa89aa896c2d32a8c0b2129d\kotlin-script-runtime-2.0.21.jar;C:\Users\SIMEON\.gradle\caches\modules-2\files-2.1\org.jetbrains.kotlin\kotlin-reflect\1.6.10\1cbe9c92c12a94eea200d23c2bbaedaf3daf5132\kotlin-reflect-1.6.10.jar;C:\Users\SIMEON\.gradle\caches\modules-2\files-2.1\org.jetbrains.kotlin\kotlin-daemon-embeddable\2.0.21\c9e933b23287de9b5a17e2116b4657bb91aea72c\kotlin-daemon-embeddable-2.0.21.jar;C:\Users\SIMEON\.gradle\caches\modules-2\files-2.1\org.jetbrains.intellij.deps\trove4j\1.0.20200330\3afb14d5f9ceb459d724e907a21145e8ff394f02\trove4j-1.0.20200330.jar;C:\Users\SIMEON\.gradle\caches\modules-2\files-2.1\org.jetbrains.kotlinx\kotlinx-coroutines-core-jvm\1.6.4\2c997cd1c0ef33f3e751d3831929aeff1390cb30\kotlinx-coroutines-core-jvm-1.6.4.jar;C:\Users\SIMEON\.gradle\caches\modules-2\files-2.1\org.jetbrains\annotations\13.0\919f0dfe192fb4e063e7dacadee7f8bb9a2672a9\annotations-13.0.jar
Launcher Type: SUN_STANDARD

[Global flags]
     intx CICompilerCount                          = 4                                         {product} {ergonomic}
     uint ConcGCThreads                            = 2                                         {product} {ergonomic}
     uint G1ConcRefinementThreads                  = 8                                         {product} {ergonomic}
   size_t G1HeapRegionSize                         = 1048576                                   {product} {ergonomic}
   size_t InitialHeapSize                          = 134217728                                 {product} {ergonomic}
   size_t MarkStackSize                            = 4194304                                   {product} {ergonomic}
   size_t MarkStackSizeMax                         = 536870912                                 {product} {ergonomic}
   size_t MaxHeapSize                              = 2122317824                                {product} {ergonomic}
   size_t MaxNewSize                               = 1272971264                                {product} {ergonomic}
   size_t MinHeapDeltaBytes                        = 1048576                                   {product} {ergonomic}
   size_t MinHeapSize                              = 8388608                                   {product} {ergonomic}
    uintx NonNMethodCodeHeapSize                   = 5832704                                {pd product} {ergonomic}
    uintx NonProfiledCodeHeapSize                  = 122945536                              {pd product} {ergonomic}
    uintx ProfiledCodeHeapSize                     = 122880000                              {pd product} {ergonomic}
    uintx ReservedCodeCacheSize                    = 251658240                              {pd product} {ergonomic}
     bool SegmentedCodeCache                       = true                                      {product} {ergonomic}
   size_t SoftMaxHeapSize                          = 2122317824                             {manageable} {ergonomic}
     bool UseCompressedOops                        = true                           {product lp64_product} {ergonomic}
     bool UseG1GC                                  = true                                      {product} {ergonomic}
     bool UseLargePagesIndividualAllocation        = false                                  {pd product} {ergonomic}

Logging:
Log output configuration:
 #0: stdout all=warning uptime,level,tags foldmultilines=false
 #1: stderr all=off uptime,level,tags foldmultilines=false

Environment Variables:
PATH=C:\Program Files\Common Files\Oracle\Java\javapath;C:\WINDOWS\system32;C:\WINDOWS;C:\WINDOWS\System32\Wbem;C:\WINDOWS\System32\WindowsPowerShell\v1.0\;C:\WINDOWS\System32\OpenSSH\;C:\Program Files\dotnet\;C:\laragon\bin\nginx\nginx-1.22.0;C:\laragon\bin;C:\laragon\bin\apache\httpd-2.4.54-win64-VS16\bin;C:\laragon\bin\composer;C:\laragon\bin\git\bin;C:\laragon\bin\git\cmd;C:\laragon\bin\git\mingw64\bin;C:\laragon\bin\git\usr\bin;C:\laragon\bin\laragon\utils;C:\laragon\bin\mysql\mysql-8.0.30-winx64\bin;C:\laragon\bin\nginx\nginx-1.22.0;C:\laragon\bin\ngrok;C:\laragon\bin\nodejs\node-v22;C:\laragon\bin\notepad++;C:\laragon\bin\php\php-8.1.10-Win32-vs16-x64;C:\laragon\bin\python\python-3.10;C:\laragon\bin\python\python-3.10\Scripts;C:\laragon\bin\redis\redis-x64-5.0.14.1;C:\laragon\bin\telnet;C:\laragon\usr\bin;C:\Users\SIMEON\AppData\Local\Yarn\config\global\node_modules\.bin;C:\Users\SIMEON\AppData\Roaming\Composer\vendor\bin;C:\Users\SIMEON\AppData\Roaming\npm;C:\Users\SIMEON\AppData\Local\Microsoft\WindowsApps;C:\Users\SIMEON\AppData\Local\Programs\MiKTeX 2.9\miktex\bin\x64\;C:\Mingw\bin;C:\Users\SIMEON\AppData\Local\Programs\Microsoft VS Code\bin;C:\Users\SIMEON\AppData\Local\Programs\Hyper\resources\bin;C:\Users\SIMEON\developementmobile\flutter\bin;
USERNAME=SIMEON
OS=Windows_NT
PROCESSOR_IDENTIFIER=Intel64 Family 6 Model 142 Stepping 10, GenuineIntel
TMP=C:\Users\SIMEON\AppData\Local\Temp
TEMP=C:\Users\SIMEON\AppData\Local\Temp




Periodic native trim disabled

---------------  S Y S T E M  ---------------

OS:
 Windows 11 , 64 bit Build 26100 (10.0.26100.4768)
OS uptime: 0 days 1:04 hours
Hyper-V role detected

CPU: total 8 (initial active 8) (4 cores per cpu, 2 threads per core) family 6 model 142 stepping 10 microcode 0xf0, cx8, cmov, fxsr, ht, mmx, 3dnowpref, sse, sse2, sse3, ssse3, sse4.1, sse4.2, popcnt, lzcnt, tsc, tscinvbit, avx, avx2, aes, erms, clmul, bmi1, bmi2, adx, fma, vzeroupper, clflush, clflushopt, hv, rdtscp, f16c
Processor Information for the first 8 processors :
  Max Mhz: 1800, Current Mhz: 1600, Mhz Limit: 1584

Memory: 4k page, system-wide physical 8089M (631M free)
TotalPageFile size 10137M (AvailPageFile size 2M)
current process WorkingSet (physical memory assigned to process): 388M, peak: 388M
current process commit charge ("private bytes"): 424M, peak: 425M

vm_info: Java HotSpot(TM) 64-Bit Server VM (23.0.1+11-39) for windows-amd64 JRE (23.0.1+11-39), built on 2024-09-30T07:20:43Z with MS VC++ 17.6 (VS2022)

END.
