#
# There is insufficient memory for the Java Runtime Environment to continue.
# Native memory allocation (mmap) failed to map 226492416 bytes. Error detail: G1 virtual space
# Possible reasons:
#   The system is out of physical RAM or swap space
#   This process is running with CompressedOops enabled, and the Java Heap may be blocking the growth of the native heap
# Possible solutions:
#   Reduce memory load on the system
#   Increase physical memory or swap space
#   Check if swap backing store is full
#   Decrease Java heap size (-Xmx/-Xms)
#   Decrease number of Java threads
#   Decrease Java thread stack sizes (-Xss)
#   Set larger code cache with -XX:ReservedCodeCacheSize=
#   JVM is running with Zero Based Compressed Oops mode in which the Java heap is
#     placed in the first 32GB address space. The Java Heap base address is the
#     maximum limit for the native heap growth. Please use -XX:HeapBaseMinAddress
#     to set the Java Heap base and to place the Java Heap above 32GB virtual address.
# This output file may be truncated or incomplete.
#
#  Out of Memory Error (os_windows.cpp:3703), pid=9012, tid=9712
#
# JRE version: Java(TM) SE Runtime Environment (23.0.1+11) (build 23.0.1+11-39)
# Java VM: Java HotSpot(TM) 64-Bit Server VM (23.0.1+11-39, mixed mode, sharing, tiered, compressed oops, compressed class ptrs, g1 gc, windows-amd64)
# No core dump will be written. Minidumps are not enabled by default on client versions of Windows
#

---------------  S U M M A R Y ------------

Command Line: --add-opens=java.base/java.lang=ALL-UNNAMED --add-opens=java.base/java.lang.invoke=ALL-UNNAMED --add-opens=java.base/java.util=ALL-UNNAMED --add-opens=java.prefs/java.util.prefs=ALL-UNNAMED --add-exports=jdk.compiler/com.sun.tools.javac.api=ALL-UNNAMED --add-exports=jdk.compiler/com.sun.tools.javac.util=ALL-UNNAMED --add-opens=java.base/java.util=ALL-UNNAMED --add-opens=java.prefs/java.util.prefs=ALL-UNNAMED --add-opens=java.base/java.nio.charset=ALL-UNNAMED --add-opens=java.base/java.net=ALL-UNNAMED --add-opens=java.base/java.util.concurrent.atomic=ALL-UNNAMED --add-opens=java.xml/javax.xml.namespace=ALL-UNNAMED -XX:MaxMetaspaceSize=4G -XX:ReservedCodeCacheSize=512m -XX:+HeapDumpOnOutOfMemoryError -Xmx8G -Dfile.encoding=UTF-8 -Duser.country=FR -Duser.language=fr -Duser.variant -javaagent:C:\Users\SIMEON\.gradle\wrapper\dists\gradle-8.12-all\ejduaidbjup3bmmkhw3rie4zb\gradle-8.12\lib\agents\gradle-instrumentation-agent-8.12.jar org.gradle.launcher.daemon.bootstrap.GradleDaemon 8.12

Host: Intel(R) Core(TM) i5-8250U CPU @ 1.60GHz, 8 cores, 7G,  Windows 11 , 64 bit Build 26100 (10.0.26100.4768)
Time: Sat Aug  9 19:29:06 2025 Paris, Madrid elapsed time: 26.740292 seconds (0d 0h 0m 26s)

---------------  T H R E A D  ---------------

Current thread (0x0000021d79caae20):  VMThread "VM Thread"          [id=9712, stack(0x000000d201e00000,0x000000d201f00000) (1024K)]

Stack: [0x000000d201e00000,0x000000d201f00000]
Native frames: (J=compiled Java code, j=interpreted, Vv=VM code, C=native code)
V  [jvm.dll+0x6e08b9]  (no source info available)
V  [jvm.dll+0x87dc83]  (no source info available)
V  [jvm.dll+0x88010e]  (no source info available)
V  [jvm.dll+0x8807e3]  (no source info available)
V  [jvm.dll+0x27aee6]  (no source info available)
V  [jvm.dll+0x6dd1c5]  (no source info available)
V  [jvm.dll+0x6d104a]  (no source info available)
V  [jvm.dll+0x35b3ea]  (no source info available)
V  [jvm.dll+0x3637f6]  (no source info available)
V  [jvm.dll+0x34fd5e]  (no source info available)
V  [jvm.dll+0x34fff8]  (no source info available)
V  [jvm.dll+0x3289cc]  (no source info available)
V  [jvm.dll+0x328a5a]  (no source info available)
V  [jvm.dll+0x374c92]  (no source info available)
V  [jvm.dll+0x373392]  (no source info available)
V  [jvm.dll+0x3281a7]  (no source info available)
V  [jvm.dll+0x372b44]  (no source info available)
V  [jvm.dll+0x886720]  (no source info available)
V  [jvm.dll+0x887a47]  (no source info available)
V  [jvm.dll+0x887f78]  (no source info available)
V  [jvm.dll+0x888213]  (no source info available)
V  [jvm.dll+0x824f8b]  (no source info available)
V  [jvm.dll+0x6df065]  (no source info available)
C  [ucrtbase.dll+0x37b0]  (no source info available)
C  [KERNEL32.DLL+0x2e8d7]  (no source info available)
C  [ntdll.dll+0x3c34c]  (no source info available)

VM_Operation (0x000000d2034f8720): G1CollectForAllocation, mode: safepoint, requested by thread 0x0000021d49db4860


---------------  P R O C E S S  ---------------

Threads class SMR info:
_java_thread_list=0x0000021d82e8d5b0, length=106, elements={
0x0000021d4ecc2570, 0x0000021d79cbea20, 0x0000021d79cc1840, 0x0000021d79cc48c0,
0x0000021d79cc7e10, 0x0000021d79cc8bd0, 0x0000021d79ccb640, 0x0000021d79ccc860,
0x0000021d79cdd600, 0x0000021d79c99610, 0x0000021d492dc620, 0x0000021d4abd0580,
0x0000021d4acfb750, 0x0000021d4ad0e4d0, 0x0000021d494401b0, 0x0000021d4ad4dc70,
0x0000021d49431650, 0x0000021d49db4860, 0x0000021d4912c130, 0x0000021d4912a060,
0x0000021d49129340, 0x0000021d4912a6f0, 0x0000021d4912ad80, 0x0000021d4912b410,
0x0000021d491299d0, 0x0000021d4b19b240, 0x0000021d4b19b8d0, 0x0000021d4b19bf60,
0x0000021d4b19a520, 0x0000021d4b199800, 0x0000021d4b19d9a0, 0x0000021d4b19e030,
0x0000021d4b19e6c0, 0x0000021d4b19fa70, 0x0000021d4b1a0e20, 0x0000021d83ba4610,
0x0000021d83ba66e0, 0x0000021d83ba3f80, 0x0000021d83ba6d70, 0x0000021d83ba8120,
0x0000021d83ba7400, 0x0000021d83ba7a90, 0x0000021d83ba4ca0, 0x0000021d83ba87b0,
0x0000021d83ba8e40, 0x0000021d83ba59c0, 0x0000021d83ba94d0, 0x0000021d83ba9b60,
0x0000021d83baa1f0, 0x0000021d83baa880, 0x0000021d83baaf10, 0x0000021d4a96eb80,
0x0000021d4a96ff30, 0x0000021d4a96e4f0, 0x0000021d4a9705c0, 0x0000021d4a972000,
0x0000021d4a96f210, 0x0000021d4a972d20, 0x0000021d4a975b10, 0x0000021d4b19c5f0,
0x0000021d81f003f0, 0x0000021d81eff6d0, 0x0000021d81f017a0, 0x0000021d81f01e30,
0x0000021d81eff040, 0x0000021d81f00a80, 0x0000021d81effd60, 0x0000021d81f01110,
0x0000021d81efe9b0, 0x0000021d81f04c20, 0x0000021d81f03870, 0x0000021d81f02b50,
0x0000021d81f031e0, 0x0000021d81f04590, 0x0000021d81f052b0, 0x0000021d81f03f00,
0x0000021d81f05940, 0x0000021d81f024c0, 0x0000021d81f05fd0, 0x0000021d84a273e0,
0x0000021d84a27a70, 0x0000021d84a2a860, 0x0000021d84a294b0, 0x0000021d84a28790,
0x0000021d84a29b40, 0x0000021d84a2a1d0, 0x0000021d84a28e20, 0x0000021d84a2aef0,
0x0000021d84a28100, 0x0000021d84a2cfc0, 0x0000021d84a2bc10, 0x0000021d84a2ea00,
0x0000021d84a2c2a0, 0x0000021d84a2d650, 0x0000021d84a2dce0, 0x0000021d84a2e370,
0x0000021d8407f480, 0x0000021d812838c0, 0x0000021d81286870, 0x0000021d84080ec0,
0x0000021d84081550, 0x0000021d84082900, 0x0000021d84082f90, 0x0000021d84081be0,
0x0000021d8407fb10, 0x0000021d84083620
}

Java Threads: ( => current thread )
  0x0000021d4ecc2570 JavaThread "main"                              [_thread_blocked, id=11572, stack(0x000000d201700000,0x000000d201800000) (1024K)]
  0x0000021d79cbea20 JavaThread "Reference Handler"          daemon [_thread_blocked, id=4964, stack(0x000000d201f00000,0x000000d202000000) (1024K)]
  0x0000021d79cc1840 JavaThread "Finalizer"                  daemon [_thread_blocked, id=12812, stack(0x000000d202000000,0x000000d202100000) (1024K)]
  0x0000021d79cc48c0 JavaThread "Signal Dispatcher"          daemon [_thread_blocked, id=7532, stack(0x000000d202100000,0x000000d202200000) (1024K)]
  0x0000021d79cc7e10 JavaThread "Attach Listener"            daemon [_thread_blocked, id=12524, stack(0x000000d202200000,0x000000d202300000) (1024K)]
  0x0000021d79cc8bd0 JavaThread "Service Thread"             daemon [_thread_blocked, id=10888, stack(0x000000d202300000,0x000000d202400000) (1024K)]
  0x0000021d79ccb640 JavaThread "Monitor Deflation Thread"   daemon [_thread_blocked, id=12932, stack(0x000000d202400000,0x000000d202500000) (1024K)]
  0x0000021d79ccc860 JavaThread "C2 CompilerThread0"         daemon [_thread_blocked, id=9996, stack(0x000000d202500000,0x000000d202600000) (1024K)]
  0x0000021d79cdd600 JavaThread "C1 CompilerThread0"         daemon [_thread_blocked, id=12948, stack(0x000000d202600000,0x000000d202700000) (1024K)]
  0x0000021d79c99610 JavaThread "Common-Cleaner"             daemon [_thread_blocked, id=3984, stack(0x000000d202700000,0x000000d202800000) (1024K)]
  0x0000021d492dc620 JavaThread "Notification Thread"        daemon [_thread_blocked, id=9720, stack(0x000000d202900000,0x000000d202a00000) (1024K)]
  0x0000021d4abd0580 JavaThread "Daemon health stats"               [_thread_blocked, id=13276, stack(0x000000d202f00000,0x000000d203000000) (1024K)]
  0x0000021d4acfb750 JavaThread "Incoming local TCP Connector on port 49992"        [_thread_in_native, id=13264, stack(0x000000d203000000,0x000000d203100000) (1024K)]
  0x0000021d4ad0e4d0 JavaThread "Daemon periodic checks"            [_thread_blocked, id=2576, stack(0x000000d202e00000,0x000000d202f00000) (1024K)]
  0x0000021d494401b0 JavaThread "Daemon"                            [_thread_blocked, id=6608, stack(0x000000d203100000,0x000000d203200000) (1024K)]
  0x0000021d4ad4dc70 JavaThread "Handler for socket connection from /127.0.0.1:49992 to /127.0.0.1:49993"        [_thread_in_native, id=6124, stack(0x000000d203200000,0x000000d203300000) (1024K)]
  0x0000021d49431650 JavaThread "Cancel handler"                    [_thread_blocked, id=9680, stack(0x000000d203300000,0x000000d203400000) (1024K)]
  0x0000021d49db4860 JavaThread "Daemon worker"                     [_thread_blocked, id=10684, stack(0x000000d203400000,0x000000d203500000) (1024K)]
  0x0000021d4912c130 JavaThread "Asynchronous log dispatcher for DefaultDaemonConnection: socket connection from /127.0.0.1:49992 to /127.0.0.1:49993"        [_thread_blocked, id=10576, stack(0x000000d203500000,0x000000d203600000) (1024K)]
  0x0000021d4912a060 JavaThread "Stdin handler"                     [_thread_blocked, id=9604, stack(0x000000d203600000,0x000000d203700000) (1024K)]
  0x0000021d49129340 JavaThread "Daemon client event forwarder"        [_thread_blocked, id=10428, stack(0x000000d203700000,0x000000d203800000) (1024K)]
  0x0000021d4912a6f0 JavaThread "Cache worker for journal cache (C:\Users\SIMEON\.gradle\caches\journal-1)"        [_thread_blocked, id=11168, stack(0x000000d203a00000,0x000000d203b00000) (1024K)]
  0x0000021d4912ad80 JavaThread "File lock request listener"        [_thread_in_native, id=12412, stack(0x000000d203b00000,0x000000d203c00000) (1024K)]
  0x0000021d4912b410 JavaThread "Cache worker for file hash cache (C:\Users\SIMEON\.gradle\caches\8.12\fileHashes)"        [_thread_blocked, id=6528, stack(0x000000d203c00000,0x000000d203d00000) (1024K)]
  0x0000021d491299d0 JavaThread "Cache worker for file hash cache (C:\Users\SIMEON\developementmobile\test\android\.gradle\8.12\fileHashes)"        [_thread_blocked, id=12496, stack(0x000000d203f00000,0x000000d204000000) (1024K)]
  0x0000021d4b19b240 JavaThread "Cache worker for Build Output Cleanup Cache (C:\Users\SIMEON\developementmobile\test\android\.gradle\buildOutputCleanup)"        [_thread_blocked, id=5284, stack(0x000000d204000000,0x000000d204100000) (1024K)]
  0x0000021d4b19b8d0 JavaThread "File watcher server"        daemon [_thread_in_native, id=12556, stack(0x000000d204100000,0x000000d204200000) (1024K)]
  0x0000021d4b19bf60 JavaThread "File watcher consumer"      daemon [_thread_blocked, id=2780, stack(0x000000d204200000,0x000000d204300000) (1024K)]
  0x0000021d4b19a520 JavaThread "jar transforms"                    [_thread_blocked, id=7896, stack(0x000000d203d00000,0x000000d203e00000) (1024K)]
  0x0000021d4b199800 JavaThread "jar transforms Thread 2"           [_thread_blocked, id=2348, stack(0x000000d204400000,0x000000d204500000) (1024K)]
  0x0000021d4b19d9a0 JavaThread "Cache worker for checksums cache (C:\Users\SIMEON\developementmobile\test\android\.gradle\8.12\checksums)"        [_thread_blocked, id=9336, stack(0x000000d204600000,0x000000d204700000) (1024K)]
  0x0000021d4b19e030 JavaThread "Cache worker for file content cache (C:\Users\SIMEON\.gradle\caches\8.12\fileContent)"        [_thread_blocked, id=3268, stack(0x000000d204700000,0x000000d204800000) (1024K)]
  0x0000021d4b19e6c0 JavaThread "Cache worker for cache directory md-rule (C:\Users\SIMEON\.gradle\caches\8.12\md-rule)"        [_thread_blocked, id=9676, stack(0x000000d204500000,0x000000d204600000) (1024K)]
  0x0000021d4b19fa70 JavaThread "Cache worker for cache directory md-supplier (C:\Users\SIMEON\.gradle\caches\8.12\md-supplier)"        [_thread_blocked, id=9576, stack(0x000000d204800000,0x000000d204900000) (1024K)]
  0x0000021d4b1a0e20 JavaThread "Cache worker for Build Output Cleanup Cache (C:\Users\SIMEON\developementmobile\flutter\packages\flutter_tools\gradle\.gradle\buildOutputCleanup)"        [_thread_blocked, id=12656, stack(0x000000d204300000,0x000000d204400000) (1024K)]
  0x0000021d83ba4610 JavaThread "Unconstrained build operations"        [_thread_blocked, id=4784, stack(0x000000d204a00000,0x000000d204b00000) (1024K)]
  0x0000021d83ba66e0 JavaThread "Unconstrained build operations Thread 2"        [_thread_blocked, id=11184, stack(0x000000d204b00000,0x000000d204c00000) (1024K)]
  0x0000021d83ba3f80 JavaThread "Unconstrained build operations Thread 3"        [_thread_blocked, id=1948, stack(0x000000d204c00000,0x000000d204d00000) (1024K)]
  0x0000021d83ba6d70 JavaThread "Unconstrained build operations Thread 4"        [_thread_blocked, id=7244, stack(0x000000d204d00000,0x000000d204e00000) (1024K)]
  0x0000021d83ba8120 JavaThread "Unconstrained build operations Thread 5"        [_thread_blocked, id=5796, stack(0x000000d204e00000,0x000000d204f00000) (1024K)]
  0x0000021d83ba7400 JavaThread "Unconstrained build operations Thread 6"        [_thread_blocked, id=2456, stack(0x000000d204f00000,0x000000d205000000) (1024K)]
  0x0000021d83ba7a90 JavaThread "Unconstrained build operations Thread 7"        [_thread_blocked, id=7632, stack(0x000000d205000000,0x000000d205100000) (1024K)]
  0x0000021d83ba4ca0 JavaThread "Unconstrained build operations Thread 8"        [_thread_blocked, id=5340, stack(0x000000d205100000,0x000000d205200000) (1024K)]
  0x0000021d83ba87b0 JavaThread "Unconstrained build operations Thread 9"        [_thread_blocked, id=13228, stack(0x000000d205200000,0x000000d205300000) (1024K)]
  0x0000021d83ba8e40 JavaThread "Unconstrained build operations Thread 10"        [_thread_blocked, id=5784, stack(0x000000d205300000,0x000000d205400000) (1024K)]
  0x0000021d83ba59c0 JavaThread "Unconstrained build operations Thread 11"        [_thread_blocked, id=10648, stack(0x000000d205400000,0x000000d205500000) (1024K)]
  0x0000021d83ba94d0 JavaThread "Unconstrained build operations Thread 12"        [_thread_blocked, id=7280, stack(0x000000d205500000,0x000000d205600000) (1024K)]
  0x0000021d83ba9b60 JavaThread "Unconstrained build operations Thread 13"        [_thread_blocked, id=3252, stack(0x000000d205600000,0x000000d205700000) (1024K)]
  0x0000021d83baa1f0 JavaThread "Unconstrained build operations Thread 14"        [_thread_blocked, id=12468, stack(0x000000d205700000,0x000000d205800000) (1024K)]
  0x0000021d83baa880 JavaThread "Unconstrained build operations Thread 15"        [_thread_blocked, id=4296, stack(0x000000d205800000,0x000000d205900000) (1024K)]
  0x0000021d83baaf10 JavaThread "Unconstrained build operations Thread 16"        [_thread_blocked, id=3336, stack(0x000000d205900000,0x000000d205a00000) (1024K)]
  0x0000021d4a96eb80 JavaThread "Unconstrained build operations Thread 17"        [_thread_blocked, id=6684, stack(0x000000d205a00000,0x000000d205b00000) (1024K)]
  0x0000021d4a96ff30 JavaThread "Unconstrained build operations Thread 18"        [_thread_blocked, id=6588, stack(0x000000d205b00000,0x000000d205c00000) (1024K)]
  0x0000021d4a96e4f0 JavaThread "Unconstrained build operations Thread 19"        [_thread_blocked, id=7240, stack(0x000000d205c00000,0x000000d205d00000) (1024K)]
  0x0000021d4a9705c0 JavaThread "Unconstrained build operations Thread 20"        [_thread_blocked, id=6192, stack(0x000000d205d00000,0x000000d205e00000) (1024K)]
  0x0000021d4a972000 JavaThread "Unconstrained build operations Thread 21"        [_thread_blocked, id=11092, stack(0x000000d205e00000,0x000000d205f00000) (1024K)]
  0x0000021d4a96f210 JavaThread "Memory manager"                    [_thread_blocked, id=4812, stack(0x000000d206000000,0x000000d206100000) (1024K)]
  0x0000021d4a972d20 JavaThread "build event listener"              [_thread_blocked, id=4336, stack(0x000000d206100000,0x000000d206200000) (1024K)]
  0x0000021d4a975b10 JavaThread "included builds"                   [_thread_blocked, id=11592, stack(0x000000d206200000,0x000000d206300000) (1024K)]
  0x0000021d4b19c5f0 JavaThread "Execution worker"                  [_thread_blocked, id=7708, stack(0x000000d206300000,0x000000d206400000) (1024K)]
  0x0000021d81f003f0 JavaThread "Execution worker Thread 2"         [_thread_blocked, id=6756, stack(0x000000d206400000,0x000000d206500000) (1024K)]
  0x0000021d81eff6d0 JavaThread "Execution worker Thread 3"         [_thread_blocked, id=5196, stack(0x000000d206500000,0x000000d206600000) (1024K)]
  0x0000021d81f017a0 JavaThread "Execution worker Thread 4"         [_thread_blocked, id=8292, stack(0x000000d206600000,0x000000d206700000) (1024K)]
  0x0000021d81f01e30 JavaThread "Execution worker Thread 5"         [_thread_blocked, id=5888, stack(0x000000d206700000,0x000000d206800000) (1024K)]
  0x0000021d81eff040 JavaThread "Execution worker Thread 6"         [_thread_blocked, id=3176, stack(0x000000d206800000,0x000000d206900000) (1024K)]
  0x0000021d81f00a80 JavaThread "Execution worker Thread 7"         [_thread_blocked, id=9060, stack(0x000000d206900000,0x000000d206a00000) (1024K)]
  0x0000021d81effd60 JavaThread "Cache worker for execution history cache (C:\Users\SIMEON\developementmobile\flutter\packages\flutter_tools\gradle\.gradle\8.12\executionHistory)"        [_thread_blocked, id=7932, stack(0x000000d206a00000,0x000000d206b00000) (1024K)]
  0x0000021d81f01110 JavaThread "Unconstrained build operations Thread 22"        [_thread_blocked, id=6296, stack(0x000000d206b00000,0x000000d206c00000) (1024K)]
  0x0000021d81efe9b0 JavaThread "Unconstrained build operations Thread 23"        [_thread_blocked, id=7524, stack(0x000000d206c00000,0x000000d206d00000) (1024K)]
  0x0000021d81f04c20 JavaThread "Unconstrained build operations Thread 24"        [_thread_blocked, id=12632, stack(0x000000d206d00000,0x000000d206e00000) (1024K)]
  0x0000021d81f03870 JavaThread "Unconstrained build operations Thread 25"        [_thread_blocked, id=7780, stack(0x000000d206e00000,0x000000d206f00000) (1024K)]
  0x0000021d81f02b50 JavaThread "Unconstrained build operations Thread 26"        [_thread_blocked, id=9324, stack(0x000000d206f00000,0x000000d207000000) (1024K)]
  0x0000021d81f031e0 JavaThread "Unconstrained build operations Thread 27"        [_thread_blocked, id=12988, stack(0x000000d207000000,0x000000d207100000) (1024K)]
  0x0000021d81f04590 JavaThread "Unconstrained build operations Thread 28"        [_thread_blocked, id=7624, stack(0x000000d207100000,0x000000d207200000) (1024K)]
  0x0000021d81f052b0 JavaThread "Unconstrained build operations Thread 29"        [_thread_blocked, id=2044, stack(0x000000d207200000,0x000000d207300000) (1024K)]
  0x0000021d81f03f00 JavaThread "Unconstrained build operations Thread 30"        [_thread_blocked, id=7936, stack(0x000000d207300000,0x000000d207400000) (1024K)]
  0x0000021d81f05940 JavaThread "Unconstrained build operations Thread 31"        [_thread_blocked, id=12592, stack(0x000000d207400000,0x000000d207500000) (1024K)]
  0x0000021d81f024c0 JavaThread "Unconstrained build operations Thread 32"        [_thread_blocked, id=9416, stack(0x000000d207500000,0x000000d207600000) (1024K)]
  0x0000021d81f05fd0 JavaThread "Unconstrained build operations Thread 33"        [_thread_blocked, id=5952, stack(0x000000d207600000,0x000000d207700000) (1024K)]
  0x0000021d84a273e0 JavaThread "Unconstrained build operations Thread 34"        [_thread_blocked, id=3444, stack(0x000000d207700000,0x000000d207800000) (1024K)]
  0x0000021d84a27a70 JavaThread "Unconstrained build operations Thread 35"        [_thread_blocked, id=2860, stack(0x000000d207800000,0x000000d207900000) (1024K)]
  0x0000021d84a2a860 JavaThread "Unconstrained build operations Thread 36"        [_thread_blocked, id=6396, stack(0x000000d207900000,0x000000d207a00000) (1024K)]
  0x0000021d84a294b0 JavaThread "Unconstrained build operations Thread 37"        [_thread_blocked, id=2272, stack(0x000000d207a00000,0x000000d207b00000) (1024K)]
  0x0000021d84a28790 JavaThread "Unconstrained build operations Thread 38"        [_thread_blocked, id=9824, stack(0x000000d207b00000,0x000000d207c00000) (1024K)]
  0x0000021d84a29b40 JavaThread "Unconstrained build operations Thread 39"        [_thread_blocked, id=10356, stack(0x000000d207c00000,0x000000d207d00000) (1024K)]
  0x0000021d84a2a1d0 JavaThread "Unconstrained build operations Thread 40"        [_thread_blocked, id=7296, stack(0x000000d207d00000,0x000000d207e00000) (1024K)]
  0x0000021d84a28e20 JavaThread "Unconstrained build operations Thread 41"        [_thread_blocked, id=4912, stack(0x000000d207e00000,0x000000d207f00000) (1024K)]
  0x0000021d84a2aef0 JavaThread "Unconstrained build operations Thread 42"        [_thread_blocked, id=12376, stack(0x000000d207f00000,0x000000d208000000) (1024K)]
  0x0000021d84a28100 JavaThread "Unconstrained build operations Thread 43"        [_thread_blocked, id=2124, stack(0x000000d208000000,0x000000d208100000) (1024K)]
  0x0000021d84a2cfc0 JavaThread "Unconstrained build operations Thread 44"        [_thread_blocked, id=4400, stack(0x000000d208100000,0x000000d208200000) (1024K)]
  0x0000021d84a2bc10 JavaThread "Unconstrained build operations Thread 45"        [_thread_blocked, id=9420, stack(0x000000d204900000,0x000000d204a00000) (1024K)]
  0x0000021d84a2ea00 JavaThread "Unconstrained build operations Thread 46"        [_thread_blocked, id=4968, stack(0x000000d205f00000,0x000000d206000000) (1024K)]
  0x0000021d84a2c2a0 JavaThread "Unconstrained build operations Thread 47"        [_thread_blocked, id=12728, stack(0x000000d208200000,0x000000d208300000) (1024K)]
  0x0000021d84a2d650 JavaThread "Unconstrained build operations Thread 48"        [_thread_blocked, id=8812, stack(0x000000d208300000,0x000000d208400000) (1024K)]
  0x0000021d84a2dce0 JavaThread "Unconstrained build operations Thread 49"        [_thread_blocked, id=7320, stack(0x000000d208400000,0x000000d208500000) (1024K)]
  0x0000021d84a2e370 JavaThread "Unconstrained build operations Thread 50"        [_thread_blocked, id=9868, stack(0x000000d208500000,0x000000d208600000) (1024K)]
  0x0000021d8407f480 JavaThread "Unconstrained build operations Thread 51"        [_thread_blocked, id=5960, stack(0x000000d208600000,0x000000d208700000) (1024K)]
  0x0000021d812838c0 JavaThread "C2 CompilerThread1"         daemon [_thread_blocked, id=7636, stack(0x000000d208700000,0x000000d208800000) (1024K)]
  0x0000021d81286870 JavaThread "C2 CompilerThread2"         daemon [_thread_blocked, id=12552, stack(0x000000d208800000,0x000000d208900000) (1024K)]
  0x0000021d84080ec0 JavaThread "Unconstrained build operations Thread 52"        [_thread_blocked, id=4364, stack(0x000000d208900000,0x000000d208a00000) (1024K)]
  0x0000021d84081550 JavaThread "Unconstrained build operations Thread 53"        [_thread_blocked, id=8788, stack(0x000000d208a00000,0x000000d208b00000) (1024K)]
  0x0000021d84082900 JavaThread "Unconstrained build operations Thread 54"        [_thread_blocked, id=12320, stack(0x000000d208b00000,0x000000d208c00000) (1024K)]
  0x0000021d84082f90 JavaThread "Unconstrained build operations Thread 55"        [_thread_blocked, id=2864, stack(0x000000d208c00000,0x000000d208d00000) (1024K)]
  0x0000021d84081be0 JavaThread "Unconstrained build operations Thread 56"        [_thread_blocked, id=12880, stack(0x000000d208d00000,0x000000d208e00000) (1024K)]
  0x0000021d8407fb10 JavaThread "Unconstrained build operations Thread 57"        [_thread_blocked, id=13040, stack(0x000000d208e00000,0x000000d208f00000) (1024K)]
  0x0000021d84083620 JavaThread "Unconstrained build operations Thread 58"        [_thread_blocked, id=11476, stack(0x000000d208f00000,0x000000d209000000) (1024K)]
Total: 106

Other Threads:
=>0x0000021d79caae20 VMThread "VM Thread"                           [id=9712, stack(0x000000d201e00000,0x000000d201f00000) (1024K)]
  0x0000021d79c98680 WatcherThread "VM Periodic Task Thread"        [id=8244, stack(0x000000d201d00000,0x000000d201e00000) (1024K)]
  0x0000021d4ed6a6f0 WorkerThread "GC Thread#0"                     [id=2116, stack(0x000000d201800000,0x000000d201900000) (1024K)]
  0x0000021d4949bac0 WorkerThread "GC Thread#1"                     [id=3804, stack(0x000000d202a00000,0x000000d202b00000) (1024K)]
  0x0000021d4949be70 WorkerThread "GC Thread#2"                     [id=8816, stack(0x000000d202b00000,0x000000d202c00000) (1024K)]
  0x0000021d496ed640 WorkerThread "GC Thread#3"                     [id=3476, stack(0x000000d202c00000,0x000000d202d00000) (1024K)]
  0x0000021d4a02bf70 WorkerThread "GC Thread#4"                     [id=6984, stack(0x000000d202800000,0x000000d202900000) (1024K)]
  0x0000021d4a008780 WorkerThread "GC Thread#5"                     [id=4132, stack(0x000000d202d00000,0x000000d202e00000) (1024K)]
  0x0000021d4ab3c460 WorkerThread "GC Thread#6"                     [id=6104, stack(0x000000d203800000,0x000000d203900000) (1024K)]
  0x0000021d4ab3c0b0 WorkerThread "GC Thread#7"                     [id=8972, stack(0x000000d203900000,0x000000d203a00000) (1024K)]
  0x0000021d79af4090 ConcurrentGCThread "G1 Main Marker"            [id=6076, stack(0x000000d201900000,0x000000d201a00000) (1024K)]
  0x0000021d79af5250 WorkerThread "G1 Conc#0"                       [id=1988, stack(0x000000d201a00000,0x000000d201b00000) (1024K)]
  0x0000021d4b487810 WorkerThread "G1 Conc#1"                       [id=3736, stack(0x000000d203e00000,0x000000d203f00000) (1024K)]
  0x0000021d79b4db70 ConcurrentGCThread "G1 Refine#0"               [id=13100, stack(0x000000d201b00000,0x000000d201c00000) (1024K)]
  0x0000021d79b4e4a0 ConcurrentGCThread "G1 Service"                [id=11296, stack(0x000000d201c00000,0x000000d201d00000) (1024K)]
Total: 15

Threads with active compile tasks:
C2 CompilerThread0  26853 9864       4       org.gradle.cache.internal.btree.CachingBlockStore::read (56 bytes)
C1 CompilerThread0  26853 10211   !   3       java.util.Formatter::format (284 bytes)
C2 CompilerThread1  26853 10093       4       org.apache.http.client.utils.URLEncodedUtils::urlDecode (183 bytes)
C2 CompilerThread2  26853 9950  s!   4       java.lang.StackTraceElement::computeFormat (71 bytes)
Total: 4

VM state: at safepoint (normal execution)

VM Mutex/Monitor currently owned by a thread:  ([mutex/lock_event])
[0x00007ffee40c3910] Threads_lock - owner thread: 0x0000021d79caae20
[0x00007ffee40c3a10] Heap_lock - owner thread: 0x0000021d49db4860

Heap address: 0x0000000600000000, size: 8192 MB, Compressed Oops mode: Zero based, Oop shift amount: 3

CDS archive(s) mapped at: [0x0000021d08000000-0x0000021d08d70000-0x0000021d08d70000), size 14090240, SharedBaseAddress: 0x0000021d08000000, ArchiveRelocationMode: 1.
Compressed class space mapped at: 0x0000021d09000000-0x0000021d49000000, reserved size: 1073741824
Narrow klass base: 0x0000021d08000000, Narrow klass shift: 0, Narrow klass range: 0x41000000

GC Precious Log:
 CardTable entry size: 512
 Card Set container configuration: InlinePtr #cards 4 size 8 Array Of Cards #cards 32 size 80 Howl #buckets 8 coarsen threshold 7372 Howl Bitmap #cards 1024 size 144 coarsen threshold 921 Card regions per heap region 1 cards per card region 8192
 CPUs: 8 total, 8 available
 Memory: 8089M
 Large Page Support: Disabled
 NUMA Support: Disabled
 Compressed Oops: Enabled (Zero based)
 Heap Region Size: 4M
 Heap Min Capacity: 8M
 Heap Initial Capacity: 128M
 Heap Max Capacity: 8G
 Pre-touch: Disabled
 Parallel Workers: 8
 Concurrent Workers: 2
 Concurrent Refinement Workers: 8
 Periodic GC: Disabled

Heap:
 garbage-first heap   total reserved 8388608K, committed 131072K, used 76189K [0x0000000600000000, 0x0000000800000000)
  region size 4096K, 1 young (4096K), 1 survivors (4096K)
 Metaspace       used 77774K, committed 79936K, reserved 1179648K
  class space    used 11440K, committed 12480K, reserved 1048576K

Heap Regions: E=young(eden), S=young(survivor), O=old, HS=humongous(starts), HC=humongous(continues), CS=collection set, F=free, TAMS=top-at-mark-start, PB=parsable bottom
|   0|0x0000000600000000, 0x0000000600400000, 0x0000000600400000|100%| O|  |TAMS 0x0000000600400000| PB 0x0000000600000000| Untracked |  0
|   1|0x0000000600400000, 0x0000000600800000, 0x0000000600800000|100%|HS|  |TAMS 0x0000000600800000| PB 0x0000000600400000| Complete |  0
|   2|0x0000000600800000, 0x0000000600c00000, 0x0000000600c00000|100%| O|  |TAMS 0x0000000600c00000| PB 0x0000000600800000| Untracked |  0
|   3|0x0000000600c00000, 0x0000000601000000, 0x0000000601000000|100%| O|  |TAMS 0x0000000601000000| PB 0x0000000600c00000| Untracked |  0
|   4|0x0000000601000000, 0x0000000601400000, 0x0000000601400000|100%| O|  |TAMS 0x0000000601400000| PB 0x0000000601000000| Untracked |  0
|   5|0x0000000601400000, 0x0000000601800000, 0x0000000601800000|100%| O|  |TAMS 0x0000000601800000| PB 0x0000000601400000| Untracked |  0
|   6|0x0000000601800000, 0x0000000601c00000, 0x0000000601c00000|100%| O|  |TAMS 0x0000000601c00000| PB 0x0000000601800000| Untracked |  0
|   7|0x0000000601c00000, 0x0000000602000000, 0x0000000602000000|100%| O|  |TAMS 0x0000000602000000| PB 0x0000000601c00000| Untracked |  0
|   8|0x0000000602000000, 0x0000000602400000, 0x0000000602400000|100%|HS|  |TAMS 0x0000000602400000| PB 0x0000000602000000| Complete |  0
|   9|0x0000000602400000, 0x0000000602800000, 0x0000000602800000|100%| O|  |TAMS 0x0000000602800000| PB 0x0000000602400000| Untracked |  0
|  10|0x0000000602800000, 0x0000000602c00000, 0x0000000602c00000|100%| O|  |TAMS 0x0000000602c00000| PB 0x0000000602800000| Untracked |  0
|  11|0x0000000602c00000, 0x0000000603000000, 0x0000000603000000|100%|HS|  |TAMS 0x0000000603000000| PB 0x0000000602c00000| Complete |  0
|  12|0x0000000603000000, 0x0000000603400000, 0x0000000603400000|100%| O|  |TAMS 0x0000000603400000| PB 0x0000000603000000| Untracked |  0
|  13|0x0000000603400000, 0x0000000603800000, 0x0000000603800000|100%| O|  |TAMS 0x0000000603800000| PB 0x0000000603400000| Untracked |  0
|  14|0x0000000603800000, 0x0000000603c00000, 0x0000000603c00000|100%| O|  |TAMS 0x0000000603c00000| PB 0x0000000603800000| Untracked |  0
|  15|0x0000000603c00000, 0x0000000604000000, 0x0000000604000000|100%| O|  |TAMS 0x0000000604000000| PB 0x0000000603c00000| Untracked |  0
|  16|0x0000000604000000, 0x0000000604400000, 0x0000000604400000|100%| O|  |TAMS 0x0000000604400000| PB 0x0000000604000000| Untracked |  0
|  17|0x0000000604400000, 0x00000006046a8038, 0x0000000604800000| 66%| O|  |TAMS 0x00000006044c2cc8| PB 0x0000000604400000| Untracked |  0
|  18|0x0000000604800000, 0x0000000604800000, 0x0000000604c00000|  0%| F|  |TAMS 0x0000000604800000| PB 0x0000000604800000| Untracked |  0
|  19|0x0000000604c00000, 0x0000000604c00000, 0x0000000605000000|  0%| F|  |TAMS 0x0000000604c00000| PB 0x0000000604c00000| Untracked |  0
|  20|0x0000000605000000, 0x0000000605000000, 0x0000000605400000|  0%| F|  |TAMS 0x0000000605000000| PB 0x0000000605000000| Untracked |  0
|  21|0x0000000605400000, 0x0000000605400000, 0x0000000605800000|  0%| F|  |TAMS 0x0000000605400000| PB 0x0000000605400000| Untracked |  0
|  22|0x0000000605800000, 0x0000000605bbf430, 0x0000000605c00000| 93%| S|CS|TAMS 0x0000000605800000| PB 0x0000000605800000| Complete |  0
|  23|0x0000000605c00000, 0x0000000605c00000, 0x0000000606000000|  0%| F|  |TAMS 0x0000000605c00000| PB 0x0000000605c00000| Untracked |  0
|  24|0x0000000606000000, 0x0000000606000000, 0x0000000606400000|  0%| F|  |TAMS 0x0000000606000000| PB 0x0000000606000000| Untracked |  0
|  25|0x0000000606400000, 0x0000000606400000, 0x0000000606800000|  0%| F|  |TAMS 0x0000000606400000| PB 0x0000000606400000| Untracked |  0
|  26|0x0000000606800000, 0x0000000606800000, 0x0000000606c00000|  0%| F|  |TAMS 0x0000000606800000| PB 0x0000000606800000| Untracked |  0
|  27|0x0000000606c00000, 0x0000000606c00000, 0x0000000607000000|  0%| F|  |TAMS 0x0000000606c00000| PB 0x0000000606c00000| Untracked |  0
|  28|0x0000000607000000, 0x0000000607000000, 0x0000000607400000|  0%| F|  |TAMS 0x0000000607000000| PB 0x0000000607000000| Untracked |  0
|  29|0x0000000607400000, 0x0000000607400000, 0x0000000607800000|  0%| F|  |TAMS 0x0000000607400000| PB 0x0000000607400000| Untracked |  0
|  30|0x0000000607800000, 0x0000000607800000, 0x0000000607c00000|  0%| F|  |TAMS 0x0000000607800000| PB 0x0000000607800000| Untracked |  0
|  31|0x0000000607c00000, 0x0000000607c00000, 0x0000000608000000|  0%| F|  |TAMS 0x0000000607c00000| PB 0x0000000607c00000| Untracked |  0

Card table byte_map: [0x0000021d78a60000,0x0000021d79a60000] _byte_map_base: 0x0000021d75a60000

Marking Bits: (CMBitMap*) 0x0000021d4ed6ad10
 Bits: [0x0000021d00000000, 0x0000021d08000000)

Polling page: 0x0000021d4c8c0000

Metaspace:

Usage:
  Non-class:     64.78 MB used.
      Class:     11.17 MB used.
       Both:     75.95 MB used.

Virtual space:
  Non-class space:      128.00 MB reserved,      65.88 MB ( 51%) committed,  2 nodes.
      Class space:        1.00 GB reserved,      12.19 MB (  1%) committed,  1 nodes.
             Both:        1.12 GB reserved,      78.06 MB (  7%) committed. 

Chunk freelists:
   Non-Class:  13.31 MB
       Class:  3.78 MB
        Both:  17.09 MB

MaxMetaspaceSize: 4.00 GB
CompressedClassSpaceSize: 1.00 GB
Initial GC threshold: 21.00 MB
Current GC threshold: 129.94 MB
CDS: on
 - commit_granule_bytes: 65536.
 - commit_granule_words: 8192.
 - virtual_space_node_default_size: 8388608.
 - enlarge_chunks_in_place: 1.
 - use_allocation_guard: 0.


Internal statistics:

num_allocs_failed_limit: 9.
num_arena_births: 3736.
num_arena_deaths: 0.
num_vsnodes_births: 3.
num_vsnodes_deaths: 0.
num_space_committed: 1249.
num_space_uncommitted: 0.
num_chunks_returned_to_freelist: 9.
num_chunks_taken_from_freelist: 7128.
num_chunk_merges: 6.
num_chunk_splits: 4641.
num_chunks_enlarged: 2906.
num_inconsistent_stats: 0.

CodeHeap 'non-profiled nmethods': size=259328Kb used=3965Kb max_used=3977Kb free=255362Kb
 bounds [0x0000021d676b0000, 0x0000021d67aa0000, 0x0000021d773f0000]
CodeHeap 'profiled nmethods': size=259264Kb used=11945Kb max_used=11945Kb free=247318Kb
 bounds [0x0000021d573f0000, 0x0000021d57fa0000, 0x0000021d67120000]
CodeHeap 'non-nmethods': size=5696Kb used=2856Kb max_used=2945Kb free=2839Kb
 bounds [0x0000021d67120000, 0x0000021d67430000, 0x0000021d676b0000]
CodeCache: size=524288Kb, used=18766Kb, max_used=18867Kb, free=505519Kb
 total_blobs=9612, nmethods=8623, adapters=894, full_count=0
Compilation: enabled, stopped_count=0, restarted_count=0

Compilation events (20 events):
Event: 25.604 Thread 0x0000021d79cdd600 nmethod 10190 0x0000021d577c7808 code [0x0000021d577c7980, 0x0000021d577c7d68]
Event: 25.604 Thread 0x0000021d79cdd600 10204       1       java.lang.StackTraceElement::getClassName (5 bytes)
Event: 25.604 Thread 0x0000021d79cdd600 nmethod 10204 0x0000021d67857a88 code [0x0000021d67857ba0, 0x0000021d67857c70]
Event: 25.604 Thread 0x0000021d79cdd600 10205 %     3       java.lang.StackTraceElement::of @ 7 (30 bytes)
Event: 25.604 Thread 0x0000021d79cdd600 nmethod 10205% 0x0000021d577c7388 code [0x0000021d577c74c0, 0x0000021d577c7788]
Event: 25.604 Thread 0x0000021d79cdd600 10206       3       org.gradle.kotlin.dsl.execution.InterpreterKt::locationAwareExceptionFor$scriptStackTraceElement (52 bytes)
Event: 25.605 Thread 0x0000021d79cdd600 nmethod 10206 0x0000021d577c6e88 code [0x0000021d577c6fe0, 0x0000021d577c72f8]
Event: 25.605 Thread 0x0000021d79cdd600 10201       1       org.gradle.internal.component.model.DefaultVariantMetadata::asDescribable (5 bytes)
Event: 25.605 Thread 0x0000021d79cdd600 nmethod 10201 0x0000021d67857788 code [0x0000021d678578a0, 0x0000021d67857970]
Event: 25.605 Thread 0x0000021d79cdd600 10188       2       java.util.HashSet::toArray (18 bytes)
Event: 25.605 Thread 0x0000021d79cdd600 nmethod 10188 0x0000021d577c6b08 code [0x0000021d577c6c20, 0x0000021d577c6df8]
Event: 25.605 Thread 0x0000021d79cdd600 10199       1       org.gradle.internal.component.local.model.LocalComponentGraphResolveMetadata::getId (5 bytes)
Event: 25.605 Thread 0x0000021d79cdd600 nmethod 10199 0x0000021d67857488 code [0x0000021d678575a0, 0x0000021d67857670]
Event: 25.610 Thread 0x0000021d79cdd600 10207  s    3       java.lang.Throwable::getSuppressed (37 bytes)
Event: 25.610 Thread 0x0000021d79cdd600 nmethod 10207 0x0000021d577c6488 code [0x0000021d577c65c0, 0x0000021d577c6ae8]
Event: 25.612 Thread 0x0000021d79cdd600 10208       3       java.util.Collections$SetFromMap::contains (11 bytes)
Event: 25.612 Thread 0x0000021d79cdd600 nmethod 10208 0x0000021d57f99888 code [0x0000021d57f999a0, 0x0000021d57f99b80]
Event: 25.613 Thread 0x0000021d79cdd600 10209       3       java.lang.Throwable::toString (45 bytes)
Event: 25.613 Thread 0x0000021d79cdd600 nmethod 10209 0x0000021d57f99c08 code [0x0000021d57f99de0, 0x0000021d57f9a6c0]
Event: 25.613 Thread 0x0000021d79cdd600 10211   !   3       java.util.Formatter::format (284 bytes)

GC Heap History (20 events):
Event: 19.615 GC heap after
{Heap after GC invocations=20 (full 0):
 garbage-first heap   total reserved 8388608K, committed 98304K, used 55845K [0x0000000600000000, 0x0000000800000000)
  region size 4096K, 1 young (4096K), 1 survivors (4096K)
 Metaspace       used 63705K, committed 65728K, reserved 1114112K
  class space    used 9366K, committed 10304K, reserved 1048576K
}
Event: 20.347 GC heap before
{Heap before GC invocations=20 (full 0):
 garbage-first heap   total reserved 8388608K, committed 98304K, used 80421K [0x0000000600000000, 0x0000000800000000)
  region size 4096K, 7 young (28672K), 1 survivors (4096K)
 Metaspace       used 66511K, committed 68416K, reserved 1114112K
  class space    used 9726K, committed 10624K, reserved 1048576K
}
Event: 20.350 GC heap after
{Heap after GC invocations=21 (full 0):
 garbage-first heap   total reserved 8388608K, committed 98304K, used 56609K [0x0000000600000000, 0x0000000800000000)
  region size 4096K, 1 young (4096K), 1 survivors (4096K)
 Metaspace       used 66511K, committed 68416K, reserved 1114112K
  class space    used 9726K, committed 10624K, reserved 1048576K
}
Event: 20.880 GC heap before
{Heap before GC invocations=22 (full 0):
 garbage-first heap   total reserved 8388608K, committed 102400K, used 81185K [0x0000000600000000, 0x0000000800000000)
  region size 4096K, 7 young (28672K), 1 survivors (4096K)
 Metaspace       used 68218K, committed 70144K, reserved 1114112K
  class space    used 9956K, committed 10880K, reserved 1048576K
}
Event: 20.883 GC heap after
{Heap after GC invocations=23 (full 0):
 garbage-first heap   total reserved 8388608K, committed 102400K, used 57833K [0x0000000600000000, 0x0000000800000000)
  region size 4096K, 1 young (4096K), 1 survivors (4096K)
 Metaspace       used 68218K, committed 70144K, reserved 1114112K
  class space    used 9956K, committed 10880K, reserved 1048576K
}
Event: 21.466 GC heap before
{Heap before GC invocations=23 (full 0):
 garbage-first heap   total reserved 8388608K, committed 102400K, used 86505K [0x0000000600000000, 0x0000000800000000)
  region size 4096K, 8 young (32768K), 1 survivors (4096K)
 Metaspace       used 69891K, committed 71872K, reserved 1114112K
  class space    used 10208K, committed 11136K, reserved 1048576K
}
Event: 21.472 GC heap after
{Heap after GC invocations=24 (full 0):
 garbage-first heap   total reserved 8388608K, committed 102400K, used 62753K [0x0000000600000000, 0x0000000800000000)
  region size 4096K, 1 young (4096K), 1 survivors (4096K)
 Metaspace       used 69891K, committed 71872K, reserved 1114112K
  class space    used 10208K, committed 11136K, reserved 1048576K
}
Event: 21.981 GC heap before
{Heap before GC invocations=24 (full 0):
 garbage-first heap   total reserved 8388608K, committed 102400K, used 87329K [0x0000000600000000, 0x0000000800000000)
  region size 4096K, 7 young (28672K), 1 survivors (4096K)
 Metaspace       used 71294K, committed 73280K, reserved 1114112K
  class space    used 10410K, committed 11328K, reserved 1048576K
}
Event: 21.985 GC heap after
{Heap after GC invocations=25 (full 0):
 garbage-first heap   total reserved 8388608K, committed 102400K, used 64482K [0x0000000600000000, 0x0000000800000000)
  region size 4096K, 1 young (4096K), 1 survivors (4096K)
 Metaspace       used 71294K, committed 73280K, reserved 1114112K
  class space    used 10410K, committed 11328K, reserved 1048576K
}
Event: 22.555 GC heap before
{Heap before GC invocations=26 (full 0):
 garbage-first heap   total reserved 8388608K, committed 118784K, used 84962K [0x0000000600000000, 0x0000000800000000)
  region size 4096K, 6 young (24576K), 1 survivors (4096K)
 Metaspace       used 72623K, committed 74688K, reserved 1114112K
  class space    used 10605K, committed 11584K, reserved 1048576K
}
Event: 22.560 GC heap after
{Heap after GC invocations=27 (full 0):
 garbage-first heap   total reserved 8388608K, committed 118784K, used 65692K [0x0000000600000000, 0x0000000800000000)
  region size 4096K, 1 young (4096K), 1 survivors (4096K)
 Metaspace       used 72623K, committed 74688K, reserved 1114112K
  class space    used 10605K, committed 11584K, reserved 1048576K
}
Event: 23.588 GC heap before
{Heap before GC invocations=27 (full 0):
 garbage-first heap   total reserved 8388608K, committed 118784K, used 102556K [0x0000000600000000, 0x0000000800000000)
  region size 4096K, 10 young (40960K), 1 survivors (4096K)
 Metaspace       used 75205K, committed 77376K, reserved 1114112K
  class space    used 11007K, committed 12032K, reserved 1048576K
}
Event: 23.595 GC heap after
{Heap after GC invocations=28 (full 0):
 garbage-first heap   total reserved 8388608K, committed 118784K, used 68324K [0x0000000600000000, 0x0000000800000000)
  region size 4096K, 2 young (8192K), 2 survivors (8192K)
 Metaspace       used 75205K, committed 77376K, reserved 1114112K
  class space    used 11007K, committed 12032K, reserved 1048576K
}
Event: 24.503 GC heap before
{Heap before GC invocations=29 (full 0):
 garbage-first heap   total reserved 8388608K, committed 122880K, used 92900K [0x0000000600000000, 0x0000000800000000)
  region size 4096K, 9 young (36864K), 2 survivors (8192K)
 Metaspace       used 76888K, committed 79040K, reserved 1179648K
  class space    used 11304K, committed 12352K, reserved 1048576K
}
Event: 24.514 GC heap after
{Heap after GC invocations=30 (full 0):
 garbage-first heap   total reserved 8388608K, committed 122880K, used 70482K [0x0000000600000000, 0x0000000800000000)
  region size 4096K, 2 young (8192K), 2 survivors (8192K)
 Metaspace       used 76888K, committed 79040K, reserved 1179648K
  class space    used 11304K, committed 12352K, reserved 1048576K
}
Event: 25.300 GC heap before
{Heap before GC invocations=30 (full 0):
 garbage-first heap   total reserved 8388608K, committed 122880K, used 99154K [0x0000000600000000, 0x0000000800000000)
  region size 4096K, 10 young (40960K), 2 survivors (8192K)
 Metaspace       used 77591K, committed 79808K, reserved 1179648K
  class space    used 11435K, committed 12480K, reserved 1048576K
}
Event: 25.307 GC heap after
{Heap after GC invocations=31 (full 0):
 garbage-first heap   total reserved 8388608K, committed 122880K, used 73888K [0x0000000600000000, 0x0000000800000000)
  region size 4096K, 2 young (8192K), 2 survivors (8192K)
 Metaspace       used 77591K, committed 79808K, reserved 1179648K
  class space    used 11435K, committed 12480K, reserved 1048576K
}
Event: 25.424 GC heap before
{Heap before GC invocations=32 (full 0):
 garbage-first heap   total reserved 8388608K, committed 131072K, used 98464K [0x0000000600000000, 0x0000000800000000)
  region size 4096K, 9 young (36864K), 2 survivors (8192K)
 Metaspace       used 77639K, committed 79808K, reserved 1179648K
  class space    used 11436K, committed 12480K, reserved 1048576K
}
Event: 25.431 GC heap after
{Heap after GC invocations=33 (full 0):
 garbage-first heap   total reserved 8388608K, committed 131072K, used 75811K [0x0000000600000000, 0x0000000800000000)
  region size 4096K, 2 young (8192K), 2 survivors (8192K)
 Metaspace       used 77639K, committed 79808K, reserved 1179648K
  class space    used 11436K, committed 12480K, reserved 1048576K
}
Event: 25.614 GC heap before
{Heap before GC invocations=33 (full 0):
 garbage-first heap   total reserved 8388608K, committed 131072K, used 100387K [0x0000000600000000, 0x0000000800000000)
  region size 4096K, 9 young (36864K), 2 survivors (8192K)
 Metaspace       used 77774K, committed 79936K, reserved 1179648K
  class space    used 11440K, committed 12480K, reserved 1048576K
}

Dll operation events (16 events):
Event: 0.054 Loaded shared library C:\Program Files\Java\jdk-23\bin\java.dll
Event: 0.091 Loaded shared library C:\Program Files\Java\jdk-23\bin\jsvml.dll
Event: 0.198 Loaded shared library C:\Program Files\Java\jdk-23\bin\zip.dll
Event: 0.230 Loaded shared library C:\Program Files\Java\jdk-23\bin\instrument.dll
Event: 0.235 Loaded shared library C:\Program Files\Java\jdk-23\bin\net.dll
Event: 0.238 Loaded shared library C:\Program Files\Java\jdk-23\bin\nio.dll
Event: 0.242 Loaded shared library C:\Program Files\Java\jdk-23\bin\zip.dll
Event: 0.613 Loaded shared library C:\Program Files\Java\jdk-23\bin\jimage.dll
Event: 1.205 Loaded shared library C:\Program Files\Java\jdk-23\bin\verify.dll
Event: 1.986 Loaded shared library C:\Users\SIMEON\.gradle\native\1def1411415f61bf3af743bc5b6707747c0891f09f0c88961ee8f79bc544acac\windows-amd64\native-platform.dll
Event: 2.041 Loaded shared library C:\Users\SIMEON\.gradle\native\0.2.5\x86_64-windows-gnu\gradle-fileevents.dll
Event: 3.885 Loaded shared library C:\Program Files\Java\jdk-23\bin\management.dll
Event: 3.887 Loaded shared library C:\Program Files\Java\jdk-23\bin\management_ext.dll
Event: 4.784 Loaded shared library C:\Program Files\Java\jdk-23\bin\extnet.dll
Event: 5.394 Loaded shared library C:\Program Files\Java\jdk-23\bin\sunmscapi.dll
Event: 6.364 Loaded shared library C:\Users\SIMEON\AppData\Local\Temp\native-platform5708541224209113902dir\gradle-fileevents.dll

Deoptimization events (20 events):
Event: 25.287 Thread 0x0000021d84a2e370 DEOPT PACKING pc=0x0000021d57b63af3 sp=0x000000d2085fc970
Event: 25.287 Thread 0x0000021d84a2e370 DEOPT UNPACKING pc=0x0000021d67174b22 sp=0x000000d2085fbe58 mode 0
Event: 25.291 Thread 0x0000021d84a2e370 DEOPT PACKING pc=0x0000021d57b63af3 sp=0x000000d2085fcd70
Event: 25.291 Thread 0x0000021d84a2e370 DEOPT UNPACKING pc=0x0000021d67174b22 sp=0x000000d2085fc258 mode 0
Event: 25.295 Thread 0x0000021d84a2e370 DEOPT PACKING pc=0x0000021d57b63af3 sp=0x000000d2085fd3b0
Event: 25.295 Thread 0x0000021d84a2e370 DEOPT UNPACKING pc=0x0000021d67174b22 sp=0x000000d2085fc898 mode 0
Event: 25.331 Thread 0x0000021d49129340 Uncommon trap: trap_request=0xffffff45 fr.pc=0x0000021d67a2b9d4 relative=0x0000000000000134
Event: 25.331 Thread 0x0000021d49129340 Uncommon trap: reason=unstable_if action=reinterpret pc=0x0000021d67a2b9d4 method=java.lang.ThreadLocal.get(Ljava/lang/Thread;)Ljava/lang/Object; @ 7 c2
Event: 25.331 Thread 0x0000021d49129340 DEOPT PACKING pc=0x0000021d67a2b9d4 sp=0x000000d2037fea70
Event: 25.332 Thread 0x0000021d49129340 DEOPT UNPACKING pc=0x0000021d67174402 sp=0x000000d2037fe998 mode 2
Event: 25.442 Thread 0x0000021d84a2ea00 DEOPT PACKING pc=0x0000021d57f94f10 sp=0x000000d205ffc5d0
Event: 25.442 Thread 0x0000021d84a2ea00 DEOPT UNPACKING pc=0x0000021d67174b22 sp=0x000000d205ffbac0 mode 0
Event: 25.465 Thread 0x0000021d49db4860 Uncommon trap: trap_request=0xffffff45 fr.pc=0x0000021d676fbb30 relative=0x00000000000006d0
Event: 25.465 Thread 0x0000021d49db4860 Uncommon trap: reason=unstable_if action=reinterpret pc=0x0000021d676fbb30 method=java.lang.AbstractStringBuilder.append(Ljava/lang/String;)Ljava/lang/AbstractStringBuilder; @ 1 c2
Event: 25.465 Thread 0x0000021d49db4860 DEOPT PACKING pc=0x0000021d676fbb30 sp=0x000000d2034f6e90
Event: 25.465 Thread 0x0000021d49db4860 DEOPT UNPACKING pc=0x0000021d67174402 sp=0x000000d2034f6e68 mode 2
Event: 25.589 Thread 0x0000021d49db4860 Uncommon trap: trap_request=0xffffff45 fr.pc=0x0000021d679b4238 relative=0x0000000000002638
Event: 25.589 Thread 0x0000021d49db4860 Uncommon trap: reason=unstable_if action=reinterpret pc=0x0000021d679b4238 method=java.lang.reflect.AccessibleObject.verifyAccess(Ljava/lang/Class;Ljava/lang/Class;Ljava/lang/Class;I)Z @ 2 c2
Event: 25.589 Thread 0x0000021d49db4860 DEOPT PACKING pc=0x0000021d679b4238 sp=0x000000d2034f87c0
Event: 25.589 Thread 0x0000021d49db4860 DEOPT UNPACKING pc=0x0000021d67174402 sp=0x000000d2034f8710 mode 2

Classes loaded (20 events):
Event: 23.842 Loading class java/util/TreeMap$TreeMapSpliterator done
Event: 23.842 Loading class java/util/TreeMap$KeySpliterator done
Event: 23.930 Loading class java/util/stream/ReferencePipeline$4
Event: 23.930 Loading class java/util/stream/IntPipeline$StatelessOp
Event: 23.930 Loading class java/util/stream/IntPipeline$StatelessOp done
Event: 23.930 Loading class java/util/stream/ReferencePipeline$4 done
Event: 23.931 Loading class java/util/stream/ReduceOps$6
Event: 23.931 Loading class java/util/stream/ReduceOps$6 done
Event: 23.931 Loading class java/util/stream/ReduceOps$5ReducingSink
Event: 23.931 Loading class java/util/stream/ReduceOps$5ReducingSink done
Event: 23.931 Loading class java/util/stream/ReferencePipeline$4$1
Event: 23.932 Loading class java/io/ObjectStreamClass$ExceptionInfo
Event: 23.932 Loading class java/util/stream/ReferencePipeline$4$1 done
Event: 23.932 Loading class java/io/ObjectStreamClass$ExceptionInfo done
Event: 23.934 Loading class java/util/HashMap$UnsafeHolder
Event: 23.935 Loading class java/util/HashMap$UnsafeHolder done
Event: 24.777 Loading class java/util/concurrent/ConcurrentLinkedQueue$Itr
Event: 24.777 Loading class java/util/concurrent/ConcurrentLinkedQueue$Itr done
Event: 25.255 Loading class java/util/concurrent/locks/ReentrantReadWriteLock$Sync$HoldCounter
Event: 25.256 Loading class java/util/concurrent/locks/ReentrantReadWriteLock$Sync$HoldCounter done

Classes unloaded (0 events):
No events

Classes redefined (0 events):
No events

Internal exceptions (20 events):
Event: 23.855 Thread 0x0000021d49129340 Exception <a 'java/lang/NoSuchMethodError'{0x00000006073d4240}: static Lorg/gradle/internal/build/event/types/AbstractTaskResult;.<clinit>()V> (0x00000006073d4240) 
thrown [s\open\src\hotspot\share\prims\jni.cpp, line 1111]
Event: 23.859 Thread 0x0000021d81eff6d0 Exception <a 'java/lang/NoSuchMethodError'{0x00000006073d9758}: 'void java.lang.invoke.DirectMethodHandle$Holder.invokeSpecial(java.lang.Object, java.lang.Object, java.lang.Object, java.lang.Object, int, java.lang.Object, java.lang.Object)'> (0x00000006073d9758) 
thrown [s\open\src\hotspot\share\interpreter\linkResolver.cpp, line 796]
Event: 23.930 Thread 0x0000021d4a972d20 Exception <a 'java/lang/NoSuchMethodError'{0x0000000606deb120}: static Ljava/lang/Object;.<clinit>()V> (0x0000000606deb120) 
thrown [s\open\src\hotspot\share\prims\jni.cpp, line 1111]
Event: 23.931 Thread 0x0000021d4a972d20 Exception <a 'java/lang/NoSuchMethodError'{0x0000000606df3440}: static Lorg/jetbrains/kotlin/gradle/plugin/statistics/MetricContainer;.<clinit>()V> (0x0000000606df3440) 
thrown [s\open\src\hotspot\share\prims\jni.cpp, line 1111]
Event: 23.964 Thread 0x0000021d81eff6d0 Exception <a 'java/lang/NoSuchMethodError'{0x0000000606f491b8}: 'int java.lang.invoke.DirectMethodHandle$Holder.invokeSpecial(java.lang.Object, java.lang.Object, java.lang.Object, java.lang.Object, java.lang.Object)'> (0x0000000606f491b8) 
thrown [s\open\src\hotspot\share\interpreter\linkResolver.cpp, line 796]
Event: 24.060 Thread 0x0000021d81eff6d0 Exception <a 'java/lang/IncompatibleClassChangeError'{0x0000000606a4f850}: Found class java.lang.Object, but interface was expected> (0x0000000606a4f850) 
thrown [s\open\src\hotspot\share\interpreter\linkResolver.cpp, line 863]
Event: 24.383 Thread 0x0000021d81eff6d0 Exception <a 'java/lang/NoSuchMethodError'{0x000000060617c020}: static Ljava/lang/Object;.<clinit>()V> (0x000000060617c020) 
thrown [s\open\src\hotspot\share\prims\jni.cpp, line 1111]
Event: 24.620 Thread 0x0000021d81eff6d0 Exception <a 'java/lang/NoSuchMethodError'{0x0000000607f223c8}: 'int java.lang.invoke.DirectMethodHandle$Holder.invokeStaticInit(java.lang.Object, java.lang.Object, java.lang.Object, java.lang.Object, java.lang.Object)'> (0x0000000607f223c8) 
thrown [s\open\src\hotspot\share\interpreter\linkResolver.cpp, line 796]
Event: 24.667 Thread 0x0000021d49129340 Exception <a 'java/lang/NoSuchMethodError'{0x00000006070bd760}: static Lorg/gradle/internal/build/event/types/DefaultTaskSuccessResult;.<clinit>()V> (0x00000006070bd760) 
thrown [s\open\src\hotspot\share\prims\jni.cpp, line 1111]
Event: 24.674 Thread 0x0000021d81eff6d0 Exception <a 'sun/nio/fs/WindowsException'{0x00000006070a5cf0}> (0x00000006070a5cf0) 
thrown [s\open\src\hotspot\share\prims\jni.cpp, line 520]
Event: 24.707 Thread 0x0000021d81eff6d0 Exception <a 'sun/nio/fs/WindowsException'{0x00000006070a8260}> (0x00000006070a8260) 
thrown [s\open\src\hotspot\share\prims\jni.cpp, line 520]
Event: 24.707 Thread 0x0000021d81eff6d0 Exception <a 'sun/nio/fs/WindowsException'{0x00000006070aa620}> (0x00000006070aa620) 
thrown [s\open\src\hotspot\share\prims\jni.cpp, line 520]
Event: 24.709 Thread 0x0000021d81eff6d0 Exception <a 'sun/nio/fs/WindowsException'{0x00000006070ac758}> (0x00000006070ac758) 
thrown [s\open\src\hotspot\share\prims\jni.cpp, line 520]
Event: 24.717 Thread 0x0000021d81eff6d0 Exception <a 'sun/nio/fs/WindowsException'{0x000000060710edf0}> (0x000000060710edf0) 
thrown [s\open\src\hotspot\share\prims\jni.cpp, line 520]
Event: 24.718 Thread 0x0000021d81eff6d0 Exception <a 'sun/nio/fs/WindowsException'{0x00000006071110c8}> (0x00000006071110c8) 
thrown [s\open\src\hotspot\share\prims\jni.cpp, line 520]
Event: 24.718 Thread 0x0000021d81eff6d0 Exception <a 'sun/nio/fs/WindowsException'{0x0000000607112fd8}> (0x0000000607112fd8) 
thrown [s\open\src\hotspot\share\prims\jni.cpp, line 520]
Event: 25.211 Thread 0x0000021d49129340 Exception <a 'java/lang/NoSuchMethodError'{0x00000006072f1cc8}: static Lorg/gradle/internal/build/event/types/DefaultFileDownloadDescriptor;.<clinit>()V> (0x00000006072f1cc8) 
thrown [s\open\src\hotspot\share\prims\jni.cpp, line 1111]
Event: 25.221 Thread 0x0000021d49129340 Exception <a 'java/lang/NoSuchMethodError'{0x0000000606c05218}: static Lorg/gradle/internal/build/event/types/DefaultFileDownloadFailureResult;.<clinit>()V> (0x0000000606c05218) 
thrown [s\open\src\hotspot\share\prims\jni.cpp, line 1111]
Event: 25.331 Thread 0x0000021d49129340 Implicit null exception at 0x0000021d67a2b8e0 to 0x0000021d67a2b9bc
Event: 25.465 Thread 0x0000021d49db4860 Implicit null exception at 0x0000021d676fb490 to 0x0000021d676fbb18

VM Operations (20 events):
Event: 23.867 Executing VM operation: HandshakeAllThreads (Deoptimize) done
Event: 23.942 Executing VM operation: HandshakeAllThreads (Deoptimize)
Event: 23.942 Executing VM operation: HandshakeAllThreads (Deoptimize) done
Event: 23.966 Executing VM operation: HandshakeAllThreads (Deoptimize)
Event: 23.967 Executing VM operation: HandshakeAllThreads (Deoptimize) done
Event: 24.503 Executing VM operation: G1CollectForAllocation (G1 Evacuation Pause)
Event: 24.514 Executing VM operation: G1CollectForAllocation (G1 Evacuation Pause) done
Event: 24.661 Executing VM operation: HandshakeAllThreads (Deoptimize)
Event: 24.661 Executing VM operation: HandshakeAllThreads (Deoptimize) done
Event: 25.223 Executing VM operation: HandshakeAllThreads (Deoptimize)
Event: 25.223 Executing VM operation: HandshakeAllThreads (Deoptimize) done
Event: 25.300 Executing VM operation: G1CollectForAllocation (G1 Evacuation Pause)
Event: 25.307 Executing VM operation: G1CollectForAllocation (G1 Evacuation Pause) done
Event: 25.387 Executing VM operation: G1PauseRemark
Event: 25.393 Executing VM operation: G1PauseRemark done
Event: 25.422 Executing VM operation: G1PauseCleanup
Event: 25.423 Executing VM operation: G1PauseCleanup done
Event: 25.424 Executing VM operation: G1CollectForAllocation (G1 Evacuation Pause)
Event: 25.431 Executing VM operation: G1CollectForAllocation (G1 Evacuation Pause) done
Event: 25.614 Executing VM operation: G1CollectForAllocation (G1 Evacuation Pause)

Memory protections (0 events):
No events

Nmethod flushes (20 events):
Event: 25.391 Thread 0x0000021d79caae20 flushing  nmethod 0x0000021d679aca88
Event: 25.391 Thread 0x0000021d79caae20 flushing  nmethod 0x0000021d577aa808
Event: 25.391 Thread 0x0000021d79caae20 flushing  nmethod 0x0000021d57800e88
Event: 25.391 Thread 0x0000021d79caae20 flushing  nmethod 0x0000021d57808b08
Event: 25.391 Thread 0x0000021d79caae20 flushing  nmethod 0x0000021d578d2a88
Event: 25.391 Thread 0x0000021d79caae20 flushing  nmethod 0x0000021d578d3d88
Event: 25.391 Thread 0x0000021d79caae20 flushing  nmethod 0x0000021d578d4388
Event: 25.391 Thread 0x0000021d79caae20 flushing  nmethod 0x0000021d57400f88
Event: 25.391 Thread 0x0000021d79caae20 flushing  nmethod 0x0000021d5748ad88
Event: 25.391 Thread 0x0000021d79caae20 flushing  nmethod 0x0000021d57539388
Event: 25.391 Thread 0x0000021d79caae20 flushing  nmethod 0x0000021d57539688
Event: 25.391 Thread 0x0000021d79caae20 flushing  nmethod 0x0000021d57570a08
Event: 25.391 Thread 0x0000021d79caae20 flushing  nmethod 0x0000021d57761b08
Event: 25.391 Thread 0x0000021d79caae20 flushing  nmethod 0x0000021d5781c008
Event: 25.391 Thread 0x0000021d79caae20 flushing  nmethod 0x0000021d57913008
Event: 25.391 Thread 0x0000021d79caae20 flushing  nmethod 0x0000021d57978788
Event: 25.391 Thread 0x0000021d79caae20 flushing  nmethod 0x0000021d57979288
Event: 25.391 Thread 0x0000021d79caae20 flushing  nmethod 0x0000021d57a2a788
Event: 25.391 Thread 0x0000021d79caae20 flushing  nmethod 0x0000021d57ad6f08
Event: 25.391 Thread 0x0000021d79caae20 flushing  nmethod 0x0000021d57c9de88

Events (20 events):
Event: 24.547 Thread 0x0000021d81eff6d0 Thread added: 0x0000021d84a28100
Event: 24.548 Thread 0x0000021d81eff6d0 Thread added: 0x0000021d84a2cfc0
Event: 25.221 Thread 0x0000021d81284d30 Thread exited: 0x0000021d81284d30
Event: 25.221 Thread 0x0000021d81283f90 Thread exited: 0x0000021d81283f90
Event: 25.247 Thread 0x0000021d49db4860 Thread added: 0x0000021d84a2bc10
Event: 25.247 Thread 0x0000021d49db4860 Thread added: 0x0000021d84a2ea00
Event: 25.248 Thread 0x0000021d49db4860 Thread added: 0x0000021d84a2c2a0
Event: 25.248 Thread 0x0000021d49db4860 Thread added: 0x0000021d84a2d650
Event: 25.248 Thread 0x0000021d49db4860 Thread added: 0x0000021d84a2dce0
Event: 25.248 Thread 0x0000021d49db4860 Thread added: 0x0000021d84a2e370
Event: 25.248 Thread 0x0000021d49db4860 Thread added: 0x0000021d8407f480
Event: 25.257 Thread 0x0000021d79cdd600 Thread added: 0x0000021d812838c0
Event: 25.263 Thread 0x0000021d79cdd600 Thread added: 0x0000021d81286870
Event: 25.474 Thread 0x0000021d49db4860 Thread added: 0x0000021d84080ec0
Event: 25.477 Thread 0x0000021d49db4860 Thread added: 0x0000021d84081550
Event: 25.477 Thread 0x0000021d49db4860 Thread added: 0x0000021d84082900
Event: 25.478 Thread 0x0000021d49db4860 Thread added: 0x0000021d84082f90
Event: 25.478 Thread 0x0000021d49db4860 Thread added: 0x0000021d84081be0
Event: 25.478 Thread 0x0000021d49db4860 Thread added: 0x0000021d8407fb10
Event: 25.479 Thread 0x0000021d49db4860 Thread added: 0x0000021d84083620


Dynamic libraries:
0x00007ff6d5020000 - 0x00007ff6d5030000 	C:\Program Files\Java\jdk-23\bin\java.exe
0x00007fff79120000 - 0x00007fff79387000 	C:\WINDOWS\SYSTEM32\ntdll.dll
0x00007fff78d90000 - 0x00007fff78e59000 	C:\WINDOWS\System32\KERNEL32.DLL
0x00007fff76850000 - 0x00007fff76c40000 	C:\WINDOWS\System32\KERNELBASE.dll
0x00007fff763b0000 - 0x00007fff764fb000 	C:\WINDOWS\System32\ucrtbase.dll
0x00007fff601e0000 - 0x00007fff601f7000 	C:\Program Files\Java\jdk-23\bin\jli.dll
0x00007fff5dc10000 - 0x00007fff5dc2b000 	C:\Program Files\Java\jdk-23\bin\VCRUNTIME140.dll
0x00007fff78100000 - 0x00007fff782c5000 	C:\WINDOWS\System32\USER32.dll
0x00007fff69100000 - 0x00007fff6939a000 	C:\WINDOWS\WinSxS\amd64_microsoft.windows.common-controls_6595b64144ccf1df_6.0.26100.4768_none_3e0c112ce331287c\COMCTL32.dll
0x00007fff76e80000 - 0x00007fff76ea7000 	C:\WINDOWS\System32\win32u.dll
0x00007fff77430000 - 0x00007fff774d9000 	C:\WINDOWS\System32\msvcrt.dll
0x00007fff77140000 - 0x00007fff7716b000 	C:\WINDOWS\System32\GDI32.dll
0x00007fff76680000 - 0x00007fff767b8000 	C:\WINDOWS\System32\gdi32full.dll
0x00007fff76c50000 - 0x00007fff76cf3000 	C:\WINDOWS\System32\msvcp_win.dll
0x00007fff79060000 - 0x00007fff7908f000 	C:\WINDOWS\System32\IMM32.DLL
0x00007fff60ad0000 - 0x00007fff60adc000 	C:\Program Files\Java\jdk-23\bin\vcruntime140_1.dll
0x00007fff53c70000 - 0x00007fff53cfe000 	C:\Program Files\Java\jdk-23\bin\msvcp140.dll
0x00007ffee3450000 - 0x00007ffee419f000 	C:\Program Files\Java\jdk-23\bin\server\jvm.dll
0x00007fff76f70000 - 0x00007fff77024000 	C:\WINDOWS\System32\ADVAPI32.dll
0x00007fff77670000 - 0x00007fff77716000 	C:\WINDOWS\System32\sechost.dll
0x00007fff78b70000 - 0x00007fff78c88000 	C:\WINDOWS\System32\RPCRT4.dll
0x00007fff77270000 - 0x00007fff772e4000 	C:\WINDOWS\System32\WS2_32.dll
0x00007fff760d0000 - 0x00007fff7612e000 	C:\WINDOWS\SYSTEM32\POWRPROF.dll
0x00007fff68e50000 - 0x00007fff68e85000 	C:\WINDOWS\SYSTEM32\WINMM.dll
0x00007fff6e350000 - 0x00007fff6e35b000 	C:\WINDOWS\SYSTEM32\VERSION.dll
0x00007fff760b0000 - 0x00007fff760c4000 	C:\WINDOWS\SYSTEM32\UMPDC.dll
0x00007fff74fa0000 - 0x00007fff74fbb000 	C:\WINDOWS\SYSTEM32\kernel.appcore.dll
0x00007fff601d0000 - 0x00007fff601da000 	C:\Program Files\Java\jdk-23\bin\jimage.dll
0x00007fff73880000 - 0x00007fff73ac1000 	C:\WINDOWS\SYSTEM32\DBGHELP.DLL
0x00007fff787e0000 - 0x00007fff78b65000 	C:\WINDOWS\System32\combase.dll
0x00007fff772f0000 - 0x00007fff773d0000 	C:\WINDOWS\System32\OLEAUT32.dll
0x00007fff58c40000 - 0x00007fff58c83000 	C:\WINDOWS\SYSTEM32\dbgcore.DLL
0x00007fff76250000 - 0x00007fff762e9000 	C:\WINDOWS\System32\bcryptPrimitives.dll
0x00007fff72120000 - 0x00007fff7212f000 	C:\Program Files\Java\jdk-23\bin\instrument.dll
0x00007fff53c50000 - 0x00007fff53c6e000 	C:\Program Files\Java\jdk-23\bin\java.dll
0x00007fff77ef0000 - 0x00007fff78090000 	C:\WINDOWS\System32\ole32.dll
0x00007fff777a0000 - 0x00007fff77eed000 	C:\WINDOWS\System32\SHELL32.dll
0x00007fff76d00000 - 0x00007fff76e73000 	C:\WINDOWS\System32\wintypes.dll
0x00007fff73e10000 - 0x00007fff7466f000 	C:\WINDOWS\SYSTEM32\windows.storage.dll
0x00007fff77170000 - 0x00007fff77265000 	C:\WINDOWS\System32\SHCORE.dll
0x00007fff77030000 - 0x00007fff7709a000 	C:\WINDOWS\System32\shlwapi.dll
0x00007fff76170000 - 0x00007fff76199000 	C:\WINDOWS\SYSTEM32\profapi.dll
0x00007fff53b70000 - 0x00007fff53c47000 	C:\Program Files\Java\jdk-23\bin\jsvml.dll
0x00007fff53b50000 - 0x00007fff53b67000 	C:\Program Files\Java\jdk-23\bin\zip.dll
0x00007fff58ae0000 - 0x00007fff58af0000 	C:\Program Files\Java\jdk-23\bin\net.dll
0x00007fff75560000 - 0x00007fff755cb000 	C:\WINDOWS\system32\mswsock.dll
0x00007fff53240000 - 0x00007fff53256000 	C:\Program Files\Java\jdk-23\bin\nio.dll
0x00007fff58680000 - 0x00007fff58690000 	C:\Program Files\Java\jdk-23\bin\verify.dll
0x00007fff4fd80000 - 0x00007fff4fda7000 	C:\Users\SIMEON\.gradle\native\1def1411415f61bf3af743bc5b6707747c0891f09f0c88961ee8f79bc544acac\windows-amd64\native-platform.dll
0x0000000054a00000 - 0x0000000054a73000 	C:\Users\SIMEON\.gradle\native\0.2.5\x86_64-windows-gnu\gradle-fileevents.dll
0x00007fff72150000 - 0x00007fff7215a000 	C:\Program Files\Java\jdk-23\bin\management.dll
0x00007fff72140000 - 0x00007fff7214b000 	C:\Program Files\Java\jdk-23\bin\management_ext.dll
0x00007fff790a0000 - 0x00007fff790a8000 	C:\WINDOWS\System32\PSAPI.DLL
0x00007fff75820000 - 0x00007fff7583b000 	C:\WINDOWS\SYSTEM32\CRYPTSP.dll
0x00007fff74f00000 - 0x00007fff74f3b000 	C:\WINDOWS\system32\rsaenh.dll
0x00007fff75600000 - 0x00007fff7562b000 	C:\WINDOWS\SYSTEM32\USERENV.dll
0x00007fff76140000 - 0x00007fff76166000 	C:\WINDOWS\SYSTEM32\bcrypt.dll
0x00007fff75840000 - 0x00007fff7584c000 	C:\WINDOWS\SYSTEM32\CRYPTBASE.dll
0x00007fff74970000 - 0x00007fff749a3000 	C:\WINDOWS\SYSTEM32\IPHLPAPI.DLL
0x00007fff76eb0000 - 0x00007fff76eba000 	C:\WINDOWS\System32\NSI.dll
0x00007fff72130000 - 0x00007fff72139000 	C:\Program Files\Java\jdk-23\bin\extnet.dll
0x00007fff6e650000 - 0x00007fff6e65e000 	C:\Program Files\Java\jdk-23\bin\sunmscapi.dll
0x00007fff76500000 - 0x00007fff76677000 	C:\WINDOWS\System32\CRYPT32.dll
0x00007fff75a40000 - 0x00007fff75a70000 	C:\WINDOWS\SYSTEM32\ncrypt.dll
0x00007fff759f0000 - 0x00007fff75a2f000 	C:\WINDOWS\SYSTEM32\NTASN1.dll
0x00007ffeedc20000 - 0x00007ffeedc28000 	C:\WINDOWS\system32\wshunix.dll
0x0000000054980000 - 0x00000000549f3000 	C:\Users\SIMEON\AppData\Local\Temp\native-platform5708541224209113902dir\gradle-fileevents.dll
0x00007fff749b0000 - 0x00007fff74ad6000 	C:\WINDOWS\SYSTEM32\DNSAPI.dll
0x00007fff6eea0000 - 0x00007fff6eeab000 	C:\Windows\System32\rasadhlp.dll
0x00007fff5ebb0000 - 0x00007fff5ebc8000 	C:\WINDOWS\system32\napinsp.dll
0x00007fff5c280000 - 0x00007fff5c292000 	C:\WINDOWS\System32\winrnr.dll
0x00007fff09830000 - 0x00007fff09860000 	C:\WINDOWS\system32\nlansp_c.dll
0x00007fff4bba0000 - 0x00007fff4bbc0000 	C:\WINDOWS\system32\wshbth.dll
0x00007fff6d580000 - 0x00007fff6d606000 	C:\WINDOWS\System32\fwpuclnt.dll

dbghelp: loaded successfully - version: 4.0.5 - missing functions: none
symbol engine: initialized successfully - sym options: 0x614 - pdb path: .;C:\Program Files\Java\jdk-23\bin;C:\WINDOWS\SYSTEM32;C:\WINDOWS\WinSxS\amd64_microsoft.windows.common-controls_6595b64144ccf1df_6.0.26100.4768_none_3e0c112ce331287c;C:\Program Files\Java\jdk-23\bin\server;C:\Users\SIMEON\.gradle\native\1def1411415f61bf3af743bc5b6707747c0891f09f0c88961ee8f79bc544acac\windows-amd64;C:\Users\SIMEON\.gradle\native\0.2.5\x86_64-windows-gnu;C:\Users\SIMEON\AppData\Local\Temp\native-platform5708541224209113902dir

VM Arguments:
jvm_args: --add-opens=java.base/java.lang=ALL-UNNAMED --add-opens=java.base/java.lang.invoke=ALL-UNNAMED --add-opens=java.base/java.util=ALL-UNNAMED --add-opens=java.prefs/java.util.prefs=ALL-UNNAMED --add-exports=jdk.compiler/com.sun.tools.javac.api=ALL-UNNAMED --add-exports=jdk.compiler/com.sun.tools.javac.util=ALL-UNNAMED --add-opens=java.base/java.util=ALL-UNNAMED --add-opens=java.prefs/java.util.prefs=ALL-UNNAMED --add-opens=java.base/java.nio.charset=ALL-UNNAMED --add-opens=java.base/java.net=ALL-UNNAMED --add-opens=java.base/java.util.concurrent.atomic=ALL-UNNAMED --add-opens=java.xml/javax.xml.namespace=ALL-UNNAMED -XX:MaxMetaspaceSize=4G -XX:ReservedCodeCacheSize=512m -XX:+HeapDumpOnOutOfMemoryError -Xmx8G -Dfile.encoding=UTF-8 -Duser.country=FR -Duser.language=fr -Duser.variant -javaagent:C:\Users\SIMEON\.gradle\wrapper\dists\gradle-8.12-all\ejduaidbjup3bmmkhw3rie4zb\gradle-8.12\lib\agents\gradle-instrumentation-agent-8.12.jar 
java_command: org.gradle.launcher.daemon.bootstrap.GradleDaemon 8.12
java_class_path (initial): C:\Users\SIMEON\.gradle\wrapper\dists\gradle-8.12-all\ejduaidbjup3bmmkhw3rie4zb\gradle-8.12\lib\gradle-daemon-main-8.12.jar
Launcher Type: SUN_STANDARD

[Global flags]
     intx CICompilerCount                          = 4                                         {product} {ergonomic}
     uint ConcGCThreads                            = 2                                         {product} {ergonomic}
     uint G1ConcRefinementThreads                  = 8                                         {product} {ergonomic}
   size_t G1HeapRegionSize                         = 4194304                                   {product} {ergonomic}
     bool HeapDumpOnOutOfMemoryError               = true                                   {manageable} {command line}
   size_t InitialHeapSize                          = 134217728                                 {product} {ergonomic}
   size_t MarkStackSize                            = 4194304                                   {product} {ergonomic}
   size_t MarkStackSizeMax                         = 536870912                                 {product} {ergonomic}
   size_t MaxHeapSize                              = 8589934592                                {product} {command line}
   size_t MaxMetaspaceSize                         = 4294967296                                {product} {command line}
   size_t MaxNewSize                               = 5150605312                                {product} {ergonomic}
   size_t MinHeapDeltaBytes                        = 4194304                                   {product} {ergonomic}
   size_t MinHeapSize                              = 8388608                                   {product} {ergonomic}
    uintx NonNMethodCodeHeapSize                   = 5832704                                {pd product} {ergonomic}
    uintx NonProfiledCodeHeapSize                  = 265551872                              {pd product} {ergonomic}
    uintx ProfiledCodeHeapSize                     = 265486336                              {pd product} {ergonomic}
    uintx ReservedCodeCacheSize                    = 536870912                              {pd product} {command line, ergonomic}
     bool SegmentedCodeCache                       = true                                      {product} {ergonomic}
   size_t SoftMaxHeapSize                          = 8589934592                             {manageable} {ergonomic}
     bool UseCompressedOops                        = true                           {product lp64_product} {ergonomic}
     bool UseG1GC                                  = true                                      {product} {ergonomic}
     bool UseLargePagesIndividualAllocation        = false                                  {pd product} {ergonomic}

Logging:
Log output configuration:
 #0: stdout all=warning uptime,level,tags foldmultilines=false
 #1: stderr all=off uptime,level,tags foldmultilines=false

Environment Variables:
PATH=C:\Program Files\Common Files\Oracle\Java\javapath;C:\WINDOWS\system32;C:\WINDOWS;C:\WINDOWS\System32\Wbem;C:\WINDOWS\System32\WindowsPowerShell\v1.0\;C:\WINDOWS\System32\OpenSSH\;C:\Program Files\dotnet\;C:\laragon\bin\nginx\nginx-1.22.0;C:\laragon\bin;C:\laragon\bin\apache\httpd-2.4.54-win64-VS16\bin;C:\laragon\bin\composer;C:\laragon\bin\git\bin;C:\laragon\bin\git\cmd;C:\laragon\bin\git\mingw64\bin;C:\laragon\bin\git\usr\bin;C:\laragon\bin\laragon\utils;C:\laragon\bin\mysql\mysql-8.0.30-winx64\bin;C:\laragon\bin\nginx\nginx-1.22.0;C:\laragon\bin\ngrok;C:\laragon\bin\nodejs\node-v22;C:\laragon\bin\notepad++;C:\laragon\bin\php\php-8.1.10-Win32-vs16-x64;C:\laragon\bin\python\python-3.10;C:\laragon\bin\python\python-3.10\Scripts;C:\laragon\bin\redis\redis-x64-5.0.14.1;C:\laragon\bin\telnet;C:\laragon\usr\bin;C:\Users\SIMEON\AppData\Local\Yarn\config\global\node_modules\.bin;C:\Users\SIMEON\AppData\Roaming\Composer\vendor\bin;C:\Users\SIMEON\AppData\Roaming\npm;C:\Users\SIMEON\AppData\Local\Microsoft\WindowsApps;C:\Users\SIMEON\AppData\Local\Programs\MiKTeX 2.9\miktex\bin\x64\;C:\Mingw\bin;C:\Users\SIMEON\AppData\Local\Programs\Microsoft VS Code\bin;C:\Users\SIMEON\AppData\Local\Programs\Hyper\resources\bin;C:\Users\SIMEON\developementmobile\flutter\bin;
USERNAME=SIMEON
OS=Windows_NT
PROCESSOR_IDENTIFIER=Intel64 Family 6 Model 142 Stepping 10, GenuineIntel
TMP=C:\Users\SIMEON\AppData\Local\Temp
TEMP=C:\Users\SIMEON\AppData\Local\Temp




Periodic native trim disabled

---------------  S Y S T E M  ---------------

OS:
 Windows 11 , 64 bit Build 26100 (10.0.26100.4768)
OS uptime: 0 days 0:38 hours
Hyper-V role detected

CPU: total 8 (initial active 8) (4 cores per cpu, 2 threads per core) family 6 model 142 stepping 10 microcode 0xf0, cx8, cmov, fxsr, ht, mmx, 3dnowpref, sse, sse2, sse3, ssse3, sse4.1, sse4.2, popcnt, lzcnt, tsc, tscinvbit, avx, avx2, aes, erms, clmul, bmi1, bmi2, adx, fma, vzeroupper, clflush, clflushopt, hv, rdtscp, f16c
Processor Information for the first 8 processors :
  Max Mhz: 1800, Current Mhz: 1600, Mhz Limit: 1584

Memory: 4k page, system-wide physical 8089M (757M free)
TotalPageFile size 10137M (AvailPageFile size 222M)
current process WorkingSet (physical memory assigned to process): 376M, peak: 386M
current process commit charge ("private bytes"): 420M, peak: 637M

vm_info: Java HotSpot(TM) 64-Bit Server VM (23.0.1+11-39) for windows-amd64 JRE (23.0.1+11-39), built on 2024-09-30T07:20:43Z with MS VC++ 17.6 (VS2022)

END.
