#
# There is insufficient memory for the Java Runtime Environment to continue.
# Native memory allocation (malloc) failed to allocate 1850832 bytes. Error detail: Chunk::new
# Possible reasons:
#   The system is out of physical RAM or swap space
#   This process is running with CompressedOops enabled, and the Java Heap may be blocking the growth of the native heap
# Possible solutions:
#   Reduce memory load on the system
#   Increase physical memory or swap space
#   Check if swap backing store is full
#   Decrease Java heap size (-Xmx/-Xms)
#   Decrease number of Java threads
#   Decrease Java thread stack sizes (-Xss)
#   Set larger code cache with -XX:ReservedCodeCacheSize=
#   JVM is running with Zero Based Compressed Oops mode in which the Java heap is
#     placed in the first 32GB address space. The Java Heap base address is the
#     maximum limit for the native heap growth. Please use -XX:HeapBaseMinAddress
#     to set the Java Heap base and to place the Java Heap above 32GB virtual address.
# This output file may be truncated or incomplete.
#
#  Out of Memory Error (arena.cpp:149), pid=5100, tid=12704
#
# JRE version: Java(TM) SE Runtime Environment (23.0.1+11) (build 23.0.1+11-39)
# Java VM: Java HotSpot(TM) 64-Bit Server VM (23.0.1+11-39, mixed mode, sharing, tiered, compressed oops, compressed class ptrs, g1 gc, windows-amd64)
# No core dump will be written. Minidumps are not enabled by default on client versions of Windows
#

---------------  S U M M A R Y ------------

Command Line: --add-opens=java.base/java.lang=ALL-UNNAMED --add-opens=java.base/java.lang.invoke=ALL-UNNAMED --add-opens=java.base/java.util=ALL-UNNAMED --add-opens=java.prefs/java.util.prefs=ALL-UNNAMED --add-exports=jdk.compiler/com.sun.tools.javac.api=ALL-UNNAMED --add-exports=jdk.compiler/com.sun.tools.javac.util=ALL-UNNAMED --add-opens=java.base/java.util=ALL-UNNAMED --add-opens=java.prefs/java.util.prefs=ALL-UNNAMED --add-opens=java.base/java.nio.charset=ALL-UNNAMED --add-opens=java.base/java.net=ALL-UNNAMED --add-opens=java.base/java.util.concurrent.atomic=ALL-UNNAMED --add-opens=java.xml/javax.xml.namespace=ALL-UNNAMED -XX:MaxMetaspaceSize=4G -XX:ReservedCodeCacheSize=512m -XX:+HeapDumpOnOutOfMemoryError -Xmx8G -Dfile.encoding=UTF-8 -Duser.country=FR -Duser.language=fr -Duser.variant -javaagent:C:\Users\SIMEON\.gradle\wrapper\dists\gradle-8.12-all\ejduaidbjup3bmmkhw3rie4zb\gradle-8.12\lib\agents\gradle-instrumentation-agent-8.12.jar org.gradle.launcher.daemon.bootstrap.GradleDaemon 8.12

Host: Intel(R) Core(TM) i5-8250U CPU @ 1.60GHz, 8 cores, 7G,  Windows 11 , 64 bit Build 26100 (10.0.26100.4768)
Time: Tue Aug 12 10:04:24 2025 Paris, Madrid elapsed time: 172.822895 seconds (0d 0h 2m 52s)

---------------  T H R E A D  ---------------

Current thread (0x000002adfe9ee0d0):  JavaThread "C2 CompilerThread0" daemon [_thread_in_native, id=12704, stack(0x000000bf33300000,0x000000bf33400000) (1024K)]


Current CompileTask:
C2:172823 25971   !   4       java.net.URLClassLoader::defineClass (224 bytes)

Stack: [0x000000bf33300000,0x000000bf33400000]
Native frames: (J=compiled Java code, j=interpreted, Vv=VM code, C=native code)
V  [jvm.dll+0x6e08b9]  (no source info available)
V  [jvm.dll+0x87dc83]  (no source info available)
V  [jvm.dll+0x88010e]  (no source info available)
V  [jvm.dll+0x8807e3]  (no source info available)
V  [jvm.dll+0x27aee6]  (no source info available)
V  [jvm.dll+0xbc06f]  (no source info available)
V  [jvm.dll+0xbc2cb]  (no source info available)
V  [jvm.dll+0x3b3a9c]  (no source info available)
V  [jvm.dll+0x38a42b]  (no source info available)
V  [jvm.dll+0x38989a]  (no source info available)
V  [jvm.dll+0x244aa1]  (no source info available)
V  [jvm.dll+0x243dff]  (no source info available)
V  [jvm.dll+0x1c33a0]  (no source info available)
V  [jvm.dll+0x253cf1]  (no source info available)
V  [jvm.dll+0x251faa]  (no source info available)
V  [jvm.dll+0x3ee036]  (no source info available)
V  [jvm.dll+0x824f8b]  (no source info available)
V  [jvm.dll+0x6df065]  (no source info available)
C  [ucrtbase.dll+0x37b0]  (no source info available)
C  [KERNEL32.DLL+0x2e8d7]  (no source info available)
C  [ntdll.dll+0x3c34c]  (no source info available)

Lock stack of current Java thread (top to bottom):


---------------  P R O C E S S  ---------------

Threads class SMR info:
_java_thread_list=0x000002ae1b5bef00, length=92, elements={
0x000002add39dff70, 0x000002adfe9d3140, 0x000002adfe9d49c0, 0x000002adfe9d86e0,
0x000002adfe9db630, 0x000002adfe9ddad0, 0x000002adfe9eaad0, 0x000002adfe9ee0d0,
0x000002adfe9f1310, 0x000002adcf0f8580, 0x000002adcf2b50f0, 0x000002adff2d7f60,
0x000002adff2efd60, 0x000002adff386f10, 0x000002adff3c1550, 0x000002adff48a370,
0x000002adff42a630, 0x000002adff42b350, 0x000002adff42cd90, 0x000002adcf644220,
0x000002adcf642e70, 0x000002adcf641ac0, 0x000002adcf647010, 0x000002adcf645c60,
0x000002adcf8905a0, 0x000002adffbe59b0, 0x000002adffbe3f70, 0x000002adffbe6040,
0x000002adffbe38e0, 0x000002adffbe2bc0, 0x000002adffbe66d0, 0x000002adffbe4600,
0x000002adffbe4c90, 0x000002adffbe3250, 0x000002adffbe6d60, 0x000002adffbe87a0,
0x000002adffbe73f0, 0x000002adffbe94c0, 0x000002ae0481f1b0, 0x000002ae0481fed0,
0x000002ae04821910, 0x000002ae04820bf0, 0x000002ae04821280, 0x000002ae0481e490,
0x000002ae04824070, 0x000002ae04825420, 0x000002ae04822cc0, 0x000002ae04822630,
0x000002ae04821fa0, 0x000002adcf891950, 0x000002adcf892670, 0x000002adcf893390,
0x000002adcf88ff10, 0x000002adcf894740, 0x000002adcf8912c0, 0x000002adcf896180,
0x000002adcf892d00, 0x000002ae01835ab0, 0x000002ae01837b80, 0x000002ae01838f30,
0x000002ae018395c0, 0x000002ae01839c50, 0x000002ae141b4e90, 0x000002ae141b9d50,
0x000002ae141b68d0, 0x000002ae141b6f60, 0x000002ae141bbe20, 0x000002ae141bcb40,
0x000002adcf647d30, 0x000002adcf6476a0, 0x000002adcf648a50, 0x000002adff42c700,
0x000002adff42b9e0, 0x000002adff42c070, 0x000002adff42d420, 0x000002ae00837080,
0x000002ae04d27c80, 0x000002ae05ed34c0, 0x000002ae1446d7b0, 0x000002ae1446ff10,
0x000002ae144705a0, 0x000002ae1446d120, 0x000002ae1446eb60, 0x000002ae14470c30,
0x000002ae14471950, 0x000002ae1446e4d0, 0x000002ae144712c0, 0x000002ae14471fe0,
0x000002ae14472670, 0x000002ae1446f1f0, 0x000002ae1391fa30, 0x000002ae14472d00
}

Java Threads: ( => current thread )
  0x000002add39dff70 JavaThread "main"                              [_thread_blocked, id=13672, stack(0x000000bf32500000,0x000000bf32600000) (1024K)]
  0x000002adfe9d3140 JavaThread "Reference Handler"          daemon [_thread_blocked, id=4620, stack(0x000000bf32d00000,0x000000bf32e00000) (1024K)]
  0x000002adfe9d49c0 JavaThread "Finalizer"                  daemon [_thread_blocked, id=12228, stack(0x000000bf32e00000,0x000000bf32f00000) (1024K)]
  0x000002adfe9d86e0 JavaThread "Signal Dispatcher"          daemon [_thread_blocked, id=9964, stack(0x000000bf32f00000,0x000000bf33000000) (1024K)]
  0x000002adfe9db630 JavaThread "Attach Listener"            daemon [_thread_blocked, id=14736, stack(0x000000bf33000000,0x000000bf33100000) (1024K)]
  0x000002adfe9ddad0 JavaThread "Service Thread"             daemon [_thread_blocked, id=7736, stack(0x000000bf33100000,0x000000bf33200000) (1024K)]
  0x000002adfe9eaad0 JavaThread "Monitor Deflation Thread"   daemon [_thread_blocked, id=13644, stack(0x000000bf33200000,0x000000bf33300000) (1024K)]
=>0x000002adfe9ee0d0 JavaThread "C2 CompilerThread0"         daemon [_thread_in_native, id=12704, stack(0x000000bf33300000,0x000000bf33400000) (1024K)]
  0x000002adfe9f1310 JavaThread "C1 CompilerThread0"         daemon [_thread_blocked, id=12780, stack(0x000000bf33400000,0x000000bf33500000) (1024K)]
  0x000002adcf0f8580 JavaThread "Common-Cleaner"             daemon [_thread_blocked, id=13548, stack(0x000000bf33500000,0x000000bf33600000) (1024K)]
  0x000002adcf2b50f0 JavaThread "Notification Thread"        daemon [_thread_blocked, id=9264, stack(0x000000bf33700000,0x000000bf33800000) (1024K)]
  0x000002adff2d7f60 JavaThread "Daemon health stats"               [_thread_blocked, id=3136, stack(0x000000bf33d00000,0x000000bf33e00000) (1024K)]
  0x000002adff2efd60 JavaThread "Incoming local TCP Connector on port 51905"        [_thread_in_native, id=3328, stack(0x000000bf33600000,0x000000bf33700000) (1024K)]
  0x000002adff386f10 JavaThread "Daemon periodic checks"            [_thread_blocked, id=7132, stack(0x000000bf33f00000,0x000000bf34000000) (1024K)]
  0x000002adff3c1550 JavaThread "Daemon"                            [_thread_blocked, id=11624, stack(0x000000bf34000000,0x000000bf34100000) (1024K)]
  0x000002adff48a370 JavaThread "Daemon worker"                     [_thread_blocked, id=10616, stack(0x000000bf34300000,0x000000bf34400000) (1024K)]
  0x000002adff42a630 JavaThread "Cache worker for journal cache (C:\Users\SIMEON\.gradle\caches\journal-1)"        [_thread_blocked, id=3388, stack(0x000000bf34800000,0x000000bf34900000) (1024K)]
  0x000002adff42b350 JavaThread "File lock request listener"        [_thread_in_native, id=13652, stack(0x000000bf34900000,0x000000bf34a00000) (1024K)]
  0x000002adff42cd90 JavaThread "Cache worker for file hash cache (C:\Users\SIMEON\.gradle\caches\8.12\fileHashes)"        [_thread_blocked, id=10908, stack(0x000000bf34a00000,0x000000bf34b00000) (1024K)]
  0x000002adcf644220 JavaThread "File watcher server"        daemon [_thread_in_native, id=1684, stack(0x000000bf34b00000,0x000000bf34c00000) (1024K)]
  0x000002adcf642e70 JavaThread "File watcher consumer"      daemon [_thread_blocked, id=14716, stack(0x000000bf34c00000,0x000000bf34d00000) (1024K)]
  0x000002adcf641ac0 JavaThread "jar transforms"                    [_thread_blocked, id=13024, stack(0x000000bf35100000,0x000000bf35200000) (1024K)]
  0x000002adcf647010 JavaThread "jar transforms Thread 2"           [_thread_blocked, id=13572, stack(0x000000bf35200000,0x000000bf35300000) (1024K)]
  0x000002adcf645c60 JavaThread "Cache worker for file content cache (C:\Users\SIMEON\.gradle\caches\8.12\fileContent)"        [_thread_blocked, id=8160, stack(0x000000bf35500000,0x000000bf35600000) (1024K)]
  0x000002adcf8905a0 JavaThread "Memory manager"                    [_thread_blocked, id=11128, stack(0x000000bf36500000,0x000000bf36600000) (1024K)]
  0x000002adffbe59b0 JavaThread "VFS cleanup"                       [_thread_blocked, id=10236, stack(0x000000bf32300000,0x000000bf32400000) (1024K)]
  0x000002adffbe3f70 JavaThread "File lock release action executor"        [_thread_blocked, id=3320, stack(0x000000bf32400000,0x000000bf32500000) (1024K)]
  0x000002adffbe6040 JavaThread "Handler for socket connection from /127.0.0.1:51905 to /127.0.0.1:51957"        [_thread_in_native, id=6756, stack(0x000000bf32200000,0x000000bf32300000) (1024K)]
  0x000002adffbe38e0 JavaThread "Cancel handler"                    [_thread_blocked, id=11304, stack(0x000000bf34100000,0x000000bf34200000) (1024K)]
  0x000002adffbe2bc0 JavaThread "Asynchronous log dispatcher for DefaultDaemonConnection: socket connection from /127.0.0.1:51905 to /127.0.0.1:51957"        [_thread_blocked, id=12836, stack(0x000000bf34200000,0x000000bf34300000) (1024K)]
  0x000002adffbe66d0 JavaThread "Stdin handler"                     [_thread_blocked, id=11492, stack(0x000000bf34400000,0x000000bf34500000) (1024K)]
  0x000002adffbe4600 JavaThread "Daemon client event forwarder"        [_thread_blocked, id=1904, stack(0x000000bf34500000,0x000000bf34600000) (1024K)]
  0x000002adffbe4c90 JavaThread "Cache worker for file hash cache (C:\Users\SIMEON\developementmobile\test\android\.gradle\8.12\fileHashes)"        [_thread_blocked, id=8832, stack(0x000000bf34600000,0x000000bf34700000) (1024K)]
  0x000002adffbe3250 JavaThread "Cache worker for Build Output Cleanup Cache (C:\Users\SIMEON\developementmobile\test\android\.gradle\buildOutputCleanup)"        [_thread_blocked, id=9988, stack(0x000000bf34e00000,0x000000bf34f00000) (1024K)]
  0x000002adffbe6d60 JavaThread "jar transforms Thread 3"           [_thread_blocked, id=7836, stack(0x000000bf35000000,0x000000bf35100000) (1024K)]
  0x000002adffbe87a0 JavaThread "jar transforms Thread 4"           [_thread_blocked, id=9584, stack(0x000000bf35300000,0x000000bf35400000) (1024K)]
  0x000002adffbe73f0 JavaThread "jar transforms Thread 5"           [_thread_blocked, id=5748, stack(0x000000bf35400000,0x000000bf35500000) (1024K)]
  0x000002adffbe94c0 JavaThread "jar transforms Thread 6"           [_thread_blocked, id=9816, stack(0x000000bf35700000,0x000000bf35800000) (1024K)]
  0x000002ae0481f1b0 JavaThread "jar transforms Thread 7"           [_thread_blocked, id=6456, stack(0x000000bf35800000,0x000000bf35900000) (1024K)]
  0x000002ae0481fed0 JavaThread "Cache worker for checksums cache (C:\Users\SIMEON\developementmobile\test\android\.gradle\8.12\checksums)"        [_thread_blocked, id=6236, stack(0x000000bf35900000,0x000000bf35a00000) (1024K)]
  0x000002ae04821910 JavaThread "jar transforms Thread 8"           [_thread_blocked, id=12004, stack(0x000000bf35a00000,0x000000bf35b00000) (1024K)]
  0x000002ae04820bf0 JavaThread "Cache worker for cache directory md-rule (C:\Users\SIMEON\.gradle\caches\8.12\md-rule)"        [_thread_blocked, id=11528, stack(0x000000bf35b00000,0x000000bf35c00000) (1024K)]
  0x000002ae04821280 JavaThread "Cache worker for cache directory md-supplier (C:\Users\SIMEON\.gradle\caches\8.12\md-supplier)"        [_thread_blocked, id=13436, stack(0x000000bf35c00000,0x000000bf35d00000) (1024K)]
  0x000002ae0481e490 JavaThread "Cache worker for Build Output Cleanup Cache (C:\Users\SIMEON\developementmobile\flutter\packages\flutter_tools\gradle\.gradle\buildOutputCleanup)"        [_thread_blocked, id=7256, stack(0x000000bf35d00000,0x000000bf35e00000) (1024K)]
  0x000002ae04824070 JavaThread "Unconstrained build operations"        [_thread_blocked, id=7888, stack(0x000000bf35e00000,0x000000bf35f00000) (1024K)]
  0x000002ae04825420 JavaThread "Unconstrained build operations Thread 2"        [_thread_blocked, id=14396, stack(0x000000bf35f00000,0x000000bf36000000) (1024K)]
  0x000002ae04822cc0 JavaThread "Unconstrained build operations Thread 3"        [_thread_blocked, id=1772, stack(0x000000bf36000000,0x000000bf36100000) (1024K)]
  0x000002ae04822630 JavaThread "Unconstrained build operations Thread 4"        [_thread_blocked, id=8444, stack(0x000000bf36100000,0x000000bf36200000) (1024K)]
  0x000002ae04821fa0 JavaThread "Unconstrained build operations Thread 5"        [_thread_blocked, id=5124, stack(0x000000bf36200000,0x000000bf36300000) (1024K)]
  0x000002adcf891950 JavaThread "Unconstrained build operations Thread 6"        [_thread_blocked, id=7112, stack(0x000000bf36300000,0x000000bf36400000) (1024K)]
  0x000002adcf892670 JavaThread "Unconstrained build operations Thread 7"        [_thread_blocked, id=1136, stack(0x000000bf36400000,0x000000bf36500000) (1024K)]
  0x000002adcf893390 JavaThread "Unconstrained build operations Thread 8"        [_thread_blocked, id=12372, stack(0x000000bf36600000,0x000000bf36700000) (1024K)]
  0x000002adcf88ff10 JavaThread "Unconstrained build operations Thread 9"        [_thread_blocked, id=6796, stack(0x000000bf36700000,0x000000bf36800000) (1024K)]
  0x000002adcf894740 JavaThread "Unconstrained build operations Thread 10"        [_thread_blocked, id=12820, stack(0x000000bf36800000,0x000000bf36900000) (1024K)]
  0x000002adcf8912c0 JavaThread "Unconstrained build operations Thread 11"        [_thread_blocked, id=6440, stack(0x000000bf36900000,0x000000bf36a00000) (1024K)]
  0x000002adcf896180 JavaThread "Unconstrained build operations Thread 12"        [_thread_blocked, id=10964, stack(0x000000bf36a00000,0x000000bf36b00000) (1024K)]
  0x000002adcf892d00 JavaThread "Unconstrained build operations Thread 13"        [_thread_blocked, id=10628, stack(0x000000bf36b00000,0x000000bf36c00000) (1024K)]
  0x000002ae01835ab0 JavaThread "Unconstrained build operations Thread 14"        [_thread_blocked, id=8868, stack(0x000000bf36c00000,0x000000bf36d00000) (1024K)]
  0x000002ae01837b80 JavaThread "build event listener"              [_thread_blocked, id=14920, stack(0x000000bf36d00000,0x000000bf36e00000) (1024K)]
  0x000002ae01838f30 JavaThread "included builds"                   [_thread_blocked, id=12656, stack(0x000000bf36e00000,0x000000bf36f00000) (1024K)]
  0x000002ae018395c0 JavaThread "Execution worker"                  [_thread_blocked, id=14632, stack(0x000000bf36f00000,0x000000bf37000000) (1024K)]
  0x000002ae01839c50 JavaThread "Execution worker Thread 2"         [_thread_blocked, id=5432, stack(0x000000bf37000000,0x000000bf37100000) (1024K)]
  0x000002ae141b4e90 JavaThread "Execution worker Thread 3"         [_thread_blocked, id=8620, stack(0x000000bf37100000,0x000000bf37200000) (1024K)]
  0x000002ae141b9d50 JavaThread "Execution worker Thread 4"         [_thread_blocked, id=1096, stack(0x000000bf37200000,0x000000bf37300000) (1024K)]
  0x000002ae141b68d0 JavaThread "Execution worker Thread 5"         [_thread_blocked, id=7524, stack(0x000000bf37300000,0x000000bf37400000) (1024K)]
  0x000002ae141b6f60 JavaThread "Execution worker Thread 6"         [_thread_blocked, id=10696, stack(0x000000bf37400000,0x000000bf37500000) (1024K)]
  0x000002ae141bbe20 JavaThread "Execution worker Thread 7"         [_thread_blocked, id=5924, stack(0x000000bf37500000,0x000000bf37600000) (1024K)]
  0x000002ae141bcb40 JavaThread "Cache worker for execution history cache (C:\Users\SIMEON\developementmobile\flutter\packages\flutter_tools\gradle\.gradle\8.12\executionHistory)"        [_thread_blocked, id=14060, stack(0x000000bf37600000,0x000000bf37700000) (1024K)]
  0x000002adcf647d30 JavaThread "Unconstrained build operations Thread 15"        [_thread_blocked, id=13316, stack(0x000000bf37700000,0x000000bf37800000) (1024K)]
  0x000002adcf6476a0 JavaThread "Unconstrained build operations Thread 16"        [_thread_blocked, id=11564, stack(0x000000bf37800000,0x000000bf37900000) (1024K)]
  0x000002adcf648a50 JavaThread "Unconstrained build operations Thread 17"        [_thread_blocked, id=7364, stack(0x000000bf37900000,0x000000bf37a00000) (1024K)]
  0x000002adff42c700 JavaThread "Unconstrained build operations Thread 18"        [_thread_blocked, id=8404, stack(0x000000bf37a00000,0x000000bf37b00000) (1024K)]
  0x000002adff42b9e0 JavaThread "Unconstrained build operations Thread 19"        [_thread_blocked, id=12860, stack(0x000000bf37b00000,0x000000bf37c00000) (1024K)]
  0x000002adff42c070 JavaThread "Unconstrained build operations Thread 20"        [_thread_blocked, id=8932, stack(0x000000bf37c00000,0x000000bf37d00000) (1024K)]
  0x000002adff42d420 JavaThread "Unconstrained build operations Thread 21"        [_thread_blocked, id=10136, stack(0x000000bf37d00000,0x000000bf37e00000) (1024K)]
  0x000002ae00837080 JavaThread "Unconstrained build operations Thread 22"        [_thread_blocked, id=9560, stack(0x000000bf37e00000,0x000000bf37f00000) (1024K)]
  0x000002ae04d27c80 JavaThread "Unconstrained build operations Thread 23"        [_thread_blocked, id=8040, stack(0x000000bf37f00000,0x000000bf38000000) (1024K)]
  0x000002ae05ed34c0 JavaThread "Unconstrained build operations Thread 24"        [_thread_blocked, id=15132, stack(0x000000bf38000000,0x000000bf38100000) (1024K)]
  0x000002ae1446d7b0 JavaThread "Unconstrained build operations Thread 25"        [_thread_blocked, id=12632, stack(0x000000bf38100000,0x000000bf38200000) (1024K)]
  0x000002ae1446ff10 JavaThread "Unconstrained build operations Thread 26"        [_thread_blocked, id=4772, stack(0x000000bf38200000,0x000000bf38300000) (1024K)]
  0x000002ae144705a0 JavaThread "Unconstrained build operations Thread 27"        [_thread_blocked, id=7636, stack(0x000000bf38300000,0x000000bf38400000) (1024K)]
  0x000002ae1446d120 JavaThread "Unconstrained build operations Thread 28"        [_thread_blocked, id=13400, stack(0x000000bf38400000,0x000000bf38500000) (1024K)]
  0x000002ae1446eb60 JavaThread "Unconstrained build operations Thread 29"        [_thread_blocked, id=14108, stack(0x000000bf38500000,0x000000bf38600000) (1024K)]
  0x000002ae14470c30 JavaThread "Unconstrained build operations Thread 30"        [_thread_blocked, id=11792, stack(0x000000bf38600000,0x000000bf38700000) (1024K)]
  0x000002ae14471950 JavaThread "WorkerExecutor Queue"              [_thread_in_native, id=9084, stack(0x000000bf38700000,0x000000bf38800000) (1024K)]
  0x000002ae1446e4d0 JavaThread "RMI Scheduler(0)"           daemon [_thread_blocked, id=14384, stack(0x000000bf34f00000,0x000000bf35000000) (1024K)]
  0x000002ae144712c0 JavaThread "RMI RenewClean-[127.0.0.1:17669,org.jetbrains.kotlin.daemon.common.LoopbackNetworkInterface$ClientLoopbackSocketFactory@1ad52fce]" daemon [_thread_blocked, id=11136, stack(0x000000bf35600000,0x000000bf35700000) (1024K)]
  0x000002ae14471fe0 JavaThread "RMI GC Daemon"              daemon [_thread_blocked, id=13708, stack(0x000000bf38800000,0x000000bf38900000) (1024K)]
  0x000002ae14472670 JavaThread "RMI TCP Accept-0"           daemon [_thread_in_native, id=13104, stack(0x000000bf38900000,0x000000bf38a00000) (1024K)]
  0x000002ae1446f1f0 JavaThread "RMI Reaper"                        [_thread_blocked, id=12052, stack(0x000000bf38a00000,0x000000bf38b00000) (1024K)]
  0x000002ae1391fa30 JavaThread "C2 CompilerThread1"         daemon [_thread_in_native, id=5160, stack(0x000000bf38b00000,0x000000bf38c00000) (1024K)]
  0x000002ae14472d00 JavaThread "RMI TCP Connection(1)-127.0.0.1" daemon [_thread_in_native, id=2640, stack(0x000000bf38c00000,0x000000bf38d00000) (1024K)]
Total: 92

Other Threads:
  0x000002adfe9bb9b0 VMThread "VM Thread"                           [id=9448, stack(0x000000bf32c00000,0x000000bf32d00000) (1024K)]
  0x000002adfe9ab5e0 WatcherThread "VM Periodic Task Thread"        [id=2156, stack(0x000000bf32b00000,0x000000bf32c00000) (1024K)]
  0x000002add3a89890 WorkerThread "GC Thread#0"                     [id=11836, stack(0x000000bf32600000,0x000000bf32700000) (1024K)]
  0x000002adcf7c0930 WorkerThread "GC Thread#1"                     [id=3300, stack(0x000000bf33800000,0x000000bf33900000) (1024K)]
  0x000002adcf6724b0 WorkerThread "GC Thread#2"                     [id=6912, stack(0x000000bf33900000,0x000000bf33a00000) (1024K)]
  0x000002adcf7c4180 WorkerThread "GC Thread#3"                     [id=10692, stack(0x000000bf33a00000,0x000000bf33b00000) (1024K)]
  0x000002adcff8d370 WorkerThread "GC Thread#4"                     [id=9356, stack(0x000000bf33b00000,0x000000bf33c00000) (1024K)]
  0x000002adcff8cfc0 WorkerThread "GC Thread#5"                     [id=5096, stack(0x000000bf33c00000,0x000000bf33d00000) (1024K)]
  0x000002add09c5830 WorkerThread "GC Thread#6"                     [id=4544, stack(0x000000bf33e00000,0x000000bf33f00000) (1024K)]
  0x000002add09c7d10 WorkerThread "GC Thread#7"                     [id=9284, stack(0x000000bf34700000,0x000000bf34800000) (1024K)]
  0x000002adfe804090 ConcurrentGCThread "G1 Main Marker"            [id=9576, stack(0x000000bf32700000,0x000000bf32800000) (1024K)]
  0x000002adfe805250 WorkerThread "G1 Conc#0"                       [id=3512, stack(0x000000bf32800000,0x000000bf32900000) (1024K)]
  0x000002add09c6340 WorkerThread "G1 Conc#1"                       [id=12252, stack(0x000000bf34d00000,0x000000bf34e00000) (1024K)]
  0x000002adfe880360 ConcurrentGCThread "G1 Refine#0"               [id=4860, stack(0x000000bf32900000,0x000000bf32a00000) (1024K)]
  0x000002adfe880df0 ConcurrentGCThread "G1 Service"                [id=9932, stack(0x000000bf32a00000,0x000000bf32b00000) (1024K)]
Total: 15

Threads with active compile tasks:
C2 CompilerThread0  172904 25971   !   4       java.net.URLClassLoader::defineClass (224 bytes)
C2 CompilerThread1  172904 26000       4       java.io.ObjectOutputStream::writeClassDesc (60 bytes)
Total: 2

VM state: not at safepoint (normal execution)

VM Mutex/Monitor currently owned by a thread: None

Heap address: 0x0000000600000000, size: 8192 MB, Compressed Oops mode: Zero based, Oop shift amount: 3

CDS archive(s) mapped at: [0x000002ad8a000000-0x000002ad8ad70000-0x000002ad8ad70000), size 14090240, SharedBaseAddress: 0x000002ad8a000000, ArchiveRelocationMode: 1.
Compressed class space mapped at: 0x000002ad8b000000-0x000002adcb000000, reserved size: 1073741824
Narrow klass base: 0x000002ad8a000000, Narrow klass shift: 0, Narrow klass range: 0x41000000

GC Precious Log:
 CardTable entry size: 512
 Card Set container configuration: InlinePtr #cards 4 size 8 Array Of Cards #cards 32 size 80 Howl #buckets 8 coarsen threshold 7372 Howl Bitmap #cards 1024 size 144 coarsen threshold 921 Card regions per heap region 1 cards per card region 8192
 CPUs: 8 total, 8 available
 Memory: 8089M
 Large Page Support: Disabled
 NUMA Support: Disabled
 Compressed Oops: Enabled (Zero based)
 Heap Region Size: 4M
 Heap Min Capacity: 8M
 Heap Initial Capacity: 128M
 Heap Max Capacity: 8G
 Pre-touch: Disabled
 Parallel Workers: 8
 Concurrent Workers: 2
 Concurrent Refinement Workers: 8
 Periodic GC: Disabled

Heap:
 garbage-first heap   total reserved 8388608K, committed 348160K, used 224966K [0x0000000600000000, 0x0000000800000000)
  region size 4096K, 16 young (65536K), 4 survivors (16384K)
 Metaspace       used 186071K, committed 189248K, reserved 1245184K
  class space    used 24978K, committed 26496K, reserved 1048576K

Heap Regions: E=young(eden), S=young(survivor), O=old, HS=humongous(starts), HC=humongous(continues), CS=collection set, F=free, TAMS=top-at-mark-start, PB=parsable bottom
|   0|0x0000000600000000, 0x0000000600400000, 0x0000000600400000|100%| O|  |TAMS 0x0000000600000000| PB 0x0000000600000000| Untracked |  0
|   1|0x0000000600400000, 0x0000000600800000, 0x0000000600800000|100%|HS|  |TAMS 0x0000000600400000| PB 0x0000000600400000| Complete |  0
|   2|0x0000000600800000, 0x0000000600c00000, 0x0000000600c00000|100%| O|  |TAMS 0x0000000600800000| PB 0x0000000600800000| Untracked |  0
|   3|0x0000000600c00000, 0x0000000601000000, 0x0000000601000000|100%| O|  |TAMS 0x0000000600c00000| PB 0x0000000600c00000| Untracked |  0
|   4|0x0000000601000000, 0x0000000601400000, 0x0000000601400000|100%| O|  |TAMS 0x0000000601000000| PB 0x0000000601000000| Untracked |  0
|   5|0x0000000601400000, 0x0000000601800000, 0x0000000601800000|100%| O|  |TAMS 0x0000000601400000| PB 0x0000000601400000| Untracked |  0
|   6|0x0000000601800000, 0x0000000601c00000, 0x0000000601c00000|100%| O|  |TAMS 0x0000000601800000| PB 0x0000000601800000| Untracked |  0
|   7|0x0000000601c00000, 0x0000000602000000, 0x0000000602000000|100%| O|  |TAMS 0x0000000601c00000| PB 0x0000000601c00000| Untracked |  0
|   8|0x0000000602000000, 0x0000000602400000, 0x0000000602400000|100%|HS|  |TAMS 0x0000000602000000| PB 0x0000000602000000| Complete |  0
|   9|0x0000000602400000, 0x0000000602800000, 0x0000000602800000|100%| O|  |TAMS 0x0000000602400000| PB 0x0000000602400000| Untracked |  0
|  10|0x0000000602800000, 0x0000000602c00000, 0x0000000602c00000|100%|HS|  |TAMS 0x0000000602800000| PB 0x0000000602800000| Complete |  0
|  11|0x0000000602c00000, 0x0000000603000000, 0x0000000603000000|100%| O|  |TAMS 0x0000000602c00000| PB 0x0000000602c00000| Untracked |  0
|  12|0x0000000603000000, 0x0000000603400000, 0x0000000603400000|100%| O|  |TAMS 0x0000000603000000| PB 0x0000000603000000| Untracked |  0
|  13|0x0000000603400000, 0x0000000603800000, 0x0000000603800000|100%| O|  |TAMS 0x0000000603400000| PB 0x0000000603400000| Untracked |  0
|  14|0x0000000603800000, 0x0000000603c00000, 0x0000000603c00000|100%| O|  |TAMS 0x0000000603800000| PB 0x0000000603800000| Untracked |  0
|  15|0x0000000603c00000, 0x0000000604000000, 0x0000000604000000|100%| O|  |TAMS 0x0000000603c00000| PB 0x0000000603c00000| Untracked |  0
|  16|0x0000000604000000, 0x0000000604400000, 0x0000000604400000|100%| O|  |TAMS 0x0000000604000000| PB 0x0000000604000000| Untracked |  0
|  17|0x0000000604400000, 0x0000000604400000, 0x0000000604800000|  0%| F|  |TAMS 0x0000000604400000| PB 0x0000000604400000| Untracked |  0
|  18|0x0000000604800000, 0x0000000604c00000, 0x0000000604c00000|100%| O|  |TAMS 0x0000000604800000| PB 0x0000000604800000| Untracked |  0
|  19|0x0000000604c00000, 0x0000000605000000, 0x0000000605000000|100%| O|  |TAMS 0x0000000604c00000| PB 0x0000000604c00000| Untracked |  0
|  20|0x0000000605000000, 0x0000000605400000, 0x0000000605400000|100%| O|  |TAMS 0x0000000605000000| PB 0x0000000605000000| Untracked |  0
|  21|0x0000000605400000, 0x0000000605800000, 0x0000000605800000|100%| O|  |TAMS 0x0000000605400000| PB 0x0000000605400000| Untracked |  0
|  22|0x0000000605800000, 0x0000000605c00000, 0x0000000605c00000|100%| O|  |TAMS 0x0000000605800000| PB 0x0000000605800000| Untracked |  0
|  23|0x0000000605c00000, 0x0000000606000000, 0x0000000606000000|100%| O|  |TAMS 0x0000000605c00000| PB 0x0000000605c00000| Untracked |  0
|  24|0x0000000606000000, 0x0000000606400000, 0x0000000606400000|100%| O|  |TAMS 0x0000000606000000| PB 0x0000000606000000| Untracked |  0
|  25|0x0000000606400000, 0x0000000606800000, 0x0000000606800000|100%| O|  |TAMS 0x0000000606400000| PB 0x0000000606400000| Untracked |  0
|  26|0x0000000606800000, 0x0000000606800000, 0x0000000606c00000|  0%| F|  |TAMS 0x0000000606800000| PB 0x0000000606800000| Untracked |  0
|  27|0x0000000606c00000, 0x0000000606c00000, 0x0000000607000000|  0%| F|  |TAMS 0x0000000606c00000| PB 0x0000000606c00000| Untracked |  0
|  28|0x0000000607000000, 0x0000000607400000, 0x0000000607400000|100%| O|  |TAMS 0x0000000607000000| PB 0x0000000607000000| Untracked |  0
|  29|0x0000000607400000, 0x0000000607800000, 0x0000000607800000|100%| O|  |TAMS 0x0000000607400000| PB 0x0000000607400000| Untracked |  0
|  30|0x0000000607800000, 0x0000000607c00000, 0x0000000607c00000|100%| O|  |TAMS 0x0000000607800000| PB 0x0000000607800000| Untracked |  0
|  31|0x0000000607c00000, 0x0000000608000000, 0x0000000608000000|100%| O|  |TAMS 0x0000000607c00000| PB 0x0000000607c00000| Untracked |  0
|  32|0x0000000608000000, 0x0000000608400000, 0x0000000608400000|100%| O|Cm|TAMS 0x0000000608000000| PB 0x0000000608000000| Complete |  0
|  33|0x0000000608400000, 0x0000000608696688, 0x0000000608800000| 64%| O|  |TAMS 0x0000000608400000| PB 0x0000000608400000| Untracked |  0
|  34|0x0000000608800000, 0x0000000608c00000, 0x0000000608c00000|100%| O|  |TAMS 0x0000000608800000| PB 0x0000000608800000| Untracked |  0
|  35|0x0000000608c00000, 0x0000000609000000, 0x0000000609000000|100%| O|  |TAMS 0x0000000608c00000| PB 0x0000000608c00000| Untracked |  0
|  36|0x0000000609000000, 0x0000000609400000, 0x0000000609400000|100%| O|  |TAMS 0x0000000609000000| PB 0x0000000609000000| Untracked |  0
|  37|0x0000000609400000, 0x0000000609800000, 0x0000000609800000|100%| O|  |TAMS 0x0000000609400000| PB 0x0000000609400000| Untracked |  0
|  38|0x0000000609800000, 0x0000000609800000, 0x0000000609c00000|  0%| F|  |TAMS 0x0000000609800000| PB 0x0000000609800000| Untracked |  0
|  39|0x0000000609c00000, 0x0000000609c00000, 0x000000060a000000|  0%| F|  |TAMS 0x0000000609c00000| PB 0x0000000609c00000| Untracked |  0
|  40|0x000000060a000000, 0x000000060a400000, 0x000000060a400000|100%| O|  |TAMS 0x000000060a000000| PB 0x000000060a000000| Untracked |  0
|  41|0x000000060a400000, 0x000000060a800000, 0x000000060a800000|100%| O|  |TAMS 0x000000060a400000| PB 0x000000060a400000| Untracked |  0
|  42|0x000000060a800000, 0x000000060ac00000, 0x000000060ac00000|100%| O|  |TAMS 0x000000060a800000| PB 0x000000060a800000| Untracked |  0
|  43|0x000000060ac00000, 0x000000060ac00000, 0x000000060b000000|  0%| F|  |TAMS 0x000000060ac00000| PB 0x000000060ac00000| Untracked |  0
|  44|0x000000060b000000, 0x000000060b000000, 0x000000060b400000|  0%| F|  |TAMS 0x000000060b000000| PB 0x000000060b000000| Untracked |  0
|  45|0x000000060b400000, 0x000000060b800000, 0x000000060b800000|100%| O|Cm|TAMS 0x000000060b400000| PB 0x000000060b400000| Complete |  0
|  46|0x000000060b800000, 0x000000060b800000, 0x000000060bc00000|  0%| F|  |TAMS 0x000000060b800000| PB 0x000000060b800000| Untracked |  0
|  47|0x000000060bc00000, 0x000000060c000000, 0x000000060c000000|100%| O|  |TAMS 0x000000060bc00000| PB 0x000000060bc00000| Untracked |  0
|  48|0x000000060c000000, 0x000000060c400000, 0x000000060c400000|100%| O|  |TAMS 0x000000060c000000| PB 0x000000060c000000| Untracked |  0
|  49|0x000000060c400000, 0x000000060c400000, 0x000000060c800000|  0%| F|  |TAMS 0x000000060c400000| PB 0x000000060c400000| Untracked |  0
|  50|0x000000060c800000, 0x000000060c91b4d0, 0x000000060cc00000| 27%| S|CS|TAMS 0x000000060c800000| PB 0x000000060c800000| Complete |  0
|  51|0x000000060cc00000, 0x000000060d000000, 0x000000060d000000|100%| S|CS|TAMS 0x000000060cc00000| PB 0x000000060cc00000| Complete |  0
|  52|0x000000060d000000, 0x000000060d400000, 0x000000060d400000|100%| S|CS|TAMS 0x000000060d000000| PB 0x000000060d000000| Complete |  0
|  53|0x000000060d400000, 0x000000060d800000, 0x000000060d800000|100%| S|CS|TAMS 0x000000060d400000| PB 0x000000060d400000| Complete |  0
|  54|0x000000060d800000, 0x000000060d800000, 0x000000060dc00000|  0%| F|  |TAMS 0x000000060d800000| PB 0x000000060d800000| Untracked |  0
|  55|0x000000060dc00000, 0x000000060dc00000, 0x000000060e000000|  0%| F|  |TAMS 0x000000060dc00000| PB 0x000000060dc00000| Untracked |  0
|  56|0x000000060e000000, 0x000000060e000000, 0x000000060e400000|  0%| F|  |TAMS 0x000000060e000000| PB 0x000000060e000000| Untracked |  0
|  57|0x000000060e400000, 0x000000060e400000, 0x000000060e800000|  0%| F|  |TAMS 0x000000060e400000| PB 0x000000060e400000| Untracked |  0
|  58|0x000000060e800000, 0x000000060e800000, 0x000000060ec00000|  0%| F|  |TAMS 0x000000060e800000| PB 0x000000060e800000| Untracked |  0
|  59|0x000000060ec00000, 0x000000060ec00000, 0x000000060f000000|  0%| F|  |TAMS 0x000000060ec00000| PB 0x000000060ec00000| Untracked |  0
|  60|0x000000060f000000, 0x000000060f000000, 0x000000060f400000|  0%| F|  |TAMS 0x000000060f000000| PB 0x000000060f000000| Untracked |  0
|  61|0x000000060f400000, 0x000000060f400000, 0x000000060f800000|  0%| F|  |TAMS 0x000000060f400000| PB 0x000000060f400000| Untracked |  0
|  62|0x000000060f800000, 0x000000060f800000, 0x000000060fc00000|  0%| F|  |TAMS 0x000000060f800000| PB 0x000000060f800000| Untracked |  0
|  63|0x000000060fc00000, 0x000000060fc00000, 0x0000000610000000|  0%| F|  |TAMS 0x000000060fc00000| PB 0x000000060fc00000| Untracked |  0
|  64|0x0000000610000000, 0x0000000610000000, 0x0000000610400000|  0%| F|  |TAMS 0x0000000610000000| PB 0x0000000610000000| Untracked |  0
|  65|0x0000000610400000, 0x0000000610400000, 0x0000000610800000|  0%| F|  |TAMS 0x0000000610400000| PB 0x0000000610400000| Untracked |  0
|  66|0x0000000610800000, 0x0000000610800000, 0x0000000610c00000|  0%| F|  |TAMS 0x0000000610800000| PB 0x0000000610800000| Untracked |  0
|  67|0x0000000610c00000, 0x0000000610c00000, 0x0000000611000000|  0%| F|  |TAMS 0x0000000610c00000| PB 0x0000000610c00000| Untracked |  0
|  68|0x0000000611000000, 0x0000000611000000, 0x0000000611400000|  0%| F|  |TAMS 0x0000000611000000| PB 0x0000000611000000| Untracked |  0
|  69|0x0000000611400000, 0x0000000611400000, 0x0000000611800000|  0%| F|  |TAMS 0x0000000611400000| PB 0x0000000611400000| Untracked |  0
|  70|0x0000000611800000, 0x0000000611800000, 0x0000000611c00000|  0%| F|  |TAMS 0x0000000611800000| PB 0x0000000611800000| Untracked |  0
|  71|0x0000000611c00000, 0x0000000611c00000, 0x0000000612000000|  0%| F|  |TAMS 0x0000000611c00000| PB 0x0000000611c00000| Untracked |  0
|  72|0x0000000612000000, 0x000000061219bcc0, 0x0000000612400000| 40%| E|  |TAMS 0x0000000612000000| PB 0x0000000612000000| Complete |  0
|  73|0x0000000612400000, 0x0000000612800000, 0x0000000612800000|100%| E|CS|TAMS 0x0000000612400000| PB 0x0000000612400000| Complete |  0
|  74|0x0000000612800000, 0x0000000612c00000, 0x0000000612c00000|100%| E|CS|TAMS 0x0000000612800000| PB 0x0000000612800000| Complete |  1
|  75|0x0000000612c00000, 0x0000000613000000, 0x0000000613000000|100%| E|CS|TAMS 0x0000000612c00000| PB 0x0000000612c00000| Complete |  0
|  76|0x0000000613000000, 0x0000000613400000, 0x0000000613400000|100%| E|CS|TAMS 0x0000000613000000| PB 0x0000000613000000| Complete |  0
|  77|0x0000000613400000, 0x0000000613800000, 0x0000000613800000|100%| E|  |TAMS 0x0000000613400000| PB 0x0000000613400000| Complete |  0
|  78|0x0000000613800000, 0x0000000613c00000, 0x0000000613c00000|100%| E|CS|TAMS 0x0000000613800000| PB 0x0000000613800000| Complete |  0
|  79|0x0000000613c00000, 0x0000000614000000, 0x0000000614000000|100%| E|CS|TAMS 0x0000000613c00000| PB 0x0000000613c00000| Complete |  0
|  80|0x0000000614000000, 0x0000000614400000, 0x0000000614400000|100%| E|CS|TAMS 0x0000000614000000| PB 0x0000000614000000| Complete |  0
|  81|0x0000000614400000, 0x0000000614800000, 0x0000000614800000|100%| E|CS|TAMS 0x0000000614400000| PB 0x0000000614400000| Complete |  0
|  82|0x0000000614800000, 0x0000000614c00000, 0x0000000614c00000|100%| E|CS|TAMS 0x0000000614800000| PB 0x0000000614800000| Complete |  0
|2046|0x00000007ff800000, 0x00000007ffc00000, 0x00000007ffc00000|100%| E|CS|TAMS 0x00000007ff800000| PB 0x00000007ff800000| Complete |  0
|2047|0x00000007ffc00000, 0x0000000800000000, 0x0000000800000000|100%| O|  |TAMS 0x00000007ffc00000| PB 0x00000007ffc00000| Untracked |  0

Card table byte_map: [0x000002adfd770000,0x000002adfe770000] _byte_map_base: 0x000002adfa770000

Marking Bits: (CMBitMap*) 0x000002add3a89eb0
 Bits: [0x000002ad80000000, 0x000002ad88000000)

Polling page: 0x000002add1c00000

Metaspace:

Usage:
  Non-class:    157.32 MB used.
      Class:     24.39 MB used.
       Both:    181.71 MB used.

Virtual space:
  Non-class space:      192.00 MB reserved,     158.94 MB ( 83%) committed,  3 nodes.
      Class space:        1.00 GB reserved,      25.88 MB (  3%) committed,  1 nodes.
             Both:        1.19 GB reserved,     184.81 MB ( 15%) committed. 

Chunk freelists:
   Non-Class:  1.10 MB
       Class:  6.00 MB
        Both:  7.09 MB

MaxMetaspaceSize: 4.00 GB
CompressedClassSpaceSize: 1.00 GB
Initial GC threshold: 21.00 MB
Current GC threshold: 298.44 MB
CDS: on
 - commit_granule_bytes: 65536.
 - commit_granule_words: 8192.
 - virtual_space_node_default_size: 8388608.
 - enlarge_chunks_in_place: 1.
 - use_allocation_guard: 0.


Internal statistics:

num_allocs_failed_limit: 9.
num_arena_births: 5452.
num_arena_deaths: 0.
num_vsnodes_births: 4.
num_vsnodes_deaths: 0.
num_space_committed: 2956.
num_space_uncommitted: 0.
num_chunks_returned_to_freelist: 9.
num_chunks_taken_from_freelist: 12867.
num_chunk_merges: 9.
num_chunk_splits: 9056.
num_chunks_enlarged: 6409.
num_inconsistent_stats: 0.

CodeHeap 'non-profiled nmethods': size=259328Kb used=11380Kb max_used=11380Kb free=247947Kb
 bounds [0x000002adec3d0000, 0x000002adecef0000, 0x000002adfc110000]
CodeHeap 'profiled nmethods': size=259264Kb used=34963Kb max_used=34963Kb free=224300Kb
 bounds [0x000002addc110000, 0x000002adde340000, 0x000002adebe40000]
CodeHeap 'non-nmethods': size=5696Kb used=3287Kb max_used=3381Kb free=2408Kb
 bounds [0x000002adebe40000, 0x000002adec1b0000, 0x000002adec3d0000]
CodeCache: size=524288Kb, used=49630Kb, max_used=49724Kb, free=474655Kb
 total_blobs=22542, nmethods=21226, adapters=1218, full_count=0
Compilation: enabled, stopped_count=0, restarted_count=0

Compilation events (20 events):
Event: 171.759 Thread 0x000002adfe9f1310 nmethod 25987 0x000002adde326988 code [0x000002adde326ac0, 0x000002adde326e50]
Event: 171.760 Thread 0x000002adfe9f1310 25988  s!   2       org.gradle.internal.classloader.TransformReplacer$JarLoader::loadTransformedClass (55 bytes)
Event: 171.761 Thread 0x000002adfe9f1310 nmethod 25988 0x000002adde326f08 code [0x000002adde327100, 0x000002adde3278d8]
Event: 171.773 Thread 0x000002adfe9f1310 25989       3       java.security.MessageDigest::digest (49 bytes)
Event: 171.774 Thread 0x000002adfe9f1310 nmethod 25989 0x000002adde327988 code [0x000002adde327ae0, 0x000002adde327f98]
Event: 171.775 Thread 0x000002adfe9f1310 25991       3       jdk.internal.classfile.impl.StackCounter::<init> (2261 bytes)
Event: 171.788 Thread 0x000002adfe9f1310 nmethod 25991 0x000002adde328008 code [0x000002adde328dc0, 0x000002adde333a18]
Event: 171.795 Thread 0x000002adfe9f1310 25993       3       java.io.ObjectOutputStream$BlockDataOutputStream::writeBlockHeader (70 bytes)
Event: 171.795 Thread 0x000002adfe9f1310 nmethod 25993 0x000002adde333c08 code [0x000002adde333dc0, 0x000002adde334560]
Event: 171.796 Thread 0x000002ae1391fa30 25992 %     4       java.io.ObjectOutputStream$BlockDataOutputStream::writeBytes @ 95 (144 bytes)
Event: 171.798 Thread 0x000002adfe9f1310 25994       3       java.io.ObjectStreamClass::getVariantFor (51 bytes)
Event: 171.799 Thread 0x000002adfe9f1310 nmethod 25994 0x000002adde334608 code [0x000002adde334760, 0x000002adde334ae0]
Event: 171.799 Thread 0x000002adfe9f1310 25995       3       java.io.ObjectStreamClass$ClassDataSlot::<init> (15 bytes)
Event: 171.799 Thread 0x000002adfe9f1310 nmethod 25995 0x000002adde334b08 code [0x000002adde334c20, 0x000002adde334df8]
Event: 171.810 Thread 0x000002ae1391fa30 nmethod 25992% 0x000002adecee9a08 code [0x000002adecee9b60, 0x000002adeceea400]
Event: 171.810 Thread 0x000002ae1391fa30 25983       4       org.gradle.internal.logging.text.AbstractLineChoppingStyledTextOutput$StateContext::hasChar (25 bytes)
Event: 171.811 Thread 0x000002ae1391fa30 nmethod 25983 0x000002adeceea488 code [0x000002adeceea580, 0x000002adeceea630]
Event: 171.811 Thread 0x000002ae1391fa30 25990       4       java.lang.constant.ClassDesc::isPrimitive (19 bytes)
Event: 171.812 Thread 0x000002ae1391fa30 nmethod 25990 0x000002adeceea788 code [0x000002adeceea8a0, 0x000002adeceea998]
Event: 171.812 Thread 0x000002ae1391fa30 25980       4       org.gradle.internal.io.StreamByteBuffer::readAsByteArray (21 bytes)

GC Heap History (20 events):
Event: 58.347 GC heap before
{Heap before GC invocations=68 (full 0):
 garbage-first heap   total reserved 8388608K, committed 323584K, used 292297K [0x0000000600000000, 0x0000000800000000)
  region size 4096K, 25 young (102400K), 2 survivors (8192K)
 Metaspace       used 167693K, committed 170624K, reserved 1245184K
  class space    used 22661K, committed 24064K, reserved 1048576K
}
Event: 58.361 GC heap after
{Heap after GC invocations=69 (full 0):
 garbage-first heap   total reserved 8388608K, committed 323584K, used 198924K [0x0000000600000000, 0x0000000800000000)
  region size 4096K, 3 young (12288K), 3 survivors (12288K)
 Metaspace       used 167693K, committed 170624K, reserved 1245184K
  class space    used 22661K, committed 24064K, reserved 1048576K
}
Event: 60.729 GC heap before
{Heap before GC invocations=69 (full 0):
 garbage-first heap   total reserved 8388608K, committed 323584K, used 284940K [0x0000000600000000, 0x0000000800000000)
  region size 4096K, 25 young (102400K), 3 survivors (12288K)
 Metaspace       used 172800K, committed 175744K, reserved 1245184K
  class space    used 23229K, committed 24640K, reserved 1048576K
}
Event: 60.743 GC heap after
{Heap after GC invocations=70 (full 0):
 garbage-first heap   total reserved 8388608K, committed 323584K, used 206959K [0x0000000600000000, 0x0000000800000000)
  region size 4096K, 3 young (12288K), 3 survivors (12288K)
 Metaspace       used 172800K, committed 175744K, reserved 1245184K
  class space    used 23229K, committed 24640K, reserved 1048576K
}
Event: 61.298 GC heap before
{Heap before GC invocations=71 (full 0):
 garbage-first heap   total reserved 8388608K, committed 348160K, used 284783K [0x0000000600000000, 0x0000000800000000)
  region size 4096K, 23 young (94208K), 3 survivors (12288K)
 Metaspace       used 173085K, committed 176064K, reserved 1245184K
  class space    used 23258K, committed 24704K, reserved 1048576K
}
Event: 61.305 GC heap after
{Heap after GC invocations=72 (full 0):
 garbage-first heap   total reserved 8388608K, committed 348160K, used 206443K [0x0000000600000000, 0x0000000800000000)
  region size 4096K, 2 young (8192K), 2 survivors (8192K)
 Metaspace       used 173085K, committed 176064K, reserved 1245184K
  class space    used 23258K, committed 24704K, reserved 1048576K
}
Event: 90.569 GC heap before
{Heap before GC invocations=72 (full 0):
 garbage-first heap   total reserved 8388608K, committed 348160K, used 312939K [0x0000000600000000, 0x0000000800000000)
  region size 4096K, 28 young (114688K), 2 survivors (8192K)
 Metaspace       used 173667K, committed 176640K, reserved 1245184K
  class space    used 23340K, committed 24768K, reserved 1048576K
}
Event: 90.573 GC heap after
{Heap after GC invocations=73 (full 0):
 garbage-first heap   total reserved 8388608K, committed 348160K, used 197589K [0x0000000600000000, 0x0000000800000000)
  region size 4096K, 1 young (4096K), 1 survivors (4096K)
 Metaspace       used 173667K, committed 176640K, reserved 1245184K
  class space    used 23340K, committed 24768K, reserved 1048576K
}
Event: 95.064 GC heap before
{Heap before GC invocations=73 (full 0):
 garbage-first heap   total reserved 8388608K, committed 348160K, used 308181K [0x0000000600000000, 0x0000000800000000)
  region size 4096K, 28 young (114688K), 1 survivors (4096K)
 Metaspace       used 173761K, committed 176704K, reserved 1245184K
  class space    used 23343K, committed 24768K, reserved 1048576K
}
Event: 95.069 GC heap after
{Heap after GC invocations=74 (full 0):
 garbage-first heap   total reserved 8388608K, committed 348160K, used 202357K [0x0000000600000000, 0x0000000800000000)
  region size 4096K, 2 young (8192K), 2 survivors (8192K)
 Metaspace       used 173761K, committed 176704K, reserved 1245184K
  class space    used 23343K, committed 24768K, reserved 1048576K
}
Event: 112.286 GC heap before
{Heap before GC invocations=74 (full 0):
 garbage-first heap   total reserved 8388608K, committed 348160K, used 312949K [0x0000000600000000, 0x0000000800000000)
  region size 4096K, 29 young (118784K), 2 survivors (8192K)
 Metaspace       used 173762K, committed 176704K, reserved 1245184K
  class space    used 23343K, committed 24768K, reserved 1048576K
}
Event: 112.290 GC heap after
{Heap after GC invocations=75 (full 0):
 garbage-first heap   total reserved 8388608K, committed 348160K, used 202831K [0x0000000600000000, 0x0000000800000000)
  region size 4096K, 2 young (8192K), 2 survivors (8192K)
 Metaspace       used 173762K, committed 176704K, reserved 1245184K
  class space    used 23343K, committed 24768K, reserved 1048576K
}
Event: 124.246 GC heap before
{Heap before GC invocations=76 (full 0):
 garbage-first heap   total reserved 8388608K, committed 348160K, used 317519K [0x0000000600000000, 0x0000000800000000)
  region size 4096K, 30 young (122880K), 2 survivors (8192K)
 Metaspace       used 173765K, committed 176704K, reserved 1245184K
  class space    used 23343K, committed 24768K, reserved 1048576K
}
Event: 124.252 GC heap after
{Heap after GC invocations=77 (full 0):
 garbage-first heap   total reserved 8388608K, committed 348160K, used 202414K [0x0000000600000000, 0x0000000800000000)
  region size 4096K, 2 young (8192K), 2 survivors (8192K)
 Metaspace       used 173765K, committed 176704K, reserved 1245184K
  class space    used 23343K, committed 24768K, reserved 1048576K
}
Event: 130.779 GC heap before
{Heap before GC invocations=77 (full 0):
 garbage-first heap   total reserved 8388608K, committed 348160K, used 317102K [0x0000000600000000, 0x0000000800000000)
  region size 4096K, 30 young (122880K), 2 survivors (8192K)
 Metaspace       used 173766K, committed 176704K, reserved 1245184K
  class space    used 23343K, committed 24768K, reserved 1048576K
}
Event: 130.787 GC heap after
{Heap after GC invocations=78 (full 0):
 garbage-first heap   total reserved 8388608K, committed 348160K, used 185346K [0x0000000600000000, 0x0000000800000000)
  region size 4096K, 2 young (8192K), 2 survivors (8192K)
 Metaspace       used 173766K, committed 176704K, reserved 1245184K
  class space    used 23343K, committed 24768K, reserved 1048576K
}
Event: 141.836 GC heap before
{Heap before GC invocations=78 (full 0):
 garbage-first heap   total reserved 8388608K, committed 348160K, used 316418K [0x0000000600000000, 0x0000000800000000)
  region size 4096K, 34 young (139264K), 2 survivors (8192K)
 Metaspace       used 180300K, committed 183360K, reserved 1245184K
  class space    used 24136K, committed 25600K, reserved 1048576K
}
Event: 141.846 GC heap after
{Heap after GC invocations=79 (full 0):
 garbage-first heap   total reserved 8388608K, committed 348160K, used 189084K [0x0000000600000000, 0x0000000800000000)
  region size 4096K, 3 young (12288K), 3 survivors (12288K)
 Metaspace       used 180300K, committed 183360K, reserved 1245184K
  class space    used 24136K, committed 25600K, reserved 1048576K
}
Event: 164.220 GC heap before
{Heap before GC invocations=80 (full 0):
 garbage-first heap   total reserved 8388608K, committed 348160K, used 311964K [0x0000000600000000, 0x0000000800000000)
  region size 4096K, 33 young (135168K), 3 survivors (12288K)
 Metaspace       used 182933K, committed 185984K, reserved 1245184K
  class space    used 24547K, committed 25984K, reserved 1048576K
}
Event: 164.234 GC heap after
{Heap after GC invocations=81 (full 0):
 garbage-first heap   total reserved 8388608K, committed 348160K, used 184006K [0x0000000600000000, 0x0000000800000000)
  region size 4096K, 4 young (16384K), 4 survivors (16384K)
 Metaspace       used 182933K, committed 185984K, reserved 1245184K
  class space    used 24547K, committed 25984K, reserved 1048576K
}

Dll operation events (17 events):
Event: 0.081 Loaded shared library C:\Program Files\Java\jdk-23\bin\java.dll
Event: 0.165 Loaded shared library C:\Program Files\Java\jdk-23\bin\jsvml.dll
Event: 0.218 Loaded shared library C:\Program Files\Java\jdk-23\bin\zip.dll
Event: 0.222 Loaded shared library C:\Program Files\Java\jdk-23\bin\instrument.dll
Event: 0.226 Loaded shared library C:\Program Files\Java\jdk-23\bin\net.dll
Event: 0.228 Loaded shared library C:\Program Files\Java\jdk-23\bin\nio.dll
Event: 0.230 Loaded shared library C:\Program Files\Java\jdk-23\bin\zip.dll
Event: 0.565 Loaded shared library C:\Program Files\Java\jdk-23\bin\jimage.dll
Event: 1.313 Loaded shared library C:\Program Files\Java\jdk-23\bin\verify.dll
Event: 1.648 Loaded shared library C:\Users\SIMEON\.gradle\native\1def1411415f61bf3af743bc5b6707747c0891f09f0c88961ee8f79bc544acac\windows-amd64\native-platform.dll
Event: 1.668 Loaded shared library C:\Users\SIMEON\.gradle\native\0.2.5\x86_64-windows-gnu\gradle-fileevents.dll
Event: 3.377 Loaded shared library C:\Program Files\Java\jdk-23\bin\management.dll
Event: 3.379 Loaded shared library C:\Program Files\Java\jdk-23\bin\management_ext.dll
Event: 3.949 Loaded shared library C:\Program Files\Java\jdk-23\bin\extnet.dll
Event: 4.278 Loaded shared library C:\Program Files\Java\jdk-23\bin\sunmscapi.dll
Event: 6.139 Loaded shared library C:\Users\SIMEON\AppData\Local\Temp\native-platform3963370259159956215dir\gradle-fileevents.dll
Event: 171.640 Loaded shared library C:\Program Files\Java\jdk-23\bin\rmi.dll

Deoptimization events (20 events):
Event: 171.717 Thread 0x000002ae14471950 DEOPT PACKING pc=0x000002adece94f5c sp=0x000000bf387fd730
Event: 171.717 Thread 0x000002ae14471950 DEOPT UNPACKING pc=0x000002adebe94402 sp=0x000000bf387fd6e0 mode 2
Event: 171.717 Thread 0x000002ae14471950 Uncommon trap: trap_request=0xffffff45 fr.pc=0x000002adecca099c relative=0x00000000000013dc
Event: 171.717 Thread 0x000002ae14471950 Uncommon trap: reason=unstable_if action=reinterpret pc=0x000002adecca099c method=org.gradle.internal.logging.text.AbstractLineChoppingStyledTextOutput$2.execute(Lorg/gradle/internal/logging/text/AbstractLineChoppingStyledTextOutput$StateContext;)V @ 34 c
Event: 171.717 Thread 0x000002ae14471950 DEOPT PACKING pc=0x000002adecca099c sp=0x000000bf387fcd70
Event: 171.717 Thread 0x000002ae14471950 DEOPT UNPACKING pc=0x000002adebe94402 sp=0x000000bf387fcbb8 mode 2
Event: 171.717 Thread 0x000002ae14471950 Uncommon trap: trap_request=0xffffffde fr.pc=0x000002adece3da8c relative=0x00000000000000ec
Event: 171.717 Thread 0x000002ae14471950 Uncommon trap: reason=class_check action=maybe_recompile pc=0x000002adece3da8c method=org.gradle.internal.operations.logging.LoggingBuildOperationProgressBroadcaster.onOutput(Lorg/gradle/internal/logging/events/OutputEvent;)V @ 8 c2
Event: 171.717 Thread 0x000002ae14471950 DEOPT PACKING pc=0x000002adece3da8c sp=0x000000bf387fd7d0
Event: 171.717 Thread 0x000002ae14471950 DEOPT UNPACKING pc=0x000002adebe94402 sp=0x000000bf387fd750 mode 2
Event: 171.765 Thread 0x000002ae14471950 Uncommon trap: trap_request=0xffffff45 fr.pc=0x000002adecac0874 relative=0x0000000000000414
Event: 171.765 Thread 0x000002ae14471950 Uncommon trap: reason=unstable_if action=reinterpret pc=0x000002adecac0874 method=java.lang.String.valueOf(Ljava/lang/Object;)Ljava/lang/String; @ 1 c2
Event: 171.765 Thread 0x000002ae14471950 DEOPT PACKING pc=0x000002adecac0874 sp=0x000000bf387fdcc0
Event: 171.765 Thread 0x000002ae14471950 DEOPT UNPACKING pc=0x000002adebe94402 sp=0x000000bf387fdc28 mode 2
Event: 171.765 Thread 0x000002ae14471950 Uncommon trap: trap_request=0xffffff45 fr.pc=0x000002adeca5dcdc relative=0x000000000000005c
Event: 171.765 Thread 0x000002ae14471950 Uncommon trap: reason=unstable_if action=reinterpret pc=0x000002adeca5dcdc method=java.lang.String.valueOf(Ljava/lang/Object;)Ljava/lang/String; @ 1 c2
Event: 171.765 Thread 0x000002ae14471950 DEOPT PACKING pc=0x000002adeca5dcdc sp=0x000000bf387fdc90
Event: 171.765 Thread 0x000002ae14471950 DEOPT UNPACKING pc=0x000002adebe94402 sp=0x000000bf387fdc30 mode 2
Event: 171.812 Thread 0x000002ae14471950 DEOPT PACKING pc=0x000002adde3018d9 sp=0x000000bf387fd2b0
Event: 171.812 Thread 0x000002ae14471950 DEOPT UNPACKING pc=0x000002adebe94b22 sp=0x000000bf387fc778 mode 0

Classes loaded (20 events):
Event: 171.772 Loading class java/rmi/server/UnicastRemoteObject done
Event: 171.773 Loading class sun/rmi/server/UnicastServerRef2
Event: 171.773 Loading class sun/rmi/server/UnicastServerRef2 done
Event: 171.774 Loading class sun/rmi/server/Util$1
Event: 171.774 Loading class sun/rmi/server/Util$1 done
Event: 171.777 Loading class sun/rmi/transport/tcp/TCPTransport$AcceptLoop
Event: 171.777 Loading class sun/rmi/transport/tcp/TCPTransport$AcceptLoop done
Event: 171.778 Loading class sun/rmi/transport/ObjectTable$Reaper
Event: 171.778 Loading class sun/rmi/transport/ObjectTable$Reaper done
Event: 171.779 Loading class sun/rmi/server/UnicastServerRef$HashToMethod_Maps$1
Event: 171.779 Loading class sun/rmi/server/UnicastServerRef$HashToMethod_Maps$1 done
Event: 171.793 Loading class sun/rmi/server/LoaderHandler$Loader
Event: 171.793 Loading class sun/rmi/server/LoaderHandler$Loader done
Event: 171.796 Loading class java/rmi/server/ServerNotActiveException
Event: 171.796 Loading class java/rmi/server/ServerNotActiveException done
Event: 171.798 Loading class sun/rmi/transport/DGCAckHandler
Event: 171.799 Loading class sun/rmi/transport/DGCAckHandler done
Event: 171.813 Loading class sun/rmi/transport/DGCAckHandler$1
Event: 171.813 Loading class sun/rmi/transport/DGCAckHandler$1 done
Event: 171.847 Loading class sun/rmi/transport/tcp/TCPTransport$ConnectionHandler

Classes unloaded (0 events):
No events

Classes redefined (0 events):
No events

Internal exceptions (20 events):
Event: 167.439 Thread 0x000002ae14471950 Exception <a 'java/net/ConnectException'{0x00000006124d97c0}: Connection refused: connect> (0x00000006124d97c0) 
thrown [s\open\src\hotspot\share\prims\jni.cpp, line 539]
Event: 167.461 Thread 0x000002ae14471950 Exception <a 'java/net/ConnectException'{0x00000006124da5a0}: Connection refused: connect> (0x00000006124da5a0) 
thrown [s\open\src\hotspot\share\prims\jni.cpp, line 539]
Event: 167.476 Thread 0x000002ae14471950 Exception <a 'java/net/ConnectException'{0x00000006124db380}: Connection refused: connect> (0x00000006124db380) 
thrown [s\open\src\hotspot\share\prims\jni.cpp, line 539]
Event: 169.584 Thread 0x000002ae14471950 Exception <a 'java/net/ConnectException'{0x00000006124fb108}: Connection refused: connect> (0x00000006124fb108) 
thrown [s\open\src\hotspot\share\prims\jni.cpp, line 539]
Event: 169.603 Thread 0x000002ae14471950 Exception <a 'java/net/ConnectException'{0x00000006124fbee8}: Connection refused: connect> (0x00000006124fbee8) 
thrown [s\open\src\hotspot\share\prims\jni.cpp, line 539]
Event: 169.618 Thread 0x000002ae14471950 Exception <a 'java/net/ConnectException'{0x00000006124fccc8}: Connection refused: connect> (0x00000006124fccc8) 
thrown [s\open\src\hotspot\share\prims\jni.cpp, line 539]
Event: 171.511 Thread 0x000002ae14471950 Exception <a 'java/net/ConnectException'{0x000000061253e9c8}: Connection refused: connect> (0x000000061253e9c8) 
thrown [s\open\src\hotspot\share\prims\jni.cpp, line 539]
Event: 171.527 Thread 0x000002ae14471950 Exception <a 'java/net/ConnectException'{0x000000061253f7a8}: Connection refused: connect> (0x000000061253f7a8) 
thrown [s\open\src\hotspot\share\prims\jni.cpp, line 539]
Event: 171.542 Thread 0x000002ae14471950 Exception <a 'java/net/ConnectException'{0x0000000612540588}: Connection refused: connect> (0x0000000612540588) 
thrown [s\open\src\hotspot\share\prims\jni.cpp, line 539]
Event: 171.629 Thread 0x000002ae14471950 Exception <a 'java/lang/NoSuchMethodError'{0x000000061261b488}: static Lorg/jetbrains/kotlin/daemon/common/LoopbackNetworkInterface$AbstractClientLoopbackSocketFactory;.<clinit>()V> (0x000000061261b488) 
thrown [s\open\src\hotspot\share\prims\jni.cpp, line 1111]
Event: 171.630 Thread 0x000002ae14471950 Exception <a 'java/lang/NoSuchMethodError'{0x0000000612624870}: static Lorg/jetbrains/kotlin/daemon/common/LoopbackNetworkInterface$ClientLoopbackSocketFactory;.<clinit>()V> (0x0000000612624870) 
thrown [s\open\src\hotspot\share\prims\jni.cpp, line 1111]
Event: 171.646 Thread 0x000002ae14471950 Exception <a 'java/lang/NoSuchMethodError'{0x00000006126cfce8}: static [Ljava/rmi/server/ObjID;.<clinit>()V> (0x00000006126cfce8) 
thrown [s\open\src\hotspot\share\prims\jni.cpp, line 1111]
Event: 171.647 Thread 0x000002ae14471950 Exception <a 'java/lang/NoSuchMethodError'{0x00000006126e8fe8}: static [B.<clinit>()V> (0x00000006126e8fe8) 
thrown [s\open\src\hotspot\share\prims\jni.cpp, line 1111]
Event: 171.654 Thread 0x000002ae144712c0 Exception <a 'java/lang/NoSuchMethodError'{0x0000000612692178}: 'java.lang.Object java.lang.invoke.DirectMethodHandle$Holder.invokeSpecial(java.lang.Object, java.lang.Object, int, java.lang.Object, long)'> (0x0000000612692178) 
thrown [s\open\src\hotspot\share\interpreter\linkResolver.cpp, line 796]
Event: 171.655 Thread 0x000002ae144712c0 Exception <a 'java/lang/NoSuchMethodError'{0x0000000612698b20}: 'java.lang.Object java.lang.invoke.DirectMethodHandle$Holder.newInvokeSpecial(java.lang.Object, java.lang.Object, int, java.lang.Object, long)'> (0x0000000612698b20) 
thrown [s\open\src\hotspot\share\interpreter\linkResolver.cpp, line 796]
Event: 171.672 Thread 0x000002ae14471950 Exception <a 'java/lang/NoSuchMethodError'{0x000000061271e610}: static Lorg/jetbrains/kotlin/daemon/common/CompileService$CallResult;.<clinit>()V> (0x000000061271e610) 
thrown [s\open\src\hotspot\share\prims\jni.cpp, line 1111]
Event: 171.673 Thread 0x000002ae14471950 Exception <a 'java/lang/NoSuchMethodError'{0x0000000612727af0}: static Lorg/jetbrains/kotlin/daemon/common/CompileService$CallResult$Good;.<clinit>()V> (0x0000000612727af0) 
thrown [s\open\src\hotspot\share\prims\jni.cpp, line 1111]
Event: 171.673 Thread 0x000002ae14471950 Exception <a 'java/lang/NoSuchMethodError'{0x0000000612731d70}: static Lorg/jetbrains/kotlin/daemon/common/DaemonJVMOptions;.<clinit>()V> (0x0000000612731d70) 
thrown [s\open\src\hotspot\share\prims\jni.cpp, line 1111]
Event: 171.681 Thread 0x000002ae14471950 Exception <a 'java/lang/NoSuchMethodError'{0x0000000612748810}: static Lorg/jetbrains/kotlin/daemon/common/CompileService$CallResult$Ok;.<clinit>()V> (0x0000000612748810) 
thrown [s\open\src\hotspot\share\prims\jni.cpp, line 1111]
Event: 171.794 Thread 0x000002ae14471950 Exception <a 'java/lang/NoSuchMethodError'{0x00000006120b1cd8}: static [Ljava/lang/Integer;.<clinit>()V> (0x00000006120b1cd8) 
thrown [s\open\src\hotspot\share\prims\jni.cpp, line 1111]

VM Operations (20 events):
Event: 143.979 Executing VM operation: HandshakeAllThreads (Deoptimize)
Event: 143.979 Executing VM operation: HandshakeAllThreads (Deoptimize) done
Event: 144.009 Executing VM operation: HandshakeAllThreads (Deoptimize)
Event: 144.009 Executing VM operation: HandshakeAllThreads (Deoptimize) done
Event: 164.220 Executing VM operation: G1CollectForAllocation (G1 Evacuation Pause)
Event: 164.234 Executing VM operation: G1CollectForAllocation (G1 Evacuation Pause) done
Event: 165.302 Executing VM operation: HandshakeAllThreads (Deoptimize)
Event: 165.302 Executing VM operation: HandshakeAllThreads (Deoptimize) done
Event: 165.434 Executing VM operation: HandshakeAllThreads (Deoptimize)
Event: 165.435 Executing VM operation: HandshakeAllThreads (Deoptimize) done
Event: 165.440 Executing VM operation: HandshakeAllThreads (Deoptimize)
Event: 165.440 Executing VM operation: HandshakeAllThreads (Deoptimize) done
Event: 165.451 Executing VM operation: HandshakeAllThreads (Deoptimize)
Event: 165.452 Executing VM operation: HandshakeAllThreads (Deoptimize) done
Event: 165.600 Executing VM operation: HandshakeAllThreads (Deoptimize)
Event: 165.600 Executing VM operation: HandshakeAllThreads (Deoptimize) done
Event: 171.565 Executing VM operation: HandshakeAllThreads (Deoptimize)
Event: 171.565 Executing VM operation: HandshakeAllThreads (Deoptimize) done
Event: 171.661 Executing VM operation: HandshakeAllThreads (Deoptimize)
Event: 171.661 Executing VM operation: HandshakeAllThreads (Deoptimize) done

Memory protections (0 events):
No events

Nmethod flushes (20 events):
Event: 142.012 Thread 0x000002adfe9bb9b0 flushing  nmethod 0x000002adddfaec08
Event: 142.012 Thread 0x000002adfe9bb9b0 flushing  nmethod 0x000002adde00a888
Event: 142.012 Thread 0x000002adfe9bb9b0 flushing  nmethod 0x000002adde06a108
Event: 142.012 Thread 0x000002adfe9bb9b0 flushing  nmethod 0x000002adde10e588
Event: 142.012 Thread 0x000002adfe9bb9b0 flushing  nmethod 0x000002adde18bd88
Event: 142.012 Thread 0x000002adfe9bb9b0 flushing  nmethod 0x000002adde18ce88
Event: 142.012 Thread 0x000002adfe9bb9b0 flushing  nmethod 0x000002adde18d788
Event: 142.012 Thread 0x000002adfe9bb9b0 flushing  nmethod 0x000002adde18dc88
Event: 142.012 Thread 0x000002adfe9bb9b0 flushing  nmethod 0x000002adde18e688
Event: 142.012 Thread 0x000002adfe9bb9b0 flushing  nmethod 0x000002adde18eb88
Event: 142.012 Thread 0x000002adfe9bb9b0 flushing  nmethod 0x000002adde18f008
Event: 142.012 Thread 0x000002adfe9bb9b0 flushing  nmethod 0x000002adde190188
Event: 142.012 Thread 0x000002adfe9bb9b0 flushing  nmethod 0x000002adde190a08
Event: 142.012 Thread 0x000002adfe9bb9b0 flushing  nmethod 0x000002adde190d08
Event: 142.012 Thread 0x000002adfe9bb9b0 flushing  nmethod 0x000002adde191288
Event: 142.012 Thread 0x000002adfe9bb9b0 flushing  nmethod 0x000002adde191708
Event: 142.012 Thread 0x000002adfe9bb9b0 flushing  nmethod 0x000002adde191b88
Event: 142.012 Thread 0x000002adfe9bb9b0 flushing  nmethod 0x000002adde1b4708
Event: 142.012 Thread 0x000002adfe9bb9b0 flushing  nmethod 0x000002adde1b6f88
Event: 142.012 Thread 0x000002adfe9bb9b0 flushing  nmethod 0x000002adde1bb708

Events (20 events):
Event: 164.619 Thread 0x000002ae018395c0 Thread added: 0x000002ae1446ff10
Event: 164.620 Thread 0x000002ae018395c0 Thread added: 0x000002ae144705a0
Event: 164.620 Thread 0x000002ae018395c0 Thread added: 0x000002ae1446d120
Event: 164.657 Thread 0x000002ae018395c0 Thread added: 0x000002ae1446eb60
Event: 164.657 Thread 0x000002ae018395c0 Thread added: 0x000002ae14470c30
Event: 165.276 Thread 0x000002ae018395c0 Thread added: 0x000002ae14471950
Event: 165.607 Thread 0x000002ae14471950 Thread added: 0x000002ae1446e4d0
Event: 167.434 Thread 0x000002ae1446e4d0 Thread exited: 0x000002ae1446e4d0
Event: 167.484 Thread 0x000002ae14471950 Thread added: 0x000002ae1446e4d0
Event: 169.577 Thread 0x000002ae1446e4d0 Thread exited: 0x000002ae1446e4d0
Event: 169.620 Thread 0x000002ae05fa6fc0 Thread exited: 0x000002ae05fa6fc0
Event: 169.620 Thread 0x000002ae05fa5480 Thread exited: 0x000002ae05fa5480
Event: 169.630 Thread 0x000002ae14471950 Thread added: 0x000002ae144712c0
Event: 171.509 Thread 0x000002ae144712c0 Thread exited: 0x000002ae144712c0
Event: 171.631 Thread 0x000002ae14471950 Thread added: 0x000002ae1446e4d0
Event: 171.639 Thread 0x000002ae14471950 Thread added: 0x000002ae144712c0
Event: 171.641 Thread 0x000002ae14471950 Thread added: 0x000002ae14471fe0
Event: 171.778 Thread 0x000002ae14471950 Thread added: 0x000002ae14472670
Event: 171.779 Thread 0x000002ae14471950 Thread added: 0x000002ae1446f1f0
Event: 171.796 Thread 0x000002adfe9f1310 Thread added: 0x000002ae1391fa30


Dynamic libraries:
0x00007ff610e80000 - 0x00007ff610e90000 	C:\Program Files\Java\jdk-23\bin\java.exe
0x00007fff8d760000 - 0x00007fff8d9c7000 	C:\WINDOWS\SYSTEM32\ntdll.dll
0x00007fff8d290000 - 0x00007fff8d359000 	C:\WINDOWS\System32\KERNEL32.DLL
0x00007fff8a890000 - 0x00007fff8ac80000 	C:\WINDOWS\System32\KERNELBASE.dll
0x00007fff8b220000 - 0x00007fff8b36b000 	C:\WINDOWS\System32\ucrtbase.dll
0x00007fff75710000 - 0x00007fff75727000 	C:\Program Files\Java\jdk-23\bin\jli.dll
0x00007fff70870000 - 0x00007fff7088b000 	C:\Program Files\Java\jdk-23\bin\VCRUNTIME140.dll
0x00007fff8c720000 - 0x00007fff8c8e5000 	C:\WINDOWS\System32\USER32.dll
0x00007fff7d8c0000 - 0x00007fff7db5a000 	C:\WINDOWS\WinSxS\amd64_microsoft.windows.common-controls_6595b64144ccf1df_6.0.26100.4768_none_3e0c112ce331287c\COMCTL32.dll
0x00007fff8ad20000 - 0x00007fff8ad47000 	C:\WINDOWS\System32\win32u.dll
0x00007fff8c040000 - 0x00007fff8c0e9000 	C:\WINDOWS\System32\msvcrt.dll
0x00007fff8c280000 - 0x00007fff8c2ab000 	C:\WINDOWS\System32\GDI32.dll
0x00007fff8ad50000 - 0x00007fff8ae88000 	C:\WINDOWS\System32\gdi32full.dll
0x00007fff8af30000 - 0x00007fff8afd3000 	C:\WINDOWS\System32\msvcp_win.dll
0x00007fff8c0f0000 - 0x00007fff8c11f000 	C:\WINDOWS\System32\IMM32.DLL
0x00007fff86a20000 - 0x00007fff86a2c000 	C:\Program Files\Java\jdk-23\bin\vcruntime140_1.dll
0x00007fff66cc0000 - 0x00007fff66d4e000 	C:\Program Files\Java\jdk-23\bin\msvcp140.dll
0x00007fff27780000 - 0x00007fff284cf000 	C:\Program Files\Java\jdk-23\bin\server\jvm.dll
0x00007fff8c1c0000 - 0x00007fff8c274000 	C:\WINDOWS\System32\ADVAPI32.dll
0x00007fff8d670000 - 0x00007fff8d716000 	C:\WINDOWS\System32\sechost.dll
0x00007fff8bd70000 - 0x00007fff8be88000 	C:\WINDOWS\System32\RPCRT4.dll
0x00007fff8d560000 - 0x00007fff8d5d4000 	C:\WINDOWS\System32\WS2_32.dll
0x00007fff8a710000 - 0x00007fff8a76e000 	C:\WINDOWS\SYSTEM32\POWRPROF.dll
0x00007fff82fd0000 - 0x00007fff82fdb000 	C:\WINDOWS\SYSTEM32\VERSION.dll
0x00007fff7d4c0000 - 0x00007fff7d4f5000 	C:\WINDOWS\SYSTEM32\WINMM.dll
0x00007fff8a6f0000 - 0x00007fff8a704000 	C:\WINDOWS\SYSTEM32\UMPDC.dll
0x00007fff895e0000 - 0x00007fff895fb000 	C:\WINDOWS\SYSTEM32\kernel.appcore.dll
0x00007fff7c0c0000 - 0x00007fff7c0ca000 	C:\Program Files\Java\jdk-23\bin\jimage.dll
0x00007fff87ec0000 - 0x00007fff88101000 	C:\WINDOWS\SYSTEM32\DBGHELP.DLL
0x00007fff8b4f0000 - 0x00007fff8b875000 	C:\WINDOWS\System32\combase.dll
0x00007fff8c910000 - 0x00007fff8c9f0000 	C:\WINDOWS\System32\OLEAUT32.dll
0x00007fff67c30000 - 0x00007fff67c73000 	C:\WINDOWS\SYSTEM32\dbgcore.DLL
0x00007fff8ae90000 - 0x00007fff8af29000 	C:\WINDOWS\System32\bcryptPrimitives.dll
0x00007fff76000000 - 0x00007fff7600f000 	C:\Program Files\Java\jdk-23\bin\instrument.dll
0x00007fff6d570000 - 0x00007fff6d58e000 	C:\Program Files\Java\jdk-23\bin\java.dll
0x00007fff8c440000 - 0x00007fff8c5e0000 	C:\WINDOWS\System32\ole32.dll
0x00007fff8cac0000 - 0x00007fff8d20d000 	C:\WINDOWS\System32\SHELL32.dll
0x00007fff8afe0000 - 0x00007fff8b153000 	C:\WINDOWS\System32\wintypes.dll
0x00007fff88450000 - 0x00007fff88caf000 	C:\WINDOWS\SYSTEM32\windows.storage.dll
0x00007fff8be90000 - 0x00007fff8bf85000 	C:\WINDOWS\System32\SHCORE.dll
0x00007fff8ca00000 - 0x00007fff8ca6a000 	C:\WINDOWS\System32\shlwapi.dll
0x00007fff8a7b0000 - 0x00007fff8a7d9000 	C:\WINDOWS\SYSTEM32\profapi.dll
0x00007fff5c130000 - 0x00007fff5c207000 	C:\Program Files\Java\jdk-23\bin\jsvml.dll
0x00007fff6d1b0000 - 0x00007fff6d1c7000 	C:\Program Files\Java\jdk-23\bin\zip.dll
0x00007fff723d0000 - 0x00007fff723e0000 	C:\Program Files\Java\jdk-23\bin\net.dll
0x00007fff89b80000 - 0x00007fff89beb000 	C:\WINDOWS\system32\mswsock.dll
0x00007fff6d060000 - 0x00007fff6d076000 	C:\Program Files\Java\jdk-23\bin\nio.dll
0x00007fff72390000 - 0x00007fff723a0000 	C:\Program Files\Java\jdk-23\bin\verify.dll
0x00007fff76010000 - 0x00007fff76037000 	C:\Users\SIMEON\.gradle\native\1def1411415f61bf3af743bc5b6707747c0891f09f0c88961ee8f79bc544acac\windows-amd64\native-platform.dll
0x0000000060560000 - 0x00000000605d3000 	C:\Users\SIMEON\.gradle\native\0.2.5\x86_64-windows-gnu\gradle-fileevents.dll
0x00007fff704c0000 - 0x00007fff704ca000 	C:\Program Files\Java\jdk-23\bin\management.dll
0x00007fff6cd80000 - 0x00007fff6cd8b000 	C:\Program Files\Java\jdk-23\bin\management_ext.dll
0x00007fff8d550000 - 0x00007fff8d558000 	C:\WINDOWS\System32\PSAPI.DLL
0x00007fff89e60000 - 0x00007fff89e7b000 	C:\WINDOWS\SYSTEM32\CRYPTSP.dll
0x00007fff89540000 - 0x00007fff8957b000 	C:\WINDOWS\system32\rsaenh.dll
0x00007fff89c40000 - 0x00007fff89c6b000 	C:\WINDOWS\SYSTEM32\USERENV.dll
0x00007fff8a780000 - 0x00007fff8a7a6000 	C:\WINDOWS\SYSTEM32\bcrypt.dll
0x00007fff89e80000 - 0x00007fff89e8c000 	C:\WINDOWS\SYSTEM32\CRYPTBASE.dll
0x00007fff88fc0000 - 0x00007fff88ff3000 	C:\WINDOWS\SYSTEM32\IPHLPAPI.DLL
0x00007fff8c900000 - 0x00007fff8c90a000 	C:\WINDOWS\System32\NSI.dll
0x00007fff6cd70000 - 0x00007fff6cd79000 	C:\Program Files\Java\jdk-23\bin\extnet.dll
0x00007fff6cd40000 - 0x00007fff6cd4e000 	C:\Program Files\Java\jdk-23\bin\sunmscapi.dll
0x00007fff8b370000 - 0x00007fff8b4e7000 	C:\WINDOWS\System32\CRYPT32.dll
0x00007fff8a080000 - 0x00007fff8a0b0000 	C:\WINDOWS\SYSTEM32\ncrypt.dll
0x00007fff8a030000 - 0x00007fff8a06f000 	C:\WINDOWS\SYSTEM32\NTASN1.dll
0x00007ffefae10000 - 0x00007ffefae18000 	C:\WINDOWS\system32\wshunix.dll
0x00000000604e0000 - 0x0000000060553000 	C:\Users\SIMEON\AppData\Local\Temp\native-platform3963370259159956215dir\gradle-fileevents.dll
0x00007fff65400000 - 0x00007fff65418000 	C:\WINDOWS\system32\napinsp.dll
0x00007fff89000000 - 0x00007fff89126000 	C:\WINDOWS\SYSTEM32\DNSAPI.dll
0x00007fff64700000 - 0x00007fff64712000 	C:\WINDOWS\System32\winrnr.dll
0x00007fff65b10000 - 0x00007fff65b40000 	C:\WINDOWS\system32\nlansp_c.dll
0x00007fff60880000 - 0x00007fff608a0000 	C:\WINDOWS\system32\wshbth.dll
0x00007fff7f470000 - 0x00007fff7f47b000 	C:\Windows\System32\rasadhlp.dll
0x00007fff81af0000 - 0x00007fff81b76000 	C:\WINDOWS\System32\fwpuclnt.dll
0x00007fff75fe0000 - 0x00007fff75fe7000 	C:\Program Files\Java\jdk-23\bin\rmi.dll

dbghelp: loaded successfully - version: 4.0.5 - missing functions: none
symbol engine: initialized successfully - sym options: 0x614 - pdb path: .;C:\Program Files\Java\jdk-23\bin;C:\WINDOWS\SYSTEM32;C:\WINDOWS\WinSxS\amd64_microsoft.windows.common-controls_6595b64144ccf1df_6.0.26100.4768_none_3e0c112ce331287c;C:\Program Files\Java\jdk-23\bin\server;C:\Users\SIMEON\.gradle\native\1def1411415f61bf3af743bc5b6707747c0891f09f0c88961ee8f79bc544acac\windows-amd64;C:\Users\SIMEON\.gradle\native\0.2.5\x86_64-windows-gnu;C:\Users\SIMEON\AppData\Local\Temp\native-platform3963370259159956215dir

VM Arguments:
jvm_args: --add-opens=java.base/java.lang=ALL-UNNAMED --add-opens=java.base/java.lang.invoke=ALL-UNNAMED --add-opens=java.base/java.util=ALL-UNNAMED --add-opens=java.prefs/java.util.prefs=ALL-UNNAMED --add-exports=jdk.compiler/com.sun.tools.javac.api=ALL-UNNAMED --add-exports=jdk.compiler/com.sun.tools.javac.util=ALL-UNNAMED --add-opens=java.base/java.util=ALL-UNNAMED --add-opens=java.prefs/java.util.prefs=ALL-UNNAMED --add-opens=java.base/java.nio.charset=ALL-UNNAMED --add-opens=java.base/java.net=ALL-UNNAMED --add-opens=java.base/java.util.concurrent.atomic=ALL-UNNAMED --add-opens=java.xml/javax.xml.namespace=ALL-UNNAMED -XX:MaxMetaspaceSize=4G -XX:ReservedCodeCacheSize=512m -XX:+HeapDumpOnOutOfMemoryError -Xmx8G -Dfile.encoding=UTF-8 -Duser.country=FR -Duser.language=fr -Duser.variant -javaagent:C:\Users\SIMEON\.gradle\wrapper\dists\gradle-8.12-all\ejduaidbjup3bmmkhw3rie4zb\gradle-8.12\lib\agents\gradle-instrumentation-agent-8.12.jar 
java_command: org.gradle.launcher.daemon.bootstrap.GradleDaemon 8.12
java_class_path (initial): C:\Users\SIMEON\.gradle\wrapper\dists\gradle-8.12-all\ejduaidbjup3bmmkhw3rie4zb\gradle-8.12\lib\gradle-daemon-main-8.12.jar
Launcher Type: SUN_STANDARD

[Global flags]
     intx CICompilerCount                          = 4                                         {product} {ergonomic}
     uint ConcGCThreads                            = 2                                         {product} {ergonomic}
     uint G1ConcRefinementThreads                  = 8                                         {product} {ergonomic}
   size_t G1HeapRegionSize                         = 4194304                                   {product} {ergonomic}
     bool HeapDumpOnOutOfMemoryError               = true                                   {manageable} {command line}
   size_t InitialHeapSize                          = 134217728                                 {product} {ergonomic}
   size_t MarkStackSize                            = 4194304                                   {product} {ergonomic}
   size_t MarkStackSizeMax                         = 536870912                                 {product} {ergonomic}
   size_t MaxHeapSize                              = 8589934592                                {product} {command line}
   size_t MaxMetaspaceSize                         = 4294967296                                {product} {command line}
   size_t MaxNewSize                               = 5150605312                                {product} {ergonomic}
   size_t MinHeapDeltaBytes                        = 4194304                                   {product} {ergonomic}
   size_t MinHeapSize                              = 8388608                                   {product} {ergonomic}
    uintx NonNMethodCodeHeapSize                   = 5832704                                {pd product} {ergonomic}
    uintx NonProfiledCodeHeapSize                  = 265551872                              {pd product} {ergonomic}
    uintx ProfiledCodeHeapSize                     = 265486336                              {pd product} {ergonomic}
    uintx ReservedCodeCacheSize                    = 536870912                              {pd product} {command line, ergonomic}
     bool SegmentedCodeCache                       = true                                      {product} {ergonomic}
   size_t SoftMaxHeapSize                          = 8589934592                             {manageable} {ergonomic}
     bool UseCompressedOops                        = true                           {product lp64_product} {ergonomic}
     bool UseG1GC                                  = true                                      {product} {ergonomic}
     bool UseLargePagesIndividualAllocation        = false                                  {pd product} {ergonomic}

Logging:
Log output configuration:
 #0: stdout all=warning uptime,level,tags foldmultilines=false
 #1: stderr all=off uptime,level,tags foldmultilines=false

Environment Variables:
PATH=C:\Program Files\Common Files\Oracle\Java\javapath;C:\WINDOWS\system32;C:\WINDOWS;C:\WINDOWS\System32\Wbem;C:\WINDOWS\System32\WindowsPowerShell\v1.0\;C:\WINDOWS\System32\OpenSSH\;C:\Program Files\dotnet\;C:\laragon\bin\nginx\nginx-1.22.0;C:\laragon\bin;C:\laragon\bin\apache\httpd-2.4.54-win64-VS16\bin;C:\laragon\bin\composer;C:\laragon\bin\git\bin;C:\laragon\bin\git\cmd;C:\laragon\bin\git\mingw64\bin;C:\laragon\bin\git\usr\bin;C:\laragon\bin\laragon\utils;C:\laragon\bin\mysql\mysql-8.0.30-winx64\bin;C:\laragon\bin\nginx\nginx-1.22.0;C:\laragon\bin\ngrok;C:\laragon\bin\nodejs\node-v22;C:\laragon\bin\notepad++;C:\laragon\bin\php\php-8.1.10-Win32-vs16-x64;C:\laragon\bin\python\python-3.10;C:\laragon\bin\python\python-3.10\Scripts;C:\laragon\bin\redis\redis-x64-5.0.14.1;C:\laragon\bin\telnet;C:\laragon\usr\bin;C:\Users\SIMEON\AppData\Local\Yarn\config\global\node_modules\.bin;C:\Users\SIMEON\AppData\Roaming\Composer\vendor\bin;C:\Users\SIMEON\AppData\Roaming\npm;C:\Users\SIMEON\AppData\Local\Microsoft\WindowsApps;C:\Users\SIMEON\AppData\Local\Programs\MiKTeX 2.9\miktex\bin\x64\;C:\Mingw\bin;C:\Users\SIMEON\AppData\Local\Programs\Microsoft VS Code\bin;C:\Users\SIMEON\AppData\Local\Programs\Hyper\resources\bin;C:\Users\SIMEON\developementmobile\flutter\bin;
USERNAME=SIMEON
OS=Windows_NT
PROCESSOR_IDENTIFIER=Intel64 Family 6 Model 142 Stepping 10, GenuineIntel
TMP=C:\Users\SIMEON\AppData\Local\Temp
TEMP=C:\Users\SIMEON\AppData\Local\Temp




Periodic native trim disabled

---------------  S Y S T E M  ---------------

OS:
 Windows 11 , 64 bit Build 26100 (10.0.26100.4768)
OS uptime: 0 days 1:24 hours
Hyper-V role detected

CPU: total 8 (initial active 8) (4 cores per cpu, 2 threads per core) family 6 model 142 stepping 10 microcode 0xf0, cx8, cmov, fxsr, ht, mmx, 3dnowpref, sse, sse2, sse3, ssse3, sse4.1, sse4.2, popcnt, lzcnt, tsc, tscinvbit, avx, avx2, aes, erms, clmul, bmi1, bmi2, adx, fma, vzeroupper, clflush, clflushopt, hv, rdtscp, f16c
Processor Information for the first 8 processors :
  Max Mhz: 1800, Current Mhz: 1600, Mhz Limit: 1584

Memory: 4k page, system-wide physical 8089M (1107M free)
TotalPageFile size 10137M (AvailPageFile size 7M)
current process WorkingSet (physical memory assigned to process): 809M, peak: 816M
current process commit charge ("private bytes"): 850M, peak: 855M

vm_info: Java HotSpot(TM) 64-Bit Server VM (23.0.1+11-39) for windows-amd64 JRE (23.0.1+11-39), built on 2024-09-30T07:20:43Z with MS VC++ 17.6 (VS2022)

END.
