#
# There is insufficient memory for the Java Runtime Environment to continue.
# Native memory allocation (mmap) failed to map 528482304 bytes. Error detail: G1 virtual space
# Possible reasons:
#   The system is out of physical RAM or swap space
#   This process is running with CompressedOops enabled, and the Java Heap may be blocking the growth of the native heap
# Possible solutions:
#   Reduce memory load on the system
#   Increase physical memory or swap space
#   Check if swap backing store is full
#   Decrease Java heap size (-Xmx/-Xms)
#   Decrease number of Java threads
#   Decrease Java thread stack sizes (-Xss)
#   Set larger code cache with -XX:ReservedCodeCacheSize=
#   JVM is running with Zero Based Compressed Oops mode in which the Java heap is
#     placed in the first 32GB address space. The Java Heap base address is the
#     maximum limit for the native heap growth. Please use -XX:HeapBaseMinAddress
#     to set the Java Heap base and to place the Java Heap above 32GB virtual address.
# This output file may be truncated or incomplete.
#
#  Out of Memory Error (os_windows.cpp:3703), pid=11692, tid=6164
#
# JRE version: Java(TM) SE Runtime Environment (23.0.1+11) (build 23.0.1+11-39)
# Java VM: Java HotSpot(TM) 64-Bit Server VM (23.0.1+11-39, mixed mode, sharing, tiered, compressed oops, compressed class ptrs, g1 gc, windows-amd64)
# No core dump will be written. Minidumps are not enabled by default on client versions of Windows
#

---------------  S U M M A R Y ------------

Command Line: --add-opens=java.base/java.lang=ALL-UNNAMED --add-opens=java.base/java.lang.invoke=ALL-UNNAMED --add-opens=java.base/java.util=ALL-UNNAMED --add-opens=java.prefs/java.util.prefs=ALL-UNNAMED --add-exports=jdk.compiler/com.sun.tools.javac.api=ALL-UNNAMED --add-exports=jdk.compiler/com.sun.tools.javac.util=ALL-UNNAMED --add-opens=java.base/java.util=ALL-UNNAMED --add-opens=java.prefs/java.util.prefs=ALL-UNNAMED --add-opens=java.base/java.nio.charset=ALL-UNNAMED --add-opens=java.base/java.net=ALL-UNNAMED --add-opens=java.base/java.util.concurrent.atomic=ALL-UNNAMED --add-opens=java.xml/javax.xml.namespace=ALL-UNNAMED -XX:MaxMetaspaceSize=4G -XX:ReservedCodeCacheSize=512m -XX:+HeapDumpOnOutOfMemoryError -Xmx8G -Dfile.encoding=UTF-8 -Duser.country=FR -Duser.language=fr -Duser.variant -javaagent:C:\Users\SIMEON\.gradle\wrapper\dists\gradle-8.12-all\ejduaidbjup3bmmkhw3rie4zb\gradle-8.12\lib\agents\gradle-instrumentation-agent-8.12.jar org.gradle.launcher.daemon.bootstrap.GradleDaemon 8.12

Host: Intel(R) Core(TM) i5-8250U CPU @ 1.60GHz, 8 cores, 7G,  Windows 11 , 64 bit Build 26100 (10.0.26100.4768)
Time: Sat Aug  9 19:56:14 2025 Paris, Madrid elapsed time: 1626.266765 seconds (0d 0h 27m 6s)

---------------  T H R E A D  ---------------

Current thread (0x0000025771cca160):  VMThread "VM Thread"          [id=6164, stack(0x000000e72ba00000,0x000000e72bb00000) (1024K)]

Stack: [0x000000e72ba00000,0x000000e72bb00000]
Native frames: (J=compiled Java code, j=interpreted, Vv=VM code, C=native code)
V  [jvm.dll+0x6e08b9]  (no source info available)
V  [jvm.dll+0x87dc83]  (no source info available)
V  [jvm.dll+0x88010e]  (no source info available)
V  [jvm.dll+0x8807e3]  (no source info available)
V  [jvm.dll+0x27aee6]  (no source info available)
V  [jvm.dll+0x6dd1c5]  (no source info available)
V  [jvm.dll+0x6d104a]  (no source info available)
V  [jvm.dll+0x35b3ea]  (no source info available)
V  [jvm.dll+0x3637f6]  (no source info available)
V  [jvm.dll+0x34fd5e]  (no source info available)
V  [jvm.dll+0x34fff8]  (no source info available)
V  [jvm.dll+0x3289cc]  (no source info available)
V  [jvm.dll+0x328a5a]  (no source info available)
V  [jvm.dll+0x374c92]  (no source info available)
V  [jvm.dll+0x373392]  (no source info available)
V  [jvm.dll+0x3281a7]  (no source info available)
V  [jvm.dll+0x372b44]  (no source info available)
V  [jvm.dll+0x886720]  (no source info available)
V  [jvm.dll+0x887a47]  (no source info available)
V  [jvm.dll+0x887f78]  (no source info available)
V  [jvm.dll+0x888213]  (no source info available)
V  [jvm.dll+0x824f8b]  (no source info available)
V  [jvm.dll+0x6df065]  (no source info available)
C  [ucrtbase.dll+0x37b0]  (no source info available)
C  [KERNEL32.DLL+0x2e8d7]  (no source info available)
C  [ntdll.dll+0x3c34c]  (no source info available)

VM_Operation (0x000000e7318face0): G1CollectForAllocation, mode: safepoint, requested by thread 0x00000257bd568260


---------------  P R O C E S S  ---------------

Threads class SMR info:
_java_thread_list=0x00000257be06aad0, length=94, elements={
0x000002573eceff80, 0x0000025771cdfbc0, 0x0000025771ce0430, 0x0000025771ce2cb0,
0x0000025771ce5460, 0x0000025771cec700, 0x0000025771ceeeb0, 0x0000025771cef850,
0x0000025771d01f30, 0x0000025771cb9540, 0x00000257747f4f70, 0x00000257bbaf4d90,
0x00000257bbce7eb0, 0x000002577475e320, 0x00000257bb10efd0, 0x00000257bb10c870,
0x00000257bb10bb50, 0x00000257bd8c3650, 0x00000257bd8c3ce0, 0x00000257bd8c22a0,
0x00000257bd8c2fc0, 0x00000257bd8c4370, 0x00000257bd8c1580, 0x00000257bd8c7160,
0x00000257bd8c7e80, 0x00000257bd8c8510, 0x00000257bd8c5090, 0x00000257bd8c5720,
0x00000257bc4283a0, 0x00000257bf7c2f80, 0x00000257bf7c0eb0, 0x00000257bf55e270,
0x00000257bde6f580, 0x00000257bf9dea10, 0x00000257bc4290c0, 0x00000257bc427680,
0x00000257bc429750, 0x00000257bc428a30, 0x00000257bc427d10, 0x00000257bc42b820,
0x00000257bde71ce0, 0x00000257bde70fc0, 0x00000257bde71650, 0x00000257bde702a0,
0x00000257bde6e860, 0x00000257bde73720, 0x00000257bde73090, 0x00000257bde74ad0,
0x00000257bde75160, 0x00000257bde757f0, 0x00000257bde73db0, 0x00000257bde72a00,
0x00000257bde74440, 0x00000257bf9d94c0, 0x00000257bf9d9b50, 0x00000257bf9da870,
0x00000257bf9d73f0, 0x00000257bf9daf00, 0x00000257bf9db590, 0x00000257bc00f350,
0x00000257bf9da1e0, 0x00000257bf9d8110, 0x00000257bf9ddcf0, 0x00000257bf9dc2b0,
0x00000257bf9de380, 0x00000257bf9dc940, 0x00000257bf9dcfd0, 0x00000257bf560340,
0x00000257bf55ef90, 0x00000257bf55e900, 0x00000257bf55f620, 0x00000257bf561060,
0x00000257bf55dbe0, 0x00000257bf563130, 0x00000257bf5616f0, 0x00000257bf5637c0,
0x00000257bf562410, 0x00000257bf563e50, 0x00000257bf5644e0, 0x00000257bf564b70,
0x00000257bd561960, 0x00000257bd564750, 0x00000257bd563a30, 0x00000257bd564de0,
0x00000257bd566820, 0x00000257bd5633a0, 0x00000257bd566eb0, 0x00000257bd567540,
0x00000257bd568260, 0x00000257bd5688f0, 0x00000257bf7c0190, 0x00000257bf7c3ca0,
0x00000257bf7c3610, 0x00000257bfb4ff00
}

Java Threads: ( => current thread )
  0x000002573eceff80 JavaThread "main"                              [_thread_blocked, id=7220, stack(0x000000e72b300000,0x000000e72b400000) (1024K)]
  0x0000025771cdfbc0 JavaThread "Reference Handler"          daemon [_thread_blocked, id=6644, stack(0x000000e72bb00000,0x000000e72bc00000) (1024K)]
  0x0000025771ce0430 JavaThread "Finalizer"                  daemon [_thread_blocked, id=1548, stack(0x000000e72bc00000,0x000000e72bd00000) (1024K)]
  0x0000025771ce2cb0 JavaThread "Signal Dispatcher"          daemon [_thread_blocked, id=9104, stack(0x000000e72bd00000,0x000000e72be00000) (1024K)]
  0x0000025771ce5460 JavaThread "Attach Listener"            daemon [_thread_blocked, id=13208, stack(0x000000e72be00000,0x000000e72bf00000) (1024K)]
  0x0000025771cec700 JavaThread "Service Thread"             daemon [_thread_blocked, id=1220, stack(0x000000e72bf00000,0x000000e72c000000) (1024K)]
  0x0000025771ceeeb0 JavaThread "Monitor Deflation Thread"   daemon [_thread_blocked, id=2948, stack(0x000000e72c000000,0x000000e72c100000) (1024K)]
  0x0000025771cef850 JavaThread "C2 CompilerThread0"         daemon [_thread_blocked, id=9032, stack(0x000000e72c100000,0x000000e72c200000) (1024K)]
  0x0000025771d01f30 JavaThread "C1 CompilerThread0"         daemon [_thread_blocked, id=4352, stack(0x000000e72c200000,0x000000e72c300000) (1024K)]
  0x0000025771cb9540 JavaThread "Common-Cleaner"             daemon [_thread_blocked, id=12180, stack(0x000000e72c300000,0x000000e72c400000) (1024K)]
  0x00000257747f4f70 JavaThread "Notification Thread"        daemon [_thread_blocked, id=11292, stack(0x000000e72c400000,0x000000e72c500000) (1024K)]
  0x00000257bbaf4d90 JavaThread "Daemon health stats"               [_thread_blocked, id=8964, stack(0x000000e72cb00000,0x000000e72cc00000) (1024K)]
  0x00000257bbce7eb0 JavaThread "Incoming local TCP Connector on port 49994"        [_thread_in_native, id=12720, stack(0x000000e72cc00000,0x000000e72cd00000) (1024K)]
  0x000002577475e320 JavaThread "Daemon periodic checks"            [_thread_blocked, id=4904, stack(0x000000e72c500000,0x000000e72c600000) (1024K)]
  0x00000257bb10efd0 JavaThread "Cache worker for journal cache (C:\Users\SIMEON\.gradle\caches\journal-1)"        [_thread_blocked, id=7640, stack(0x000000e72d600000,0x000000e72d700000) (1024K)]
  0x00000257bb10c870 JavaThread "File lock request listener"        [_thread_in_native, id=11200, stack(0x000000e72d700000,0x000000e72d800000) (1024K)]
  0x00000257bb10bb50 JavaThread "Cache worker for file hash cache (C:\Users\SIMEON\.gradle\caches\8.12\fileHashes)"        [_thread_blocked, id=2352, stack(0x000000e72d900000,0x000000e72da00000) (1024K)]
  0x00000257bd8c3650 JavaThread "File watcher server"        daemon [_thread_in_native, id=1644, stack(0x000000e72dc00000,0x000000e72dd00000) (1024K)]
  0x00000257bd8c3ce0 JavaThread "File watcher consumer"      daemon [_thread_blocked, id=11028, stack(0x000000e72dd00000,0x000000e72de00000) (1024K)]
  0x00000257bd8c22a0 JavaThread "jar transforms"                    [_thread_blocked, id=12860, stack(0x000000e72de00000,0x000000e72df00000) (1024K)]
  0x00000257bd8c2fc0 JavaThread "jar transforms Thread 2"           [_thread_blocked, id=2956, stack(0x000000e72df00000,0x000000e72e000000) (1024K)]
  0x00000257bd8c4370 JavaThread "jar transforms Thread 3"           [_thread_blocked, id=4580, stack(0x000000e72e000000,0x000000e72e100000) (1024K)]
  0x00000257bd8c1580 JavaThread "jar transforms Thread 4"           [_thread_blocked, id=5004, stack(0x000000e72e200000,0x000000e72e300000) (1024K)]
  0x00000257bd8c7160 JavaThread "jar transforms Thread 5"           [_thread_blocked, id=11900, stack(0x000000e72e100000,0x000000e72e200000) (1024K)]
  0x00000257bd8c7e80 JavaThread "Cache worker for file content cache (C:\Users\SIMEON\.gradle\caches\8.12\fileContent)"        [_thread_blocked, id=8492, stack(0x000000e72e600000,0x000000e72e700000) (1024K)]
  0x00000257bd8c8510 JavaThread "jar transforms Thread 6"           [_thread_blocked, id=8528, stack(0x000000e72e400000,0x000000e72e500000) (1024K)]
  0x00000257bd8c5090 JavaThread "jar transforms Thread 7"           [_thread_blocked, id=12708, stack(0x000000e72e700000,0x000000e72e800000) (1024K)]
  0x00000257bd8c5720 JavaThread "jar transforms Thread 8"           [_thread_blocked, id=5652, stack(0x000000e72e800000,0x000000e72e900000) (1024K)]
  0x00000257bc4283a0 JavaThread "Memory manager"                    [_thread_blocked, id=4088, stack(0x000000e730200000,0x000000e730300000) (1024K)]
  0x00000257bf7c2f80 JavaThread "Daemon Thread 2"                   [_thread_blocked, id=11016, stack(0x000000e72b000000,0x000000e72b100000) (1024K)]
  0x00000257bf7c0eb0 JavaThread "Daemon worker Thread 2"            [_thread_blocked, id=12388, stack(0x000000e72cd00000,0x000000e72ce00000) (1024K)]
  0x00000257bf55e270 JavaThread "included builds"                   [_thread_blocked, id=1520, stack(0x000000e72e300000,0x000000e72e400000) (1024K)]
  0x00000257bde6f580 JavaThread "VFS cleanup Thread 2"              [_thread_blocked, id=12104, stack(0x000000e72ce00000,0x000000e72cf00000) (1024K)]
  0x00000257bf9dea10 JavaThread "included builds"                   [_thread_blocked, id=1780, stack(0x000000e72fa00000,0x000000e72fb00000) (1024K)]
  0x00000257bc4290c0 JavaThread "Handler for socket connection from /127.0.0.1:49994 to /127.0.0.1:50070"        [_thread_in_native, id=368, stack(0x000000e72b200000,0x000000e72b300000) (1024K)]
  0x00000257bc427680 JavaThread "Cancel handler"                    [_thread_blocked, id=12888, stack(0x000000e72cf00000,0x000000e72d000000) (1024K)]
  0x00000257bc429750 JavaThread "Asynchronous log dispatcher for DefaultDaemonConnection: socket connection from /127.0.0.1:49994 to /127.0.0.1:50070"        [_thread_blocked, id=12872, stack(0x000000e72d000000,0x000000e72d100000) (1024K)]
  0x00000257bc428a30 JavaThread "Stdin handler"                     [_thread_blocked, id=12048, stack(0x000000e72d100000,0x000000e72d200000) (1024K)]
  0x00000257bc427d10 JavaThread "Daemon client event forwarder"        [_thread_blocked, id=7724, stack(0x000000e72d200000,0x000000e72d300000) (1024K)]
  0x00000257bc42b820 JavaThread "Cache worker for file hash cache (C:\Users\SIMEON\developementmobile\test\android\.gradle\8.12\fileHashes)"        [_thread_blocked, id=10380, stack(0x000000e72d300000,0x000000e72d400000) (1024K)]
  0x00000257bde71ce0 JavaThread "Cache worker for Build Output Cleanup Cache (C:\Users\SIMEON\developementmobile\test\android\.gradle\buildOutputCleanup)"        [_thread_blocked, id=2740, stack(0x000000e72d800000,0x000000e72d900000) (1024K)]
  0x00000257bde70fc0 JavaThread "Cache worker for checksums cache (C:\Users\SIMEON\developementmobile\test\android\.gradle\8.12\checksums)"        [_thread_blocked, id=12424, stack(0x000000e72db00000,0x000000e72dc00000) (1024K)]
  0x00000257bde71650 JavaThread "Cache worker for cache directory md-rule (C:\Users\SIMEON\.gradle\caches\8.12\md-rule)"        [_thread_blocked, id=12324, stack(0x000000e72e500000,0x000000e72e600000) (1024K)]
  0x00000257bde702a0 JavaThread "Cache worker for cache directory md-supplier (C:\Users\SIMEON\.gradle\caches\8.12\md-supplier)"        [_thread_blocked, id=9204, stack(0x000000e72e900000,0x000000e72ea00000) (1024K)]
  0x00000257bde6e860 JavaThread "Cache worker for Build Output Cleanup Cache (C:\Users\SIMEON\developementmobile\flutter\packages\flutter_tools\gradle\.gradle\buildOutputCleanup)"        [_thread_blocked, id=11196, stack(0x000000e72ea00000,0x000000e72eb00000) (1024K)]
  0x00000257bde73720 JavaThread "Unconstrained build operations"        [_thread_blocked, id=11728, stack(0x000000e72eb00000,0x000000e72ec00000) (1024K)]
  0x00000257bde73090 JavaThread "Unconstrained build operations Thread 2"        [_thread_blocked, id=7328, stack(0x000000e72ec00000,0x000000e72ed00000) (1024K)]
  0x00000257bde74ad0 JavaThread "Unconstrained build operations Thread 3"        [_thread_blocked, id=8440, stack(0x000000e72ed00000,0x000000e72ee00000) (1024K)]
  0x00000257bde75160 JavaThread "Unconstrained build operations Thread 4"        [_thread_blocked, id=4160, stack(0x000000e72ee00000,0x000000e72ef00000) (1024K)]
  0x00000257bde757f0 JavaThread "Unconstrained build operations Thread 5"        [_thread_blocked, id=7716, stack(0x000000e72ef00000,0x000000e72f000000) (1024K)]
  0x00000257bde73db0 JavaThread "Unconstrained build operations Thread 6"        [_thread_blocked, id=11492, stack(0x000000e72f000000,0x000000e72f100000) (1024K)]
  0x00000257bde72a00 JavaThread "Unconstrained build operations Thread 7"        [_thread_blocked, id=9192, stack(0x000000e72f100000,0x000000e72f200000) (1024K)]
  0x00000257bde74440 JavaThread "Unconstrained build operations Thread 8"        [_thread_blocked, id=4644, stack(0x000000e72f200000,0x000000e72f300000) (1024K)]
  0x00000257bf9d94c0 JavaThread "Unconstrained build operations Thread 9"        [_thread_blocked, id=5820, stack(0x000000e72f300000,0x000000e72f400000) (1024K)]
  0x00000257bf9d9b50 JavaThread "Unconstrained build operations Thread 10"        [_thread_blocked, id=936, stack(0x000000e72f400000,0x000000e72f500000) (1024K)]
  0x00000257bf9da870 JavaThread "Unconstrained build operations Thread 11"        [_thread_blocked, id=11148, stack(0x000000e72f500000,0x000000e72f600000) (1024K)]
  0x00000257bf9d73f0 JavaThread "Unconstrained build operations Thread 12"        [_thread_blocked, id=6236, stack(0x000000e72f600000,0x000000e72f700000) (1024K)]
  0x00000257bf9daf00 JavaThread "Unconstrained build operations Thread 13"        [_thread_blocked, id=11312, stack(0x000000e72f700000,0x000000e72f800000) (1024K)]
  0x00000257bf9db590 JavaThread "Unconstrained build operations Thread 14"        [_thread_blocked, id=8328, stack(0x000000e72f800000,0x000000e72f900000) (1024K)]
  0x00000257bc00f350 JavaThread "C2 CompilerThread1"         daemon [_thread_blocked, id=7968, stack(0x000000e72f900000,0x000000e72fa00000) (1024K)]
  0x00000257bf9da1e0 JavaThread "build event listener"              [_thread_blocked, id=10952, stack(0x000000e72fb00000,0x000000e72fc00000) (1024K)]
  0x00000257bf9d8110 JavaThread "included builds"                   [_thread_blocked, id=11988, stack(0x000000e72fc00000,0x000000e72fd00000) (1024K)]
  0x00000257bf9ddcf0 JavaThread "Execution worker"                  [_thread_blocked, id=4336, stack(0x000000e72fd00000,0x000000e72fe00000) (1024K)]
  0x00000257bf9dc2b0 JavaThread "Execution worker Thread 2"         [_thread_blocked, id=1688, stack(0x000000e72fe00000,0x000000e72ff00000) (1024K)]
  0x00000257bf9de380 JavaThread "Execution worker Thread 3"         [_thread_blocked, id=5156, stack(0x000000e72ff00000,0x000000e730000000) (1024K)]
  0x00000257bf9dc940 JavaThread "Execution worker Thread 4"         [_thread_blocked, id=13292, stack(0x000000e730000000,0x000000e730100000) (1024K)]
  0x00000257bf9dcfd0 JavaThread "Execution worker Thread 5"         [_thread_blocked, id=13000, stack(0x000000e730100000,0x000000e730200000) (1024K)]
  0x00000257bf560340 JavaThread "Execution worker Thread 6"         [_thread_blocked, id=7024, stack(0x000000e730300000,0x000000e730400000) (1024K)]
  0x00000257bf55ef90 JavaThread "Execution worker Thread 7"         [_thread_blocked, id=9720, stack(0x000000e730400000,0x000000e730500000) (1024K)]
  0x00000257bf55e900 JavaThread "Cache worker for execution history cache (C:\Users\SIMEON\developementmobile\flutter\packages\flutter_tools\gradle\.gradle\8.12\executionHistory)"        [_thread_blocked, id=5764, stack(0x000000e730500000,0x000000e730600000) (1024K)]
  0x00000257bf55f620 JavaThread "Unconstrained build operations Thread 15"        [_thread_blocked, id=10156, stack(0x000000e730600000,0x000000e730700000) (1024K)]
  0x00000257bf561060 JavaThread "Unconstrained build operations Thread 16"        [_thread_blocked, id=8040, stack(0x000000e730700000,0x000000e730800000) (1024K)]
  0x00000257bf55dbe0 JavaThread "Unconstrained build operations Thread 17"        [_thread_blocked, id=4572, stack(0x000000e730800000,0x000000e730900000) (1024K)]
  0x00000257bf563130 JavaThread "Unconstrained build operations Thread 18"        [_thread_blocked, id=11044, stack(0x000000e730900000,0x000000e730a00000) (1024K)]
  0x00000257bf5616f0 JavaThread "Unconstrained build operations Thread 19"        [_thread_blocked, id=13204, stack(0x000000e730a00000,0x000000e730b00000) (1024K)]
  0x00000257bf5637c0 JavaThread "Unconstrained build operations Thread 20"        [_thread_blocked, id=8408, stack(0x000000e730b00000,0x000000e730c00000) (1024K)]
  0x00000257bf562410 JavaThread "Unconstrained build operations Thread 21"        [_thread_blocked, id=7452, stack(0x000000e730c00000,0x000000e730d00000) (1024K)]
  0x00000257bf563e50 JavaThread "Unconstrained build operations Thread 22"        [_thread_blocked, id=8284, stack(0x000000e730d00000,0x000000e730e00000) (1024K)]
  0x00000257bf5644e0 JavaThread "Unconstrained build operations Thread 23"        [_thread_blocked, id=2984, stack(0x000000e730e00000,0x000000e730f00000) (1024K)]
  0x00000257bf564b70 JavaThread "Unconstrained build operations Thread 24"        [_thread_blocked, id=11156, stack(0x000000e730f00000,0x000000e731000000) (1024K)]
  0x00000257bd561960 JavaThread "Unconstrained build operations Thread 25"        [_thread_blocked, id=12920, stack(0x000000e731000000,0x000000e731100000) (1024K)]
  0x00000257bd564750 JavaThread "Unconstrained build operations Thread 26"        [_thread_blocked, id=6524, stack(0x000000e731100000,0x000000e731200000) (1024K)]
  0x00000257bd563a30 JavaThread "Unconstrained build operations Thread 27"        [_thread_blocked, id=13252, stack(0x000000e731200000,0x000000e731300000) (1024K)]
  0x00000257bd564de0 JavaThread "Unconstrained build operations Thread 28"        [_thread_blocked, id=5664, stack(0x000000e731300000,0x000000e731400000) (1024K)]
  0x00000257bd566820 JavaThread "Unconstrained build operations Thread 29"        [_thread_blocked, id=9716, stack(0x000000e731400000,0x000000e731500000) (1024K)]
  0x00000257bd5633a0 JavaThread "Unconstrained build operations Thread 30"        [_thread_blocked, id=10776, stack(0x000000e731500000,0x000000e731600000) (1024K)]
  0x00000257bd566eb0 JavaThread "Unconstrained build operations Thread 31"        [_thread_blocked, id=10336, stack(0x000000e731600000,0x000000e731700000) (1024K)]
  0x00000257bd567540 JavaThread "Unconstrained build operations Thread 32"        [_thread_blocked, id=12492, stack(0x000000e731700000,0x000000e731800000) (1024K)]
  0x00000257bd568260 JavaThread "Unconstrained build operations Thread 33"        [_thread_blocked, id=5088, stack(0x000000e731800000,0x000000e731900000) (1024K)]
  0x00000257bd5688f0 JavaThread "Unconstrained build operations Thread 34"        [_thread_blocked, id=11624, stack(0x000000e731900000,0x000000e731a00000) (1024K)]
  0x00000257bf7c0190 JavaThread "Unconstrained build operations Thread 35"        [_thread_blocked, id=4252, stack(0x000000e731a00000,0x000000e731b00000) (1024K)]
  0x00000257bf7c3ca0 JavaThread "Unconstrained build operations Thread 36"        [_thread_blocked, id=8420, stack(0x000000e731b00000,0x000000e731c00000) (1024K)]
  0x00000257bf7c3610 JavaThread "Unconstrained build operations Thread 37"        [_thread_blocked, id=7164, stack(0x000000e731c00000,0x000000e731d00000) (1024K)]
  0x00000257bfb4ff00 JavaThread "C2 CompilerThread2"         daemon [_thread_blocked, id=7120, stack(0x000000e731d00000,0x000000e731e00000) (1024K)]
Total: 94

Other Threads:
=>0x0000025771cca160 VMThread "VM Thread"                           [id=6164, stack(0x000000e72ba00000,0x000000e72bb00000) (1024K)]
  0x0000025771cb91b0 WatcherThread "VM Periodic Task Thread"        [id=12304, stack(0x000000e72b900000,0x000000e72ba00000) (1024K)]
  0x000002573ed99670 WorkerThread "GC Thread#0"                     [id=12432, stack(0x000000e72b400000,0x000000e72b500000) (1024K)]
  0x00000257ba5fe180 WorkerThread "GC Thread#1"                     [id=6264, stack(0x000000e72c600000,0x000000e72c700000) (1024K)]
  0x00000257ba5e2c80 WorkerThread "GC Thread#2"                     [id=10076, stack(0x000000e72c700000,0x000000e72c800000) (1024K)]
  0x00000257ba687900 WorkerThread "GC Thread#3"                     [id=10416, stack(0x000000e72c800000,0x000000e72c900000) (1024K)]
  0x00000257bad1a180 WorkerThread "GC Thread#4"                     [id=10808, stack(0x000000e72c900000,0x000000e72ca00000) (1024K)]
  0x00000257bad1a530 WorkerThread "GC Thread#5"                     [id=2076, stack(0x000000e72ca00000,0x000000e72cb00000) (1024K)]
  0x00000257bba1b470 WorkerThread "GC Thread#6"                     [id=12784, stack(0x000000e72d400000,0x000000e72d500000) (1024K)]
  0x00000257bba1b820 WorkerThread "GC Thread#7"                     [id=10352, stack(0x000000e72d500000,0x000000e72d600000) (1024K)]
  0x0000025771b52010 ConcurrentGCThread "G1 Main Marker"            [id=6060, stack(0x000000e72b500000,0x000000e72b600000) (1024K)]
  0x0000025771b531d0 WorkerThread "G1 Conc#0"                       [id=11708, stack(0x000000e72b600000,0x000000e72b700000) (1024K)]
  0x00000257bbf41870 WorkerThread "G1 Conc#1"                       [id=6780, stack(0x000000e72da00000,0x000000e72db00000) (1024K)]
  0x0000025771b8b130 ConcurrentGCThread "G1 Refine#0"               [id=6620, stack(0x000000e72b700000,0x000000e72b800000) (1024K)]
  0x0000025771b8b7d0 ConcurrentGCThread "G1 Service"                [id=12268, stack(0x000000e72b800000,0x000000e72b900000) (1024K)]
Total: 15

Threads with active compile tasks:
C2 CompilerThread0  1626390 14411   !   4       java.net.URI$Parser::parseAuthority (332 bytes)
C1 CompilerThread0  1626390 14423   !   3       org.apache.http.impl.conn.DefaultHttpClientConnectionOperator::connect (525 bytes)
C2 CompilerThread1  1626390 14418       4       java.net.URI$Parser::parseHostname (224 bytes)
C2 CompilerThread2  1626390 14433       4       org.apache.http.protocol.HttpCoreContext::getAttribute (11 bytes)
Total: 4

VM state: at safepoint (normal execution)

VM Mutex/Monitor currently owned by a thread:  ([mutex/lock_event])
[0x00007ffee40c3910] Threads_lock - owner thread: 0x0000025771cca160
[0x00007ffee40c3a10] Heap_lock - owner thread: 0x00000257bd568260

Heap address: 0x0000000600000000, size: 8192 MB, Compressed Oops mode: Zero based, Oop shift amount: 3

CDS archive(s) mapped at: [0x0000025775000000-0x0000025775d70000-0x0000025775d70000), size 14090240, SharedBaseAddress: 0x0000025775000000, ArchiveRelocationMode: 1.
Compressed class space mapped at: 0x0000025776000000-0x00000257b6000000, reserved size: 1073741824
Narrow klass base: 0x0000025775000000, Narrow klass shift: 0, Narrow klass range: 0x41000000

GC Precious Log:
 CardTable entry size: 512
 Card Set container configuration: InlinePtr #cards 4 size 8 Array Of Cards #cards 32 size 80 Howl #buckets 8 coarsen threshold 7372 Howl Bitmap #cards 1024 size 144 coarsen threshold 921 Card regions per heap region 1 cards per card region 8192
 CPUs: 8 total, 8 available
 Memory: 8089M
 Large Page Support: Disabled
 NUMA Support: Disabled
 Compressed Oops: Enabled (Zero based)
 Heap Region Size: 4M
 Heap Min Capacity: 8M
 Heap Initial Capacity: 128M
 Heap Max Capacity: 8G
 Pre-touch: Disabled
 Parallel Workers: 8
 Concurrent Workers: 2
 Concurrent Refinement Workers: 8
 Periodic GC: Disabled

Heap:
 garbage-first heap   total reserved 8388608K, committed 294912K, used 121995K [0x0000000600000000, 0x0000000800000000)
  region size 4096K, 1 young (4096K), 1 survivors (4096K)
 Metaspace       used 82501K, committed 84736K, reserved 1179648K
  class space    used 11878K, committed 12928K, reserved 1048576K

Heap Regions: E=young(eden), S=young(survivor), O=old, HS=humongous(starts), HC=humongous(continues), CS=collection set, F=free, TAMS=top-at-mark-start, PB=parsable bottom
|   0|0x0000000600000000, 0x0000000600400000, 0x0000000600400000|100%| O|  |TAMS 0x0000000600400000| PB 0x0000000600000000| Untracked |  0
|   1|0x0000000600400000, 0x0000000600800000, 0x0000000600800000|100%|HS|  |TAMS 0x0000000600800000| PB 0x0000000600400000| Complete |  0
|   2|0x0000000600800000, 0x0000000600c00000, 0x0000000600c00000|100%| O|  |TAMS 0x0000000600c00000| PB 0x0000000600800000| Untracked |  0
|   3|0x0000000600c00000, 0x0000000601000000, 0x0000000601000000|100%| O|  |TAMS 0x0000000601000000| PB 0x0000000600c00000| Untracked |  0
|   4|0x0000000601000000, 0x0000000601400000, 0x0000000601400000|100%| O|  |TAMS 0x0000000601400000| PB 0x0000000601000000| Untracked |  0
|   5|0x0000000601400000, 0x0000000601800000, 0x0000000601800000|100%| O|  |TAMS 0x0000000601800000| PB 0x0000000601400000| Untracked |  0
|   6|0x0000000601800000, 0x0000000601c00000, 0x0000000601c00000|100%| O|  |TAMS 0x0000000601c00000| PB 0x0000000601800000| Untracked |  0
|   7|0x0000000601c00000, 0x0000000602000000, 0x0000000602000000|100%| O|  |TAMS 0x0000000602000000| PB 0x0000000601c00000| Untracked |  0
|   8|0x0000000602000000, 0x0000000602400000, 0x0000000602400000|100%| O|  |TAMS 0x0000000602400000| PB 0x0000000602000000| Untracked |  0
|   9|0x0000000602400000, 0x0000000602800000, 0x0000000602800000|100%| O|  |TAMS 0x0000000602800000| PB 0x0000000602400000| Untracked |  0
|  10|0x0000000602800000, 0x0000000602c00000, 0x0000000602c00000|100%| O|  |TAMS 0x0000000602c00000| PB 0x0000000602800000| Untracked |  0
|  11|0x0000000602c00000, 0x0000000603000000, 0x0000000603000000|100%|HS|  |TAMS 0x0000000603000000| PB 0x0000000602c00000| Complete |  0
|  12|0x0000000603000000, 0x0000000603400000, 0x0000000603400000|100%| O|  |TAMS 0x0000000603400000| PB 0x0000000603000000| Untracked |  0
|  13|0x0000000603400000, 0x0000000603800000, 0x0000000603800000|100%| O|Cm|TAMS 0x0000000603800000| PB 0x0000000603400000| Updating |  0
|  14|0x0000000603800000, 0x0000000603c00000, 0x0000000603c00000|100%|HS|  |TAMS 0x0000000603c00000| PB 0x0000000603800000| Complete |  0
|  15|0x0000000603c00000, 0x0000000604000000, 0x0000000604000000|100%| O|  |TAMS 0x0000000604000000| PB 0x0000000603c00000| Untracked |  0
|  16|0x0000000604000000, 0x0000000604400000, 0x0000000604400000|100%| O|  |TAMS 0x0000000604400000| PB 0x0000000604000000| Untracked |  0
|  17|0x0000000604400000, 0x0000000604800000, 0x0000000604800000|100%| O|Cm|TAMS 0x0000000604800000| PB 0x0000000604400000| Updating |  0
|  18|0x0000000604800000, 0x0000000604c00000, 0x0000000604c00000|100%| O|  |TAMS 0x0000000604c00000| PB 0x0000000604800000| Untracked |  0
|  19|0x0000000604c00000, 0x0000000605000000, 0x0000000605000000|100%| O|  |TAMS 0x0000000605000000| PB 0x0000000605000000| Untracked |  0
|  20|0x0000000605000000, 0x0000000605400000, 0x0000000605400000|100%| O|  |TAMS 0x0000000605400000| PB 0x0000000605400000| Untracked |  0
|  21|0x0000000605400000, 0x0000000605800000, 0x0000000605800000|100%| O|  |TAMS 0x0000000605800000| PB 0x0000000605800000| Untracked |  0
|  22|0x0000000605800000, 0x0000000605c00000, 0x0000000605c00000|100%| O|  |TAMS 0x00000006059cc320| PB 0x00000006059cc320| Untracked |  0
|  23|0x0000000605c00000, 0x0000000606000000, 0x0000000606000000|100%| O|  |TAMS 0x0000000605c00000| PB 0x0000000605c00000| Untracked |  0
|  24|0x0000000606000000, 0x0000000606400000, 0x0000000606400000|100%| O|  |TAMS 0x0000000606000000| PB 0x0000000606000000| Untracked |  0
|  25|0x0000000606400000, 0x00000006067c5430, 0x0000000606800000| 94%| O|  |TAMS 0x0000000606400000| PB 0x0000000606400000| Untracked |  0
|  26|0x0000000606800000, 0x0000000606800000, 0x0000000606c00000|  0%| F|  |TAMS 0x0000000606800000| PB 0x0000000606800000| Untracked |  0
|  27|0x0000000606c00000, 0x0000000606c00000, 0x0000000607000000|  0%| F|  |TAMS 0x0000000606c00000| PB 0x0000000606c00000| Untracked |  0
|  28|0x0000000607000000, 0x0000000607000000, 0x0000000607400000|  0%| F|  |TAMS 0x0000000607000000| PB 0x0000000607000000| Untracked |  0
|  29|0x0000000607400000, 0x0000000607400000, 0x0000000607800000|  0%| F|  |TAMS 0x0000000607400000| PB 0x0000000607400000| Untracked |  0
|  30|0x0000000607800000, 0x0000000607c00000, 0x0000000607c00000|100%| O|Cm|TAMS 0x0000000607c00000| PB 0x0000000607c00000| Updating |  0
|  31|0x0000000607c00000, 0x0000000607c00000, 0x0000000608000000|  0%| F|  |TAMS 0x0000000607c00000| PB 0x0000000607c00000| Untracked |  0
|  32|0x0000000608000000, 0x0000000608000000, 0x0000000608400000|  0%| F|  |TAMS 0x0000000608000000| PB 0x0000000608000000| Untracked |  0
|  33|0x0000000608400000, 0x0000000608400000, 0x0000000608800000|  0%| F|  |TAMS 0x0000000608400000| PB 0x0000000608400000| Untracked |  0
|  34|0x0000000608800000, 0x0000000608800000, 0x0000000608c00000|  0%| F|  |TAMS 0x0000000608800000| PB 0x0000000608800000| Untracked |  0
|  35|0x0000000608c00000, 0x0000000608c00000, 0x0000000609000000|  0%| F|  |TAMS 0x0000000608c00000| PB 0x0000000608c00000| Untracked |  0
|  36|0x0000000609000000, 0x0000000609000000, 0x0000000609400000|  0%| F|  |TAMS 0x0000000609000000| PB 0x0000000609000000| Untracked |  0
|  37|0x0000000609400000, 0x0000000609400000, 0x0000000609800000|  0%| F|  |TAMS 0x0000000609400000| PB 0x0000000609400000| Untracked |  0
|  38|0x0000000609800000, 0x0000000609800000, 0x0000000609c00000|  0%| F|  |TAMS 0x0000000609800000| PB 0x0000000609800000| Untracked |  0
|  39|0x0000000609c00000, 0x0000000609c00000, 0x000000060a000000|  0%| F|  |TAMS 0x0000000609c00000| PB 0x0000000609c00000| Untracked |  0
|  40|0x000000060a000000, 0x000000060a000000, 0x000000060a400000|  0%| F|  |TAMS 0x000000060a000000| PB 0x000000060a000000| Untracked |  0
|  41|0x000000060a400000, 0x000000060a400000, 0x000000060a800000|  0%| F|  |TAMS 0x000000060a400000| PB 0x000000060a400000| Untracked |  0
|  42|0x000000060a800000, 0x000000060a800000, 0x000000060ac00000|  0%| F|  |TAMS 0x000000060a800000| PB 0x000000060a800000| Untracked |  0
|  43|0x000000060ac00000, 0x000000060ac00000, 0x000000060b000000|  0%| F|  |TAMS 0x000000060ac00000| PB 0x000000060ac00000| Untracked |  0
|  44|0x000000060b000000, 0x000000060b000000, 0x000000060b400000|  0%| F|  |TAMS 0x000000060b000000| PB 0x000000060b000000| Untracked |  0
|  45|0x000000060b400000, 0x000000060b400000, 0x000000060b800000|  0%| F|  |TAMS 0x000000060b400000| PB 0x000000060b400000| Untracked |  0
|  46|0x000000060b800000, 0x000000060b800000, 0x000000060bc00000|  0%| F|  |TAMS 0x000000060b800000| PB 0x000000060b800000| Untracked |  0
|  47|0x000000060bc00000, 0x000000060bc00000, 0x000000060c000000|  0%| F|  |TAMS 0x000000060bc00000| PB 0x000000060bc00000| Untracked |  0
|  48|0x000000060c000000, 0x000000060c000000, 0x000000060c400000|  0%| F|  |TAMS 0x000000060c000000| PB 0x000000060c000000| Untracked |  0
|  49|0x000000060c400000, 0x000000060c400000, 0x000000060c800000|  0%| F|  |TAMS 0x000000060c400000| PB 0x000000060c400000| Untracked |  0
|  50|0x000000060c800000, 0x000000060c800000, 0x000000060cc00000|  0%| F|  |TAMS 0x000000060c800000| PB 0x000000060c800000| Untracked |  0
|  51|0x000000060cc00000, 0x000000060cc00000, 0x000000060d000000|  0%| F|  |TAMS 0x000000060cc00000| PB 0x000000060cc00000| Untracked |  0
|  52|0x000000060d000000, 0x000000060d000000, 0x000000060d400000|  0%| F|  |TAMS 0x000000060d000000| PB 0x000000060d000000| Untracked |  0
|  53|0x000000060d400000, 0x000000060d400000, 0x000000060d800000|  0%| F|  |TAMS 0x000000060d400000| PB 0x000000060d400000| Untracked |  0
|  54|0x000000060d800000, 0x000000060d800000, 0x000000060dc00000|  0%| F|  |TAMS 0x000000060d800000| PB 0x000000060d800000| Untracked |  0
|  55|0x000000060dc00000, 0x000000060df5d9a0, 0x000000060e000000| 84%| S|CS|TAMS 0x000000060dc00000| PB 0x000000060dc00000| Complete |  0
|  56|0x000000060e000000, 0x000000060e000000, 0x000000060e400000|  0%| F|  |TAMS 0x000000060e000000| PB 0x000000060e000000| Untracked |  0
|  57|0x000000060e400000, 0x000000060e400000, 0x000000060e800000|  0%| F|  |TAMS 0x000000060e400000| PB 0x000000060e400000| Untracked |  0
|  58|0x000000060e800000, 0x000000060e800000, 0x000000060ec00000|  0%| F|  |TAMS 0x000000060e800000| PB 0x000000060e800000| Untracked |  0
|  59|0x000000060ec00000, 0x000000060ec00000, 0x000000060f000000|  0%| F|  |TAMS 0x000000060ec00000| PB 0x000000060ec00000| Untracked |  0
|  60|0x000000060f000000, 0x000000060f000000, 0x000000060f400000|  0%| F|  |TAMS 0x000000060f000000| PB 0x000000060f000000| Untracked |  0
|  61|0x000000060f400000, 0x000000060f400000, 0x000000060f800000|  0%| F|  |TAMS 0x000000060f400000| PB 0x000000060f400000| Untracked |  0
|  62|0x000000060f800000, 0x000000060f800000, 0x000000060fc00000|  0%| F|  |TAMS 0x000000060f800000| PB 0x000000060f800000| Untracked |  0
|  63|0x000000060fc00000, 0x000000060fc00000, 0x0000000610000000|  0%| F|  |TAMS 0x000000060fc00000| PB 0x000000060fc00000| Untracked |  0
|  64|0x0000000610000000, 0x0000000610000000, 0x0000000610400000|  0%| F|  |TAMS 0x0000000610000000| PB 0x0000000610000000| Untracked |  0
|  65|0x0000000610400000, 0x0000000610400000, 0x0000000610800000|  0%| F|  |TAMS 0x0000000610400000| PB 0x0000000610400000| Untracked |  0
|  66|0x0000000610800000, 0x0000000610800000, 0x0000000610c00000|  0%| F|  |TAMS 0x0000000610800000| PB 0x0000000610800000| Untracked |  0
|  67|0x0000000610c00000, 0x0000000610c00000, 0x0000000611000000|  0%| F|  |TAMS 0x0000000610c00000| PB 0x0000000610c00000| Untracked |  0
|2044|0x00000007ff000000, 0x00000007ff400000, 0x00000007ff400000|100%| O|  |TAMS 0x00000007ff400000| PB 0x00000007ff000000| Untracked |  0
|2045|0x00000007ff400000, 0x00000007ff400000, 0x00000007ff800000|  0%| F|  |TAMS 0x00000007ff400000| PB 0x00000007ff400000| Untracked |  0
|2046|0x00000007ff800000, 0x00000007ff800000, 0x00000007ffc00000|  0%| F|  |TAMS 0x00000007ff800000| PB 0x00000007ff800000| Untracked |  0
|2047|0x00000007ffc00000, 0x0000000800000000, 0x0000000800000000|100%| O|  |TAMS 0x0000000800000000| PB 0x00000007ffc00000| Untracked |  0

Card table byte_map: [0x0000025768a80000,0x0000025769a80000] _byte_map_base: 0x0000025765a80000

Marking Bits: (CMBitMap*) 0x000002573ed99c90
 Bits: [0x0000025769a80000, 0x0000025771a80000)

Polling page: 0x000002573cb50000

Metaspace:

Usage:
  Non-class:     68.97 MB used.
      Class:     11.60 MB used.
       Both:     80.57 MB used.

Virtual space:
  Non-class space:      128.00 MB reserved,      70.12 MB ( 55%) committed,  2 nodes.
      Class space:        1.00 GB reserved,      12.62 MB (  1%) committed,  1 nodes.
             Both:        1.12 GB reserved,      82.75 MB (  7%) committed. 

Chunk freelists:
   Non-Class:  9.22 MB
       Class:  3.21 MB
        Both:  12.43 MB

MaxMetaspaceSize: 4.00 GB
CompressedClassSpaceSize: 1.00 GB
Initial GC threshold: 21.00 MB
Current GC threshold: 137.94 MB
CDS: on
 - commit_granule_bytes: 65536.
 - commit_granule_words: 8192.
 - virtual_space_node_default_size: 8388608.
 - enlarge_chunks_in_place: 1.
 - use_allocation_guard: 0.


Internal statistics:

num_allocs_failed_limit: 15.
num_arena_births: 3836.
num_arena_deaths: 0.
num_vsnodes_births: 3.
num_vsnodes_deaths: 0.
num_space_committed: 1324.
num_space_uncommitted: 0.
num_chunks_returned_to_freelist: 15.
num_chunks_taken_from_freelist: 7455.
num_chunk_merges: 9.
num_chunk_splits: 4814.
num_chunks_enlarged: 2987.
num_inconsistent_stats: 0.

CodeHeap 'non-profiled nmethods': size=259328Kb used=5286Kb max_used=6019Kb free=254041Kb
 bounds [0x00000257576e0000, 0x0000025757cd0000, 0x0000025767420000]
CodeHeap 'profiled nmethods': size=259264Kb used=14172Kb max_used=17408Kb free=245091Kb
 bounds [0x0000025747420000, 0x0000025748530000, 0x0000025757150000]
CodeHeap 'non-nmethods': size=5696Kb used=2864Kb max_used=2954Kb free=2831Kb
 bounds [0x0000025757150000, 0x0000025757460000, 0x00000257576e0000]
CodeCache: size=524288Kb, used=22322Kb, max_used=26381Kb, free=501963Kb
 total_blobs=10698, nmethods=9705, adapters=898, full_count=0
Compilation: enabled, stopped_count=0, restarted_count=0

Compilation events (20 events):
Event: 1624.942 Thread 0x0000025771d01f30 nmethod 14410 0x000002574751de88 code [0x000002574751e300, 0x0000025747520ee0]
Event: 1624.943 Thread 0x00000257bc00f350 nmethod 14100 0x0000025757a1c308 code [0x0000025757a1cae0, 0x0000025757a23440]
Event: 1624.949 Thread 0x0000025771d01f30 14409       3       org.gradle.api.internal.artifacts.ivyservice.ivyresolve.RepositoryChainComponentMetaDataResolver::findBestMatch (66 bytes)
Event: 1624.950 Thread 0x0000025771d01f30 nmethod 14409 0x0000025747738b88 code [0x0000025747738d80, 0x00000257477396d0]
Event: 1624.950 Thread 0x0000025771d01f30 14412       3       java.util.concurrent.locks.AbstractQueuedSynchronizer$ExclusiveNode::<init> (5 bytes)
Event: 1624.950 Thread 0x0000025771d01f30 nmethod 14412 0x0000025747a4c488 code [0x0000025747a4c5a0, 0x0000025747a4c768]
Event: 1624.950 Thread 0x00000257bc00f350 14413       4       java.net.URI::toString (16 bytes)
Event: 1624.951 Thread 0x00000257bc00f350 nmethod 14413 0x00000257578ad088 code [0x00000257578ad180, 0x00000257578ad220]
Event: 1624.953 Thread 0x00000257bc00f350 14414       4       org.apache.http.conn.util.InetAddressUtils::isIPv6HexCompressedAddress (56 bytes)
Event: 1625.002 Thread 0x0000025771d01f30 14419       3       org.apache.http.impl.io.SessionOutputBufferImpl::<init> (55 bytes)
Event: 1625.012 Thread 0x0000025771d01f30 nmethod 14419 0x00000257476aca88 code [0x00000257476acd20, 0x00000257476ade08]
Event: 1625.019 Thread 0x0000025771d01f30 14421       3       org.gradle.internal.resource.transport.http.HttpClientHelper::wrapWithExplanation (136 bytes)
Event: 1625.040 Thread 0x0000025771d01f30 nmethod 14421 0x0000025747943e88 code [0x00000257479442c0, 0x00000257479466c8]
Event: 1625.051 Thread 0x0000025771d01f30 14432       3       org.gradle.internal.resource.ExternalResourceName::toString (5 bytes)
Event: 1625.052 Thread 0x0000025771d01f30 nmethod 14432 0x0000025747be3788 code [0x0000025747be38c0, 0x0000025747be3b58]
Event: 1625.053 Thread 0x0000025771d01f30 14423   !   3       org.apache.http.impl.conn.DefaultHttpClientConnectionOperator::connect (525 bytes)
Event: 1625.070 Thread 0x00000257bc00f350 nmethod 14414 0x0000025757718108 code [0x0000025757718280, 0x0000025757718840]
Event: 1625.079 Thread 0x0000025771d01f30 nmethod 14423 0x00000257479a2008 code [0x00000257479a26e0, 0x00000257479a6660]
Event: 1625.080 Thread 0x00000257bc00f350 14418       4       java.net.URI$Parser::parseHostname (224 bytes)
Event: 1625.083 Thread 0x00000257bfb4ff00 14433       4       org.apache.http.protocol.HttpCoreContext::getAttribute (11 bytes)

GC Heap History (20 events):
Event: 32.945 GC heap after
{Heap after GC invocations=38 (full 0):
 garbage-first heap   total reserved 8388608K, committed 270336K, used 82665K [0x0000000600000000, 0x0000000800000000)
  region size 4096K, 1 young (4096K), 1 survivors (4096K)
 Metaspace       used 79917K, committed 82112K, reserved 1179648K
  class space    used 11761K, committed 12800K, reserved 1048576K
}
Event: 1610.313 GC heap before
{Heap before GC invocations=38 (full 0):
 garbage-first heap   total reserved 8388608K, committed 270336K, used 234217K [0x0000000600000000, 0x0000000800000000)
  region size 4096K, 39 young (159744K), 1 survivors (4096K)
 Metaspace       used 80710K, committed 82880K, reserved 1179648K
  class space    used 11842K, committed 12864K, reserved 1048576K
}
Event: 1610.321 GC heap after
{Heap after GC invocations=39 (full 0):
 garbage-first heap   total reserved 8388608K, committed 270336K, used 91946K [0x0000000600000000, 0x0000000800000000)
  region size 4096K, 4 young (16384K), 4 survivors (16384K)
 Metaspace       used 80710K, committed 82880K, reserved 1179648K
  class space    used 11842K, committed 12864K, reserved 1048576K
}
Event: 1612.243 GC heap before
{Heap before GC invocations=39 (full 0):
 garbage-first heap   total reserved 8388608K, committed 270336K, used 194346K [0x0000000600000000, 0x0000000800000000)
  region size 4096K, 29 young (118784K), 4 survivors (16384K)
 Metaspace       used 81260K, committed 83456K, reserved 1179648K
  class space    used 11845K, committed 12864K, reserved 1048576K
}
Event: 1612.257 GC heap after
{Heap after GC invocations=40 (full 0):
 garbage-first heap   total reserved 8388608K, committed 270336K, used 99454K [0x0000000600000000, 0x0000000800000000)
  region size 4096K, 3 young (12288K), 3 survivors (12288K)
 Metaspace       used 81260K, committed 83456K, reserved 1179648K
  class space    used 11845K, committed 12864K, reserved 1048576K
}
Event: 1612.406 GC heap before
{Heap before GC invocations=40 (full 0):
 garbage-first heap   total reserved 8388608K, committed 270336K, used 140414K [0x0000000600000000, 0x0000000800000000)
  region size 4096K, 14 young (57344K), 3 survivors (12288K)
 Metaspace       used 81341K, committed 83520K, reserved 1179648K
  class space    used 11845K, committed 12864K, reserved 1048576K
}
Event: 1612.413 GC heap after
{Heap after GC invocations=41 (full 0):
 garbage-first heap   total reserved 8388608K, committed 270336K, used 102110K [0x0000000600000000, 0x0000000800000000)
  region size 4096K, 3 young (12288K), 3 survivors (12288K)
 Metaspace       used 81341K, committed 83520K, reserved 1179648K
  class space    used 11845K, committed 12864K, reserved 1048576K
}
Event: 1612.826 GC heap before
{Heap before GC invocations=42 (full 0):
 garbage-first heap   total reserved 8388608K, committed 270336K, used 256734K [0x0000000600000000, 0x0000000800000000)
  region size 4096K, 31 young (126976K), 3 survivors (12288K)
 Metaspace       used 81355K, committed 83520K, reserved 1179648K
  class space    used 11846K, committed 12864K, reserved 1048576K
}
Event: 1612.833 GC heap after
{Heap after GC invocations=43 (full 0):
 garbage-first heap   total reserved 8388608K, committed 278528K, used 100383K [0x0000000600000000, 0x0000000800000000)
  region size 4096K, 2 young (8192K), 2 survivors (8192K)
 Metaspace       used 81355K, committed 83520K, reserved 1179648K
  class space    used 11846K, committed 12864K, reserved 1048576K
}
Event: 1615.156 GC heap before
{Heap before GC invocations=43 (full 0):
 garbage-first heap   total reserved 8388608K, committed 278528K, used 223263K [0x0000000600000000, 0x0000000800000000)
  region size 4096K, 33 young (135168K), 2 survivors (8192K)
 Metaspace       used 81631K, committed 83904K, reserved 1179648K
  class space    used 11858K, committed 12928K, reserved 1048576K
}
Event: 1615.164 GC heap after
{Heap after GC invocations=44 (full 0):
 garbage-first heap   total reserved 8388608K, committed 278528K, used 101599K [0x0000000600000000, 0x0000000800000000)
  region size 4096K, 4 young (16384K), 4 survivors (16384K)
 Metaspace       used 81631K, committed 83904K, reserved 1179648K
  class space    used 11858K, committed 12928K, reserved 1048576K
}
Event: 1615.977 GC heap before
{Heap before GC invocations=44 (full 0):
 garbage-first heap   total reserved 8388608K, committed 278528K, used 208095K [0x0000000600000000, 0x0000000800000000)
  region size 4096K, 32 young (131072K), 4 survivors (16384K)
 Metaspace       used 82144K, committed 84352K, reserved 1179648K
  class space    used 11877K, committed 12928K, reserved 1048576K
}
Event: 1615.987 GC heap after
{Heap after GC invocations=45 (full 0):
 garbage-first heap   total reserved 8388608K, committed 278528K, used 109315K [0x0000000600000000, 0x0000000800000000)
  region size 4096K, 2 young (8192K), 2 survivors (8192K)
 Metaspace       used 82144K, committed 84352K, reserved 1179648K
  class space    used 11877K, committed 12928K, reserved 1048576K
}
Event: 1616.322 GC heap before
{Heap before GC invocations=46 (full 0):
 garbage-first heap   total reserved 8388608K, committed 278528K, used 277251K [0x0000000600000000, 0x0000000800000000)
  region size 4096K, 31 young (126976K), 2 survivors (8192K)
 Metaspace       used 82157K, committed 84416K, reserved 1179648K
  class space    used 11877K, committed 12928K, reserved 1048576K
}
Event: 1617.338 GC heap after
{Heap after GC invocations=47 (full 0):
 garbage-first heap   total reserved 8388608K, committed 294912K, used 114862K [0x0000000600000000, 0x0000000800000000)
  region size 4096K, 4 young (16384K), 4 survivors (16384K)
 Metaspace       used 82157K, committed 84416K, reserved 1179648K
  class space    used 11877K, committed 12928K, reserved 1048576K
}
Event: 1624.914 GC heap before
{Heap before GC invocations=47 (full 0):
 garbage-first heap   total reserved 8388608K, committed 294912K, used 245934K [0x0000000600000000, 0x0000000800000000)
  region size 4096K, 37 young (151552K), 4 survivors (16384K)
 Metaspace       used 82489K, committed 84736K, reserved 1179648K
  class space    used 11878K, committed 12928K, reserved 1048576K
}
Event: 1624.928 GC heap after
{Heap after GC invocations=48 (full 0):
 garbage-first heap   total reserved 8388608K, committed 294912K, used 119812K [0x0000000600000000, 0x0000000800000000)
  region size 4096K, 4 young (16384K), 4 survivors (16384K)
 Metaspace       used 82489K, committed 84736K, reserved 1179648K
  class space    used 11878K, committed 12928K, reserved 1048576K
}
Event: 1624.943 GC heap before
{Heap before GC invocations=48 (full 0):
 garbage-first heap   total reserved 8388608K, committed 294912K, used 123908K [0x0000000600000000, 0x0000000800000000)
  region size 4096K, 5 young (20480K), 4 survivors (16384K)
 Metaspace       used 82496K, committed 84736K, reserved 1179648K
  class space    used 11878K, committed 12928K, reserved 1048576K
}
Event: 1624.949 GC heap after
{Heap after GC invocations=49 (full 0):
 garbage-first heap   total reserved 8388608K, committed 294912K, used 119862K [0x0000000600000000, 0x0000000800000000)
  region size 4096K, 1 young (4096K), 1 survivors (4096K)
 Metaspace       used 82496K, committed 84736K, reserved 1179648K
  class space    used 11878K, committed 12928K, reserved 1048576K
}
Event: 1625.098 GC heap before
{Heap before GC invocations=50 (full 0):
 garbage-first heap   total reserved 8388608K, committed 294912K, used 169014K [0x0000000600000000, 0x0000000800000000)
  region size 4096K, 14 young (57344K), 1 survivors (4096K)
 Metaspace       used 82501K, committed 84736K, reserved 1179648K
  class space    used 11878K, committed 12928K, reserved 1048576K
}

Dll operation events (16 events):
Event: 0.135 Loaded shared library C:\Program Files\Java\jdk-23\bin\java.dll
Event: 0.192 Loaded shared library C:\Program Files\Java\jdk-23\bin\jsvml.dll
Event: 0.232 Loaded shared library C:\Program Files\Java\jdk-23\bin\zip.dll
Event: 0.236 Loaded shared library C:\Program Files\Java\jdk-23\bin\instrument.dll
Event: 0.241 Loaded shared library C:\Program Files\Java\jdk-23\bin\net.dll
Event: 0.243 Loaded shared library C:\Program Files\Java\jdk-23\bin\nio.dll
Event: 0.247 Loaded shared library C:\Program Files\Java\jdk-23\bin\zip.dll
Event: 1.300 Loaded shared library C:\Program Files\Java\jdk-23\bin\jimage.dll
Event: 1.943 Loaded shared library C:\Program Files\Java\jdk-23\bin\verify.dll
Event: 2.437 Loaded shared library C:\Users\SIMEON\.gradle\native\1def1411415f61bf3af743bc5b6707747c0891f09f0c88961ee8f79bc544acac\windows-amd64\native-platform.dll
Event: 2.484 Loaded shared library C:\Users\SIMEON\.gradle\native\0.2.5\x86_64-windows-gnu\gradle-fileevents.dll
Event: 4.311 Loaded shared library C:\Program Files\Java\jdk-23\bin\management.dll
Event: 4.314 Loaded shared library C:\Program Files\Java\jdk-23\bin\management_ext.dll
Event: 5.131 Loaded shared library C:\Program Files\Java\jdk-23\bin\extnet.dll
Event: 5.500 Loaded shared library C:\Program Files\Java\jdk-23\bin\sunmscapi.dll
Event: 7.191 Loaded shared library C:\Users\SIMEON\AppData\Local\Temp\native-platform3196163188713942398dir\gradle-fileevents.dll

Deoptimization events (20 events):
Event: 1624.578 Thread 0x00000257bf7c0eb0 Uncommon trap: trap_request=0xffffff45 fr.pc=0x0000025757947d3c relative=0x000000000000027c
Event: 1624.578 Thread 0x00000257bf7c0eb0 Uncommon trap: reason=unstable_if action=reinterpret pc=0x0000025757947d3c method=com.google.common.collect.MapMakerInternalMap$Segment.getEntry(Ljava/lang/Object;I)Lcom/google/common/collect/MapMakerInternalMap$InternalEntry; @ 40 c2
Event: 1624.578 Thread 0x00000257bf7c0eb0 DEOPT PACKING pc=0x0000025757947d3c sp=0x000000e72cdf5870
Event: 1624.578 Thread 0x00000257bf7c0eb0 DEOPT UNPACKING pc=0x00000257571a4402 sp=0x000000e72cdf5820 mode 2
Event: 1624.781 Thread 0x00000257bf560340 Uncommon trap: trap_request=0xffffffbe fr.pc=0x0000025757c7c23c relative=0x00000000000002bc
Event: 1624.781 Thread 0x00000257bf560340 Uncommon trap: reason=profile_predicate action=maybe_recompile pc=0x0000025757c7c23c method=java.util.Collections.indexedBinarySearch(Ljava/util/List;Ljava/lang/Object;Ljava/util/Comparator;)I @ 15 c2
Event: 1624.781 Thread 0x00000257bf560340 DEOPT PACKING pc=0x0000025757c7c23c sp=0x000000e7303f8d70
Event: 1624.781 Thread 0x00000257bf560340 DEOPT UNPACKING pc=0x00000257571a4402 sp=0x000000e7303f8d20 mode 2
Event: 1624.877 Thread 0x00000257bf560340 Uncommon trap: trap_request=0xffffffd6 fr.pc=0x0000025757caf948 relative=0x00000000000009e8
Event: 1624.877 Thread 0x00000257bf560340 Uncommon trap: reason=array_check action=maybe_recompile pc=0x0000025757caf948 method=java.util.TimSort.binarySort([Ljava/lang/Object;IIILjava/util/Comparator;)V @ 183 c2
Event: 1624.877 Thread 0x00000257bf560340 DEOPT PACKING pc=0x0000025757caf948 sp=0x000000e7303fca80
Event: 1624.877 Thread 0x00000257bf560340 DEOPT UNPACKING pc=0x00000257571a4402 sp=0x000000e7303fca18 mode 2
Event: 1624.936 Thread 0x00000257bd5688f0 Uncommon trap: trap_request=0xffffff45 fr.pc=0x0000025757b973bc relative=0x000000000000029c
Event: 1624.936 Thread 0x00000257bd5688f0 Uncommon trap: reason=unstable_if action=reinterpret pc=0x0000025757b973bc method=java.util.concurrent.locks.AbstractQueuedSynchronizer.tryInitializeHead()Ljava/util/concurrent/locks/AbstractQueuedSynchronizer$Node; @ 56 c2
Event: 1624.936 Thread 0x00000257bd5688f0 DEOPT PACKING pc=0x0000025757b973bc sp=0x000000e7319fd9b0
Event: 1624.936 Thread 0x00000257bd5688f0 DEOPT UNPACKING pc=0x00000257571a4402 sp=0x000000e7319fd950 mode 2
Event: 1625.073 Thread 0x00000257bf7c0eb0 Uncommon trap: trap_request=0xfffffff4 fr.pc=0x0000025757b90c8c relative=0x00000000000005cc
Event: 1625.073 Thread 0x00000257bf7c0eb0 Uncommon trap: reason=null_check action=make_not_entrant pc=0x0000025757b90c8c method=java.lang.ThreadLocal$ThreadLocalMap.expungeStaleEntry(I)I @ 51 c2
Event: 1625.074 Thread 0x00000257bf7c0eb0 DEOPT PACKING pc=0x0000025757b90c8c sp=0x000000e72cdf6740
Event: 1625.074 Thread 0x00000257bf7c0eb0 DEOPT UNPACKING pc=0x00000257571a4402 sp=0x000000e72cdf66e0 mode 2

Classes loaded (20 events):
Event: 32.623 Loading class java/util/concurrent/ConcurrentHashMap$EntrySpliterator
Event: 32.624 Loading class java/util/concurrent/ConcurrentHashMap$EntrySpliterator done
Event: 33.043 Loading class java/io/NotSerializableException
Event: 33.044 Loading class java/io/NotSerializableException done
Event: 33.044 Loading class java/lang/invoke/WrongMethodTypeException
Event: 33.072 Loading class java/lang/invoke/WrongMethodTypeException done
Event: 33.087 Loading class java/util/Collections$EmptyListIterator
Event: 33.088 Loading class java/util/Collections$EmptyListIterator done
Event: 33.598 Loading class java/time/Instant$1
Event: 33.598 Loading class java/time/Instant$1 done
Event: 33.630 Loading class java/net/UrlDeserializedState
Event: 33.630 Loading class java/net/UrlDeserializedState done
Event: 33.656 Loading class java/util/concurrent/CompletableFuture$AsyncRun
Event: 33.656 Loading class java/util/concurrent/CompletableFuture$AsyncRun done
Event: 1609.898 Loading class java/util/Formatter$FormatSpecifierParser
Event: 1609.899 Loading class java/util/Formatter$FormatSpecifierParser done
Event: 1609.899 Loading class jdk/internal/math/FormattedFPDecimal
Event: 1609.900 Loading class jdk/internal/math/FormattedFPDecimal done
Event: 1609.900 Loading class sun/text/resources/cldr/FormatData_en
Event: 1609.902 Loading class sun/text/resources/cldr/FormatData_en done

Classes unloaded (0 events):
No events

Classes redefined (0 events):
No events

Internal exceptions (20 events):
Event: 1623.883 Thread 0x00000257bf7c0eb0 Exception <a 'sun/nio/fs/WindowsException'{0x000000060b1c8998}> (0x000000060b1c8998) 
thrown [s\open\src\hotspot\share\prims\jni.cpp, line 520]
Event: 1623.883 Thread 0x00000257bf7c0eb0 Exception <a 'sun/nio/fs/WindowsException'{0x000000060b1ca118}> (0x000000060b1ca118) 
thrown [s\open\src\hotspot\share\prims\jni.cpp, line 520]
Event: 1623.883 Thread 0x00000257bf7c0eb0 Exception <a 'sun/nio/fs/WindowsException'{0x000000060b1cb490}> (0x000000060b1cb490) 
thrown [s\open\src\hotspot\share\prims\jni.cpp, line 520]
Event: 1623.933 Thread 0x00000257bf7c0eb0 Exception <a 'sun/nio/fs/WindowsException'{0x000000060b37d590}> (0x000000060b37d590) 
thrown [s\open\src\hotspot\share\prims\jni.cpp, line 520]
Event: 1623.934 Thread 0x00000257bf7c0eb0 Exception <a 'sun/nio/fs/WindowsException'{0x000000060b37f280}> (0x000000060b37f280) 
thrown [s\open\src\hotspot\share\prims\jni.cpp, line 520]
Event: 1623.934 Thread 0x00000257bf7c0eb0 Exception <a 'sun/nio/fs/WindowsException'{0x000000060b380f60}> (0x000000060b380f60) 
thrown [s\open\src\hotspot\share\prims\jni.cpp, line 520]
Event: 1623.934 Thread 0x00000257bf7c0eb0 Exception <a 'sun/nio/fs/WindowsException'{0x000000060b382838}> (0x000000060b382838) 
thrown [s\open\src\hotspot\share\prims\jni.cpp, line 520]
Event: 1624.039 Thread 0x00000257bf7c0eb0 Exception <a 'java/net/UnknownHostException'{0x000000060acc70e0}> (0x000000060acc70e0) 
thrown [s\open\src\hotspot\share\prims\jni.cpp, line 520]
Event: 1624.578 Thread 0x00000257bf7c0eb0 Implicit null exception at 0x0000025757aa0028 to 0x0000025757aa3444
Event: 1624.578 Thread 0x00000257bf7c0eb0 Implicit null exception at 0x0000025757a9bd28 to 0x0000025757a9e95c
Event: 1624.627 Thread 0x00000257bf7c0eb0 Exception <a 'java/net/UnknownHostException'{0x000000060893bff8}> (0x000000060893bff8) 
thrown [s\open\src\hotspot\share\prims\jni.cpp, line 520]
Event: 1624.636 Thread 0x00000257bf7c0eb0 Exception <a 'java/net/UnknownHostException'{0x0000000608a73e38}> (0x0000000608a73e38) 
thrown [s\open\src\hotspot\share\prims\jni.cpp, line 520]
Event: 1624.884 Thread 0x00000257bf9dc2b0 Exception <a 'sun/nio/fs/WindowsException'{0x0000000608601ce0}> (0x0000000608601ce0) 
thrown [s\open\src\hotspot\share\prims\jni.cpp, line 520]
Event: 1624.884 Thread 0x00000257bf9dc2b0 Exception <a 'sun/nio/fs/WindowsException'{0x0000000608603e10}> (0x0000000608603e10) 
thrown [s\open\src\hotspot\share\prims\jni.cpp, line 520]
Event: 1624.884 Thread 0x00000257bf9dc2b0 Exception <a 'sun/nio/fs/WindowsException'{0x0000000608605e90}> (0x0000000608605e90) 
thrown [s\open\src\hotspot\share\prims\jni.cpp, line 520]
Event: 1624.884 Thread 0x00000257bf9dc2b0 Exception <a 'sun/nio/fs/WindowsException'{0x0000000608607bd8}> (0x0000000608607bd8) 
thrown [s\open\src\hotspot\share\prims\jni.cpp, line 520]
Event: 1624.888 Thread 0x00000257bf9dc2b0 Exception <a 'sun/nio/fs/WindowsException'{0x0000000607edf068}> (0x0000000607edf068) 
thrown [s\open\src\hotspot\share\prims\jni.cpp, line 520]
Event: 1624.889 Thread 0x00000257bf9dc2b0 Exception <a 'sun/nio/fs/WindowsException'{0x0000000607ee1180}> (0x0000000607ee1180) 
thrown [s\open\src\hotspot\share\prims\jni.cpp, line 520]
Event: 1624.889 Thread 0x00000257bf9dc2b0 Exception <a 'sun/nio/fs/WindowsException'{0x0000000607ee2ed0}> (0x0000000607ee2ed0) 
thrown [s\open\src\hotspot\share\prims\jni.cpp, line 520]
Event: 1625.073 Thread 0x00000257bf7c0eb0 Implicit null exception at 0x0000025757b90790 to 0x0000025757b90c6c

VM Operations (20 events):
Event: 1615.164 Executing VM operation: G1CollectForAllocation (G1 Evacuation Pause) done
Event: 1615.977 Executing VM operation: G1TryInitiateConcMark (G1 Humongous Allocation)
Event: 1615.987 Executing VM operation: G1TryInitiateConcMark (G1 Humongous Allocation) done
Event: 1616.104 Executing VM operation: G1PauseRemark
Event: 1616.121 Executing VM operation: G1PauseRemark done
Event: 1616.162 Executing VM operation: G1PauseCleanup
Event: 1616.162 Executing VM operation: G1PauseCleanup done
Event: 1616.322 Executing VM operation: G1CollectForAllocation (G1 Evacuation Pause)
Event: 1617.339 Executing VM operation: G1CollectForAllocation (G1 Evacuation Pause) done
Event: 1623.919 Executing VM operation: HandshakeAllThreads (HandshakeForDeflation)
Event: 1623.919 Executing VM operation: HandshakeAllThreads (HandshakeForDeflation) done
Event: 1623.919 Executing VM operation: RendezvousGCThreads
Event: 1623.919 Executing VM operation: RendezvousGCThreads done
Event: 1624.914 Executing VM operation: G1CollectForAllocation (G1 Evacuation Pause)
Event: 1624.929 Executing VM operation: G1CollectForAllocation (G1 Evacuation Pause) done
Event: 1624.942 Executing VM operation: G1CollectForAllocation (G1 Evacuation Pause)
Event: 1624.949 Executing VM operation: G1CollectForAllocation (G1 Evacuation Pause) done
Event: 1625.062 Executing VM operation: G1PauseRemark
Event: 1625.069 Executing VM operation: G1PauseRemark done
Event: 1625.097 Executing VM operation: G1CollectForAllocation (G1 Evacuation Pause)

Memory protections (0 events):
No events

Nmethod flushes (20 events):
Event: 1625.067 Thread 0x0000025771cca160 flushing  nmethod 0x0000025747a5b108
Event: 1625.067 Thread 0x0000025771cca160 flushing  nmethod 0x0000025747a66588
Event: 1625.067 Thread 0x0000025771cca160 flushing  nmethod 0x0000025747acff88
Event: 1625.067 Thread 0x0000025771cca160 flushing  nmethod 0x0000025747b8ea88
Event: 1625.067 Thread 0x0000025771cca160 flushing  nmethod 0x0000025747b91508
Event: 1625.067 Thread 0x0000025771cca160 flushing  nmethod 0x0000025747c41188
Event: 1625.067 Thread 0x0000025771cca160 flushing  nmethod 0x0000025747d05208
Event: 1625.067 Thread 0x0000025771cca160 flushing  nmethod 0x0000025747d08008
Event: 1625.067 Thread 0x0000025771cca160 flushing  nmethod 0x0000025747d0a108
Event: 1625.067 Thread 0x0000025771cca160 flushing  nmethod 0x0000025747d0bd08
Event: 1625.067 Thread 0x0000025771cca160 flushing  nmethod 0x0000025747d0c088
Event: 1625.067 Thread 0x0000025771cca160 flushing  nmethod 0x0000025747d2ef88
Event: 1625.067 Thread 0x0000025771cca160 flushing  nmethod 0x0000025747d39708
Event: 1625.067 Thread 0x0000025771cca160 flushing  nmethod 0x0000025747d3aa08
Event: 1625.067 Thread 0x0000025771cca160 flushing  nmethod 0x0000025747d3b788
Event: 1625.067 Thread 0x0000025771cca160 flushing  nmethod 0x0000025747d3bb08
Event: 1625.067 Thread 0x0000025771cca160 flushing  nmethod 0x0000025747d3be08
Event: 1625.067 Thread 0x0000025771cca160 flushing  nmethod 0x00000257480d7f88
Event: 1625.067 Thread 0x0000025771cca160 flushing  nmethod 0x0000025748284188
Event: 1625.067 Thread 0x0000025771cca160 flushing  nmethod 0x0000025748284988

Events (20 events):
Event: 1624.801 Thread 0x00000257bf560340 Thread added: 0x00000257bf5616f0
Event: 1624.801 Thread 0x00000257bf560340 Thread added: 0x00000257bf5637c0
Event: 1624.801 Thread 0x00000257bf560340 Thread added: 0x00000257bf562410
Event: 1624.845 Thread 0x00000257bf560340 Thread added: 0x00000257bf563e50
Event: 1624.845 Thread 0x00000257bf560340 Thread added: 0x00000257bf5644e0
Event: 1624.845 Thread 0x00000257bf560340 Thread added: 0x00000257bf564b70
Event: 1624.846 Thread 0x00000257bf560340 Thread added: 0x00000257bd561960
Event: 1624.846 Thread 0x00000257bf560340 Thread added: 0x00000257bd564750
Event: 1624.846 Thread 0x00000257bf560340 Thread added: 0x00000257bd563a30
Event: 1624.846 Thread 0x00000257bf560340 Thread added: 0x00000257bd564de0
Event: 1624.875 Thread 0x00000257bf560340 Thread added: 0x00000257bd566820
Event: 1624.875 Thread 0x00000257bf560340 Thread added: 0x00000257bd5633a0
Event: 1624.934 Thread 0x00000257bf7c0eb0 Thread added: 0x00000257bd566eb0
Event: 1624.935 Thread 0x00000257bf7c0eb0 Thread added: 0x00000257bd567540
Event: 1624.935 Thread 0x00000257bf7c0eb0 Thread added: 0x00000257bd568260
Event: 1624.935 Thread 0x00000257bf7c0eb0 Thread added: 0x00000257bd5688f0
Event: 1624.935 Thread 0x00000257bf7c0eb0 Thread added: 0x00000257bf7c0190
Event: 1624.936 Thread 0x00000257bf7c0eb0 Thread added: 0x00000257bf7c3ca0
Event: 1624.936 Thread 0x00000257bf7c0eb0 Thread added: 0x00000257bf7c3610
Event: 1625.080 Thread 0x00000257bc00f350 Thread added: 0x00000257bfb4ff00


Dynamic libraries:
0x00007ff6d5020000 - 0x00007ff6d5030000 	C:\Program Files\Java\jdk-23\bin\java.exe
0x00007fff79120000 - 0x00007fff79387000 	C:\WINDOWS\SYSTEM32\ntdll.dll
0x00007fff78d90000 - 0x00007fff78e59000 	C:\WINDOWS\System32\KERNEL32.DLL
0x00007fff76850000 - 0x00007fff76c40000 	C:\WINDOWS\System32\KERNELBASE.dll
0x00007fff763b0000 - 0x00007fff764fb000 	C:\WINDOWS\System32\ucrtbase.dll
0x00007fff601e0000 - 0x00007fff601f7000 	C:\Program Files\Java\jdk-23\bin\jli.dll
0x00007fff5dc10000 - 0x00007fff5dc2b000 	C:\Program Files\Java\jdk-23\bin\VCRUNTIME140.dll
0x00007fff78100000 - 0x00007fff782c5000 	C:\WINDOWS\System32\USER32.dll
0x00007fff69100000 - 0x00007fff6939a000 	C:\WINDOWS\WinSxS\amd64_microsoft.windows.common-controls_6595b64144ccf1df_6.0.26100.4768_none_3e0c112ce331287c\COMCTL32.dll
0x00007fff76e80000 - 0x00007fff76ea7000 	C:\WINDOWS\System32\win32u.dll
0x00007fff77140000 - 0x00007fff7716b000 	C:\WINDOWS\System32\GDI32.dll
0x00007fff77430000 - 0x00007fff774d9000 	C:\WINDOWS\System32\msvcrt.dll
0x00007fff76680000 - 0x00007fff767b8000 	C:\WINDOWS\System32\gdi32full.dll
0x00007fff76c50000 - 0x00007fff76cf3000 	C:\WINDOWS\System32\msvcp_win.dll
0x00007fff79060000 - 0x00007fff7908f000 	C:\WINDOWS\System32\IMM32.DLL
0x00007fff60ad0000 - 0x00007fff60adc000 	C:\Program Files\Java\jdk-23\bin\vcruntime140_1.dll
0x00007fff53c70000 - 0x00007fff53cfe000 	C:\Program Files\Java\jdk-23\bin\msvcp140.dll
0x00007ffee3450000 - 0x00007ffee419f000 	C:\Program Files\Java\jdk-23\bin\server\jvm.dll
0x00007fff76f70000 - 0x00007fff77024000 	C:\WINDOWS\System32\ADVAPI32.dll
0x00007fff77670000 - 0x00007fff77716000 	C:\WINDOWS\System32\sechost.dll
0x00007fff78b70000 - 0x00007fff78c88000 	C:\WINDOWS\System32\RPCRT4.dll
0x00007fff77270000 - 0x00007fff772e4000 	C:\WINDOWS\System32\WS2_32.dll
0x00007fff760d0000 - 0x00007fff7612e000 	C:\WINDOWS\SYSTEM32\POWRPROF.dll
0x00007fff68e50000 - 0x00007fff68e85000 	C:\WINDOWS\SYSTEM32\WINMM.dll
0x00007fff6e350000 - 0x00007fff6e35b000 	C:\WINDOWS\SYSTEM32\VERSION.dll
0x00007fff760b0000 - 0x00007fff760c4000 	C:\WINDOWS\SYSTEM32\UMPDC.dll
0x00007fff74fa0000 - 0x00007fff74fbb000 	C:\WINDOWS\SYSTEM32\kernel.appcore.dll
0x00007fff601d0000 - 0x00007fff601da000 	C:\Program Files\Java\jdk-23\bin\jimage.dll
0x00007fff73880000 - 0x00007fff73ac1000 	C:\WINDOWS\SYSTEM32\DBGHELP.DLL
0x00007fff787e0000 - 0x00007fff78b65000 	C:\WINDOWS\System32\combase.dll
0x00007fff772f0000 - 0x00007fff773d0000 	C:\WINDOWS\System32\OLEAUT32.dll
0x00007fff58c40000 - 0x00007fff58c83000 	C:\WINDOWS\SYSTEM32\dbgcore.DLL
0x00007fff76250000 - 0x00007fff762e9000 	C:\WINDOWS\System32\bcryptPrimitives.dll
0x00007fff72120000 - 0x00007fff7212f000 	C:\Program Files\Java\jdk-23\bin\instrument.dll
0x00007fff53c50000 - 0x00007fff53c6e000 	C:\Program Files\Java\jdk-23\bin\java.dll
0x00007fff77ef0000 - 0x00007fff78090000 	C:\WINDOWS\System32\ole32.dll
0x00007fff777a0000 - 0x00007fff77eed000 	C:\WINDOWS\System32\SHELL32.dll
0x00007fff76d00000 - 0x00007fff76e73000 	C:\WINDOWS\System32\wintypes.dll
0x00007fff73e10000 - 0x00007fff7466f000 	C:\WINDOWS\SYSTEM32\windows.storage.dll
0x00007fff77170000 - 0x00007fff77265000 	C:\WINDOWS\System32\SHCORE.dll
0x00007fff77030000 - 0x00007fff7709a000 	C:\WINDOWS\System32\shlwapi.dll
0x00007fff76170000 - 0x00007fff76199000 	C:\WINDOWS\SYSTEM32\profapi.dll
0x00007fff53b70000 - 0x00007fff53c47000 	C:\Program Files\Java\jdk-23\bin\jsvml.dll
0x00007fff53b50000 - 0x00007fff53b67000 	C:\Program Files\Java\jdk-23\bin\zip.dll
0x00007fff58ae0000 - 0x00007fff58af0000 	C:\Program Files\Java\jdk-23\bin\net.dll
0x00007fff75560000 - 0x00007fff755cb000 	C:\WINDOWS\system32\mswsock.dll
0x00007fff53240000 - 0x00007fff53256000 	C:\Program Files\Java\jdk-23\bin\nio.dll
0x00007fff58680000 - 0x00007fff58690000 	C:\Program Files\Java\jdk-23\bin\verify.dll
0x00007fff4fd80000 - 0x00007fff4fda7000 	C:\Users\SIMEON\.gradle\native\1def1411415f61bf3af743bc5b6707747c0891f09f0c88961ee8f79bc544acac\windows-amd64\native-platform.dll
0x0000000054a00000 - 0x0000000054a73000 	C:\Users\SIMEON\.gradle\native\0.2.5\x86_64-windows-gnu\gradle-fileevents.dll
0x00007fff72150000 - 0x00007fff7215a000 	C:\Program Files\Java\jdk-23\bin\management.dll
0x00007fff72140000 - 0x00007fff7214b000 	C:\Program Files\Java\jdk-23\bin\management_ext.dll
0x00007fff790a0000 - 0x00007fff790a8000 	C:\WINDOWS\System32\PSAPI.DLL
0x00007fff75820000 - 0x00007fff7583b000 	C:\WINDOWS\SYSTEM32\CRYPTSP.dll
0x00007fff74f00000 - 0x00007fff74f3b000 	C:\WINDOWS\system32\rsaenh.dll
0x00007fff75600000 - 0x00007fff7562b000 	C:\WINDOWS\SYSTEM32\USERENV.dll
0x00007fff76140000 - 0x00007fff76166000 	C:\WINDOWS\SYSTEM32\bcrypt.dll
0x00007fff75840000 - 0x00007fff7584c000 	C:\WINDOWS\SYSTEM32\CRYPTBASE.dll
0x00007fff74970000 - 0x00007fff749a3000 	C:\WINDOWS\SYSTEM32\IPHLPAPI.DLL
0x00007fff76eb0000 - 0x00007fff76eba000 	C:\WINDOWS\System32\NSI.dll
0x00007fff72130000 - 0x00007fff72139000 	C:\Program Files\Java\jdk-23\bin\extnet.dll
0x00007fff6e650000 - 0x00007fff6e65e000 	C:\Program Files\Java\jdk-23\bin\sunmscapi.dll
0x00007fff76500000 - 0x00007fff76677000 	C:\WINDOWS\System32\CRYPT32.dll
0x00007fff75a40000 - 0x00007fff75a70000 	C:\WINDOWS\SYSTEM32\ncrypt.dll
0x00007fff759f0000 - 0x00007fff75a2f000 	C:\WINDOWS\SYSTEM32\NTASN1.dll
0x00007ffeedc20000 - 0x00007ffeedc28000 	C:\WINDOWS\system32\wshunix.dll
0x0000000054980000 - 0x00000000549f3000 	C:\Users\SIMEON\AppData\Local\Temp\native-platform3196163188713942398dir\gradle-fileevents.dll
0x00007fff749b0000 - 0x00007fff74ad6000 	C:\WINDOWS\SYSTEM32\DNSAPI.dll
0x00007fff6eea0000 - 0x00007fff6eeab000 	C:\Windows\System32\rasadhlp.dll
0x00007fff5ebb0000 - 0x00007fff5ebc8000 	C:\WINDOWS\system32\napinsp.dll
0x00007fff5c280000 - 0x00007fff5c292000 	C:\WINDOWS\System32\winrnr.dll
0x00007fff09830000 - 0x00007fff09860000 	C:\WINDOWS\system32\nlansp_c.dll
0x00007fff4bba0000 - 0x00007fff4bbc0000 	C:\WINDOWS\system32\wshbth.dll
0x00007fff6d580000 - 0x00007fff6d606000 	C:\WINDOWS\System32\fwpuclnt.dll

dbghelp: loaded successfully - version: 4.0.5 - missing functions: none
symbol engine: initialized successfully - sym options: 0x614 - pdb path: .;C:\Program Files\Java\jdk-23\bin;C:\WINDOWS\SYSTEM32;C:\WINDOWS\WinSxS\amd64_microsoft.windows.common-controls_6595b64144ccf1df_6.0.26100.4768_none_3e0c112ce331287c;C:\Program Files\Java\jdk-23\bin\server;C:\Users\SIMEON\.gradle\native\1def1411415f61bf3af743bc5b6707747c0891f09f0c88961ee8f79bc544acac\windows-amd64;C:\Users\SIMEON\.gradle\native\0.2.5\x86_64-windows-gnu;C:\Users\SIMEON\AppData\Local\Temp\native-platform3196163188713942398dir

VM Arguments:
jvm_args: --add-opens=java.base/java.lang=ALL-UNNAMED --add-opens=java.base/java.lang.invoke=ALL-UNNAMED --add-opens=java.base/java.util=ALL-UNNAMED --add-opens=java.prefs/java.util.prefs=ALL-UNNAMED --add-exports=jdk.compiler/com.sun.tools.javac.api=ALL-UNNAMED --add-exports=jdk.compiler/com.sun.tools.javac.util=ALL-UNNAMED --add-opens=java.base/java.util=ALL-UNNAMED --add-opens=java.prefs/java.util.prefs=ALL-UNNAMED --add-opens=java.base/java.nio.charset=ALL-UNNAMED --add-opens=java.base/java.net=ALL-UNNAMED --add-opens=java.base/java.util.concurrent.atomic=ALL-UNNAMED --add-opens=java.xml/javax.xml.namespace=ALL-UNNAMED -XX:MaxMetaspaceSize=4G -XX:ReservedCodeCacheSize=512m -XX:+HeapDumpOnOutOfMemoryError -Xmx8G -Dfile.encoding=UTF-8 -Duser.country=FR -Duser.language=fr -Duser.variant -javaagent:C:\Users\SIMEON\.gradle\wrapper\dists\gradle-8.12-all\ejduaidbjup3bmmkhw3rie4zb\gradle-8.12\lib\agents\gradle-instrumentation-agent-8.12.jar 
java_command: org.gradle.launcher.daemon.bootstrap.GradleDaemon 8.12
java_class_path (initial): C:\Users\SIMEON\.gradle\wrapper\dists\gradle-8.12-all\ejduaidbjup3bmmkhw3rie4zb\gradle-8.12\lib\gradle-daemon-main-8.12.jar
Launcher Type: SUN_STANDARD

[Global flags]
     intx CICompilerCount                          = 4                                         {product} {ergonomic}
     uint ConcGCThreads                            = 2                                         {product} {ergonomic}
     uint G1ConcRefinementThreads                  = 8                                         {product} {ergonomic}
   size_t G1HeapRegionSize                         = 4194304                                   {product} {ergonomic}
     bool HeapDumpOnOutOfMemoryError               = true                                   {manageable} {command line}
   size_t InitialHeapSize                          = 134217728                                 {product} {ergonomic}
   size_t MarkStackSize                            = 4194304                                   {product} {ergonomic}
   size_t MarkStackSizeMax                         = 536870912                                 {product} {ergonomic}
   size_t MaxHeapSize                              = 8589934592                                {product} {command line}
   size_t MaxMetaspaceSize                         = 4294967296                                {product} {command line}
   size_t MaxNewSize                               = 5150605312                                {product} {ergonomic}
   size_t MinHeapDeltaBytes                        = 4194304                                   {product} {ergonomic}
   size_t MinHeapSize                              = 8388608                                   {product} {ergonomic}
    uintx NonNMethodCodeHeapSize                   = 5832704                                {pd product} {ergonomic}
    uintx NonProfiledCodeHeapSize                  = 265551872                              {pd product} {ergonomic}
    uintx ProfiledCodeHeapSize                     = 265486336                              {pd product} {ergonomic}
    uintx ReservedCodeCacheSize                    = 536870912                              {pd product} {command line, ergonomic}
     bool SegmentedCodeCache                       = true                                      {product} {ergonomic}
   size_t SoftMaxHeapSize                          = 8589934592                             {manageable} {ergonomic}
     bool UseCompressedOops                        = true                           {product lp64_product} {ergonomic}
     bool UseG1GC                                  = true                                      {product} {ergonomic}
     bool UseLargePagesIndividualAllocation        = false                                  {pd product} {ergonomic}

Logging:
Log output configuration:
 #0: stdout all=warning uptime,level,tags foldmultilines=false
 #1: stderr all=off uptime,level,tags foldmultilines=false

Environment Variables:
PATH=C:\Program Files\Common Files\Oracle\Java\javapath;C:\WINDOWS\system32;C:\WINDOWS;C:\WINDOWS\System32\Wbem;C:\WINDOWS\System32\WindowsPowerShell\v1.0\;C:\WINDOWS\System32\OpenSSH\;C:\Program Files\dotnet\;C:\laragon\bin\nginx\nginx-1.22.0;C:\laragon\bin;C:\laragon\bin\apache\httpd-2.4.54-win64-VS16\bin;C:\laragon\bin\composer;C:\laragon\bin\git\bin;C:\laragon\bin\git\cmd;C:\laragon\bin\git\mingw64\bin;C:\laragon\bin\git\usr\bin;C:\laragon\bin\laragon\utils;C:\laragon\bin\mysql\mysql-8.0.30-winx64\bin;C:\laragon\bin\nginx\nginx-1.22.0;C:\laragon\bin\ngrok;C:\laragon\bin\nodejs\node-v22;C:\laragon\bin\notepad++;C:\laragon\bin\php\php-8.1.10-Win32-vs16-x64;C:\laragon\bin\python\python-3.10;C:\laragon\bin\python\python-3.10\Scripts;C:\laragon\bin\redis\redis-x64-5.0.14.1;C:\laragon\bin\telnet;C:\laragon\usr\bin;C:\Users\SIMEON\AppData\Local\Yarn\config\global\node_modules\.bin;C:\Users\SIMEON\AppData\Roaming\Composer\vendor\bin;C:\Users\SIMEON\AppData\Roaming\npm;C:\Users\SIMEON\AppData\Local\Microsoft\WindowsApps;C:\Users\SIMEON\AppData\Local\Programs\MiKTeX 2.9\miktex\bin\x64\;C:\Mingw\bin;C:\Users\SIMEON\AppData\Local\Programs\Microsoft VS Code\bin;C:\Users\SIMEON\AppData\Local\Programs\Hyper\resources\bin;C:\Users\SIMEON\developementmobile\flutter\bin;
USERNAME=SIMEON
OS=Windows_NT
PROCESSOR_IDENTIFIER=Intel64 Family 6 Model 142 Stepping 10, GenuineIntel
TMP=C:\Users\SIMEON\AppData\Local\Temp
TEMP=C:\Users\SIMEON\AppData\Local\Temp




Periodic native trim disabled

---------------  S Y S T E M  ---------------

OS:
 Windows 11 , 64 bit Build 26100 (10.0.26100.4768)
OS uptime: 0 days 1:05 hours
Hyper-V role detected

CPU: total 8 (initial active 8) (4 cores per cpu, 2 threads per core) family 6 model 142 stepping 10 microcode 0xf0, cx8, cmov, fxsr, ht, mmx, 3dnowpref, sse, sse2, sse3, ssse3, sse4.1, sse4.2, popcnt, lzcnt, tsc, tscinvbit, avx, avx2, aes, erms, clmul, bmi1, bmi2, adx, fma, vzeroupper, clflush, clflushopt, hv, rdtscp, f16c
Processor Information for the first 8 processors :
  Max Mhz: 1800, Current Mhz: 1600, Mhz Limit: 1584

Memory: 4k page, system-wide physical 8089M (2463M free)
TotalPageFile size 10137M (AvailPageFile size 390M)
current process WorkingSet (physical memory assigned to process): 521M, peak: 545M
current process commit charge ("private bytes"): 569M, peak: 1095M

vm_info: Java HotSpot(TM) 64-Bit Server VM (23.0.1+11-39) for windows-amd64 JRE (23.0.1+11-39), built on 2024-09-30T07:20:43Z with MS VC++ 17.6 (VS2022)

END.
